setIntRegOperand:547528  T0 : 00082956 `  ldr   r4, [pc, #620]'
setIntRegOperand:547528  T0 : 00082956 `  ldr   r4, [pc, #620]'
setIntRegOperand:0  T0 : 00082972 `  ldr   r6, [r4, #4]'
setIntRegOperand:0  T0 : 00083000 `  ldr   r1, [r4, #0]'
setIntRegOperand:0  T0 : 00082972 `  ldr   r6, [r4, #4]'
setIntRegOperand:0  T0 : 00083000 `  ldr   r1, [r4, #0]'
setIntRegOperand:0  T0 : 00083332 `  ldr2_uop   r4,r5, [sp, #0]'
setIntRegOperand:0  T0 : 00083332 `  ldr2_uop   r4,r5, [sp, #0]'
setIntRegOperand:0  T0 : 00083332 `  ldr2_uop   r4,r5, [sp, #0]'
setIntRegOperand:0  T0 : 00083332 `  ldr2_uop   r4,r5, [sp, #0]'
setIntRegOperand:0  T0 : 00083332 `  ldr2_uop   r4,r5, [sp, #0]'
setIntRegOperand:0  T0 : 00083332 `  ldr2_uop   r4,r5, [sp, #0]'
setIntRegOperand:0  T0 : 00083332 `  ldr2_uop   r4,r5, [sp, #0]'
setIntRegOperand:0  T0 : 00083332 `  ldr2_uop   r4,r5, [sp, #0]'
setIntRegOperand:0  T0 : 00085780 `  ldr2_uop   r4,r5, [sp, #0]'
setIntRegOperand:0  T0 : 00085780 `  ldr2_uop   r4,r5, [sp, #0]'
setIntRegOperand:0  T0 : 00085780 `  ldr2_uop   r4,r5, [sp, #0]'
setIntRegOperand:0  T0 : 00085780 `  ldr2_uop   r4,r5, [sp, #0]'
setIntRegOperand:3852451876  T0 : 00034672 `  ldr   r4, [r1, #28]'
setIntRegOperand:1  T0 : 00034752 `  mov   r4, #1'
setIntRegOperand:4  T0 : 00034672 `  ldr   r4, [r1, #28]'
setIntRegOperand:3  T0 : 00034712 `  sub   r0, r4, #1'
setIntRegOperand:16  T0 : 00034692 `  movcc   r6, r4'
setIntRegOperand:4  T0 : 00034720 `  mov   r1, r4'
setIntRegOperand:4  T0 : 00034728 `  mov   r10, r4'
setIntRegOperand:4  T0 : 00034672 `  ldr   r4, [r1, #28]'
setIntRegOperand:4  T0 : 00034728 `  mov   r10, r4'
setIntRegOperand:547912  T0 : 00077364 `  ldr   r4, [pc, #104]'
setIntRegOperand:547912  T0 : 00077408 `  ldreq   r4, [r4, #0]'
setIntRegOperand:547912  T0 : 00077364 `  ldr   r4, [pc, #104]'
setIntRegOperand:0  T0 : 00077376 `  ldr   r3, [r4, #0]'
setIntRegOperand:0  T0 : 00077452 `  ldr   r4, [r4, #0]'
setIntRegOperand:3296  T0 : 00077456 `  add   r0, r4, r5'
setIntRegOperand:0  T0 : 00077376 `  ldr   r3, [r4, #0]'
setIntRegOperand:0  T0 : 00208936 `  mov   r4, r0'
setIntRegOperand:547912  T0 : 00208988 `  ldr2_uop   r4,r7, [sp, #0]'
setIntRegOperand:0  T0 : 00208988 `  ldr2_uop   r4,r7, [sp, #0]'
setIntRegOperand:4294967295  T0 : 00077444 `  mvn   r4, #0'
setIntRegOperand:547912  T0 : 00077408 `  ldreq   r4, [r4, #0]'
setIntRegOperand:0  T0 : 00077452 `  ldr   r4, [r4, #0]'
setIntRegOperand:3296  T0 : 00077456 `  add   r0, r4, r5'
setIntRegOperand:3296  T0 : 00208936 `  mov   r4, r0'
setIntRegOperand:548864  T0 : 00077452 `  ldr   r4, [r4, #0]'
setIntRegOperand:0  T0 : 00208988 `  ldr2_uop   r4,r7, [sp, #0]'
setIntRegOperand:0  T0 : 00208988 `  ldr2_uop   r4,r7, [sp, #0]'
setIntRegOperand:0  T0 : 00077416 `  mov   r0, r4'
setIntRegOperand:4  T0 : 00077424 `  ldr2_uop   r4,r5, [sp, #0]'
setIntRegOperand:542584  T0 : 00077424 `  ldr2_uop   r4,r5, [sp, #0]'
setIntRegOperand:1184  T0 : 00034848 `  add   r4, r0, #1184'
setIntRegOperand:1199  T0 : 00034852 `  add   r4, r4, r12'
setIntRegOperand:1184  T0 : 00034856 `  and   r4, r4, r3'
setIntRegOperand:1192  T0 : 00034860 `  add   r3, r4, fp'
