commitHead: sn:1  ea:33148 T0 : 00033104 `  ldr   r12, [pc, #36]'
commitHead: sn:2  ea:0 T0 : 00033108 `  mov   fp, #0'
commitHead: sn:3  ea:3204447968 T0 : 00033112 `  ldr   r1, [sp] #4'
commitHead: sn:4  ea:0 T0 : 00033112 `  addi_uop   sp, sp, #4'
commitHead: sn:5  ea:0 T0 : 00033116 `  mov   r2, sp'
commitHead: sn:6  ea:3204447968 T0 : 00033120 `  str   r2, [sp, #-4]!'
commitHead: sn:7  ea:0 T0 : 00033120 `  subi_uop   sp, sp, #4'
commitHead: sn:8  ea:3204447964 T0 : 00033124 `  str   r0, [sp, #-4]!'
commitHead: sn:9  ea:0 T0 : 00033124 `  subi_uop   sp, sp, #4'
commitHead: sn:10  ea:33152 T0 : 00033128 `  ldr   r0, [pc, #16]'
commitHead: sn:11  ea:33156 T0 : 00033132 `  ldr   r3, [pc, #16]'
commitHead: sn:12  ea:3204447960 T0 : 00033136 `  str   r12, [sp, #-4]!'
commitHead: sn:13  ea:0 T0 : 00033136 `  subi_uop   sp, sp, #4'
commitHead: sn:14  ea:0 T0 : 00033140 `  bl   0x8264'
commitHead: sn:17  ea:34060 T0 : 00033388 `  ldr   r12, [pc, #664]'
commitHead: sn:18  ea:3204447936 T0 : 00033392 `  str_uop   r4, [sp, #24]'
commitHead: sn:19  ea:3204447940 T0 : 00033392 `  str_uop   r5, [sp, #20]'
commitHead: sn:20  ea:3204447944 T0 : 00033392 `  str_uop   r6, [sp, #16]'
commitHead: sn:21  ea:3204447948 T0 : 00033392 `  str_uop   r7, [sp, #12]'
commitHead: sn:22  ea:3204447952 T0 : 00033392 `  str_uop   r8, [sp, #8]'
commitHead: sn:23  ea:3204447956 T0 : 00033392 `  str_uop   lr, [sp, #4]'
commitHead: sn:24  ea:0 T0 : 00033392 `  subi_uop   sp, sp, #24'
commitHead: sn:25  ea:0 T0 : 00033396 `  cmps   r12, #0'
commitHead: sn:26  ea:0 T0 : 00033400 `  sub   sp, sp, #304'
commitHead: sn:27  ea:0 T0 : 00033404 `  mov   r6, r3'
commitHead: sn:28  ea:3204447636 T0 : 00033408 `  str   r2, [sp, #4]'
commitHead: sn:29  ea:3204447644 T0 : 00033412 `  str   r0, [sp, #12]'
commitHead: sn:30  ea:3204447640 T0 : 00033416 `  str   r1, [sp, #8]'
commitHead: sn:31  ea:3204447960 T0 : 00033420 `  ldr   r8, [sp, #328]'
commitHead: sn:32  ea:3204447964 T0 : 00033424 `  ldr   r7, [sp, #332]'
commitHead: sn:33  ea:0 T0 : 00033428 `  moveq   r2, r12'
commitHead: sn:34  ea:0 T0 : 00033432 `  b   0x848c'
commitHead: sn:35  ea:3204447640 T0 : 00033436 `  ldr   r3, [sp, #8]'
commitHead: sn:36  ea:34064 T0 : 00033440 `  ldr   r0, [pc, #616]'
commitHead: sn:37  ea:0 T0 : 00033444 `  add   r1, r3, #1'
commitHead: sn:38  ea:3204447636 T0 : 00033448 `  ldr   r3, [sp, #4]'
commitHead: sn:39  ea:0 T0 : 00033452 `  mov   r1, r1, LSL #2'
commitHead: sn:40  ea:0 T0 : 00033456 `  add   r1, r3, r1'
commitHead: sn:41  ea:34068 T0 : 00033460 `  ldr   r3, [pc, #600]'
commitHead: sn:42  ea:0 T0 : 00033464 `  mov   r12, r1'
commitHead: sn:43  ea:541960 T0 : 00033468 `  str   r2, [r3, #0]'
commitHead: sn:44  ea:3204447968 T0 : 00033472 `  ldr   r3, [sp, #336]'
commitHead: sn:45  ea:34072 T0 : 00033476 `  ldr   r2, [pc, #588]'
commitHead: sn:46  ea:540632 T0 : 00033480 `  str   r3, [r0, #0]'
commitHead: sn:47  ea:546044 T0 : 00033484 `  str   r1, [r2, #0]'
commitHead: sn:48  ea:3204447980 T0 : 00033488 `  ldr   r3, [r12] #4'
commitHead: sn:49  ea:0 T0 : 00033488 `  addi_uop   r12, r12, #4'
commitHead: sn:50  ea:0 T0 : 00033492 `  cmps   r3, #0'
commitHead: sn:51  ea:0 T0 : 00033496 `  b   0x82c8'
commitHead: sn:52  ea:0 T0 : 00033500 `  mov   r0, r12'
commitHead: sn:53  ea:0 T0 : 00033504 `  bl   0x143ec'
commitHead: sn:61  ea:3204447984 T0 : 00082932 `  ldr   r3, [r0, #0]'
commitHead: sn:62  ea:3204447600 T0 : 00082936 `  str_uop   r4, [sp, #32]'
commitHead: sn:63  ea:3204447604 T0 : 00082936 `  str_uop   r5, [sp, #28]'
commitHead: sn:64  ea:3204447608 T0 : 00082936 `  str_uop   r6, [sp, #24]'
commitHead: sn:65  ea:3204447612 T0 : 00082936 `  str_uop   r7, [sp, #20]'
commitHead: sn:66  ea:3204447616 T0 : 00082936 `  str_uop   r8, [sp, #16]'
commitHead: sn:67  ea:3204447620 T0 : 00082936 `  str_uop   r9, [sp, #12]'
commitHead: sn:68  ea:3204447624 T0 : 00082936 `  str_uop   r10, [sp, #8]'
commitHead: sn:69  ea:3204447628 T0 : 00082936 `  str_uop   fp, [sp, #4]'
commitHead: sn:70  ea:0 T0 : 00082936 `  subi_uop   sp, sp, #32'
commitHead: sn:71  ea:0 T0 : 00082940 `  cmps   r3, #0'
commitHead: sn:72  ea:0 T0 : 00082944 `  sub   sp, sp, #8'
commitHead: sn:73  ea:0 T0 : 00082948 `  b   0x14578'
commitHead: sn:74  ea:83580 T0 : 00082952 `  ldr   r1, [pc, #620]'
commitHead: sn:75  ea:83584 T0 : 00082956 `  ldr   r4, [pc, #620]'
commitHead: sn:76  ea:0 T0 : 00082960 `  mov   r2, #0'
commitHead: sn:77  ea:548644 T0 : 00082964 `  ldr   r5, [r1, #0]'
commitHead: sn:78  ea:83588 T0 : 00082968 `  ldr   r1, [pc, #612]'
commitHead: sn:79  ea:547532 T0 : 00082972 `  ldr   r6, [r4, #4]'
commitHead: sn:80  ea:0 T0 : 00082976 `  add   r0, r0, #8'
commitHead: sn:81  ea:540636 T0 : 00082980 `  ldr   r1, [r1, #0]'
commitHead: sn:82  ea:0 T0 : 00082984 `  mov   r12, r2'
commitHead: sn:83  ea:3204447596 T0 : 00082988 `  str   r1, [sp, #4]'
commitHead: sn:84  ea:83592 T0 : 00082992 `  ldr   r1, [pc, #592]'
commitHead: sn:85  ea:548568 T0 : 00082996 `  ldr   fp, [r1, #0]'
commitHead: sn:86  ea:547528 T0 : 00083000 `  ldr   r1, [r4, #0]'
commitHead: sn:87  ea:3204447592 T0 : 00083004 `  str   r1, [sp, #0]'
commitHead: sn:88  ea:83596 T0 : 00083008 `  ldr   r1, [pc, #580]'
commitHead: sn:89  ea:548580 T0 : 00083012 `  ldr   r9, [r1, #0]'
commitHead: sn:90  ea:83600 T0 : 00083016 `  ldr   r1, [pc, #576]'
commitHead: sn:91  ea:548548 T0 : 00083020 `  ldr   r10, [r1, #0]'
commitHead: sn:92  ea:83604 T0 : 00083024 `  ldr   r1, [pc, #572]'
commitHead: sn:93  ea:548560 T0 : 00083028 `  ldr   r8, [r1, #0]'
commitHead: sn:94  ea:83608 T0 : 00083032 `  ldr   r1, [pc, #568]'
commitHead: sn:95  ea:548604 T0 : 00083036 `  ldr   r7, [r1, #0]'
commitHead: sn:96  ea:0 T0 : 00083040 `  mov   r1, r2'
commitHead: sn:97  ea:0 T0 : 00083044 `  sub   r3, r3, #3'
commitHead: sn:98  ea:0 T0 : 00083048 `  cmps   r3, #30'
commitHead: sn:99  ea:83112 T0 : 00083052 `  ldrls   pc, [pc, r3 LSL #2]'
commitHead: sn:121  ea:3204447988 T0 : 00083380 `  ldr   r3, [r0, #-4]'
commitHead: sn:122  ea:0 T0 : 00083384 `  mov   r6, #0'
commitHead: sn:123  ea:3204447592 T0 : 00083388 `  str   r3, [sp, #0]'
commitHead: sn:124  ea:3204447992 T0 : 00083392 `  ldr   r3, [r0] #8'
commitHead: sn:125  ea:0 T0 : 00083392 `  addi_uop   r0, r0, #8'
commitHead: sn:126  ea:0 T0 : 00083396 `  cmps   r3, #0'
commitHead: sn:127  ea:0 T0 : 00083400 `  b   0x1445c'
commitHead: sn:169  ea:0 T0 : 00083044 `  sub   r3, r3, #3'
commitHead: sn:170  ea:0 T0 : 00083048 `  cmps   r3, #30'
commitHead: sn:171  ea:83116 T0 : 00083052 `  ldrls   pc, [pc, r3 LSL #2]'
commitHead: sn:213  ea:3204447996 T0 : 00083360 `  ldr   r8, [r0, #-4]'
commitHead: sn:214  ea:3204448000 T0 : 00083364 `  ldr   r3, [r0] #8'
commitHead: sn:215  ea:0 T0 : 00083364 `  addi_uop   r0, r0, #8'
commitHead: sn:216  ea:0 T0 : 00083368 `  cmps   r3, #0'
commitHead: sn:217  ea:0 T0 : 00083372 `  b   0x1445c'
commitHead: sn:284  ea:0 T0 : 00083044 `  sub   r3, r3, #3'
commitHead: sn:285  ea:0 T0 : 00083048 `  cmps   r3, #30'
commitHead: sn:286  ea:83140 T0 : 00083052 `  ldrls   pc, [pc, r3 LSL #2]'
commitHead: sn:588  ea:3204448004 T0 : 00083184 `  ldr   r2, [r0, #-4]'
commitHead: sn:589  ea:0 T0 : 00083188 `  mov   r5, #1'
commitHead: sn:590  ea:3204447596 T0 : 00083192 `  str   r2, [sp, #4]'
commitHead: sn:591  ea:0 T0 : 00083196 `  mvn   r2, #0'
commitHead: sn:592  ea:3204448008 T0 : 00083200 `  ldr   r3, [r0] #8'
commitHead: sn:593  ea:0 T0 : 00083200 `  addi_uop   r0, r0, #8'
commitHead: sn:594  ea:0 T0 : 00083204 `  cmps   r3, #0'
commitHead: sn:595  ea:0 T0 : 00083208 `  b   0x1445c'
commitHead: sn:596  ea:0 T0 : 00083044 `  sub   r3, r3, #3'
commitHead: sn:597  ea:0 T0 : 00083048 `  cmps   r3, #30'
commitHead: sn:598  ea:83148 T0 : 00083052 `  ldrls   pc, [pc, r3 LSL #2]'
commitHead: sn:636  ea:3204448016 T0 : 00083200 `  ldr   r3, [r0] #8'
commitHead: sn:637  ea:0 T0 : 00083200 `  addi_uop   r0, r0, #8'
commitHead: sn:638  ea:0 T0 : 00083204 `  cmps   r3, #0'
commitHead: sn:639  ea:0 T0 : 00083208 `  b   0x1445c'
commitHead: sn:685  ea:0 T0 : 00083044 `  sub   r3, r3, #3'
commitHead: sn:686  ea:0 T0 : 00083048 `  cmps   r3, #30'
commitHead: sn:687  ea:83172 T0 : 00083052 `  ldrls   pc, [pc, r3 LSL #2]'
commitHead: sn:733  ea:3204448024 T0 : 00083200 `  ldr   r3, [r0] #8'
commitHead: sn:734  ea:0 T0 : 00083200 `  addi_uop   r0, r0, #8'
commitHead: sn:735  ea:0 T0 : 00083204 `  cmps   r3, #0'
commitHead: sn:736  ea:0 T0 : 00083208 `  b   0x1445c'
commitHead: sn:782  ea:0 T0 : 00083044 `  sub   r3, r3, #3'
commitHead: sn:783  ea:0 T0 : 00083048 `  cmps   r3, #30'
commitHead: sn:784  ea:83108 T0 : 00083052 `  ldrls   pc, [pc, r3 LSL #2]'
commitHead: sn:830  ea:3204448032 T0 : 00083200 `  ldr   r3, [r0] #8'
commitHead: sn:831  ea:0 T0 : 00083200 `  addi_uop   r0, r0, #8'
commitHead: sn:832  ea:0 T0 : 00083204 `  cmps   r3, #0'
commitHead: sn:833  ea:0 T0 : 00083208 `  b   0x1445c'
commitHead: sn:879  ea:0 T0 : 00083044 `  sub   r3, r3, #3'
commitHead: sn:880  ea:0 T0 : 00083048 `  cmps   r3, #30'
commitHead: sn:881  ea:83072 T0 : 00083052 `  ldrls   pc, [pc, r3 LSL #2]'
commitHead: sn:927  ea:3204448036 T0 : 00083520 `  ldr   r7, [r0, #-4]'
commitHead: sn:928  ea:3204448040 T0 : 00083524 `  ldr   r3, [r0] #8'
commitHead: sn:929  ea:0 T0 : 00083524 `  addi_uop   r0, r0, #8'
commitHead: sn:930  ea:0 T0 : 00083528 `  cmps   r3, #0'
commitHead: sn:931  ea:0 T0 : 00083532 `  b   0x1445c'
commitHead: sn:970  ea:0 T0 : 00083044 `  sub   r3, r3, #3'
commitHead: sn:971  ea:0 T0 : 00083048 `  cmps   r3, #30'
commitHead: sn:972  ea:83060 T0 : 00083052 `  ldrls   pc, [pc, r3 LSL #2]'
commitHead: sn:1124  ea:3204448044 T0 : 00083560 `  ldr   r10, [r0, #-4]'
commitHead: sn:1125  ea:3204448048 T0 : 00083564 `  ldr   r3, [r0] #8'
commitHead: sn:1126  ea:0 T0 : 00083564 `  addi_uop   r0, r0, #8'
commitHead: sn:1127  ea:0 T0 : 00083568 `  cmps   r3, #0'
commitHead: sn:1128  ea:0 T0 : 00083572 `  b   0x1445c'
commitHead: sn:1158  ea:0 T0 : 00083044 `  sub   r3, r3, #3'
commitHead: sn:1159  ea:0 T0 : 00083048 `  cmps   r3, #30'
commitHead: sn:1160  ea:83064 T0 : 00083052 `  ldrls   pc, [pc, r3 LSL #2]'
commitHead: sn:1193  ea:3204448056 T0 : 00083200 `  ldr   r3, [r0] #8'
commitHead: sn:1194  ea:0 T0 : 00083200 `  addi_uop   r0, r0, #8'
commitHead: sn:1195  ea:0 T0 : 00083204 `  cmps   r3, #0'
commitHead: sn:1196  ea:0 T0 : 00083208 `  b   0x1445c'
commitHead: sn:1238  ea:0 T0 : 00083044 `  sub   r3, r3, #3'
commitHead: sn:1239  ea:0 T0 : 00083048 `  cmps   r3, #30'
commitHead: sn:1240  ea:83068 T0 : 00083052 `  ldrls   pc, [pc, r3 LSL #2]'
commitHead: sn:1286  ea:3204448060 T0 : 00083540 `  ldr   r9, [r0, #-4]'
commitHead: sn:1287  ea:3204448064 T0 : 00083544 `  ldr   r3, [r0] #8'
commitHead: sn:1288  ea:0 T0 : 00083544 `  addi_uop   r0, r0, #8'
commitHead: sn:1289  ea:0 T0 : 00083548 `  cmps   r3, #0'
commitHead: sn:1290  ea:0 T0 : 00083552 `  b   0x1445c'
commitHead: sn:1328  ea:0 T0 : 00083044 `  sub   r3, r3, #3'
commitHead: sn:1329  ea:0 T0 : 00083048 `  cmps   r3, #30'
commitHead: sn:1330  ea:83076 T0 : 00083052 `  ldrls   pc, [pc, r3 LSL #2]'
commitHead: sn:1352  ea:3204448072 T0 : 00083200 `  ldr   r3, [r0] #8'
commitHead: sn:1353  ea:0 T0 : 00083200 `  addi_uop   r0, r0, #8'
commitHead: sn:1354  ea:0 T0 : 00083204 `  cmps   r3, #0'
commitHead: sn:1355  ea:0 T0 : 00083208 `  b   0x1445c'
commitHead: sn:1356  ea:0 T0 : 00083044 `  sub   r3, r3, #3'
commitHead: sn:1357  ea:0 T0 : 00083048 `  cmps   r3, #30'
commitHead: sn:1358  ea:83080 T0 : 00083052 `  ldrls   pc, [pc, r3 LSL #2]'
commitHead: sn:1380  ea:3204448080 T0 : 00083200 `  ldr   r3, [r0] #8'
commitHead: sn:1381  ea:0 T0 : 00083200 `  addi_uop   r0, r0, #8'
commitHead: sn:1382  ea:0 T0 : 00083204 `  cmps   r3, #0'
commitHead: sn:1383  ea:0 T0 : 00083208 `  b   0x1445c'
commitHead: sn:1384  ea:0 T0 : 00083044 `  sub   r3, r3, #3'
commitHead: sn:1385  ea:0 T0 : 00083048 `  cmps   r3, #30'
commitHead: sn:1386  ea:83084 T0 : 00083052 `  ldrls   pc, [pc, r3 LSL #2]'
commitHead: sn:1408  ea:3204448088 T0 : 00083200 `  ldr   r3, [r0] #8'
commitHead: sn:1409  ea:0 T0 : 00083200 `  addi_uop   r0, r0, #8'
commitHead: sn:1410  ea:0 T0 : 00083204 `  cmps   r3, #0'
commitHead: sn:1411  ea:0 T0 : 00083208 `  b   0x1445c'
commitHead: sn:1412  ea:0 T0 : 00083044 `  sub   r3, r3, #3'
commitHead: sn:1413  ea:0 T0 : 00083048 `  cmps   r3, #30'
commitHead: sn:1414  ea:83092 T0 : 00083052 `  ldrls   pc, [pc, r3 LSL #2]'
commitHead: sn:1436  ea:3204448092 T0 : 00083492 `  ldr   r3, [r0, #-4]'
commitHead: sn:1437  ea:0 T0 : 00083496 `  orr   r2, r2, #1'
commitHead: sn:1438  ea:0 T0 : 00083500 `  eor   r12, r12, r3'
commitHead: sn:1439  ea:3204448096 T0 : 00083504 `  ldr   r3, [r0] #8'
commitHead: sn:1440  ea:0 T0 : 00083504 `  addi_uop   r0, r0, #8'
commitHead: sn:1441  ea:0 T0 : 00083508 `  cmps   r3, #0'
commitHead: sn:1442  ea:0 T0 : 00083512 `  b   0x1445c'
commitHead: sn:1471  ea:0 T0 : 00083044 `  sub   r3, r3, #3'
commitHead: sn:1472  ea:0 T0 : 00083048 `  cmps   r3, #30'
commitHead: sn:1473  ea:83096 T0 : 00083052 `  ldrls   pc, [pc, r3 LSL #2]'
commitHead: sn:1495  ea:3204448100 T0 : 00083464 `  ldr   r3, [r0, #-4]'
commitHead: sn:1496  ea:0 T0 : 00083468 `  orr   r2, r2, #2'
commitHead: sn:1497  ea:0 T0 : 00083472 `  eor   r12, r12, r3'
commitHead: sn:1498  ea:3204448104 T0 : 00083476 `  ldr   r3, [r0] #8'
commitHead: sn:1499  ea:0 T0 : 00083476 `  addi_uop   r0, r0, #8'
commitHead: sn:1500  ea:0 T0 : 00083480 `  cmps   r3, #0'
commitHead: sn:1501  ea:0 T0 : 00083484 `  b   0x1445c'
commitHead: sn:1537  ea:0 T0 : 00083044 `  sub   r3, r3, #3'
commitHead: sn:1538  ea:0 T0 : 00083048 `  cmps   r3, #30'
commitHead: sn:1539  ea:83100 T0 : 00083052 `  ldrls   pc, [pc, r3 LSL #2]'
commitHead: sn:1561  ea:3204448108 T0 : 00083436 `  ldr   r3, [r0, #-4]'
commitHead: sn:1562  ea:0 T0 : 00083440 `  orr   r2, r2, #4'
commitHead: sn:1563  ea:0 T0 : 00083444 `  eor   r1, r1, r3'
commitHead: sn:1564  ea:3204448112 T0 : 00083448 `  ldr   r3, [r0] #8'
commitHead: sn:1565  ea:0 T0 : 00083448 `  addi_uop   r0, r0, #8'
commitHead: sn:1566  ea:0 T0 : 00083452 `  cmps   r3, #0'
commitHead: sn:1567  ea:0 T0 : 00083456 `  b   0x1445c'
commitHead: sn:1596  ea:0 T0 : 00083044 `  sub   r3, r3, #3'
commitHead: sn:1597  ea:0 T0 : 00083048 `  cmps   r3, #30'
commitHead: sn:1598  ea:83104 T0 : 00083052 `  ldrls   pc, [pc, r3 LSL #2]'
commitHead: sn:1620  ea:3204448116 T0 : 00083408 `  ldr   r3, [r0, #-4]'
commitHead: sn:1621  ea:0 T0 : 00083412 `  orr   r2, r2, #8'
commitHead: sn:1622  ea:0 T0 : 00083416 `  eor   r1, r1, r3'
commitHead: sn:1623  ea:3204448120 T0 : 00083420 `  ldr   r3, [r0] #8'
commitHead: sn:1624  ea:0 T0 : 00083420 `  addi_uop   r0, r0, #8'
commitHead: sn:1625  ea:0 T0 : 00083424 `  cmps   r3, #0'
commitHead: sn:1626  ea:0 T0 : 00083428 `  b   0x1445c'
commitHead: sn:1627  ea:0 T0 : 00083432 `  b   0x14504'
commitHead: sn:1634  ea:83580 T0 : 00083212 `  ldr   r3, [pc, #360]'
commitHead: sn:1635  ea:0 T0 : 00083216 `  cmps   r2, #15'
commitHead: sn:1636  ea:83588 T0 : 00083220 `  ldr   r2, [pc, #360]'
commitHead: sn:1637  ea:548644 T0 : 00083224 `  str   r5, [r3, #0]'
commitHead: sn:1638  ea:3204447596 T0 : 00083228 `  ldr   r3, [sp, #4]'
commitHead: sn:1639  ea:547532 T0 : 00083232 `  str   r6, [r4, #4]'
commitHead: sn:1640  ea:540636 T0 : 00083236 `  str   r3, [r2, #0]'
commitHead: sn:1641  ea:83592 T0 : 00083240 `  ldr   r2, [pc, #344]'
commitHead: sn:1642  ea:83596 T0 : 00083244 `  ldr   r3, [pc, #344]'
commitHead: sn:1643  ea:548568 T0 : 00083248 `  str   fp, [r2, #0]'
commitHead: sn:1644  ea:548580 T0 : 00083252 `  str   r9, [r3, #0]'
commitHead: sn:1645  ea:83600 T0 : 00083256 `  ldr   r2, [pc, #336]'
commitHead: sn:1646  ea:83604 T0 : 00083260 `  ldr   r3, [pc, #336]'
commitHead: sn:1647  ea:548548 T0 : 00083264 `  str   r10, [r2, #0]'
commitHead: sn:1648  ea:548560 T0 : 00083268 `  str   r8, [r3, #0]'
commitHead: sn:1649  ea:83608 T0 : 00083272 `  ldr   r2, [pc, #328]'
commitHead: sn:1650  ea:3204447592 T0 : 00083276 `  ldr   r3, [sp, #0]'
commitHead: sn:1651  ea:548604 T0 : 00083280 `  str   r7, [r2, #0]'
commitHead: sn:1652  ea:547528 T0 : 00083284 `  str   r3, [r4, #0]'
commitHead: sn:1653  ea:0 T0 : 00083288 `  b   0x14578'
commitHead: sn:1654  ea:0 T0 : 00083328 `  add   sp, sp, #8'
commitHead: sn:1655  ea:3204447600 T0 : 00083332 `  ldr2_uop   r4,r5, [sp, #0]'
commitHead: sn:1656  ea:3204447608 T0 : 00083332 `  ldr2_uop   r6,r7, [sp, #8]'
commitHead: sn:1657  ea:3204447616 T0 : 00083332 `  ldr2_uop   r8,r9, [sp, #16]'
commitHead: sn:1658  ea:3204447624 T0 : 00083332 `  ldr2_uop   r10,fp, [sp, #24]'
commitHead: sn:1659  ea:0 T0 : 00083332 `  addi_uop   sp, sp, #32'
commitHead: sn:1660  ea:0 T0 : 00083336 `  bx   lr'
commitHead: sn:1661  ea:34068 T0 : 00033508 `  ldr   r3, [pc, #552]'
commitHead: sn:1662  ea:541960 T0 : 00033512 `  ldr   r2, [r3, #0]'
commitHead: sn:1663  ea:0 T0 : 00033516 `  cmps   r2, #0'
commitHead: sn:1664  ea:0 T0 : 00033520 `  b   0x8320'
commitHead: sn:1665  ea:0 T0 : 00033524 `  bl   0x14e54'
commitHead: sn:1666  ea:3204447616 T0 : 00085596 `  str_uop   r4, [sp, #16]'
commitHead: sn:1667  ea:3204447620 T0 : 00085596 `  str_uop   r5, [sp, #12]'
commitHead: sn:1668  ea:3204447624 T0 : 00085596 `  str_uop   r6, [sp, #8]'
commitHead: sn:1669  ea:3204447628 T0 : 00085596 `  str_uop   lr, [sp, #4]'
commitHead: sn:1670  ea:0 T0 : 00085596 `  subi_uop   sp, sp, #16'
commitHead: sn:1671  ea:0 T0 : 00085600 `  sub   sp, sp, #456'
commitHead: sn:1672  ea:0 T0 : 00085604 `  add   r0, sp, #4'
commitHead: sn:1673  ea:0 T0 : 00085608 `  sub   r0, r0, #2'
commitHead: sn:1674  ea:0 T0 : 00085612 `  bl   0x32258'
commitHead: sn:1675  ea:0 T0 : 00205408 `  mov   r12, r7'
commitHead: sn:1676  ea:0 T0 : 00205412 `  mov   r7, #122'
commitHead: sn:1677  ea:0 T0 : 00205416 `  svc   #0'
commitHead: sn:1677  ea:0 T0 : 00205416 `  svc   #0'
commitHead: sn:1677  ea:0 T0 : 00205416 `  svc   #0'
commitHead: sn:1677  ea:0 T0 : 00205416 `  svc   #0'
commitHead: sn:1677  ea:0 T0 : 00205416 `  svc   #0'
commitHead: sn:1677  ea:0 T0 : 00205416 `  svc   #0'
commitHead: sn:1701  ea:0 T0 : 00205420 `  mov   r7, r12'
commitHead: sn:1702  ea:0 T0 : 00205424 `  cmns   r0, #4096'
commitHead: sn:1703  ea:0 T0 : 00205428 `  bx   lr'
commitHead: sn:1704  ea:0 T0 : 00085616 `  cmps   r0, #0'
commitHead: sn:1705  ea:0 T0 : 00085620 `  addeq   r1, sp, #132'
commitHead: sn:1706  ea:0 T0 : 00085624 `  b   0x14ef0'
commitHead: sn:1707  ea:0 T0 : 00085628 `  mov   r0, #0'
commitHead: sn:1708  ea:0 T0 : 00085632 `  mov   r12, r1'
commitHead: sn:1709  ea:0 T0 : 00085636 `  mov   lr, r0'
commitHead: sn:1710  ea:3204447292 T0 : 00085640 `  ldrb   r3, [r12, #0]'
commitHead: sn:1711  ea:0 T0 : 00085644 `  sub   r3, r3, #48'
commitHead: sn:1712  ea:0 T0 : 00085648 `  and   r2, r3, #255'
commitHead: sn:1713  ea:0 T0 : 00085652 `  cmps   r2, #9'
commitHead: sn:1714  ea:0 T0 : 00085656 `  b   0x14f10'
commitHead: sn:1715  ea:3204447293 T0 : 00085660 `  ldrb   r1, [r12, #1]'
commitHead: sn:1716  ea:0 T0 : 00085664 `  mov   r2, r3'
commitHead: sn:1717  ea:0 T0 : 00085668 `  sub   r3, r1, #48'
commitHead: sn:1718  ea:0 T0 : 00085672 `  cmps   r3, #9'
commitHead: sn:1719  ea:0 T0 : 00085676 `  add   r12, r12, #1'
commitHead: sn:1720  ea:0 T0 : 00085680 `  b   0x14ed0'
commitHead: sn:1839  ea:0 T0 : 00085720 `  cmps   r1, #46'
commitHead: sn:1840  ea:0 T0 : 00085724 `  orr   r0, r2, r0, LSL #8'
commitHead: sn:1841  ea:0 T0 : 00085728 `  add   lr, lr, #1'
commitHead: sn:1842  ea:0 T0 : 00085732 `  b   0x14f10'
commitHead: sn:1843  ea:0 T0 : 00085736 `  cmps   lr, #3'
commitHead: sn:1844  ea:0 T0 : 00085740 `  b   0x14f08'
commitHead: sn:1845  ea:0 T0 : 00085744 `  add   r12, r12, #1'
commitHead: sn:1846  ea:0 T0 : 00085748 `  b   0x14e80'
commitHead: sn:1847  ea:3204447294 T0 : 00085640 `  ldrb   r3, [r12, #0]'
commitHead: sn:1848  ea:0 T0 : 00085644 `  sub   r3, r3, #48'
commitHead: sn:1849  ea:0 T0 : 00085648 `  and   r2, r3, #255'
commitHead: sn:1850  ea:0 T0 : 00085652 `  cmps   r2, #9'
commitHead: sn:1851  ea:0 T0 : 00085656 `  b   0x14f10'
commitHead: sn:1852  ea:3204447295 T0 : 00085660 `  ldrb   r1, [r12, #1]'
commitHead: sn:1853  ea:0 T0 : 00085664 `  mov   r2, r3'
commitHead: sn:1854  ea:0 T0 : 00085668 `  sub   r3, r1, #48'
commitHead: sn:1855  ea:0 T0 : 00085672 `  cmps   r3, #9'
commitHead: sn:1856  ea:0 T0 : 00085676 `  add   r12, r12, #1'
commitHead: sn:1857  ea:0 T0 : 00085680 `  b   0x14ed0'
commitHead: sn:1858  ea:0 T0 : 00085720 `  cmps   r1, #46'
commitHead: sn:1859  ea:0 T0 : 00085724 `  orr   r0, r2, r0, LSL #8'
commitHead: sn:1860  ea:0 T0 : 00085728 `  add   lr, lr, #1'
commitHead: sn:1861  ea:0 T0 : 00085732 `  b   0x14f10'
commitHead: sn:1862  ea:0 T0 : 00085736 `  cmps   lr, #3'
commitHead: sn:1863  ea:0 T0 : 00085740 `  b   0x14f08'
commitHead: sn:1864  ea:0 T0 : 00085744 `  add   r12, r12, #1'
commitHead: sn:1865  ea:0 T0 : 00085748 `  b   0x14e80'
commitHead: sn:1866  ea:3204447296 T0 : 00085640 `  ldrb   r3, [r12, #0]'
commitHead: sn:1867  ea:0 T0 : 00085644 `  sub   r3, r3, #48'
commitHead: sn:1868  ea:0 T0 : 00085648 `  and   r2, r3, #255'
commitHead: sn:1869  ea:0 T0 : 00085652 `  cmps   r2, #9'
commitHead: sn:1870  ea:0 T0 : 00085656 `  b   0x14f10'
commitHead: sn:1871  ea:3204447297 T0 : 00085660 `  ldrb   r1, [r12, #1]'
commitHead: sn:1872  ea:0 T0 : 00085664 `  mov   r2, r3'
commitHead: sn:1873  ea:0 T0 : 00085668 `  sub   r3, r1, #48'
commitHead: sn:1874  ea:0 T0 : 00085672 `  cmps   r3, #9'
commitHead: sn:1875  ea:0 T0 : 00085676 `  add   r12, r12, #1'
commitHead: sn:1876  ea:0 T0 : 00085680 `  b   0x14ed0'
commitHead: sn:1877  ea:0 T0 : 00085720 `  cmps   r1, #46'
commitHead: sn:1878  ea:0 T0 : 00085724 `  orr   r0, r2, r0, LSL #8'
commitHead: sn:1879  ea:0 T0 : 00085728 `  add   lr, lr, #1'
commitHead: sn:1880  ea:0 T0 : 00085732 `  b   0x14f10'
commitHead: sn:1906  ea:0 T0 : 00085784 `  cmps   lr, #2'
commitHead: sn:1907  ea:0 T0 : 00085788 `  rsble   r3, lr, #3'
commitHead: sn:1908  ea:0 T0 : 00085792 `  movle   r3, r3, LSL #3'
commitHead: sn:1909  ea:0 T0 : 00085796 `  movle   r0, r0, LSL r3'
commitHead: sn:1910  ea:0 T0 : 00085800 `  b   0x14f08'
commitHead: sn:1916  ea:0 T0 : 00085776 `  add   sp, sp, #456'
commitHead: sn:1917  ea:3204447616 T0 : 00085780 `  ldr2_uop   r4,r5, [sp, #0]'
commitHead: sn:1918  ea:3204447624 T0 : 00085780 `  ldr2_uop   r6,r36, [sp, #8]'
commitHead: sn:1919  ea:0 T0 : 00085780 `  addi_uop   sp, sp, #16'
commitHead: sn:1920  ea:0 T0 : 00085780 `  uopReg_uop   pc, r36'
commitHead: sn:1921  ea:0 T0 : 00033528 `  cmps   r0, #0'
commitHead: sn:1922  ea:0 T0 : 00033532 `  b   0x847c'
commitHead: sn:1923  ea:34076 T0 : 00033536 `  ldr   r3, [pc, #532]'
commitHead: sn:1924  ea:548596 T0 : 00033540 `  ldr   r3, [r3, #0]'
commitHead: sn:1925  ea:0 T0 : 00033544 `  cmps   r3, #0'
commitHead: sn:1926  ea:0 T0 : 00033548 `  moveq   r2, r0'
commitHead: sn:1927  ea:0 T0 : 00033552 `  b   0x84f4'
commitHead: sn:1928  ea:34076 T0 : 00033556 `  ldr   r3, [pc, #512]'
commitHead: sn:1929  ea:548596 T0 : 00033560 `  str   r2, [r3, #0]'
commitHead: sn:1930  ea:34080 T0 : 00033564 `  ldr   r3, [pc, #508]'
commitHead: sn:1931  ea:0 T0 : 00033568 `  cmps   r0, r3'
commitHead: sn:1932  ea:0 T0 : 00033572 `  b   0x8474'
commitHead: sn:1933  ea:0 T0 : 00033576 `  bl   0x894c'
commitHead: sn:1934  ea:0 T0 : 00035156 `  mov   r0, #8'
commitHead: sn:1935  ea:0 T0 : 00035160 `  mov   r1, #16'
commitHead: sn:1936  ea:0 T0 : 00035164 `  b   0x8714'
commitHead: sn:1948  ea:35104 T0 : 00034588 `  ldr   r3, [pc, #508]'
commitHead: sn:1949  ea:3204447596 T0 : 00034592 `  str_uop   r4, [sp, #36]'
commitHead: sn:1950  ea:3204447600 T0 : 00034592 `  str_uop   r5, [sp, #32]'
commitHead: sn:1951  ea:3204447604 T0 : 00034592 `  str_uop   r6, [sp, #28]'
commitHead: sn:1952  ea:3204447608 T0 : 00034592 `  str_uop   r7, [sp, #24]'
commitHead: sn:1953  ea:3204447612 T0 : 00034592 `  str_uop   r8, [sp, #20]'
commitHead: sn:1954  ea:3204447616 T0 : 00034592 `  str_uop   r9, [sp, #16]'
commitHead: sn:1955  ea:3204447620 T0 : 00034592 `  str_uop   r10, [sp, #12]'
commitHead: sn:1956  ea:3204447624 T0 : 00034592 `  str_uop   fp, [sp, #8]'
commitHead: sn:1957  ea:3204447628 T0 : 00034592 `  str_uop   lr, [sp, #4]'
commitHead: sn:1958  ea:0 T0 : 00034592 `  subi_uop   sp, sp, #36'
commitHead: sn:1959  ea:0 T0 : 00034596 `  mov   r6, r1'
commitHead: sn:1960  ea:548548 T0 : 00034600 `  ldr   r1, [r3, #0]'
commitHead: sn:1961  ea:0 T0 : 00034604 `  sub   sp, sp, #20'
commitHead: sn:1962  ea:0 T0 : 00034608 `  cmps   r1, #0'
commitHead: sn:1963  ea:0 T0 : 00034612 `  mov   lr, r0'
commitHead: sn:1964  ea:0 T0 : 00034616 `  b   0x87ac'
commitHead: sn:1965  ea:35108 T0 : 00034620 `  ldr   r2, [pc, #480]'
commitHead: sn:1966  ea:548580 T0 : 00034624 `  ldr   r3, [r2, #0]'
commitHead: sn:1967  ea:0 T0 : 00034628 `  mov   r3, r3, LSL #5'
commitHead: sn:1968  ea:0 T0 : 00034632 `  add   r2, r1, r3'
commitHead: sn:1969  ea:0 T0 : 00034636 `  cmps   r1, r2'
commitHead: sn:1970  ea:0 T0 : 00034640 `  b   0x875c'
commitHead: sn:1982  ea:32820 T0 : 00034660 `  ldr   r3, [r1, #0]'
commitHead: sn:1983  ea:0 T0 : 00034664 `  cmps   r3, #7'
commitHead: sn:1984  ea:0 T0 : 00034668 `  b   0x8750'
commitHead: sn:2005  ea:0 T0 : 00034648 `  add   r1, r1, #32'
commitHead: sn:2006  ea:0 T0 : 00034652 `  cmps   r1, r2'
commitHead: sn:2007  ea:0 T0 : 00034656 `  b   0x87ac'
commitHead: sn:2008  ea:32852 T0 : 00034660 `  ldr   r3, [r1, #0]'
commitHead: sn:2009  ea:0 T0 : 00034664 `  cmps   r3, #7'
commitHead: sn:2010  ea:0 T0 : 00034668 `  b   0x8750'
commitHead: sn:2011  ea:0 T0 : 00034648 `  add   r1, r1, #32'
commitHead: sn:2012  ea:0 T0 : 00034652 `  cmps   r1, r2'
commitHead: sn:2013  ea:0 T0 : 00034656 `  b   0x87ac'
commitHead: sn:2014  ea:32884 T0 : 00034660 `  ldr   r3, [r1, #0]'
commitHead: sn:2015  ea:0 T0 : 00034664 `  cmps   r3, #7'
commitHead: sn:2016  ea:0 T0 : 00034668 `  b   0x8750'
commitHead: sn:2017  ea:0 T0 : 00034648 `  add   r1, r1, #32'
commitHead: sn:2018  ea:0 T0 : 00034652 `  cmps   r1, r2'
commitHead: sn:2019  ea:0 T0 : 00034656 `  b   0x87ac'
commitHead: sn:2020  ea:32916 T0 : 00034660 `  ldr   r3, [r1, #0]'
commitHead: sn:2021  ea:0 T0 : 00034664 `  cmps   r3, #7'
commitHead: sn:2022  ea:0 T0 : 00034668 `  b   0x8750'
commitHead: sn:2023  ea:0 T0 : 00034648 `  add   r1, r1, #32'
commitHead: sn:2024  ea:0 T0 : 00034652 `  cmps   r1, r2'
commitHead: sn:2025  ea:0 T0 : 00034656 `  b   0x87ac'
commitHead: sn:2026  ea:32948 T0 : 00034660 `  ldr   r3, [r1, #0]'
commitHead: sn:2027  ea:0 T0 : 00034664 `  cmps   r3, #7'
commitHead: sn:2028  ea:0 T0 : 00034668 `  b   0x8750'
commitHead: sn:2086  ea:32976 T0 : 00034672 `  ldr   r4, [r1, #28]'
commitHead: sn:2087  ea:32964 T0 : 00034676 `  ldr   r2, [r1, #16]'
commitHead: sn:2088  ea:32968 T0 : 00034680 `  ldr   r8, [r1, #20]'
commitHead: sn:2089  ea:32956 T0 : 00034684 `  ldr   r1, [r1, #8]'
commitHead: sn:2090  ea:0 T0 : 00034688 `  cmps   r6, r4'
commitHead: sn:2091  ea:0 T0 : 00034692 `  movcc   r6, r4'
commitHead: sn:2092  ea:0 T0 : 00034696 `  cmps   r4, #0'
commitHead: sn:2093  ea:3204447584 T0 : 00034700 `  str   r2, [sp, #8]'
commitHead: sn:2094  ea:3204447588 T0 : 00034704 `  str   r1, [sp, #12]'
commitHead: sn:2095  ea:0 T0 : 00034708 `  b   0x87b8'
commitHead: sn:2096  ea:0 T0 : 00034712 `  sub   r0, r4, #1'
commitHead: sn:2097  ea:0 T0 : 00034716 `  add   r0, r0, lr'
commitHead: sn:2098  ea:0 T0 : 00034720 `  mov   r1, r4'
commitHead: sn:2099  ea:0 T0 : 00034724 `  bl   0x62e5c'
commitHead: sn:2100  ea:0 T0 : 00405092 `  subs   r2, r1, #1'
commitHead: sn:2101  ea:0 T0 : 00405096 `  bx   lr'
commitHead: sn:2126  ea:0 T0 : 00405100 `  b   0x6303c'
commitHead: sn:2127  ea:0 T0 : 00405104 `  cmps   r0, r1'
commitHead: sn:2128  ea:0 T0 : 00405108 `  b   0x63020'
commitHead: sn:2129  ea:0 T0 : 00405112 `  tsts   r1, r2'
commitHead: sn:2130  ea:0 T0 : 00405116 `  b   0x6302c'
commitHead: sn:2131  ea:0 T0 : 00405556 `  clz   r2, r1'
commitHead: sn:2132  ea:0 T0 : 00405560 `  rsb   r2, r2, #31'
commitHead: sn:2133  ea:0 T0 : 00405564 `  mov   r0, r0, LSR r2'
commitHead: sn:2134  ea:0 T0 : 00405568 `  bx   lr'
commitHead: sn:2135  ea:0 T0 : 00034728 `  mov   r10, r4'
commitHead: sn:2136  ea:0 T0 : 00034732 `  mov   lr, r0'
commitHead: sn:2137  ea:0 T0 : 00034736 `  b   0x87c0'
commitHead: sn:2138  ea:35112 T0 : 00034760 `  ldr   r3, [pc, #344]'
commitHead: sn:2139  ea:0 T0 : 00034764 `  mul   '
commitHead: sn:2140  ea:35116 T0 : 00034768 `  ldr   r5, [pc, #340]'
commitHead: sn:2141  ea:540792 T0 : 00034772 `  ldr   r0, [r3, #0]'
commitHead: sn:2142  ea:35120 T0 : 00034776 `  ldr   r9, [pc, #336]'
commitHead: sn:2143  ea:0 T0 : 00034780 `  add   r0, r0, #1184'
commitHead: sn:2144  ea:0 T0 : 00034784 `  add   r0, r0, r8'
commitHead: sn:2145  ea:0 T0 : 00034788 `  add   r0, r0, r6'
commitHead: sn:2146  ea:0 T0 : 00034792 `  add   r0, r0, fp'
commitHead: sn:2147  ea:0 T0 : 00034796 `  bl   0x12e28'
commitHead: sn:2148  ea:3204447564 T0 : 00077360 `  str_uop   r4, [sp, #12]'
commitHead: sn:2149  ea:3204447568 T0 : 00077360 `  str_uop   r5, [sp, #8]'
commitHead: sn:2150  ea:3204447572 T0 : 00077360 `  str_uop   lr, [sp, #4]'
commitHead: sn:2151  ea:0 T0 : 00077360 `  subi_uop   sp, sp, #12'
commitHead: sn:2152  ea:77476 T0 : 00077364 `  ldr   r4, [pc, #104]'
commitHead: sn:2153  ea:0 T0 : 00077368 `  sub   sp, sp, #4'
commitHead: sn:2154  ea:0 T0 : 00077372 `  mov   r5, r0'
commitHead: sn:2155  ea:547912 T0 : 00077376 `  ldr   r3, [r4, #0]'
commitHead: sn:2156  ea:0 T0 : 00077380 `  cmps   r3, #0'
commitHead: sn:2157  ea:0 T0 : 00077384 `  b   0x87b8'
commitHead: sn:2204  ea:0 T0 : 00077428 `  mov   r0, #0'
commitHead: sn:2205  ea:0 T0 : 00077432 `  bl   0x3301c'
commitHead: sn:2213  ea:3204447548 T0 : 00208932 `  str_uop   r4, [sp, #12]'
commitHead: sn:2214  ea:3204447552 T0 : 00208932 `  str_uop   r7, [sp, #8]'
commitHead: sn:2215  ea:3204447556 T0 : 00208932 `  str_uop   lr, [sp, #4]'
commitHead: sn:2216  ea:0 T0 : 00208932 `  subi_uop   sp, sp, #12'
commitHead: sn:2217  ea:0 T0 : 00208936 `  mov   r4, r0'
commitHead: sn:2218  ea:0 T0 : 00208940 `  mov   r7, #45'
commitHead: sn:2219  ea:0 T0 : 00208944 `  svc   #0'
commitHead: sn:2219  ea:0 T0 : 00208944 `  svc   #0'
commitHead: sn:2219  ea:0 T0 : 00208944 `  svc   #0'
commitHead: sn:2219  ea:0 T0 : 00208944 `  svc   #0'
commitHead: sn:2219  ea:0 T0 : 00208944 `  svc   #0'
commitHead: sn:2219  ea:0 T0 : 00208944 `  svc   #0'
commitHead: sn:2219  ea:0 T0 : 00208944 `  svc   #0'
commitHead: sn:2219  ea:0 T0 : 00208944 `  svc   #0'
commitHead: sn:2219  ea:0 T0 : 00208944 `  svc   #0'
commitHead: sn:2219  ea:0 T0 : 00208944 `  svc   #0'
commitHead: sn:2219  ea:0 T0 : 00208944 `  svc   #0'
commitHead: sn:2219  ea:0 T0 : 00208944 `  svc   #0'
commitHead: sn:2219  ea:0 T0 : 00208944 `  svc   #0'
commitHead: sn:2219  ea:0 T0 : 00208944 `  svc   #0'
commitHead: sn:2219  ea:0 T0 : 00208944 `  svc   #0'
commitHead: sn:2219  ea:0 T0 : 00208944 `  svc   #0'
commitHead: sn:2219  ea:0 T0 : 00208944 `  svc   #0'
commitHead: sn:2219  ea:0 T0 : 00208944 `  svc   #0'
commitHead: sn:2219  ea:0 T0 : 00208944 `  svc   #0'
commitHead: sn:2219  ea:0 T0 : 00208944 `  svc   #0'
commitHead: sn:2219  ea:0 T0 : 00208944 `  svc   #0'
commitHead: sn:2219  ea:0 T0 : 00208944 `  svc   #0'
commitHead: sn:2219  ea:0 T0 : 00208944 `  svc   #0'
commitHead: sn:2219  ea:0 T0 : 00208944 `  svc   #0'
commitHead: sn:2219  ea:0 T0 : 00208944 `  svc   #0'
commitHead: sn:2219  ea:0 T0 : 00208944 `  svc   #0'
commitHead: sn:2219  ea:0 T0 : 00208944 `  svc   #0'
commitHead: sn:2219  ea:0 T0 : 00208944 `  svc   #0'
commitHead: sn:2219  ea:0 T0 : 00208944 `  svc   #0'
commitHead: sn:2219  ea:0 T0 : 00208944 `  svc   #0'
commitHead: sn:2219  ea:0 T0 : 00208944 `  svc   #0'
commitHead: sn:2219  ea:0 T0 : 00208944 `  svc   #0'
commitHead: sn:2219  ea:0 T0 : 00208944 `  svc   #0'
commitHead: sn:2219  ea:0 T0 : 00208944 `  svc   #0'
commitHead: sn:2219  ea:0 T0 : 00208944 `  svc   #0'
commitHead: sn:2219  ea:0 T0 : 00208944 `  svc   #0'
commitHead: sn:2219  ea:0 T0 : 00208944 `  svc   #0'
commitHead: sn:2219  ea:0 T0 : 00208944 `  svc   #0'
commitHead: sn:2219  ea:0 T0 : 00208944 `  svc   #0'
commitHead: sn:2219  ea:0 T0 : 00208944 `  svc   #0'
commitHead: sn:2219  ea:0 T0 : 00208944 `  svc   #0'
commitHead: sn:2219  ea:0 T0 : 00208944 `  svc   #0'
commitHead: sn:2219  ea:0 T0 : 00208944 `  svc   #0'
commitHead: sn:2219  ea:0 T0 : 00208944 `  svc   #0'
commitHead: sn:2219  ea:0 T0 : 00208944 `  svc   #0'
commitHead: sn:2219  ea:0 T0 : 00208944 `  svc   #0'
commitHead: sn:2219  ea:0 T0 : 00208944 `  svc   #0'
commitHead: sn:2219  ea:0 T0 : 00208944 `  svc   #0'
commitHead: sn:2219  ea:0 T0 : 00208944 `  svc   #0'
commitHead: sn:2219  ea:0 T0 : 00208944 `  svc   #0'
commitHead: sn:2219  ea:0 T0 : 00208944 `  svc   #0'
commitHead: sn:2219  ea:0 T0 : 00208944 `  svc   #0'
commitHead: sn:2219  ea:0 T0 : 00208944 `  svc   #0'
commitHead: sn:2219  ea:0 T0 : 00208944 `  svc   #0'
commitHead: sn:2219  ea:0 T0 : 00208944 `  svc   #0'
commitHead: sn:2219  ea:0 T0 : 00208944 `  svc   #0'
commitHead: sn:2219  ea:0 T0 : 00208944 `  svc   #0'
commitHead: sn:2219  ea:0 T0 : 00208944 `  svc   #0'
commitHead: sn:2219  ea:0 T0 : 00208944 `  svc   #0'
commitHead: sn:2219  ea:0 T0 : 00208944 `  svc   #0'
commitHead: sn:2219  ea:0 T0 : 00208944 `  svc   #0'
commitHead: sn:2219  ea:0 T0 : 00208944 `  svc   #0'
commitHead: sn:2219  ea:0 T0 : 00208944 `  svc   #0'
commitHead: sn:2219  ea:0 T0 : 00208944 `  svc   #0'
commitHead: sn:2219  ea:0 T0 : 00208944 `  svc   #0'
commitHead: sn:2219  ea:0 T0 : 00208944 `  svc   #0'
commitHead: sn:2219  ea:0 T0 : 00208944 `  svc   #0'
commitHead: sn:2219  ea:0 T0 : 00208944 `  svc   #0'
commitHead: sn:2219  ea:0 T0 : 00208944 `  svc   #0'
commitHead: sn:2219  ea:0 T0 : 00208944 `  svc   #0'
commitHead: sn:2219  ea:0 T0 : 00208944 `  svc   #0'
commitHead: sn:2219  ea:0 T0 : 00208944 `  svc   #0'
commitHead: sn:2219  ea:0 T0 : 00208944 `  svc   #0'
commitHead: sn:2219  ea:0 T0 : 00208944 `  svc   #0'
commitHead: sn:2219  ea:0 T0 : 00208944 `  svc   #0'
commitHead: sn:2219  ea:0 T0 : 00208944 `  svc   #0'
commitHead: sn:2219  ea:0 T0 : 00208944 `  svc   #0'
commitHead: sn:2219  ea:0 T0 : 00208944 `  svc   #0'
commitHead: sn:2219  ea:0 T0 : 00208944 `  svc   #0'
commitHead: sn:2219  ea:0 T0 : 00208944 `  svc   #0'
commitHead: sn:2219  ea:0 T0 : 00208944 `  svc   #0'
commitHead: sn:2219  ea:0 T0 : 00208944 `  svc   #0'
commitHead: sn:2219  ea:0 T0 : 00208944 `  svc   #0'
commitHead: sn:2219  ea:0 T0 : 00208944 `  svc   #0'
commitHead: sn:2219  ea:0 T0 : 00208944 `  svc   #0'
commitHead: sn:2219  ea:0 T0 : 00208944 `  svc   #0'
commitHead: sn:2219  ea:0 T0 : 00208944 `  svc   #0'
commitHead: sn:2219  ea:0 T0 : 00208944 `  svc   #0'
commitHead: sn:2219  ea:0 T0 : 00208944 `  svc   #0'
commitHead: sn:2219  ea:0 T0 : 00208944 `  svc   #0'
commitHead: sn:2219  ea:0 T0 : 00208944 `  svc   #0'
commitHead: sn:2219  ea:0 T0 : 00208944 `  svc   #0'
commitHead: sn:2219  ea:0 T0 : 00208944 `  svc   #0'
commitHead: sn:2219  ea:0 T0 : 00208944 `  svc   #0'
commitHead: sn:2219  ea:0 T0 : 00208944 `  svc   #0'
commitHead: sn:2219  ea:0 T0 : 00208944 `  svc   #0'
commitHead: sn:2219  ea:0 T0 : 00208944 `  svc   #0'
commitHead: sn:2219  ea:0 T0 : 00208944 `  svc   #0'
commitHead: sn:2219  ea:0 T0 : 00208944 `  svc   #0'
commitHead: sn:2219  ea:0 T0 : 00208944 `  svc   #0'
commitHead: sn:2219  ea:0 T0 : 00208944 `  svc   #0'
commitHead: sn:2219  ea:0 T0 : 00208944 `  svc   #0'
commitHead: sn:2219  ea:0 T0 : 00208944 `  svc   #0'
commitHead: sn:2219  ea:0 T0 : 00208944 `  svc   #0'
commitHead: sn:2219  ea:0 T0 : 00208944 `  svc   #0'
commitHead: sn:2219  ea:0 T0 : 00208944 `  svc   #0'
commitHead: sn:2219  ea:0 T0 : 00208944 `  svc   #0'
commitHead: sn:2219  ea:0 T0 : 00208944 `  svc   #0'
commitHead: sn:2219  ea:0 T0 : 00208944 `  svc   #0'
commitHead: sn:2219  ea:0 T0 : 00208944 `  svc   #0'
commitHead: sn:2219  ea:0 T0 : 00208944 `  svc   #0'
commitHead: sn:2219  ea:0 T0 : 00208944 `  svc   #0'
commitHead: sn:2219  ea:0 T0 : 00208944 `  svc   #0'
commitHead: sn:2219  ea:0 T0 : 00208944 `  svc   #0'
commitHead: sn:2219  ea:0 T0 : 00208944 `  svc   #0'
commitHead: sn:2219  ea:0 T0 : 00208944 `  svc   #0'
commitHead: sn:2219  ea:0 T0 : 00208944 `  svc   #0'
commitHead: sn:2219  ea:0 T0 : 00208944 `  svc   #0'
commitHead: sn:2219  ea:0 T0 : 00208944 `  svc   #0'
commitHead: sn:2219  ea:0 T0 : 00208944 `  svc   #0'
commitHead: sn:2219  ea:0 T0 : 00208944 `  svc   #0'
commitHead: sn:2219  ea:0 T0 : 00208944 `  svc   #0'
commitHead: sn:2219  ea:0 T0 : 00208944 `  svc   #0'
commitHead: sn:2219  ea:0 T0 : 00208944 `  svc   #0'
commitHead: sn:2219  ea:0 T0 : 00208944 `  svc   #0'
commitHead: sn:2219  ea:0 T0 : 00208944 `  svc   #0'
commitHead: sn:2255  ea:0 T0 : 00208948 `  cmns   r0, #4096'
commitHead: sn:2256  ea:0 T0 : 00208952 `  mov   r3, r0'
commitHead: sn:2257  ea:0 T0 : 00208956 `  movls   r1, r0'
commitHead: sn:2258  ea:0 T0 : 00208960 `  b   0x33074'
commitHead: sn:2259  ea:209048 T0 : 00208964 `  ldr   r3, [pc, #76]'
commitHead: sn:2260  ea:0 T0 : 00208968 `  cmps   r4, r1'
commitHead: sn:2261  ea:547912 T0 : 00208972 `  str   r1, [r3, #0]'
commitHead: sn:2262  ea:0 T0 : 00208976 `  movls   r1, #0'
commitHead: sn:2263  ea:0 T0 : 00208980 `  b   0x33058'
commitHead: sn:2264  ea:0 T0 : 00208984 `  mov   r0, r1'
commitHead: sn:2265  ea:3204447548 T0 : 00208988 `  ldr2_uop   r4,r7, [sp, #0]'
commitHead: sn:2266  ea:3204447556 T0 : 00208988 `  ldr_uop   r36, [sp, #8]'
commitHead: sn:2267  ea:0 T0 : 00208988 `  addi_uop   sp, sp, #12'
commitHead: sn:2268  ea:0 T0 : 00208988 `  uopReg_uop   pc, r36'
commitHead: sn:2269  ea:0 T0 : 00077436 `  cmps   r0, #0'
commitHead: sn:2270  ea:0 T0 : 00077440 `  b   0x12e54'
commitHead: sn:2282  ea:0 T0 : 00077404 `  cmps   r5, #0'
commitHead: sn:2283  ea:0 T0 : 00077408 `  ldreq   r4, [r4, #0]'
commitHead: sn:2284  ea:0 T0 : 00077412 `  b   0x14578'
commitHead: sn:2338  ea:547912 T0 : 00077452 `  ldr   r4, [r4, #0]'
commitHead: sn:2339  ea:0 T0 : 00077456 `  add   r0, r4, r5'
commitHead: sn:2340  ea:0 T0 : 00077460 `  bl   0x3301c'
commitHead: sn:2341  ea:3204447548 T0 : 00208932 `  str_uop   r4, [sp, #12]'
commitHead: sn:2342  ea:3204447552 T0 : 00208932 `  str_uop   r7, [sp, #8]'
commitHead: sn:2343  ea:3204447556 T0 : 00208932 `  str_uop   lr, [sp, #4]'
commitHead: sn:2344  ea:0 T0 : 00208932 `  subi_uop   sp, sp, #12'
commitHead: sn:2345  ea:0 T0 : 00208936 `  mov   r4, r0'
commitHead: sn:2346  ea:0 T0 : 00208940 `  mov   r7, #45'
commitHead: sn:2347  ea:0 T0 : 00208944 `  svc   #0'
commitHead: sn:2347  ea:0 T0 : 00208944 `  svc   #0'
commitHead: sn:2347  ea:0 T0 : 00208944 `  svc   #0'
commitHead: sn:2347  ea:0 T0 : 00208944 `  svc   #0'
commitHead: sn:2347  ea:0 T0 : 00208944 `  svc   #0'
commitHead: sn:2347  ea:0 T0 : 00208944 `  svc   #0'
commitHead: sn:2391  ea:0 T0 : 00208948 `  cmns   r0, #4096'
commitHead: sn:2392  ea:0 T0 : 00208952 `  mov   r3, r0'
commitHead: sn:2393  ea:0 T0 : 00208956 `  movls   r1, r0'
commitHead: sn:2394  ea:0 T0 : 00208960 `  b   0x33074'
commitHead: sn:2395  ea:209048 T0 : 00208964 `  ldr   r3, [pc, #76]'
commitHead: sn:2396  ea:0 T0 : 00208968 `  cmps   r4, r1'
commitHead: sn:2397  ea:547912 T0 : 00208972 `  str   r1, [r3, #0]'
commitHead: sn:2398  ea:0 T0 : 00208976 `  movls   r1, #0'
commitHead: sn:2399  ea:0 T0 : 00208980 `  b   0x33058'
commitHead: sn:2400  ea:0 T0 : 00208984 `  mov   r0, r1'
commitHead: sn:2401  ea:3204447548 T0 : 00208988 `  ldr2_uop   r4,r7, [sp, #0]'
commitHead: sn:2402  ea:3204447556 T0 : 00208988 `  ldr_uop   r36, [sp, #8]'
commitHead: sn:2403  ea:0 T0 : 00208988 `  addi_uop   sp, sp, #12'
commitHead: sn:2404  ea:0 T0 : 00208988 `  uopReg_uop   pc, r36'
commitHead: sn:2405  ea:0 T0 : 00077464 `  cmps   r0, #0'
commitHead: sn:2406  ea:0 T0 : 00077468 `  b   0x12e60'
commitHead: sn:2423  ea:0 T0 : 00077416 `  mov   r0, r4'
commitHead: sn:2424  ea:0 T0 : 00077420 `  add   sp, sp, #4'
commitHead: sn:2425  ea:3204447564 T0 : 00077424 `  ldr2_uop   r4,r5, [sp, #0]'
commitHead: sn:2426  ea:3204447572 T0 : 00077424 `  ldr_uop   r36, [sp, #8]'
commitHead: sn:2427  ea:0 T0 : 00077424 `  addi_uop   sp, sp, #12'
commitHead: sn:2428  ea:0 T0 : 00077424 `  uopReg_uop   pc, r36'
commitHead: sn:2429  ea:3204447588 T0 : 00034800 `  ldr   r1, [sp, #12]'
commitHead: sn:2430  ea:544180 T0 : 00034804 `  str   fp, [r9, #564]'
commitHead: sn:2431  ea:0 T0 : 00034808 `  rsb   r2, r6, #0'
commitHead: sn:2432  ea:0 T0 : 00034812 `  mov   r3, #62'
commitHead: sn:2433  ea:3204447580 T0 : 00034816 `  str   r2, [sp, #4]'
commitHead: sn:2434  ea:3204447584 T0 : 00034820 `  ldr   r2, [sp, #8]'
commitHead: sn:2435  ea:542584 T0 : 00034824 `  str   r3, [r5, #0]'
commitHead: sn:2436  ea:0 T0 : 00034828 `  mov   r3, #1'
commitHead: sn:2437  ea:542604 T0 : 00034832 `  strb   r3, [r5, #20]'
commitHead: sn:2438  ea:3204447580 T0 : 00034836 `  ldr   r3, [sp, #4]'
commitHead: sn:2439  ea:0 T0 : 00034840 `  sub   r12, r6, #1'
commitHead: sn:2440  ea:35124 T0 : 00034844 `  ldr   r7, [pc, #272]'
commitHead: sn:2441  ea:0 T0 : 00034848 `  add   r4, r0, #1184'
commitHead: sn:2442  ea:0 T0 : 00034852 `  add   r4, r4, r12'
commitHead: sn:2443  ea:0 T0 : 00034856 `  and   r4, r4, r3'
commitHead: sn:2444  ea:0 T0 : 00034860 `  add   r3, r4, fp'
commitHead: sn:2445  ea:0 T0 : 00034864 `  mov   r0, r3'
commitHead: sn:2446  ea:542600 T0 : 00034868 `  str   r3, [r5, #16]'
commitHead: sn:2447  ea:0 T0 : 00034872 `  bl   0x12228'
commitHead: sn:2449  ea:3204447564 T0 : 00074288 `  str_uop   r0, [sp, #12]'
commitHead: sn:2450  ea:3204447568 T0 : 00074288 `  str_uop   r4, [sp, #8]'
commitHead: sn:2451  ea:3204447572 T0 : 00074288 `  str_uop   lr, [sp, #4]'
commitHead: sn:2452  ea:0 T0 : 00074288 `  subi_uop   sp, sp, #12'
commitHead: sn:2453  ea:0 T0 : 00074292 `  subs   r2, r2, #4'
commitHead: sn:2454  ea:0 T0 : 00074296 `  b   0x122bc'
commitHead: sn:2455  ea:0 T0 : 00074300 `  ands   r12, r0, #3'
commitHead: sn:2456  ea:0 T0 : 00074304 `  b   0x122dc'
commitHead: sn:2457  ea:0 T0 : 00074308 `  ands   r12, r1, #3'
commitHead: sn:2458  ea:0 T0 : 00074312 `  b   0x1230c'
commitHead: sn:2459  ea:0 T0 : 00074316 `  subs   r2, r2, #28'
commitHead: sn:2460  ea:3204447548 T0 : 00074320 `  str_uop   r5, [sp, #16]'
commitHead: sn:2461  ea:3204447552 T0 : 00074320 `  str_uop   r6, [sp, #12]'
commitHead: sn:2462  ea:3204447556 T0 : 00074320 `  str_uop   r7, [sp, #8]'
commitHead: sn:2463  ea:3204447560 T0 : 00074320 `  str_uop   r8, [sp, #4]'
commitHead: sn:2464  ea:0 T0 : 00074320 `  subi_uop   sp, sp, #16'
commitHead: sn:2465  ea:0 T0 : 00074324 `  b   0x12260'
commitHead: sn:2489  ea:0 T0 : 00074344 `  ands   r12, r2, #28'
commitHead: sn:2490  ea:0 T0 : 00074348 `  rsb   r12, r12, #32'
commitHead: sn:2491  ea:0 T0 : 00074352 `  addne   pc, pc, r12'
commitHead: sn:2493  ea:540596 T0 : 00074376 `  ldr   r6, [r1] #4'
commitHead: sn:2494  ea:0 T0 : 00074376 `  addi_uop   r1, r1, #4'
commitHead: sn:2495  ea:540600 T0 : 00074380 `  ldr   r7, [r1] #4'
commitHead: sn:2496  ea:0 T0 : 00074380 `  addi_uop   r1, r1, #4'
commitHead: sn:2497  ea:540604 T0 : 00074384 `  ldr   r8, [r1] #4'
commitHead: sn:2498  ea:0 T0 : 00074384 `  addi_uop   r1, r1, #4'
commitHead: sn:2499  ea:540608 T0 : 00074388 `  ldr   lr, [r1] #4'
commitHead: sn:2500  ea:0 T0 : 00074388 `  addi_uop   r1, r1, #4'
commitHead: sn:2501  ea:0 T0 : 00074392 `  add   pc, pc, r12'
commitHead: sn:2518  ea:550056 T0 : 00074416 `  str   r6, [r0] #4'
commitHead: sn:2519  ea:0 T0 : 00074416 `  addi_uop   r0, r0, #4'
commitHead: sn:2520  ea:550060 T0 : 00074420 `  str   r7, [r0] #4'
commitHead: sn:2521  ea:0 T0 : 00074420 `  addi_uop   r0, r0, #4'
commitHead: sn:2522  ea:550064 T0 : 00074424 `  str   r8, [r0] #4'
commitHead: sn:2523  ea:0 T0 : 00074424 `  addi_uop   r0, r0, #4'
commitHead: sn:2524  ea:550068 T0 : 00074428 `  str   lr, [r0] #4'
commitHead: sn:2525  ea:0 T0 : 00074428 `  addi_uop   r0, r0, #4'
commitHead: sn:2526  ea:3204447548 T0 : 00074432 `  ldr2_uop   r5,r6, [sp, #0]'
commitHead: sn:2527  ea:3204447556 T0 : 00074432 `  ldr2_uop   r7,r8, [sp, #8]'
commitHead: sn:2528  ea:0 T0 : 00074432 `  addi_uop   sp, sp, #16'
commitHead: sn:2529  ea:0 T0 : 00074436 `  movs   r2, r2, LSL #31'
commitHead: sn:2530  ea:0 T0 : 00074440 `  ldrbne   r3, [r1] #1'
commitHead: sn:2531  ea:0 T0 : 00074440 `  addi_uopne   r1, r1, #1'
commitHead: sn:2532  ea:0 T0 : 00074444 `  ldrbcs   r4, [r1] #1'
commitHead: sn:2533  ea:0 T0 : 00074444 `  addi_uopcs   r1, r1, #1'
commitHead: sn:2534  ea:0 T0 : 00074448 `  ldrbcs   r12, [r1, #0]'
commitHead: sn:2535  ea:0 T0 : 00074452 `  strbne   r3, [r0] #1'
commitHead: sn:2536  ea:0 T0 : 00074452 `  addi_uopne   r0, r0, #1'
commitHead: sn:2537  ea:0 T0 : 00074456 `  strbcs   r4, [r0] #1'
commitHead: sn:2538  ea:0 T0 : 00074456 `  addi_uopcs   r0, r0, #1'
commitHead: sn:2539  ea:0 T0 : 00074460 `  strbcs   r12, [r0, #0]'
commitHead: sn:2540  ea:3204447564 T0 : 00074464 `  ldr2_uop   r0,r4, [sp, #0]'
commitHead: sn:2541  ea:3204447572 T0 : 00074464 `  ldr_uop   r36, [sp, #8]'
commitHead: sn:2542  ea:0 T0 : 00074464 `  addi_uop   sp, sp, #12'
commitHead: sn:2543  ea:0 T0 : 00074464 `  uopReg_uop   pc, r36'
commitHead: sn:2544  ea:0 T0 : 00034876 `  add   r5, r5, #8'
commitHead: sn:2545  ea:0 T0 : 00034880 `  mov   r0, r4'
commitHead: sn:2546  ea:550048 T0 : 00034884 `  str   r5, [r4, #0]'
commitHead: sn:2547  ea:0 T0 : 00034888 `  svc   #0'
commitHead: sn:2547  ea:0 T0 : 00034888 `  svc   #0'
commitHead: sn:2547  ea:0 T0 : 00034888 `  svc   #0'
commitHead: sn:2547  ea:0 T0 : 00034888 `  svc   #0'
commitHead: sn:2547  ea:0 T0 : 00034888 `  svc   #0'
commitHead: sn:2547  ea:0 T0 : 00034888 `  svc   #0'
commitHead: sn:2547  ea:0 T0 : 00034888 `  svc   #0'
commitHead: sn:2547  ea:0 T0 : 00034888 `  svc   #0'
commitHead: sn:2547  ea:0 T0 : 00034888 `  svc   #0'
commitHead: sn:2547  ea:0 T0 : 00034888 `  svc   #0'
commitHead: sn:2547  ea:0 T0 : 00034888 `  svc   #0'
commitHead: sn:2547  ea:0 T0 : 00034888 `  svc   #0'
commitHead: sn:2547  ea:0 T0 : 00034888 `  svc   #0'
commitHead: sn:2547  ea:0 T0 : 00034888 `  svc   #0'
commitHead: sn:2547  ea:0 T0 : 00034888 `  svc   #0'
commitHead: sn:2547  ea:0 T0 : 00034888 `  svc   #0'
commitHead: sn:2547  ea:0 T0 : 00034888 `  svc   #0'
commitHead: sn:2547  ea:0 T0 : 00034888 `  svc   #0'
commitHead: sn:2547  ea:0 T0 : 00034888 `  svc   #0'
commitHead: sn:2547  ea:0 T0 : 00034888 `  svc   #0'
commitHead: sn:2547  ea:0 T0 : 00034888 `  svc   #0'
commitHead: sn:2547  ea:0 T0 : 00034888 `  svc   #0'
commitHead: sn:2547  ea:0 T0 : 00034888 `  svc   #0'
commitHead: sn:2547  ea:0 T0 : 00034888 `  svc   #0'
commitHead: sn:2547  ea:0 T0 : 00034888 `  svc   #0'
commitHead: sn:2547  ea:0 T0 : 00034888 `  svc   #0'
commitHead: sn:2547  ea:0 T0 : 00034888 `  svc   #0'
commitHead: sn:2547  ea:0 T0 : 00034888 `  svc   #0'
commitHead: sn:2547  ea:0 T0 : 00034888 `  svc   #0'
commitHead: sn:2547  ea:0 T0 : 00034888 `  svc   #0'
commitHead: sn:2547  ea:0 T0 : 00034888 `  svc   #0'
commitHead: sn:2547  ea:0 T0 : 00034888 `  svc   #0'
commitHead: sn:2547  ea:0 T0 : 00034888 `  svc   #0'
commitHead: sn:2547  ea:0 T0 : 00034888 `  svc   #0'
commitHead: sn:2547  ea:0 T0 : 00034888 `  svc   #0'
commitHead: sn:2547  ea:0 T0 : 00034888 `  svc   #0'
commitHead: sn:2547  ea:0 T0 : 00034888 `  svc   #0'
commitHead: sn:2547  ea:0 T0 : 00034888 `  svc   #0'
commitHead: sn:2547  ea:0 T0 : 00034888 `  svc   #0'
commitHead: sn:2547  ea:0 T0 : 00034888 `  svc   #0'
commitHead: sn:2547  ea:0 T0 : 00034888 `  svc   #0'
commitHead: sn:2547  ea:0 T0 : 00034888 `  svc   #0'
commitHead: sn:2547  ea:0 T0 : 00034888 `  svc   #0'
commitHead: sn:2547  ea:0 T0 : 00034888 `  svc   #0'
commitHead: sn:2547  ea:0 T0 : 00034888 `  svc   #0'
commitHead: sn:2547  ea:0 T0 : 00034888 `  svc   #0'
commitHead: sn:2547  ea:0 T0 : 00034888 `  svc   #0'
commitHead: sn:2547  ea:0 T0 : 00034888 `  svc   #0'
commitHead: sn:2547  ea:0 T0 : 00034888 `  svc   #0'
commitHead: sn:2547  ea:0 T0 : 00034888 `  svc   #0'
commitHead: sn:2547  ea:0 T0 : 00034888 `  svc   #0'
commitHead: sn:2547  ea:0 T0 : 00034888 `  svc   #0'
commitHead: sn:2547  ea:0 T0 : 00034888 `  svc   #0'
commitHead: sn:2547  ea:0 T0 : 00034888 `  svc   #0'
commitHead: sn:2547  ea:0 T0 : 00034888 `  svc   #0'
commitHead: sn:2547  ea:0 T0 : 00034888 `  svc   #0'
commitHead: sn:2547  ea:0 T0 : 00034888 `  svc   #0'
commitHead: sn:2547  ea:0 T0 : 00034888 `  svc   #0'
commitHead: sn:2547  ea:0 T0 : 00034888 `  svc   #0'
commitHead: sn:2547  ea:0 T0 : 00034888 `  svc   #0'
commitHead: sn:2547  ea:0 T0 : 00034888 `  svc   #0'
commitHead: sn:2547  ea:0 T0 : 00034888 `  svc   #0'
commitHead: sn:2547  ea:0 T0 : 00034888 `  svc   #0'
commitHead: sn:2547  ea:0 T0 : 00034888 `  svc   #0'
commitHead: sn:2547  ea:0 T0 : 00034888 `  svc   #0'
commitHead: sn:2547  ea:0 T0 : 00034888 `  svc   #0'
commitHead: sn:2547  ea:0 T0 : 00034888 `  svc   #0'
commitHead: sn:2547  ea:0 T0 : 00034888 `  svc   #0'
commitHead: sn:2547  ea:0 T0 : 00034888 `  svc   #0'
commitHead: sn:2547  ea:0 T0 : 00034888 `  svc   #0'
commitHead: sn:2547  ea:0 T0 : 00034888 `  svc   #0'
commitHead: sn:2547  ea:0 T0 : 00034888 `  svc   #0'
commitHead: sn:2547  ea:0 T0 : 00034888 `  svc   #0'
commitHead: sn:2547  ea:0 T0 : 00034888 `  svc   #0'
commitHead: sn:2547  ea:0 T0 : 00034888 `  svc   #0'
commitHead: sn:2547  ea:0 T0 : 00034888 `  svc   #0'
commitHead: sn:2547  ea:0 T0 : 00034888 `  svc   #0'
commitHead: sn:2547  ea:0 T0 : 00034888 `  svc   #0'
commitHead: sn:2547  ea:0 T0 : 00034888 `  svc   #0'
commitHead: sn:2547  ea:0 T0 : 00034888 `  svc   #0'
commitHead: sn:2547  ea:0 T0 : 00034888 `  svc   #0'
commitHead: sn:2547  ea:0 T0 : 00034888 `  svc   #0'
commitHead: sn:2547  ea:0 T0 : 00034888 `  svc   #0'
commitHead: sn:2547  ea:0 T0 : 00034888 `  svc   #0'
commitHead: sn:2547  ea:0 T0 : 00034888 `  svc   #0'
commitHead: sn:2547  ea:0 T0 : 00034888 `  svc   #0'
commitHead: sn:2547  ea:0 T0 : 00034888 `  svc   #0'
commitHead: sn:2547  ea:0 T0 : 00034888 `  svc   #0'
commitHead: sn:2547  ea:0 T0 : 00034888 `  svc   #0'
commitHead: sn:2547  ea:0 T0 : 00034888 `  svc   #0'
commitHead: sn:2547  ea:0 T0 : 00034888 `  svc   #0'
commitHead: sn:2547  ea:0 T0 : 00034888 `  svc   #0'
commitHead: sn:2547  ea:0 T0 : 00034888 `  svc   #0'
commitHead: sn:2547  ea:0 T0 : 00034888 `  svc   #0'
commitHead: sn:2547  ea:0 T0 : 00034888 `  svc   #0'
commitHead: sn:2547  ea:0 T0 : 00034888 `  svc   #0'
commitHead: sn:2547  ea:0 T0 : 00034888 `  svc   #0'
commitHead: sn:2547  ea:0 T0 : 00034888 `  svc   #0'
commitHead: sn:2547  ea:0 T0 : 00034888 `  svc   #0'
commitHead: sn:2547  ea:0 T0 : 00034888 `  svc   #0'
commitHead: sn:2547  ea:0 T0 : 00034888 `  svc   #0'
commitHead: sn:2547  ea:0 T0 : 00034888 `  svc   #0'
commitHead: sn:2547  ea:0 T0 : 00034888 `  svc   #0'
commitHead: sn:2547  ea:0 T0 : 00034888 `  svc   #0'
commitHead: sn:2547  ea:0 T0 : 00034888 `  svc   #0'
commitHead: sn:2547  ea:0 T0 : 00034888 `  svc   #0'
commitHead: sn:2547  ea:0 T0 : 00034888 `  svc   #0'
commitHead: sn:2547  ea:0 T0 : 00034888 `  svc   #0'
commitHead: sn:2547  ea:0 T0 : 00034888 `  svc   #0'
commitHead: sn:2547  ea:0 T0 : 00034888 `  svc   #0'
commitHead: sn:2547  ea:0 T0 : 00034888 `  svc   #0'
commitHead: sn:2547  ea:0 T0 : 00034888 `  svc   #0'
commitHead: sn:2547  ea:0 T0 : 00034888 `  svc   #0'
commitHead: sn:2547  ea:0 T0 : 00034888 `  svc   #0'
commitHead: sn:2547  ea:0 T0 : 00034888 `  svc   #0'
commitHead: sn:2547  ea:0 T0 : 00034888 `  svc   #0'
commitHead: sn:2547  ea:0 T0 : 00034888 `  svc   #0'
commitHead: sn:2547  ea:0 T0 : 00034888 `  svc   #0'
commitHead: sn:2547  ea:0 T0 : 00034888 `  svc   #0'
commitHead: sn:2547  ea:0 T0 : 00034888 `  svc   #0'
commitHead: sn:2547  ea:0 T0 : 00034888 `  svc   #0'
commitHead: sn:2547  ea:0 T0 : 00034888 `  svc   #0'
commitHead: sn:2547  ea:0 T0 : 00034888 `  svc   #0'
commitHead: sn:2547  ea:0 T0 : 00034888 `  svc   #0'
commitHead: sn:2547  ea:0 T0 : 00034888 `  svc   #0'
commitHead: sn:2547  ea:0 T0 : 00034888 `  svc   #0'
commitHead: sn:2547  ea:0 T0 : 00034888 `  svc   #0'
commitHead: sn:2547  ea:0 T0 : 00034888 `  svc   #0'
commitHead: sn:2547  ea:0 T0 : 00034888 `  svc   #0'
commitHead: sn:2547  ea:0 T0 : 00034888 `  svc   #0'
commitHead: sn:2547  ea:0 T0 : 00034888 `  svc   #0'
commitHead: sn:2547  ea:0 T0 : 00034888 `  svc   #0'
commitHead: sn:2547  ea:0 T0 : 00034888 `  svc   #0'
commitHead: sn:2547  ea:0 T0 : 00034888 `  svc   #0'
commitHead: sn:2547  ea:0 T0 : 00034888 `  svc   #0'
commitHead: sn:2547  ea:0 T0 : 00034888 `  svc   #0'
commitHead: sn:2547  ea:0 T0 : 00034888 `  svc   #0'
commitHead: sn:2547  ea:0 T0 : 00034888 `  svc   #0'
commitHead: sn:2547  ea:0 T0 : 00034888 `  svc   #0'
commitHead: sn:2588  ea:0 T0 : 00034892 `  cmns   r0, #4096'
commitHead: sn:2589  ea:0 T0 : 00034896 `  b   0x8854'
commitHead: sn:2604  ea:3204447588 T0 : 00034908 `  ldr   r3, [sp, #12]'
commitHead: sn:2605  ea:3204447584 T0 : 00034912 `  ldr   r2, [sp, #8]'
commitHead: sn:2606  ea:544020 T0 : 00034916 `  ldrb   r1, [r9, #404]'
commitHead: sn:2607  ea:544160 T0 : 00034920 `  str   r3, [r9, #544]'
commitHead: sn:2608  ea:35132 T0 : 00034924 `  ldr   r3, [pc, #200]'
commitHead: sn:2609  ea:35136 T0 : 00034928 `  ldr   r0, [pc, #200]'
commitHead: sn:2610  ea:544164 T0 : 00034932 `  str   r2, [r9, #548]'
commitHead: sn:2611  ea:0 T0 : 00034936 `  mov   r2, #1'
commitHead: sn:2612  ea:548452 T0 : 00034940 `  str   r2, [r3, #0]'
commitHead: sn:2613  ea:35140 T0 : 00034944 `  ldr   r2, [pc, #188]'
commitHead: sn:2614  ea:0 T0 : 00034948 `  cmps   r10, #0'
commitHead: sn:2615  ea:0 T0 : 00034952 `  mov   r3, #1'
commitHead: sn:2616  ea:543116 T0 : 00034956 `  str   r9, [r0, #20]'
commitHead: sn:2617  ea:548456 T0 : 00034960 `  str   r0, [r2, #0]'
commitHead: sn:2618  ea:0 T0 : 00034964 `  bic   r1, r1, #3'
commitHead: sn:2619  ea:544172 T0 : 00034968 `  str   r10, [r9, #556]'
commitHead: sn:2620  ea:544020 T0 : 00034972 `  strb   r1, [r9, #404]'
commitHead: sn:2621  ea:544184 T0 : 00034976 `  str   r3, [r9, #568]'
commitHead: sn:2622  ea:544168 T0 : 00034980 `  str   r8, [r9, #552]'
commitHead: sn:2623  ea:0 T0 : 00034984 `  add   r3, r3, #63'
commitHead: sn:2624  ea:0 T0 : 00034988 `  addeq   r10, r10, #1'
commitHead: sn:2625  ea:543096 T0 : 00034992 `  str   r3, [r0, #0]'
commitHead: sn:2626  ea:0 T0 : 00034996 `  b   0x8900'
commitHead: sn:2629  ea:0 T0 : 00035080 `  add   r0, r8, r10'
commitHead: sn:2630  ea:0 T0 : 00035084 `  sub   r0, r0, #1'
commitHead: sn:2631  ea:0 T0 : 00035088 `  mov   r1, r10'
commitHead: sn:2632  ea:0 T0 : 00035092 `  bl   0x62e5c'
commitHead: sn:2643  ea:0 T0 : 00405092 `  subs   r2, r1, #1'
commitHead: sn:2644  ea:0 T0 : 00405096 `  bx   lr'
commitHead: sn:2655  ea:0 T0 : 00405100 `  b   0x6303c'
commitHead: sn:2656  ea:0 T0 : 00405104 `  cmps   r0, r1'
commitHead: sn:2657  ea:0 T0 : 00405108 `  b   0x63020'
commitHead: sn:2658  ea:0 T0 : 00405112 `  tsts   r1, r2'
commitHead: sn:2659  ea:0 T0 : 00405116 `  b   0x6302c'
commitHead: sn:2660  ea:0 T0 : 00405556 `  clz   r2, r1'
commitHead: sn:2661  ea:0 T0 : 00405560 `  rsb   r2, r2, #31'
commitHead: sn:2662  ea:0 T0 : 00405564 `  mov   r0, r0, LSR r2'
commitHead: sn:2663  ea:0 T0 : 00405568 `  bx   lr'
commitHead: sn:2664  ea:0 T0 : 00035096 `  mov   r8, r0'
commitHead: sn:2665  ea:0 T0 : 00035100 `  b   0x88b0'
commitHead: sn:2666  ea:0 T0 : 00035000 `  mla   '
commitHead: sn:2667  ea:35112 T0 : 00035004 `  ldr   r2, [pc, #100]'
commitHead: sn:2668  ea:0 T0 : 00035008 `  cmps   r6, #16'
commitHead: sn:2669  ea:0 T0 : 00035012 `  movcs   r1, r6'
commitHead: sn:2670  ea:0 T0 : 00035016 `  movcc   r1, #16'
commitHead: sn:2671  ea:540792 T0 : 00035020 `  ldr   r3, [r2, #0]'
commitHead: sn:2672  ea:35144 T0 : 00035024 `  ldr   r2, [pc, #112]'
commitHead: sn:2673  ea:0 T0 : 00035028 `  add   r3, r3, #15'
commitHead: sn:2674  ea:0 T0 : 00035032 `  add   r3, r3, r0'
commitHead: sn:2675  ea:548444 T0 : 00035036 `  str   r0, [r2, #0]'
commitHead: sn:2676  ea:35148 T0 : 00035040 `  ldr   r2, [pc, #100]'
commitHead: sn:2677  ea:0 T0 : 00035044 `  bic   r3, r3, #15'
commitHead: sn:2678  ea:548448 T0 : 00035048 `  str   r1, [r2, #0]'
commitHead: sn:2679  ea:35112 T0 : 00035052 `  ldr   r2, [pc, #52]'
commitHead: sn:2680  ea:540792 T0 : 00035056 `  str   r3, [r2, #0]'
commitHead: sn:2681  ea:35152 T0 : 00035060 `  ldr   r3, [pc, #84]'
commitHead: sn:2682  ea:0 T0 : 00035064 `  mov   r2, #1'
commitHead: sn:2683  ea:548468 T0 : 00035068 `  str   r2, [r3, #0]'
commitHead: sn:2684  ea:0 T0 : 00035072 `  add   sp, sp, #20'
commitHead: sn:2685  ea:3204447596 T0 : 00035076 `  ldr2_uop   r4,r5, [sp, #0]'
commitHead: sn:2686  ea:3204447604 T0 : 00035076 `  ldr2_uop   r6,r7, [sp, #8]'
commitHead: sn:2687  ea:3204447612 T0 : 00035076 `  ldr2_uop   r8,r9, [sp, #16]'
commitHead: sn:2688  ea:3204447620 T0 : 00035076 `  ldr2_uop   r10,fp, [sp, #24]'
commitHead: sn:2689  ea:3204447628 T0 : 00035076 `  ldr_uop   r36, [sp, #32]'
commitHead: sn:2690  ea:0 T0 : 00035076 `  addi_uop   sp, sp, #36'
commitHead: sn:2691  ea:0 T0 : 00035076 `  uopReg_uop   pc, r36'
commitHead: sn:2692  ea:34084 T0 : 00033580 `  ldr   r0, [pc, #496]'
commitHead: sn:2693  ea:0 T0 : 00033584 `  mov   r1, #0'
commitHead: sn:2694  ea:0 T0 : 00033588 `  bl   0x12b58'
commitHead: sn:2697  ea:76608 T0 : 00076640 `  ldr   r12, [pc, #-40]'
commitHead: sn:2698  ea:548488 T0 : 00076644 `  ldr   r12, [pc, r12]'
commitHead: sn:2699  ea:0 T0 : 00076648 `  teqs   r12, #0'
commitHead: sn:2700  ea:0 T0 : 00076652 `  b   0x12b84'
commitHead: sn:2701  ea:0 T0 : 00076656 `  mov   r12, r7'
commitHead: sn:2702  ea:0 T0 : 00076660 `  mov   r7, #5'
commitHead: sn:2703  ea:0 T0 : 00076664 `  svc   #0'
commitHead: sn:2703  ea:0 T0 : 00076664 `  svc   #0'
commitHead: sn:2703  ea:0 T0 : 00076664 `  svc   #0'
commitHead: sn:2737  ea:0 T0 : 00076668 `  mov   r7, r12'
commitHead: sn:2738  ea:0 T0 : 00076672 `  cmns   r0, #4096'
commitHead: sn:2739  ea:0 T0 : 00076676 `  bx   lr'
commitHead: sn:2740  ea:0 T0 : 00033592 `  subs   r5, r0, #0'
commitHead: sn:2741  ea:0 T0 : 00033596 `  b   0x835c'
commitHead: sn:2742  ea:0 T0 : 00033600 `  mov   r2, #4'
commitHead: sn:2743  ea:0 T0 : 00033604 `  add   r1, sp, #300'
commitHead: sn:2744  ea:0 T0 : 00033608 `  bl   0x12c78'
commitHead: sn:2758  ea:76896 T0 : 00076928 `  ldr   r12, [pc, #-40]'
commitHead: sn:2759  ea:548488 T0 : 00076932 `  ldr   r12, [pc, r12]'
commitHead: sn:2760  ea:0 T0 : 00076936 `  teqs   r12, #0'
commitHead: sn:2761  ea:0 T0 : 00076940 `  b   0x12b84'
commitHead: sn:2762  ea:0 T0 : 00076944 `  mov   r12, r7'
commitHead: sn:2763  ea:0 T0 : 00076948 `  mov   r7, #3'
commitHead: sn:2764  ea:0 T0 : 00076952 `  svc   #0'
commitHead: sn:2764  ea:0 T0 : 00076952 `  svc   #0'
commitHead: sn:2764  ea:0 T0 : 00076952 `  svc   #0'
commitHead: sn:2808  ea:0 T0 : 00076956 `  mov   r7, r12'
commitHead: sn:2809  ea:0 T0 : 00076960 `  cmns   r0, #4096'
commitHead: sn:2810  ea:0 T0 : 00076964 `  bx   lr'
commitHead: sn:2811  ea:0 T0 : 00033612 `  mov   r4, r0'
commitHead: sn:2812  ea:0 T0 : 00033616 `  mov   r0, r5'
commitHead: sn:2813  ea:0 T0 : 00033620 `  bl   0x12be8'
commitHead: sn:2825  ea:76752 T0 : 00076784 `  ldr   r12, [pc, #-40]'
commitHead: sn:2826  ea:548488 T0 : 00076788 `  ldr   r12, [pc, r12]'
commitHead: sn:2827  ea:0 T0 : 00076792 `  teqs   r12, #0'
commitHead: sn:2828  ea:0 T0 : 00076796 `  b   0x12b84'
commitHead: sn:2829  ea:0 T0 : 00076800 `  mov   r12, r7'
commitHead: sn:2830  ea:0 T0 : 00076804 `  mov   r7, #6'
commitHead: sn:2831  ea:0 T0 : 00076808 `  svc   #0'
commitHead: sn:2831  ea:0 T0 : 00076808 `  svc   #0'
commitHead: sn:2831  ea:0 T0 : 00076808 `  svc   #0'
commitHead: sn:2878  ea:0 T0 : 00076812 `  mov   r7, r12'
commitHead: sn:2879  ea:0 T0 : 00076816 `  cmns   r0, #4096'
commitHead: sn:2880  ea:0 T0 : 00076820 `  bx   lr'
commitHead: sn:2881  ea:0 T0 : 00033624 `  cmps   r4, #4'
commitHead: sn:2882  ea:3204447932 T0 : 00033628 `  ldreq   r2, [sp, #300]'
commitHead: sn:2883  ea:0 T0 : 00033632 `  b   0x83ac'
commitHead: sn:2908  ea:34096 T0 : 00033716 `  ldr   r3, [pc, #372]'
commitHead: sn:2909  ea:0 T0 : 00033720 `  cmps   r7, #0'
commitHead: sn:2910  ea:540628 T0 : 00033724 `  str   r2, [r3, #0]'
commitHead: sn:2911  ea:0 T0 : 00033728 `  b   0x83cc'
commitHead: sn:2927  ea:34072 T0 : 00033748 `  ldr   r3, [pc, #316]'
commitHead: sn:2928  ea:3204447640 T0 : 00033752 `  ldr   r0, [sp, #8]'
commitHead: sn:2929  ea:3204447636 T0 : 00033756 `  ldr   r1, [sp, #4]'
commitHead: sn:2930  ea:546044 T0 : 00033760 `  ldr   r2, [r3, #0]'
commitHead: sn:2931  ea:0 T0 : 00033764 `  bl   0x14f6c'
commitHead: sn:2938  ea:86008 T0 : 00085876 `  ldr   r3, [pc, #124]'
commitHead: sn:2939  ea:3204447616 T0 : 00085880 `  str_uop   r4, [sp, #16]'
commitHead: sn:2940  ea:3204447620 T0 : 00085880 `  str_uop   r5, [sp, #12]'
commitHead: sn:2941  ea:3204447624 T0 : 00085880 `  str_uop   r6, [sp, #8]'
commitHead: sn:2942  ea:3204447628 T0 : 00085880 `  str_uop   lr, [sp, #4]'
commitHead: sn:2943  ea:0 T0 : 00085880 `  subi_uop   sp, sp, #16'
commitHead: sn:2944  ea:0 T0 : 00085884 `  cmps   r3, #0'
commitHead: sn:2945  ea:0 T0 : 00085888 `  mov   r6, r0'
commitHead: sn:2946  ea:0 T0 : 00085892 `  mov   r4, r1'
commitHead: sn:2947  ea:0 T0 : 00085896 `  mov   r5, r2'
commitHead: sn:2948  ea:0 T0 : 00085900 `  b   0x14fd4'
commitHead: sn:2949  ea:86012 T0 : 00085904 `  ldr   r3, [pc, #100]'
commitHead: sn:2950  ea:0 T0 : 00085908 `  mov   r2, #0'
commitHead: sn:2951  ea:547712 T0 : 00085912 `  ldr   r0, [r3, #0]'
commitHead: sn:2952  ea:86016 T0 : 00085916 `  ldr   r3, [pc, #92]'
commitHead: sn:2953  ea:541960 T0 : 00085920 `  str   r2, [r3, #0]'
commitHead: sn:2954  ea:0 T0 : 00085924 `  bl   0x1973c'
commitHead: sn:2961  ea:104332 T0 : 00104260 `  ldr   r3, [pc, #64]'
commitHead: sn:2962  ea:3204447604 T0 : 00104264 `  str_uop   r4, [sp, #12]'
commitHead: sn:2963  ea:3204447608 T0 : 00104264 `  str_uop   r5, [sp, #8]'
commitHead: sn:2964  ea:3204447612 T0 : 00104264 `  str_uop   r6, [sp, #4]'
commitHead: sn:2965  ea:0 T0 : 00104264 `  subi_uop   sp, sp, #12'
commitHead: sn:2966  ea:0 T0 : 00104268 `  mov   r2, #0'
commitHead: sn:2967  ea:547528 T0 : 00104272 `  ldr2_uop   r5,r6, [r3, #0]'
commitHead: sn:2968  ea:0 T0 : 00104276 `  mov   r1, #64'
commitHead: sn:2969  ea:0 T0 : 00104280 `  and   r3, r5, r1'
commitHead: sn:2970  ea:0 T0 : 00104284 `  and   r4, r6, r2'
commitHead: sn:2971  ea:0 T0 : 00104288 `  orrs   r2, r3, r4'
commitHead: sn:2972  ea:0 T0 : 00104292 `  b   0x1977c'
commitHead: sn:2973  ea:0 T0 : 00104296 `  vmrs   f1, f11'
commitHead: sn:2974  ea:104336 T0 : 00104300 `  ldr   r2, [pc, #28]'
commitHead: sn:2975  ea:104340 T0 : 00104304 `  ldr   r3, [pc, #28]'
commitHead: sn:2976  ea:0 T0 : 00104308 `  and   r2, r1, r2'
commitHead: sn:2977  ea:0 T0 : 00104312 `  and   r3, r0, r3'
commitHead: sn:2978  ea:0 T0 : 00104316 `  orr   r2, r2, r3'
commitHead: sn:2979  ea:0 T0 : 00104320 `  vmsr   f11, f2'
commitHead: sn:2979  ea:0 T0 : 00104320 `  vmsr   f11, f2'
commitHead: sn:2979  ea:0 T0 : 00104320 `  vmsr   f11, f2'
commitHead: sn:3008  ea:3204447604 T0 : 00104324 `  ldr2_uop   r4,r5, [sp, #0]'
commitHead: sn:3009  ea:3204447612 T0 : 00104324 `  ldr_uop   r6, [sp, #8]'
commitHead: sn:3010  ea:0 T0 : 00104324 `  addi_uop   sp, sp, #12'
commitHead: sn:3011  ea:0 T0 : 00104328 `  bx   lr'
commitHead: sn:3012  ea:86020 T0 : 00085928 `  ldr   r3, [pc, #84]'
commitHead: sn:3013  ea:86024 T0 : 00085932 `  ldr   r2, [pc, #84]'
commitHead: sn:3014  ea:548648 T0 : 00085936 `  str   r6, [r3, #0]'
commitHead: sn:3015  ea:86028 T0 : 00085940 `  ldr   r3, [pc, #80]'
commitHead: sn:3016  ea:548652 T0 : 00085944 `  str   r4, [r2, #0]'
commitHead: sn:3017  ea:546044 T0 : 00085948 `  str   r5, [r3, #0]'
commitHead: sn:3018  ea:0 T0 : 00085952 `  bl   0x14dec'
commitHead: sn:3019  ea:85588 T0 : 00085492 `  ldr   r3, [pc, #88]'
commitHead: sn:3020  ea:3204447604 T0 : 00085496 `  str_uop   r4, [sp, #12]'
commitHead: sn:3021  ea:3204447608 T0 : 00085496 `  str_uop   r5, [sp, #8]'
commitHead: sn:3022  ea:3204447612 T0 : 00085496 `  str_uop   lr, [sp, #4]'
commitHead: sn:3023  ea:0 T0 : 00085496 `  subi_uop   sp, sp, #12'
commitHead: sn:3024  ea:0 T0 : 00085500 `  sub   sp, sp, #4'
commitHead: sn:3025  ea:548644 T0 : 00085504 `  ldr   r5, [r3, #0]'
commitHead: sn:3026  ea:0 T0 : 00085508 `  cmps   r5, #0'
commitHead: sn:3027  ea:0 T0 : 00085512 `  b   0x14e0c'
commitHead: sn:3028  ea:0 T0 : 00085516 `  add   sp, sp, #4'
commitHead: sn:3029  ea:3204447604 T0 : 00085520 `  ldr2_uop   r4,r5, [sp, #0]'
commitHead: sn:3030  ea:3204447612 T0 : 00085520 `  ldr_uop   r36, [sp, #8]'
commitHead: sn:3031  ea:0 T0 : 00085520 `  addi_uop   sp, sp, #12'
commitHead: sn:3032  ea:0 T0 : 00085520 `  uopReg_uop   pc, r36'
commitHead: sn:3033  ea:0 T0 : 00085956 `  bl   0x146c0'
commitHead: sn:3049  ea:3204447588 T0 : 00083656 `  str_uop   r4, [sp, #28]'
commitHead: sn:3050  ea:3204447592 T0 : 00083656 `  str_uop   r5, [sp, #24]'
commitHead: sn:3051  ea:3204447596 T0 : 00083656 `  str_uop   r6, [sp, #20]'
commitHead: sn:3052  ea:3204447600 T0 : 00083656 `  str_uop   r7, [sp, #16]'
commitHead: sn:3053  ea:3204447604 T0 : 00083656 `  str_uop   r8, [sp, #12]'
commitHead: sn:3054  ea:3204447608 T0 : 00083656 `  str_uop   r10, [sp, #8]'
commitHead: sn:3055  ea:3204447612 T0 : 00083656 `  str_uop   lr, [sp, #4]'
commitHead: sn:3056  ea:0 T0 : 00083656 `  subi_uop   sp, sp, #28'
commitHead: sn:3057  ea:84368 T0 : 00083660 `  ldr   r4, [pc, #700]'
commitHead: sn:3058  ea:0 T0 : 00083664 `  sub   sp, sp, #12'
commitHead: sn:3059  ea:548604 T0 : 00083668 `  ldr   r3, [r4, #0]'
commitHead: sn:3060  ea:0 T0 : 00083672 `  cmps   r3, #0'
commitHead: sn:3061  ea:0 T0 : 00083676 `  b   0x14970'
commitHead: sn:3062  ea:84372 T0 : 00083680 `  ldr   r0, [pc, #684]'
commitHead: sn:3063  ea:0 T0 : 00083684 `  bl   0x1a210'
commitHead: sn:3070  ea:3204447552 T0 : 00107032 `  str_uop   r4, [sp, #24]'
commitHead: sn:3071  ea:3204447556 T0 : 00107032 `  str_uop   r5, [sp, #20]'
commitHead: sn:3072  ea:3204447560 T0 : 00107032 `  str_uop   r6, [sp, #16]'
commitHead: sn:3073  ea:3204447564 T0 : 00107032 `  str_uop   r7, [sp, #12]'
commitHead: sn:3074  ea:3204447568 T0 : 00107032 `  str_uop   r8, [sp, #8]'
commitHead: sn:3075  ea:3204447572 T0 : 00107032 `  str_uop   lr, [sp, #4]'
commitHead: sn:3076  ea:0 T0 : 00107032 `  subi_uop   sp, sp, #24'
commitHead: sn:3077  ea:0 T0 : 00107036 `  mov   r5, r0'
commitHead: sn:3078  ea:0 T0 : 00107040 `  bl   0x11968'
commitHead: sn:3089  ea:0 T0 : 00072048 `  bic   r1, r0, #3'
commitHead: sn:3090  ea:419720 T0 : 00072052 `  ldr   r2, [r1] #4'
commitHead: sn:3091  ea:0 T0 : 00072052 `  addi_uop   r1, r1, #4'
commitHead: sn:3092  ea:0 T0 : 00072056 `  ands   r3, r0, #3'
commitHead: sn:3093  ea:0 T0 : 00072060 `  rsb   r0, r3, #0'
commitHead: sn:3094  ea:0 T0 : 00072064 `  b   0x11990'
commitHead: sn:3111  ea:0 T0 : 00072088 `  tsts   r2, #255'
commitHead: sn:3112  ea:0 T0 : 00072092 `  tstsne   r2, #65280'
commitHead: sn:3113  ea:0 T0 : 00072096 `  tstsne   r2, #16711680'
commitHead: sn:3114  ea:0 T0 : 00072100 `  tstsne   r2, #4278190080'
commitHead: sn:3115  ea:0 T0 : 00072104 `  addne   r0, r0, #4'
commitHead: sn:3116  ea:419724 T0 : 00072108 `  ldrne   r2, [r1] #4'
commitHead: sn:3117  ea:0 T0 : 00072108 `  addi_uopne   r1, r1, #4'
commitHead: sn:3118  ea:0 T0 : 00072112 `  b   0x11990'
commitHead: sn:3122  ea:0 T0 : 00072088 `  tsts   r2, #255'
commitHead: sn:3123  ea:0 T0 : 00072092 `  tstsne   r2, #65280'
commitHead: sn:3124  ea:0 T0 : 00072096 `  tstsne   r2, #16711680'
commitHead: sn:3125  ea:0 T0 : 00072100 `  tstsne   r2, #4278190080'
commitHead: sn:3126  ea:0 T0 : 00072104 `  addne   r0, r0, #4'
commitHead: sn:3127  ea:0 T0 : 00072108 `  ldrne   r2, [r1] #4'
commitHead: sn:3128  ea:0 T0 : 00072108 `  addi_uopne   r1, r1, #4'
commitHead: sn:3129  ea:0 T0 : 00072112 `  b   0x11990'
commitHead: sn:3157  ea:0 T0 : 00072116 `  tsts   r2, #255'
commitHead: sn:3158  ea:0 T0 : 00072120 `  addne   r0, r0, #1'
commitHead: sn:3159  ea:0 T0 : 00072124 `  tstsne   r2, #65280'
commitHead: sn:3160  ea:0 T0 : 00072128 `  addne   r0, r0, #1'
commitHead: sn:3161  ea:0 T0 : 00072132 `  tstsne   r2, #16711680'
commitHead: sn:3162  ea:0 T0 : 00072136 `  addne   r0, r0, #1'
commitHead: sn:3163  ea:0 T0 : 00072140 `  bx   lr'
commitHead: sn:3164  ea:107308 T0 : 00107044 `  ldr   r3, [pc, #256]'
commitHead: sn:3165  ea:546044 T0 : 00107048 `  ldr   r1, [r3, #0]'
commitHead: sn:3166  ea:0 T0 : 00107052 `  cmps   r1, #0'
commitHead: sn:3167  ea:0 T0 : 00107056 `  b   0x1a234'
commitHead: sn:3247  ea:419720 T0 : 00107068 `  ldrb   r12, [r5, #0]'
commitHead: sn:3248  ea:0 T0 : 00107072 `  cmps   r12, #0'
commitHead: sn:3249  ea:0 T0 : 00107076 `  b   0x1a22c'
commitHead: sn:3250  ea:419721 T0 : 00107080 `  ldrb   r3, [r5, #1]'
commitHead: sn:3251  ea:0 T0 : 00107084 `  cmps   r3, #0'
commitHead: sn:3252  ea:0 T0 : 00107088 `  b   0x1a2a4'
commitHead: sn:3264  ea:3204447980 T0 : 00107180 `  ldr   r4, [r1, #0]'
commitHead: sn:3265  ea:0 T0 : 00107184 `  orr   r3, r12, r3, LSL #8'
commitHead: sn:3266  ea:0 T0 : 00107188 `  cmps   r4, #0'
commitHead: sn:3267  ea:0 T0 : 00107192 `  sub   r7, r0, #2'
commitHead: sn:3268  ea:0 T0 : 00107196 `  add   r8, r5, #2'
commitHead: sn:3269  ea:0 T0 : 00107200 `  b   0x1a22c'
commitHead: sn:3293  ea:0 T0 : 00107060 `  mov   r0, #0'
commitHead: sn:3294  ea:3204447552 T0 : 00107064 `  ldr2_uop   r4,r5, [sp, #0]'
commitHead: sn:3295  ea:3204447560 T0 : 00107064 `  ldr2_uop   r6,r7, [sp, #8]'
commitHead: sn:3296  ea:3204447568 T0 : 00107064 `  ldr2_uop   r8,r36, [sp, #16]'
commitHead: sn:3297  ea:0 T0 : 00107064 `  addi_uop   sp, sp, #24'
commitHead: sn:3298  ea:0 T0 : 00107064 `  uopReg_uop   pc, r36'
commitHead: sn:3299  ea:84376 T0 : 00083688 `  ldr   r4, [pc, #680]'
commitHead: sn:3300  ea:0 T0 : 00083692 `  cmps   r0, #0'
commitHead: sn:3301  ea:0 T0 : 00083696 `  movne   r2, r0'
commitHead: sn:3302  ea:0 T0 : 00083700 `  moveq   r2, r4'
commitHead: sn:3303  ea:84380 T0 : 00083704 `  ldr   r0, [pc, #668]'
commitHead: sn:3304  ea:434128 T0 : 00083708 `  ldrb   r3, [r2, #0]'
commitHead: sn:3305  ea:84384 T0 : 00083712 `  ldr   r2, [pc, #664]'
commitHead: sn:3306  ea:0 T0 : 00083716 `  subs   r3, r3, #0'
commitHead: sn:3307  ea:0 T0 : 00083720 `  movne   r3, #1'
commitHead: sn:3308  ea:548576 T0 : 00083724 `  str   r3, [r2, #0]'
commitHead: sn:3309  ea:0 T0 : 00083728 `  bl   0x1a210'
commitHead: sn:3310  ea:3204447552 T0 : 00107032 `  str_uop   r4, [sp, #24]'
commitHead: sn:3311  ea:3204447556 T0 : 00107032 `  str_uop   r5, [sp, #20]'
commitHead: sn:3312  ea:3204447560 T0 : 00107032 `  str_uop   r6, [sp, #16]'
commitHead: sn:3313  ea:3204447564 T0 : 00107032 `  str_uop   r7, [sp, #12]'
commitHead: sn:3314  ea:3204447568 T0 : 00107032 `  str_uop   r8, [sp, #8]'
commitHead: sn:3315  ea:3204447572 T0 : 00107032 `  str_uop   lr, [sp, #4]'
commitHead: sn:3316  ea:0 T0 : 00107032 `  subi_uop   sp, sp, #24'
commitHead: sn:3317  ea:0 T0 : 00107036 `  mov   r5, r0'
commitHead: sn:3318  ea:0 T0 : 00107040 `  bl   0x11968'
commitHead: sn:3319  ea:0 T0 : 00072048 `  bic   r1, r0, #3'
commitHead: sn:3320  ea:419728 T0 : 00072052 `  ldr   r2, [r1] #4'
commitHead: sn:3321  ea:0 T0 : 00072052 `  addi_uop   r1, r1, #4'
commitHead: sn:3322  ea:0 T0 : 00072056 `  ands   r3, r0, #3'
commitHead: sn:3323  ea:0 T0 : 00072060 `  rsb   r0, r3, #0'
commitHead: sn:3324  ea:0 T0 : 00072064 `  b   0x11990'
commitHead: sn:3325  ea:0 T0 : 00072088 `  tsts   r2, #255'
commitHead: sn:3326  ea:0 T0 : 00072092 `  tstsne   r2, #65280'
commitHead: sn:3327  ea:0 T0 : 00072096 `  tstsne   r2, #16711680'
commitHead: sn:3328  ea:0 T0 : 00072100 `  tstsne   r2, #4278190080'
commitHead: sn:3329  ea:0 T0 : 00072104 `  addne   r0, r0, #4'
commitHead: sn:3330  ea:419732 T0 : 00072108 `  ldrne   r2, [r1] #4'
commitHead: sn:3331  ea:0 T0 : 00072108 `  addi_uopne   r1, r1, #4'
commitHead: sn:3332  ea:0 T0 : 00072112 `  b   0x11990'
commitHead: sn:3356  ea:0 T0 : 00072088 `  tsts   r2, #255'
commitHead: sn:3357  ea:0 T0 : 00072092 `  tstsne   r2, #65280'
commitHead: sn:3358  ea:0 T0 : 00072096 `  tstsne   r2, #16711680'
commitHead: sn:3359  ea:0 T0 : 00072100 `  tstsne   r2, #4278190080'
commitHead: sn:3360  ea:0 T0 : 00072104 `  addne   r0, r0, #4'
commitHead: sn:3361  ea:419736 T0 : 00072108 `  ldrne   r2, [r1] #4'
commitHead: sn:3362  ea:0 T0 : 00072108 `  addi_uopne   r1, r1, #4'
commitHead: sn:3363  ea:0 T0 : 00072112 `  b   0x11990'
commitHead: sn:3386  ea:0 T0 : 00072088 `  tsts   r2, #255'
commitHead: sn:3387  ea:0 T0 : 00072092 `  tstsne   r2, #65280'
commitHead: sn:3388  ea:0 T0 : 00072096 `  tstsne   r2, #16711680'
commitHead: sn:3389  ea:0 T0 : 00072100 `  tstsne   r2, #4278190080'
commitHead: sn:3390  ea:0 T0 : 00072104 `  addne   r0, r0, #4'
commitHead: sn:3391  ea:419740 T0 : 00072108 `  ldrne   r2, [r1] #4'
commitHead: sn:3392  ea:0 T0 : 00072108 `  addi_uopne   r1, r1, #4'
commitHead: sn:3393  ea:0 T0 : 00072112 `  b   0x11990'
commitHead: sn:3416  ea:0 T0 : 00072088 `  tsts   r2, #255'
commitHead: sn:3417  ea:0 T0 : 00072092 `  tstsne   r2, #65280'
commitHead: sn:3418  ea:0 T0 : 00072096 `  tstsne   r2, #16711680'
commitHead: sn:3419  ea:0 T0 : 00072100 `  tstsne   r2, #4278190080'
commitHead: sn:3420  ea:0 T0 : 00072104 `  addne   r0, r0, #4'
commitHead: sn:3421  ea:0 T0 : 00072108 `  ldrne   r2, [r1] #4'
commitHead: sn:3422  ea:0 T0 : 00072108 `  addi_uopne   r1, r1, #4'
commitHead: sn:3423  ea:0 T0 : 00072112 `  b   0x11990'
commitHead: sn:3424  ea:0 T0 : 00072116 `  tsts   r2, #255'
commitHead: sn:3425  ea:0 T0 : 00072120 `  addne   r0, r0, #1'
commitHead: sn:3426  ea:0 T0 : 00072124 `  tstsne   r2, #65280'
commitHead: sn:3427  ea:0 T0 : 00072128 `  addne   r0, r0, #1'
commitHead: sn:3428  ea:0 T0 : 00072132 `  tstsne   r2, #16711680'
commitHead: sn:3429  ea:0 T0 : 00072136 `  addne   r0, r0, #1'
commitHead: sn:3430  ea:0 T0 : 00072140 `  bx   lr'
commitHead: sn:3431  ea:107308 T0 : 00107044 `  ldr   r3, [pc, #256]'
commitHead: sn:3432  ea:546044 T0 : 00107048 `  ldr   r1, [r3, #0]'
commitHead: sn:3433  ea:0 T0 : 00107052 `  cmps   r1, #0'
commitHead: sn:3434  ea:0 T0 : 00107056 `  b   0x1a234'
commitHead: sn:3435  ea:419728 T0 : 00107068 `  ldrb   r12, [r5, #0]'
commitHead: sn:3436  ea:0 T0 : 00107072 `  cmps   r12, #0'
commitHead: sn:3437  ea:0 T0 : 00107076 `  b   0x1a22c'
commitHead: sn:3438  ea:419729 T0 : 00107080 `  ldrb   r3, [r5, #1]'
commitHead: sn:3439  ea:0 T0 : 00107084 `  cmps   r3, #0'
commitHead: sn:3440  ea:0 T0 : 00107088 `  b   0x1a2a4'
commitHead: sn:3441  ea:3204447980 T0 : 00107180 `  ldr   r4, [r1, #0]'
commitHead: sn:3442  ea:0 T0 : 00107184 `  orr   r3, r12, r3, LSL #8'
commitHead: sn:3443  ea:0 T0 : 00107188 `  cmps   r4, #0'
commitHead: sn:3444  ea:0 T0 : 00107192 `  sub   r7, r0, #2'
commitHead: sn:3445  ea:0 T0 : 00107196 `  add   r8, r5, #2'
commitHead: sn:3446  ea:0 T0 : 00107200 `  b   0x1a22c'
commitHead: sn:3447  ea:0 T0 : 00107060 `  mov   r0, #0'
commitHead: sn:3448  ea:3204447552 T0 : 00107064 `  ldr2_uop   r4,r5, [sp, #0]'
commitHead: sn:3449  ea:3204447560 T0 : 00107064 `  ldr2_uop   r6,r7, [sp, #8]'
commitHead: sn:3450  ea:3204447568 T0 : 00107064 `  ldr2_uop   r8,r36, [sp, #16]'
commitHead: sn:3451  ea:0 T0 : 00107064 `  addi_uop   sp, sp, #24'
commitHead: sn:3452  ea:0 T0 : 00107064 `  uopReg_uop   pc, r36'
commitHead: sn:3453  ea:0 T0 : 00083732 `  bl   0x36254'
commitHead: sn:3454  ea:0 T0 : 00221788 `  mov   r12, sp'
commitHead: sn:3455  ea:222456 T0 : 00221792 `  ldr   r3, [pc, #656]'
commitHead: sn:3456  ea:3204447532 T0 : 00221796 `  str_uop   r4, [sp, #44]'
commitHead: sn:3457  ea:3204447536 T0 : 00221796 `  str_uop   r5, [sp, #40]'
commitHead: sn:3458  ea:3204447540 T0 : 00221796 `  str_uop   r6, [sp, #36]'
commitHead: sn:3459  ea:3204447544 T0 : 00221796 `  str_uop   r7, [sp, #32]'
commitHead: sn:3460  ea:3204447548 T0 : 00221796 `  str_uop   r8, [sp, #28]'
commitHead: sn:3461  ea:3204447552 T0 : 00221796 `  str_uop   r9, [sp, #24]'
commitHead: sn:3462  ea:3204447556 T0 : 00221796 `  str_uop   r10, [sp, #20]'
commitHead: sn:3463  ea:3204447560 T0 : 00221796 `  str_uop   fp, [sp, #16]'
commitHead: sn:3464  ea:3204447564 T0 : 00221796 `  str_uop   r12, [sp, #12]'
commitHead: sn:3465  ea:3204447568 T0 : 00221796 `  str_uop   lr, [sp, #8]'
commitHead: sn:3466  ea:3204447572 T0 : 00221796 `  str_uop   pc, [sp, #4]'
commitHead: sn:3467  ea:0 T0 : 00221796 `  subi_uop   sp, sp, #44'
commitHead: sn:3468  ea:222460 T0 : 00221800 `  ldr   r2, [pc, #652]'
commitHead: sn:3469  ea:0 T0 : 00221804 `  sub   fp, r12, #4'
commitHead: sn:3470  ea:0 T0 : 00221808 `  sub   sp, sp, #20'
commitHead: sn:3471  ea:222464 T0 : 00221812 `  ldr   r9, [pc, #644]'
commitHead: sn:3472  ea:548508 T0 : 00221816 `  ldr   r1, [r3, #0]'
commitHead: sn:3473  ea:3204447524 T0 : 00221820 `  str   r0, [fp, #-48]'
commitHead: sn:3474  ea:222468 T0 : 00221824 `  ldr   r3, [pc, #636]'
commitHead: sn:3475  ea:548540 T0 : 00221828 `  ldr   r0, [r2, #0]'
commitHead: sn:3476  ea:0 T0 : 00221832 `  mov   r2, r9'
commitHead: sn:3477  ea:0 T0 : 00221836 `  bl   0x14694'
commitHead: sn:3490  ea:83648 T0 : 00083612 `  ldr   r12, [pc, #28]'
commitHead: sn:3491  ea:83652 T0 : 00083616 `  ldr   r3, [pc, #28]'
commitHead: sn:3492  ea:0 T0 : 00083620 `  mov   r1, #0'
commitHead: sn:3493  ea:0 T0 : 00083624 `  mov   r0, r12'
commitHead: sn:3494  ea:547540 T0 : 00083628 `  str   r3, [r12, #0]'
commitHead: sn:3495  ea:547544 T0 : 00083632 `  str   r1, [r12, #4]'
commitHead: sn:3496  ea:0 T0 : 00083636 `  mov   r3, #1'
commitHead: sn:3497  ea:540656 T0 : 00083640 `  str   r3, [r2, #0]'
commitHead: sn:3498  ea:0 T0 : 00083644 `  bx   lr'
commitHead: sn:3499  ea:222472 T0 : 00221840 `  ldr   r3, [pc, #624]'
commitHead: sn:3500  ea:222476 T0 : 00221844 `  ldr   r8, [pc, #624]'
commitHead: sn:3501  ea:540652 T0 : 00221848 `  str   r0, [r3, #0]'
commitHead: sn:3502  ea:0 T0 : 00221852 `  mov   r0, #20'
commitHead: sn:3503  ea:0 T0 : 00221856 `  bl   0x108f4'
commitHead: sn:3511  ea:68676 T0 : 00067836 `  ldr   r3, [pc, #832]'
commitHead: sn:3512  ea:3204447484 T0 : 00067840 `  str_uop   r4, [sp, #28]'
commitHead: sn:3513  ea:3204447488 T0 : 00067840 `  str_uop   r5, [sp, #24]'
commitHead: sn:3514  ea:3204447492 T0 : 00067840 `  str_uop   r6, [sp, #20]'
commitHead: sn:3515  ea:3204447496 T0 : 00067840 `  str_uop   r7, [sp, #16]'
commitHead: sn:3516  ea:3204447500 T0 : 00067840 `  str_uop   r8, [sp, #12]'
commitHead: sn:3517  ea:3204447504 T0 : 00067840 `  str_uop   r10, [sp, #8]'
commitHead: sn:3518  ea:3204447508 T0 : 00067840 `  str_uop   lr, [sp, #4]'
commitHead: sn:3519  ea:0 T0 : 00067840 `  subi_uop   sp, sp, #28'
commitHead: sn:3520  ea:0 T0 : 00067844 `  mov   r1, lr'
commitHead: sn:3521  ea:541864 T0 : 00067848 `  ldr   r4, [r3, #0]'
commitHead: sn:3522  ea:0 T0 : 00067852 `  sub   sp, sp, #4'
commitHead: sn:3523  ea:0 T0 : 00067856 `  cmps   r4, #0'
commitHead: sn:3524  ea:0 T0 : 00067860 `  mov   r6, r0'
commitHead: sn:3525  ea:0 T0 : 00067864 `  b   0x11990'
commitHead: sn:3526  ea:0 T0 : 00067868 `  blx   r4'
commitHead: sn:3647  ea:68724 T0 : 00068688 `  ldr   r3, [pc, #28]'
commitHead: sn:3648  ea:3204447472 T0 : 00068692 `  str_uop   r4, [sp, #8]'
commitHead: sn:3649  ea:3204447476 T0 : 00068692 `  str_uop   lr, [sp, #4]'
commitHead: sn:3650  ea:0 T0 : 00068692 `  subi_uop   sp, sp, #8'
commitHead: sn:3651  ea:0 T0 : 00068696 `  mov   r2, #0'
commitHead: sn:3652  ea:541864 T0 : 00068700 `  str   r2, [r3, #0]'
commitHead: sn:3653  ea:0 T0 : 00068704 `  mov   r4, r0'
commitHead: sn:3654  ea:0 T0 : 00068708 `  bl   0xc458'
commitHead: sn:3663  ea:3204447448 T0 : 00050272 `  str_uop   r4, [sp, #24]'
commitHead: sn:3664  ea:3204447452 T0 : 00050272 `  str_uop   r5, [sp, #20]'
commitHead: sn:3665  ea:3204447456 T0 : 00050272 `  str_uop   r6, [sp, #16]'
commitHead: sn:3666  ea:3204447460 T0 : 00050272 `  str_uop   r7, [sp, #12]'
commitHead: sn:3667  ea:3204447464 T0 : 00050272 `  str_uop   r8, [sp, #8]'
commitHead: sn:3668  ea:3204447468 T0 : 00050272 `  str_uop   lr, [sp, #4]'
commitHead: sn:3669  ea:0 T0 : 00050272 `  subi_uop   sp, sp, #24'
commitHead: sn:3670  ea:51244 T0 : 00050276 `  ldr   r8, [pc, #960]'
commitHead: sn:3671  ea:541876 T0 : 00050280 `  ldr   r3, [r8, #0]'
commitHead: sn:3672  ea:0 T0 : 00050284 `  cmps   r3, #0'
commitHead: sn:3673  ea:0 T0 : 00050288 `  ldr2_uopge   r4,r5, [sp, #0]'
commitHead: sn:3674  ea:0 T0 : 00050288 `  ldr2_uopge   r6,r7, [sp, #8]'
commitHead: sn:3675  ea:0 T0 : 00050288 `  ldr2_uopge   r8,r36, [sp, #16]'
commitHead: sn:3676  ea:0 T0 : 00050288 `  addi_uopge   sp, sp, #24'
commitHead: sn:3677  ea:0 T0 : 00050288 `  uopReg_uopge   pc, r36'
commitHead: sn:3794  ea:51248 T0 : 00050292 `  ldr   r4, [pc, #948]'
commitHead: sn:3795  ea:0 T0 : 00050296 `  mov   r3, #131072'
commitHead: sn:3796  ea:0 T0 : 00050300 `  mov   r2, #65536'
commitHead: sn:3797  ea:545924 T0 : 00050304 `  str   r3, [r4, #0]'
commitHead: sn:3798  ea:545928 T0 : 00050308 `  str   r3, [r4, #4]'
commitHead: sn:3799  ea:545932 T0 : 00050312 `  str   r3, [r4, #8]'
commitHead: sn:3800  ea:545940 T0 : 00050316 `  str   r2, [r4, #16]'
commitHead: sn:3801  ea:0 T0 : 00050320 `  mov   r5, #0'
commitHead: sn:3802  ea:541876 T0 : 00050324 `  str   r5, [r8, #0]'
commitHead: sn:3803  ea:0 T0 : 00050328 `  bl   0x12ea4'
commitHead: sn:3813  ea:77504 T0 : 00077484 `  ldr   r3, [pc, #12]'
commitHead: sn:3814  ea:548604 T0 : 00077488 `  ldr   r0, [r3, #0]'
commitHead: sn:3815  ea:0 T0 : 00077492 `  cmps   r0, #0'
commitHead: sn:3816  ea:0 T0 : 00077496 `  moveq   r0, #4096'
commitHead: sn:3817  ea:0 T0 : 00077500 `  bx   lr'
commitHead: sn:3818  ea:51252 T0 : 00050332 `  ldr   r3, [pc, #912]'
commitHead: sn:3819  ea:51256 T0 : 00050336 `  ldr   r6, [pc, #912]'
commitHead: sn:3820  ea:51260 T0 : 00050340 `  ldr   r2, [pc, #912]'
commitHead: sn:3821  ea:545980 T0 : 00050344 `  str   r5, [r3, #0]'
commitHead: sn:3822  ea:51264 T0 : 00050348 `  ldr   r3, [pc, #908]'
commitHead: sn:3823  ea:51268 T0 : 00050352 `  ldr   r1, [pc, #908]'
commitHead: sn:3824  ea:51272 T0 : 00050356 `  ldr   r7, [pc, #908]'
commitHead: sn:3825  ea:544824 T0 : 00050360 `  str   r5, [r2, #0]'
commitHead: sn:3826  ea:545912 T0 : 00050364 `  str   r2, [r2, #1088]'
commitHead: sn:3827  ea:545952 T0 : 00050368 `  str   r0, [r4, #28]'
commitHead: sn:3828  ea:540684 T0 : 00050372 `  ldr   r1, [pc, r1]'
commitHead: sn:3829  ea:546004 T0 : 00050376 `  str   r3, [r6, #4]'
commitHead: sn:3830  ea:51276 T0 : 00050380 `  ldr   r3, [pc, #888]'
commitHead: sn:3831  ea:0 T0 : 00050384 `  bl   0x8a48'
commitHead: sn:3843  ea:0 T0 : 00035408 `  mvn   r0, #61440'
commitHead: sn:3844  ea:0 T0 : 00035412 `  sub   pc, r0, #31'
commitHead: sn:3879  ea:0 T0 : 4294905824 `  mrc   r0, tpidruro'
commitHead: sn:3880  ea:0 T0 : 4294905828 `  mov   pc, lr'
commitHead: sn:3881  ea:0 T0 : 00050388 `  cmps   r7, r5'
commitHead: sn:3882  ea:546012 T0 : 00050392 `  str   r3, [r6, #12]'
commitHead: sn:3883  ea:550076 T0 : 00050396 `  str   r2, [r0, r1]'
commitHead: sn:3884  ea:540788 T0 : 00050400 `  ldrne   r3, [r7, #0]'
commitHead: sn:3885  ea:51280 T0 : 00050404 `  ldr   r2, [pc, #868]'
commitHead: sn:3886  ea:0 T0 : 00050408 `  moveq   r3, r7'
commitHead: sn:3887  ea:51256 T0 : 00050412 `  ldr   r0, [pc, #836]'
commitHead: sn:3888  ea:546008 T0 : 00050416 `  str   r2, [r6, #8]'
commitHead: sn:3889  ea:546016 T0 : 00050420 `  str   r3, [r6, #16]'
commitHead: sn:3890  ea:0 T0 : 00050424 `  mov   r3, #1'
commitHead: sn:3891  ea:546020 T0 : 00050428 `  str   r3, [r6, #20]'
commitHead: sn:3892  ea:0 T0 : 00050432 `  bl   0x13d78'
commitHead: sn:3908  ea:3204447432 T0 : 00081280 `  str_uop   r4, [sp, #16]'
commitHead: sn:3909  ea:3204447436 T0 : 00081280 `  str_uop   r5, [sp, #12]'
commitHead: sn:3910  ea:3204447440 T0 : 00081280 `  str_uop   r6, [sp, #8]'
commitHead: sn:3911  ea:3204447444 T0 : 00081280 `  str_uop   lr, [sp, #4]'
commitHead: sn:3912  ea:0 T0 : 00081280 `  subi_uop   sp, sp, #16'
commitHead: sn:3913  ea:81360 T0 : 00081284 `  ldr   r6, [pc, #68]'
commitHead: sn:3914  ea:0 T0 : 00081288 `  mov   r5, r0'
commitHead: sn:3915  ea:548728 T0 : 00081292 `  ldr   r3, [r6, #0]'
commitHead: sn:3916  ea:0 T0 : 00081296 `  mov   r1, r5'
commitHead: sn:3917  ea:0 T0 : 00081300 `  mov   r4, r3'
commitHead: sn:3918  ea:546000 T0 : 00081304 `  str   r3, [r5, #0]'
commitHead: sn:3919  ea:81360 T0 : 00081308 `  ldr   r2, [pc, #44]'
commitHead: sn:3920  ea:548728 T0 : 00081312 `  ldr   r3, [r2, #0]'
commitHead: sn:3921  ea:0 T0 : 00081316 `  cmps   r3, r4'
commitHead: sn:3922  ea:0 T0 : 00081320 `  b   0x13dbc'
commitHead: sn:3923  ea:0 T0 : 00081324 `  mov   r0, r4'
commitHead: sn:3924  ea:0 T0 : 00081328 `  mvn   r3, #61440'
commitHead: sn:3925  ea:0 T0 : 00081332 `  mov   lr, pc'
commitHead: sn:3926  ea:0 T0 : 00081336 `  sub   pc, r3, #63'
commitHead: sn:3928  ea:548728 T0 : 4294905792 `  ldrex   r3, [r2, #0]'
commitHead: sn:3929  ea:0 T0 : 4294905796 `  subs   r3, r3, r0'
commitHead: sn:3930  ea:0 T0 : 4294905800 `  strexeq   r3, r1, [r2, #0]'
commitHead: sn:3930  ea:0 T0 : 4294905800 `  strexeq   r3, r1, [r2, #0]'
commitHead: sn:3930  ea:548728 T0 : 4294905800 `  strexeq   r3, r1, [r2, #0]'
commitHead: sn:3931  ea:0 T0 : 4294905804 `  teqseq   r3, #1'
commitHead: sn:3932  ea:0 T0 : 4294905808 `  b   0x1a22c'
commitHead: sn:3933  ea:0 T0 : 4294905812 `  rsbs   r0, r3, #0'
commitHead: sn:3934  ea:0 T0 : 4294905816 `  dmb   #0'
commitHead: sn:3934  ea:0 T0 : 4294905816 `  dmb   #0'
commitHead: sn:3934  ea:0 T0 : 4294905816 `  dmb   #0'
commitHead: sn:3935  ea:0 T0 : 4294905820 `  mov   pc, lr'
commitHead: sn:3984  ea:0 T0 : 00081340 `  b   0x13d98'
commitHead: sn:3985  ea:0 T0 : 00081344 `  mov   r3, r4'
commitHead: sn:3986  ea:0 T0 : 00081348 `  cmps   r4, r3'
commitHead: sn:3987  ea:0 T0 : 00081352 `  b   0x13d84'
commitHead: sn:3988  ea:3204447432 T0 : 00081356 `  ldr2_uop   r4,r5, [sp, #0]'
commitHead: sn:3989  ea:3204447440 T0 : 00081356 `  ldr2_uop   r6,r36, [sp, #8]'
commitHead: sn:3990  ea:0 T0 : 00081356 `  addi_uop   sp, sp, #16'
commitHead: sn:3991  ea:0 T0 : 00081356 `  uopReg_uop   pc, r36'
commitHead: sn:4030  ea:51284 T0 : 00050436 `  ldr   r3, [pc, #840]'
commitHead: sn:4031  ea:51288 T0 : 00050440 `  ldr   r2, [pc, #840]'
commitHead: sn:4032  ea:546044 T0 : 00050444 `  ldr   r3, [r3, #0]'
commitHead: sn:4033  ea:540636 T0 : 00050448 `  ldr   r6, [r2, #0]'
commitHead: sn:4034  ea:0 T0 : 00050452 `  cmps   r3, #0'
commitHead: sn:4035  ea:0 T0 : 00050456 `  movne   r5, #0'
commitHead: sn:4036  ea:0 T0 : 00050460 `  b   0xc668'
commitHead: sn:4037  ea:3204447980 T0 : 00050464 `  ldr   r2, [r3, #0]'
commitHead: sn:4038  ea:0 T0 : 00050468 `  cmps   r2, #0'
commitHead: sn:4039  ea:0 T0 : 00050472 `  b   0xc5e4'
commitHead: sn:4074  ea:0 T0 : 00050668 `  cmps   r5, #0'
commitHead: sn:4075  ea:0 T0 : 00050672 `  b   0xc668'
commitHead: sn:4079  ea:51336 T0 : 00050800 `  ldr   r3, [pc, #528]'
commitHead: sn:4080  ea:544812 T0 : 00050804 `  ldr   r3, [r3, #0]'
commitHead: sn:4081  ea:0 T0 : 00050808 `  cmps   r3, #0'
commitHead: sn:4082  ea:0 T0 : 00050812 `  b   0xc67c'
commitHead: sn:4129  ea:0 T0 : 00050820 `  mov   r3, #1'
commitHead: sn:4130  ea:541876 T0 : 00050824 `  str   r3, [r8, #0]'
commitHead: sn:4131  ea:3204447448 T0 : 00050828 `  ldr2_uop   r4,r5, [sp, #0]'
commitHead: sn:4132  ea:3204447456 T0 : 00050828 `  ldr2_uop   r6,r7, [sp, #8]'
commitHead: sn:4133  ea:3204447464 T0 : 00050828 `  ldr2_uop   r8,r36, [sp, #16]'
commitHead: sn:4134  ea:0 T0 : 00050828 `  addi_uop   sp, sp, #24'
commitHead: sn:4135  ea:0 T0 : 00050828 `  uopReg_uop   pc, r36'
commitHead: sn:4171  ea:0 T0 : 00068712 `  mov   r0, r4'
commitHead: sn:4172  ea:3204447472 T0 : 00068716 `  ldr2_uop   r4,lr, [sp, #0]'
commitHead: sn:4173  ea:0 T0 : 00068716 `  addi_uop   sp, sp, #8'
commitHead: sn:4174  ea:0 T0 : 00068720 `  b   0x108f4'
commitHead: sn:4175  ea:68676 T0 : 00067836 `  ldr   r3, [pc, #832]'
commitHead: sn:4176  ea:3204447452 T0 : 00067840 `  str_uop   r4, [sp, #28]'
commitHead: sn:4177  ea:3204447456 T0 : 00067840 `  str_uop   r5, [sp, #24]'
commitHead: sn:4178  ea:3204447460 T0 : 00067840 `  str_uop   r6, [sp, #20]'
commitHead: sn:4179  ea:3204447464 T0 : 00067840 `  str_uop   r7, [sp, #16]'
commitHead: sn:4180  ea:3204447468 T0 : 00067840 `  str_uop   r8, [sp, #12]'
commitHead: sn:4181  ea:3204447472 T0 : 00067840 `  str_uop   r10, [sp, #8]'
commitHead: sn:4182  ea:3204447476 T0 : 00067840 `  str_uop   lr, [sp, #4]'
commitHead: sn:4183  ea:0 T0 : 00067840 `  subi_uop   sp, sp, #28'
commitHead: sn:4184  ea:0 T0 : 00067844 `  mov   r1, lr'
commitHead: sn:4185  ea:541864 T0 : 00067848 `  ldr   r4, [r3, #0]'
commitHead: sn:4186  ea:0 T0 : 00067852 `  sub   sp, sp, #4'
commitHead: sn:4187  ea:0 T0 : 00067856 `  cmps   r4, #0'
commitHead: sn:4188  ea:0 T0 : 00067860 `  mov   r6, r0'
commitHead: sn:4189  ea:0 T0 : 00067864 `  b   0x11990'
commitHead: sn:4227  ea:68680 T0 : 00067888 `  ldr   r3, [pc, #784]'
commitHead: sn:4228  ea:0 T0 : 00067892 `  bl   0x8a48'
commitHead: sn:4231  ea:0 T0 : 00035408 `  mvn   r0, #61440'
commitHead: sn:4232  ea:0 T0 : 00035412 `  sub   pc, r0, #31'
commitHead: sn:4271  ea:0 T0 : 4294905824 `  mrc   r0, tpidruro'
commitHead: sn:4272  ea:0 T0 : 4294905828 `  mov   pc, lr'
commitHead: sn:4273  ea:540684 T0 : 00067896 `  ldr   r3, [pc, r3]'
commitHead: sn:4274  ea:550076 T0 : 00067900 `  ldr   r7, [r0, r3]'
commitHead: sn:4275  ea:0 T0 : 00067904 `  cmps   r7, #0'
commitHead: sn:4276  ea:0 T0 : 00067908 `  b   0x10974'
commitHead: sn:4277  ea:0 T0 : 00067912 `  mov   r1, #1'
commitHead: sn:4278  ea:0 T0 : 00067916 `  mov   r2, r7'
commitHead: sn:4279  ea:544824 T0 : 00067920 `  ldr   r3, [r2, #0]'
commitHead: sn:4280  ea:0 T0 : 00067924 `  cmps   r3, r4'
commitHead: sn:4281  ea:0 T0 : 00067928 `  b   0x13dbc'
commitHead: sn:4282  ea:0 T0 : 00067932 `  mov   r0, r4'
commitHead: sn:4283  ea:0 T0 : 00067936 `  mvn   r3, #61440'
commitHead: sn:4284  ea:0 T0 : 00067940 `  mov   lr, pc'
commitHead: sn:4285  ea:0 T0 : 00067944 `  sub   pc, r3, #63'
commitHead: sn:4291  ea:544824 T0 : 4294905792 `  ldrex   r3, [r2, #0]'
commitHead: sn:4292  ea:0 T0 : 4294905796 `  subs   r3, r3, r0'
commitHead: sn:4293  ea:0 T0 : 4294905800 `  strexeq   r3, r1, [r2, #0]'
commitHead: sn:4293  ea:0 T0 : 4294905800 `  strexeq   r3, r1, [r2, #0]'
commitHead: sn:4293  ea:544824 T0 : 4294905800 `  strexeq   r3, r1, [r2, #0]'
commitHead: sn:4294  ea:0 T0 : 4294905804 `  teqseq   r3, #1'
commitHead: sn:4295  ea:0 T0 : 4294905808 `  b   0x1a22c'
commitHead: sn:4296  ea:0 T0 : 4294905812 `  rsbs   r0, r3, #0'
commitHead: sn:4297  ea:0 T0 : 4294905816 `  dmb   #0'
commitHead: sn:4297  ea:0 T0 : 4294905816 `  dmb   #0'
commitHead: sn:4297  ea:0 T0 : 4294905816 `  dmb   #0'
commitHead: sn:4298  ea:0 T0 : 4294905820 `  mov   pc, lr'
commitHead: sn:4347  ea:0 T0 : 00067948 `  b   0x13d98'
commitHead: sn:4348  ea:0 T0 : 00067952 `  mov   r3, r4'
commitHead: sn:4349  ea:0 T0 : 00067956 `  cmps   r3, #0'
commitHead: sn:4350  ea:0 T0 : 00067960 `  b   0x1098c'
commitHead: sn:4352  ea:0 T0 : 00067988 `  mov   r0, r7'
commitHead: sn:4353  ea:0 T0 : 00067992 `  mov   r1, r6'
commitHead: sn:4354  ea:0 T0 : 00067996 `  bl   0xe418'
commitHead: sn:4363  ea:3204447412 T0 : 00058400 `  str_uop   r4, [sp, #36]'
commitHead: sn:4364  ea:3204447416 T0 : 00058400 `  str_uop   r5, [sp, #32]'
commitHead: sn:4365  ea:3204447420 T0 : 00058400 `  str_uop   r6, [sp, #28]'
commitHead: sn:4366  ea:3204447424 T0 : 00058400 `  str_uop   r7, [sp, #24]'
commitHead: sn:4367  ea:3204447428 T0 : 00058400 `  str_uop   r8, [sp, #20]'
commitHead: sn:4368  ea:3204447432 T0 : 00058400 `  str_uop   r9, [sp, #16]'
commitHead: sn:4369  ea:3204447436 T0 : 00058400 `  str_uop   r10, [sp, #12]'
commitHead: sn:4370  ea:3204447440 T0 : 00058400 `  str_uop   fp, [sp, #8]'
commitHead: sn:4371  ea:3204447444 T0 : 00058400 `  str_uop   lr, [sp, #4]'
commitHead: sn:4372  ea:0 T0 : 00058400 `  subi_uop   sp, sp, #36'
commitHead: sn:4373  ea:0 T0 : 00058404 `  cmns   r1, #33'
commitHead: sn:4374  ea:0 T0 : 00058408 `  sub   sp, sp, #44'
commitHead: sn:4375  ea:0 T0 : 00058412 `  mov   r8, r0'
commitHead: sn:4376  ea:3204447384 T0 : 00058416 `  str   r1, [sp, #16]'
commitHead: sn:4377  ea:0 T0 : 00058420 `  b   0xeb14'
commitHead: sn:4378  ea:3204447384 T0 : 00058424 `  ldr   r1, [sp, #16]'
commitHead: sn:4379  ea:62044 T0 : 00058428 `  ldr   r3, [pc, #3608]'
commitHead: sn:4380  ea:0 T0 : 00058432 `  add   r0, r1, #11'
commitHead: sn:4381  ea:0 T0 : 00058436 `  cmps   r0, #15'
commitHead: sn:4382  ea:545972 T0 : 00058440 `  ldr   r2, [r3, #0]'
commitHead: sn:4383  ea:0 T0 : 00058444 `  movls   r10, #16'
commitHead: sn:4384  ea:0 T0 : 00058448 `  bichi   r10, r0, #7'
commitHead: sn:4385  ea:0 T0 : 00058452 `  cmps   r10, r2'
commitHead: sn:4386  ea:0 T0 : 00058456 `  movhi   r2, r10, LSR #3'
commitHead: sn:4387  ea:3204447380 T0 : 00058460 `  strhi   r2, [sp, #12]'
commitHead: sn:4388  ea:0 T0 : 00058464 `  b   0xe4b4'
commitHead: sn:4396  ea:0 T0 : 00058556 `  cmps   r10, #512'
commitHead: sn:4397  ea:0 T0 : 00058560 `  b   0xe534'
commitHead: sn:4398  ea:3204447380 T0 : 00058564 `  ldr   r5, [sp, #12]'
commitHead: sn:4399  ea:0 T0 : 00058568 `  add   r9, r8, #56'
commitHead: sn:4400  ea:0 T0 : 00058572 `  mov   r3, r5, LSL #3'
commitHead: sn:4401  ea:0 T0 : 00058576 `  sub   r3, r3, #16'
commitHead: sn:4402  ea:0 T0 : 00058580 `  add   r4, r9, r3'
commitHead: sn:4403  ea:3204447388 T0 : 00058584 `  str   r5, [sp, #20]'
commitHead: sn:4404  ea:544900 T0 : 00058588 `  ldr   r12, [r4, #12]'
commitHead: sn:4405  ea:0 T0 : 00058592 `  cmps   r12, r4'
commitHead: sn:4406  ea:0 T0 : 00058596 `  b   0xe5ac'
commitHead: sn:4407  ea:0 T0 : 00058600 `  cmps   r12, #0'
commitHead: sn:4408  ea:0 T0 : 00058604 `  b   0xeb5c'
commitHead: sn:4468  ea:0 T0 : 00060260 `  mov   r0, r8'
commitHead: sn:4469  ea:0 T0 : 00060264 `  bl   0xbf8c'
commitHead: sn:4475  ea:49736 T0 : 00049044 `  ldr   r12, [pc, #684]'
commitHead: sn:4476  ea:3204447332 T0 : 00049048 `  str_uop   r4, [sp, #36]'
commitHead: sn:4477  ea:3204447336 T0 : 00049048 `  str_uop   r5, [sp, #32]'
commitHead: sn:4478  ea:3204447340 T0 : 00049048 `  str_uop   r6, [sp, #28]'
commitHead: sn:4479  ea:3204447344 T0 : 00049048 `  str_uop   r7, [sp, #24]'
commitHead: sn:4480  ea:3204447348 T0 : 00049048 `  str_uop   r8, [sp, #20]'
commitHead: sn:4481  ea:3204447352 T0 : 00049048 `  str_uop   r9, [sp, #16]'
commitHead: sn:4482  ea:3204447356 T0 : 00049048 `  str_uop   r10, [sp, #12]'
commitHead: sn:4483  ea:3204447360 T0 : 00049048 `  str_uop   fp, [sp, #8]'
commitHead: sn:4484  ea:3204447364 T0 : 00049048 `  str_uop   lr, [sp, #4]'
commitHead: sn:4485  ea:0 T0 : 00049048 `  subi_uop   sp, sp, #36'
commitHead: sn:4486  ea:0 T0 : 00049052 `  mov   r10, r0'
commitHead: sn:4487  ea:545972 T0 : 00049056 `  ldr   r3, [r12, #0]'
commitHead: sn:4488  ea:0 T0 : 00049060 `  sub   sp, sp, #12'
commitHead: sn:4489  ea:0 T0 : 00049064 `  cmps   r3, #0'
commitHead: sn:4490  ea:0 T0 : 00049068 `  addeq   r3, r0, #56'
commitHead: sn:4491  ea:0 T0 : 00049072 `  addeq   r1, r0, #48'
commitHead: sn:4492  ea:0 T0 : 00049076 `  addeq   r3, r3, #1008'
commitHead: sn:4493  ea:0 T0 : 00049080 `  moveq   r2, r1'
commitHead: sn:4494  ea:0 T0 : 00049084 `  b   0xc0c8'
commitHead: sn:4511  ea:544884 T0 : 00049360 `  str   r2, [r2, #12]'
commitHead: sn:4512  ea:544880 T0 : 00049364 `  str   r2, [r2, #8]'
commitHead: sn:4513  ea:0 T0 : 00049368 `  add   r2, r2, #8'
commitHead: sn:4514  ea:0 T0 : 00049372 `  cmps   r2, r3'
commitHead: sn:4515  ea:0 T0 : 00049376 `  b   0xc0c8'
commitHead: sn:4523  ea:544892 T0 : 00049360 `  str   r2, [r2, #12]'
commitHead: sn:4524  ea:544888 T0 : 00049364 `  str   r2, [r2, #8]'
commitHead: sn:4525  ea:0 T0 : 00049368 `  add   r2, r2, #8'
commitHead: sn:4526  ea:0 T0 : 00049372 `  cmps   r2, r3'
commitHead: sn:4527  ea:0 T0 : 00049376 `  b   0xc0c8'
commitHead: sn:4528  ea:544900 T0 : 00049360 `  str   r2, [r2, #12]'
commitHead: sn:4529  ea:544896 T0 : 00049364 `  str   r2, [r2, #8]'
commitHead: sn:4530  ea:0 T0 : 00049368 `  add   r2, r2, #8'
commitHead: sn:4531  ea:0 T0 : 00049372 `  cmps   r2, r3'
commitHead: sn:4532  ea:0 T0 : 00049376 `  b   0xc0c8'
commitHead: sn:4533  ea:544908 T0 : 00049360 `  str   r2, [r2, #12]'
commitHead: sn:4534  ea:544904 T0 : 00049364 `  str   r2, [r2, #8]'
commitHead: sn:4535  ea:0 T0 : 00049368 `  add   r2, r2, #8'
commitHead: sn:4536  ea:0 T0 : 00049372 `  cmps   r2, r3'
commitHead: sn:4537  ea:0 T0 : 00049376 `  b   0xc0c8'
commitHead: sn:4538  ea:544916 T0 : 00049360 `  str   r2, [r2, #12]'
commitHead: sn:4539  ea:544912 T0 : 00049364 `  str   r2, [r2, #8]'
commitHead: sn:4540  ea:0 T0 : 00049368 `  add   r2, r2, #8'
commitHead: sn:4541  ea:0 T0 : 00049372 `  cmps   r2, r3'
commitHead: sn:4542  ea:0 T0 : 00049376 `  b   0xc0c8'
commitHead: sn:4550  ea:544924 T0 : 00049360 `  str   r2, [r2, #12]'
commitHead: sn:4551  ea:544920 T0 : 00049364 `  str   r2, [r2, #8]'
commitHead: sn:4552  ea:0 T0 : 00049368 `  add   r2, r2, #8'
commitHead: sn:4553  ea:0 T0 : 00049372 `  cmps   r2, r3'
commitHead: sn:4554  ea:0 T0 : 00049376 `  b   0xc0c8'
commitHead: sn:4555  ea:544932 T0 : 00049360 `  str   r2, [r2, #12]'
commitHead: sn:4556  ea:544928 T0 : 00049364 `  str   r2, [r2, #8]'
commitHead: sn:4557  ea:0 T0 : 00049368 `  add   r2, r2, #8'
commitHead: sn:4558  ea:0 T0 : 00049372 `  cmps   r2, r3'
commitHead: sn:4559  ea:0 T0 : 00049376 `  b   0xc0c8'
commitHead: sn:4560  ea:544940 T0 : 00049360 `  str   r2, [r2, #12]'
commitHead: sn:4561  ea:544936 T0 : 00049364 `  str   r2, [r2, #8]'
commitHead: sn:4562  ea:0 T0 : 00049368 `  add   r2, r2, #8'
commitHead: sn:4563  ea:0 T0 : 00049372 `  cmps   r2, r3'
commitHead: sn:4564  ea:0 T0 : 00049376 `  b   0xc0c8'
commitHead: sn:4565  ea:544948 T0 : 00049360 `  str   r2, [r2, #12]'
commitHead: sn:4566  ea:544944 T0 : 00049364 `  str   r2, [r2, #8]'
commitHead: sn:4567  ea:0 T0 : 00049368 `  add   r2, r2, #8'
commitHead: sn:4568  ea:0 T0 : 00049372 `  cmps   r2, r3'
commitHead: sn:4569  ea:0 T0 : 00049376 `  b   0xc0c8'
commitHead: sn:4577  ea:544956 T0 : 00049360 `  str   r2, [r2, #12]'
commitHead: sn:4578  ea:544952 T0 : 00049364 `  str   r2, [r2, #8]'
commitHead: sn:4579  ea:0 T0 : 00049368 `  add   r2, r2, #8'
commitHead: sn:4580  ea:0 T0 : 00049372 `  cmps   r2, r3'
commitHead: sn:4581  ea:0 T0 : 00049376 `  b   0xc0c8'
commitHead: sn:4589  ea:544964 T0 : 00049360 `  str   r2, [r2, #12]'
commitHead: sn:4590  ea:544960 T0 : 00049364 `  str   r2, [r2, #8]'
commitHead: sn:4591  ea:0 T0 : 00049368 `  add   r2, r2, #8'
commitHead: sn:4592  ea:0 T0 : 00049372 `  cmps   r2, r3'
commitHead: sn:4593  ea:0 T0 : 00049376 `  b   0xc0c8'
commitHead: sn:4594  ea:544972 T0 : 00049360 `  str   r2, [r2, #12]'
commitHead: sn:4595  ea:544968 T0 : 00049364 `  str   r2, [r2, #8]'
commitHead: sn:4596  ea:0 T0 : 00049368 `  add   r2, r2, #8'
commitHead: sn:4597  ea:0 T0 : 00049372 `  cmps   r2, r3'
commitHead: sn:4598  ea:0 T0 : 00049376 `  b   0xc0c8'
commitHead: sn:4599  ea:544980 T0 : 00049360 `  str   r2, [r2, #12]'
commitHead: sn:4600  ea:544976 T0 : 00049364 `  str   r2, [r2, #8]'
commitHead: sn:4601  ea:0 T0 : 00049368 `  add   r2, r2, #8'
commitHead: sn:4602  ea:0 T0 : 00049372 `  cmps   r2, r3'
commitHead: sn:4603  ea:0 T0 : 00049376 `  b   0xc0c8'
commitHead: sn:4604  ea:544988 T0 : 00049360 `  str   r2, [r2, #12]'
commitHead: sn:4605  ea:544984 T0 : 00049364 `  str   r2, [r2, #8]'
commitHead: sn:4606  ea:0 T0 : 00049368 `  add   r2, r2, #8'
commitHead: sn:4607  ea:0 T0 : 00049372 `  cmps   r2, r3'
commitHead: sn:4608  ea:0 T0 : 00049376 `  b   0xc0c8'
commitHead: sn:4609  ea:544996 T0 : 00049360 `  str   r2, [r2, #12]'
commitHead: sn:4610  ea:544992 T0 : 00049364 `  str   r2, [r2, #8]'
commitHead: sn:4611  ea:0 T0 : 00049368 `  add   r2, r2, #8'
commitHead: sn:4612  ea:0 T0 : 00049372 `  cmps   r2, r3'
commitHead: sn:4613  ea:0 T0 : 00049376 `  b   0xc0c8'
commitHead: sn:4614  ea:545004 T0 : 00049360 `  str   r2, [r2, #12]'
commitHead: sn:4615  ea:545000 T0 : 00049364 `  str   r2, [r2, #8]'
commitHead: sn:4616  ea:0 T0 : 00049368 `  add   r2, r2, #8'
commitHead: sn:4617  ea:0 T0 : 00049372 `  cmps   r2, r3'
commitHead: sn:4618  ea:0 T0 : 00049376 `  b   0xc0c8'
commitHead: sn:4619  ea:545012 T0 : 00049360 `  str   r2, [r2, #12]'
commitHead: sn:4620  ea:545008 T0 : 00049364 `  str   r2, [r2, #8]'
commitHead: sn:4621  ea:0 T0 : 00049368 `  add   r2, r2, #8'
commitHead: sn:4622  ea:0 T0 : 00049372 `  cmps   r2, r3'
commitHead: sn:4623  ea:0 T0 : 00049376 `  b   0xc0c8'
commitHead: sn:4624  ea:545020 T0 : 00049360 `  str   r2, [r2, #12]'
commitHead: sn:4625  ea:545016 T0 : 00049364 `  str   r2, [r2, #8]'
commitHead: sn:4626  ea:0 T0 : 00049368 `  add   r2, r2, #8'
commitHead: sn:4627  ea:0 T0 : 00049372 `  cmps   r2, r3'
commitHead: sn:4628  ea:0 T0 : 00049376 `  b   0xc0c8'
commitHead: sn:4629  ea:545028 T0 : 00049360 `  str   r2, [r2, #12]'
commitHead: sn:4630  ea:545024 T0 : 00049364 `  str   r2, [r2, #8]'
commitHead: sn:4631  ea:0 T0 : 00049368 `  add   r2, r2, #8'
commitHead: sn:4632  ea:0 T0 : 00049372 `  cmps   r2, r3'
commitHead: sn:4633  ea:0 T0 : 00049376 `  b   0xc0c8'
commitHead: sn:4634  ea:545036 T0 : 00049360 `  str   r2, [r2, #12]'
commitHead: sn:4635  ea:545032 T0 : 00049364 `  str   r2, [r2, #8]'
commitHead: sn:4636  ea:0 T0 : 00049368 `  add   r2, r2, #8'
commitHead: sn:4637  ea:0 T0 : 00049372 `  cmps   r2, r3'
commitHead: sn:4638  ea:0 T0 : 00049376 `  b   0xc0c8'
commitHead: sn:4639  ea:545044 T0 : 00049360 `  str   r2, [r2, #12]'
commitHead: sn:4640  ea:545040 T0 : 00049364 `  str   r2, [r2, #8]'
commitHead: sn:4641  ea:0 T0 : 00049368 `  add   r2, r2, #8'
commitHead: sn:4642  ea:0 T0 : 00049372 `  cmps   r2, r3'
commitHead: sn:4643  ea:0 T0 : 00049376 `  b   0xc0c8'
commitHead: sn:4644  ea:545052 T0 : 00049360 `  str   r2, [r2, #12]'
commitHead: sn:4645  ea:545048 T0 : 00049364 `  str   r2, [r2, #8]'
commitHead: sn:4646  ea:0 T0 : 00049368 `  add   r2, r2, #8'
commitHead: sn:4647  ea:0 T0 : 00049372 `  cmps   r2, r3'
commitHead: sn:4648  ea:0 T0 : 00049376 `  b   0xc0c8'
commitHead: sn:4649  ea:545060 T0 : 00049360 `  str   r2, [r2, #12]'
commitHead: sn:4650  ea:545056 T0 : 00049364 `  str   r2, [r2, #8]'
commitHead: sn:4651  ea:0 T0 : 00049368 `  add   r2, r2, #8'
commitHead: sn:4652  ea:0 T0 : 00049372 `  cmps   r2, r3'
commitHead: sn:4653  ea:0 T0 : 00049376 `  b   0xc0c8'
commitHead: sn:4654  ea:545068 T0 : 00049360 `  str   r2, [r2, #12]'
commitHead: sn:4655  ea:545064 T0 : 00049364 `  str   r2, [r2, #8]'
commitHead: sn:4656  ea:0 T0 : 00049368 `  add   r2, r2, #8'
commitHead: sn:4657  ea:0 T0 : 00049372 `  cmps   r2, r3'
commitHead: sn:4658  ea:0 T0 : 00049376 `  b   0xc0c8'
commitHead: sn:4659  ea:545076 T0 : 00049360 `  str   r2, [r2, #12]'
commitHead: sn:4660  ea:545072 T0 : 00049364 `  str   r2, [r2, #8]'
commitHead: sn:4661  ea:0 T0 : 00049368 `  add   r2, r2, #8'
commitHead: sn:4662  ea:0 T0 : 00049372 `  cmps   r2, r3'
commitHead: sn:4663  ea:0 T0 : 00049376 `  b   0xc0c8'
commitHead: sn:4664  ea:545084 T0 : 00049360 `  str   r2, [r2, #12]'
commitHead: sn:4665  ea:545080 T0 : 00049364 `  str   r2, [r2, #8]'
commitHead: sn:4666  ea:0 T0 : 00049368 `  add   r2, r2, #8'
commitHead: sn:4667  ea:0 T0 : 00049372 `  cmps   r2, r3'
commitHead: sn:4668  ea:0 T0 : 00049376 `  b   0xc0c8'
commitHead: sn:4669  ea:545092 T0 : 00049360 `  str   r2, [r2, #12]'
commitHead: sn:4670  ea:545088 T0 : 00049364 `  str   r2, [r2, #8]'
commitHead: sn:4671  ea:0 T0 : 00049368 `  add   r2, r2, #8'
commitHead: sn:4672  ea:0 T0 : 00049372 `  cmps   r2, r3'
commitHead: sn:4673  ea:0 T0 : 00049376 `  b   0xc0c8'
commitHead: sn:4674  ea:545100 T0 : 00049360 `  str   r2, [r2, #12]'
commitHead: sn:4675  ea:545096 T0 : 00049364 `  str   r2, [r2, #8]'
commitHead: sn:4676  ea:0 T0 : 00049368 `  add   r2, r2, #8'
commitHead: sn:4677  ea:0 T0 : 00049372 `  cmps   r2, r3'
commitHead: sn:4678  ea:0 T0 : 00049376 `  b   0xc0c8'
commitHead: sn:4679  ea:545108 T0 : 00049360 `  str   r2, [r2, #12]'
commitHead: sn:4680  ea:545104 T0 : 00049364 `  str   r2, [r2, #8]'
commitHead: sn:4681  ea:0 T0 : 00049368 `  add   r2, r2, #8'
commitHead: sn:4682  ea:0 T0 : 00049372 `  cmps   r2, r3'
commitHead: sn:4683  ea:0 T0 : 00049376 `  b   0xc0c8'
commitHead: sn:4684  ea:545116 T0 : 00049360 `  str   r2, [r2, #12]'
commitHead: sn:4685  ea:545112 T0 : 00049364 `  str   r2, [r2, #8]'
commitHead: sn:4686  ea:0 T0 : 00049368 `  add   r2, r2, #8'
commitHead: sn:4687  ea:0 T0 : 00049372 `  cmps   r2, r3'
commitHead: sn:4688  ea:0 T0 : 00049376 `  b   0xc0c8'
commitHead: sn:4689  ea:545124 T0 : 00049360 `  str   r2, [r2, #12]'
commitHead: sn:4690  ea:545120 T0 : 00049364 `  str   r2, [r2, #8]'
commitHead: sn:4691  ea:0 T0 : 00049368 `  add   r2, r2, #8'
commitHead: sn:4692  ea:0 T0 : 00049372 `  cmps   r2, r3'
commitHead: sn:4693  ea:0 T0 : 00049376 `  b   0xc0c8'
commitHead: sn:4694  ea:545132 T0 : 00049360 `  str   r2, [r2, #12]'
commitHead: sn:4695  ea:545128 T0 : 00049364 `  str   r2, [r2, #8]'
commitHead: sn:4696  ea:0 T0 : 00049368 `  add   r2, r2, #8'
commitHead: sn:4697  ea:0 T0 : 00049372 `  cmps   r2, r3'
commitHead: sn:4698  ea:0 T0 : 00049376 `  b   0xc0c8'
commitHead: sn:4699  ea:545140 T0 : 00049360 `  str   r2, [r2, #12]'
commitHead: sn:4700  ea:545136 T0 : 00049364 `  str   r2, [r2, #8]'
commitHead: sn:4701  ea:0 T0 : 00049368 `  add   r2, r2, #8'
commitHead: sn:4702  ea:0 T0 : 00049372 `  cmps   r2, r3'
commitHead: sn:4703  ea:0 T0 : 00049376 `  b   0xc0c8'
commitHead: sn:4704  ea:545148 T0 : 00049360 `  str   r2, [r2, #12]'
commitHead: sn:4705  ea:545144 T0 : 00049364 `  str   r2, [r2, #8]'
commitHead: sn:4706  ea:0 T0 : 00049368 `  add   r2, r2, #8'
commitHead: sn:4707  ea:0 T0 : 00049372 `  cmps   r2, r3'
commitHead: sn:4708  ea:0 T0 : 00049376 `  b   0xc0c8'
commitHead: sn:4709  ea:545156 T0 : 00049360 `  str   r2, [r2, #12]'
commitHead: sn:4710  ea:545152 T0 : 00049364 `  str   r2, [r2, #8]'
commitHead: sn:4711  ea:0 T0 : 00049368 `  add   r2, r2, #8'
commitHead: sn:4712  ea:0 T0 : 00049372 `  cmps   r2, r3'
commitHead: sn:4713  ea:0 T0 : 00049376 `  b   0xc0c8'
commitHead: sn:4714  ea:545164 T0 : 00049360 `  str   r2, [r2, #12]'
commitHead: sn:4715  ea:545160 T0 : 00049364 `  str   r2, [r2, #8]'
commitHead: sn:4716  ea:0 T0 : 00049368 `  add   r2, r2, #8'
commitHead: sn:4717  ea:0 T0 : 00049372 `  cmps   r2, r3'
commitHead: sn:4718  ea:0 T0 : 00049376 `  b   0xc0c8'
commitHead: sn:4719  ea:545172 T0 : 00049360 `  str   r2, [r2, #12]'
commitHead: sn:4720  ea:545168 T0 : 00049364 `  str   r2, [r2, #8]'
commitHead: sn:4721  ea:0 T0 : 00049368 `  add   r2, r2, #8'
commitHead: sn:4722  ea:0 T0 : 00049372 `  cmps   r2, r3'
commitHead: sn:4723  ea:0 T0 : 00049376 `  b   0xc0c8'
commitHead: sn:4724  ea:545180 T0 : 00049360 `  str   r2, [r2, #12]'
commitHead: sn:4725  ea:545176 T0 : 00049364 `  str   r2, [r2, #8]'
commitHead: sn:4726  ea:0 T0 : 00049368 `  add   r2, r2, #8'
commitHead: sn:4727  ea:0 T0 : 00049372 `  cmps   r2, r3'
commitHead: sn:4728  ea:0 T0 : 00049376 `  b   0xc0c8'
commitHead: sn:4729  ea:545188 T0 : 00049360 `  str   r2, [r2, #12]'
commitHead: sn:4730  ea:545184 T0 : 00049364 `  str   r2, [r2, #8]'
commitHead: sn:4731  ea:0 T0 : 00049368 `  add   r2, r2, #8'
commitHead: sn:4732  ea:0 T0 : 00049372 `  cmps   r2, r3'
commitHead: sn:4733  ea:0 T0 : 00049376 `  b   0xc0c8'
commitHead: sn:4734  ea:545196 T0 : 00049360 `  str   r2, [r2, #12]'
commitHead: sn:4735  ea:545192 T0 : 00049364 `  str   r2, [r2, #8]'
commitHead: sn:4736  ea:0 T0 : 00049368 `  add   r2, r2, #8'
commitHead: sn:4737  ea:0 T0 : 00049372 `  cmps   r2, r3'
commitHead: sn:4738  ea:0 T0 : 00049376 `  b   0xc0c8'
commitHead: sn:4739  ea:545204 T0 : 00049360 `  str   r2, [r2, #12]'
commitHead: sn:4740  ea:545200 T0 : 00049364 `  str   r2, [r2, #8]'
commitHead: sn:4741  ea:0 T0 : 00049368 `  add   r2, r2, #8'
commitHead: sn:4742  ea:0 T0 : 00049372 `  cmps   r2, r3'
commitHead: sn:4743  ea:0 T0 : 00049376 `  b   0xc0c8'
commitHead: sn:4744  ea:545212 T0 : 00049360 `  str   r2, [r2, #12]'
commitHead: sn:4745  ea:545208 T0 : 00049364 `  str   r2, [r2, #8]'
commitHead: sn:4746  ea:0 T0 : 00049368 `  add   r2, r2, #8'
commitHead: sn:4747  ea:0 T0 : 00049372 `  cmps   r2, r3'
commitHead: sn:4748  ea:0 T0 : 00049376 `  b   0xc0c8'
commitHead: sn:4749  ea:545220 T0 : 00049360 `  str   r2, [r2, #12]'
commitHead: sn:4750  ea:545216 T0 : 00049364 `  str   r2, [r2, #8]'
commitHead: sn:4751  ea:0 T0 : 00049368 `  add   r2, r2, #8'
commitHead: sn:4752  ea:0 T0 : 00049372 `  cmps   r2, r3'
commitHead: sn:4753  ea:0 T0 : 00049376 `  b   0xc0c8'
commitHead: sn:4754  ea:545228 T0 : 00049360 `  str   r2, [r2, #12]'
commitHead: sn:4755  ea:545224 T0 : 00049364 `  str   r2, [r2, #8]'
commitHead: sn:4756  ea:0 T0 : 00049368 `  add   r2, r2, #8'
commitHead: sn:4757  ea:0 T0 : 00049372 `  cmps   r2, r3'
commitHead: sn:4758  ea:0 T0 : 00049376 `  b   0xc0c8'
commitHead: sn:4759  ea:545236 T0 : 00049360 `  str   r2, [r2, #12]'
commitHead: sn:4760  ea:545232 T0 : 00049364 `  str   r2, [r2, #8]'
commitHead: sn:4761  ea:0 T0 : 00049368 `  add   r2, r2, #8'
commitHead: sn:4762  ea:0 T0 : 00049372 `  cmps   r2, r3'
commitHead: sn:4763  ea:0 T0 : 00049376 `  b   0xc0c8'
commitHead: sn:4764  ea:545244 T0 : 00049360 `  str   r2, [r2, #12]'
commitHead: sn:4765  ea:545240 T0 : 00049364 `  str   r2, [r2, #8]'
commitHead: sn:4766  ea:0 T0 : 00049368 `  add   r2, r2, #8'
commitHead: sn:4767  ea:0 T0 : 00049372 `  cmps   r2, r3'
commitHead: sn:4768  ea:0 T0 : 00049376 `  b   0xc0c8'
commitHead: sn:4769  ea:545252 T0 : 00049360 `  str   r2, [r2, #12]'
commitHead: sn:4770  ea:545248 T0 : 00049364 `  str   r2, [r2, #8]'
commitHead: sn:4771  ea:0 T0 : 00049368 `  add   r2, r2, #8'
commitHead: sn:4772  ea:0 T0 : 00049372 `  cmps   r2, r3'
commitHead: sn:4773  ea:0 T0 : 00049376 `  b   0xc0c8'
commitHead: sn:4774  ea:545260 T0 : 00049360 `  str   r2, [r2, #12]'
commitHead: sn:4775  ea:545256 T0 : 00049364 `  str   r2, [r2, #8]'
commitHead: sn:4776  ea:0 T0 : 00049368 `  add   r2, r2, #8'
commitHead: sn:4777  ea:0 T0 : 00049372 `  cmps   r2, r3'
commitHead: sn:4778  ea:0 T0 : 00049376 `  b   0xc0c8'
commitHead: sn:4779  ea:545268 T0 : 00049360 `  str   r2, [r2, #12]'
commitHead: sn:4780  ea:545264 T0 : 00049364 `  str   r2, [r2, #8]'
commitHead: sn:4781  ea:0 T0 : 00049368 `  add   r2, r2, #8'
commitHead: sn:4782  ea:0 T0 : 00049372 `  cmps   r2, r3'
commitHead: sn:4783  ea:0 T0 : 00049376 `  b   0xc0c8'
commitHead: sn:4784  ea:545276 T0 : 00049360 `  str   r2, [r2, #12]'
commitHead: sn:4785  ea:545272 T0 : 00049364 `  str   r2, [r2, #8]'
commitHead: sn:4786  ea:0 T0 : 00049368 `  add   r2, r2, #8'
commitHead: sn:4787  ea:0 T0 : 00049372 `  cmps   r2, r3'
commitHead: sn:4788  ea:0 T0 : 00049376 `  b   0xc0c8'
commitHead: sn:4789  ea:545284 T0 : 00049360 `  str   r2, [r2, #12]'
commitHead: sn:4790  ea:545280 T0 : 00049364 `  str   r2, [r2, #8]'
commitHead: sn:4791  ea:0 T0 : 00049368 `  add   r2, r2, #8'
commitHead: sn:4792  ea:0 T0 : 00049372 `  cmps   r2, r3'
commitHead: sn:4793  ea:0 T0 : 00049376 `  b   0xc0c8'
commitHead: sn:4794  ea:545292 T0 : 00049360 `  str   r2, [r2, #12]'
commitHead: sn:4795  ea:545288 T0 : 00049364 `  str   r2, [r2, #8]'
commitHead: sn:4796  ea:0 T0 : 00049368 `  add   r2, r2, #8'
commitHead: sn:4797  ea:0 T0 : 00049372 `  cmps   r2, r3'
commitHead: sn:4798  ea:0 T0 : 00049376 `  b   0xc0c8'
commitHead: sn:4799  ea:545300 T0 : 00049360 `  str   r2, [r2, #12]'
commitHead: sn:4800  ea:545296 T0 : 00049364 `  str   r2, [r2, #8]'
commitHead: sn:4801  ea:0 T0 : 00049368 `  add   r2, r2, #8'
commitHead: sn:4802  ea:0 T0 : 00049372 `  cmps   r2, r3'
commitHead: sn:4803  ea:0 T0 : 00049376 `  b   0xc0c8'
commitHead: sn:4804  ea:545308 T0 : 00049360 `  str   r2, [r2, #12]'
commitHead: sn:4805  ea:545304 T0 : 00049364 `  str   r2, [r2, #8]'
commitHead: sn:4806  ea:0 T0 : 00049368 `  add   r2, r2, #8'
commitHead: sn:4807  ea:0 T0 : 00049372 `  cmps   r2, r3'
commitHead: sn:4808  ea:0 T0 : 00049376 `  b   0xc0c8'
commitHead: sn:4809  ea:545316 T0 : 00049360 `  str   r2, [r2, #12]'
commitHead: sn:4810  ea:545312 T0 : 00049364 `  str   r2, [r2, #8]'
commitHead: sn:4811  ea:0 T0 : 00049368 `  add   r2, r2, #8'
commitHead: sn:4812  ea:0 T0 : 00049372 `  cmps   r2, r3'
commitHead: sn:4813  ea:0 T0 : 00049376 `  b   0xc0c8'
commitHead: sn:4814  ea:545324 T0 : 00049360 `  str   r2, [r2, #12]'
commitHead: sn:4815  ea:545320 T0 : 00049364 `  str   r2, [r2, #8]'
commitHead: sn:4816  ea:0 T0 : 00049368 `  add   r2, r2, #8'
commitHead: sn:4817  ea:0 T0 : 00049372 `  cmps   r2, r3'
commitHead: sn:4818  ea:0 T0 : 00049376 `  b   0xc0c8'
commitHead: sn:4819  ea:545332 T0 : 00049360 `  str   r2, [r2, #12]'
commitHead: sn:4820  ea:545328 T0 : 00049364 `  str   r2, [r2, #8]'
commitHead: sn:4821  ea:0 T0 : 00049368 `  add   r2, r2, #8'
commitHead: sn:4822  ea:0 T0 : 00049372 `  cmps   r2, r3'
commitHead: sn:4823  ea:0 T0 : 00049376 `  b   0xc0c8'
commitHead: sn:4824  ea:545340 T0 : 00049360 `  str   r2, [r2, #12]'
commitHead: sn:4825  ea:545336 T0 : 00049364 `  str   r2, [r2, #8]'
commitHead: sn:4826  ea:0 T0 : 00049368 `  add   r2, r2, #8'
commitHead: sn:4827  ea:0 T0 : 00049372 `  cmps   r2, r3'
commitHead: sn:4828  ea:0 T0 : 00049376 `  b   0xc0c8'
commitHead: sn:4829  ea:545348 T0 : 00049360 `  str   r2, [r2, #12]'
commitHead: sn:4830  ea:545344 T0 : 00049364 `  str   r2, [r2, #8]'
commitHead: sn:4831  ea:0 T0 : 00049368 `  add   r2, r2, #8'
commitHead: sn:4832  ea:0 T0 : 00049372 `  cmps   r2, r3'
commitHead: sn:4833  ea:0 T0 : 00049376 `  b   0xc0c8'
commitHead: sn:4834  ea:545356 T0 : 00049360 `  str   r2, [r2, #12]'
commitHead: sn:4835  ea:545352 T0 : 00049364 `  str   r2, [r2, #8]'
commitHead: sn:4836  ea:0 T0 : 00049368 `  add   r2, r2, #8'
commitHead: sn:4837  ea:0 T0 : 00049372 `  cmps   r2, r3'
commitHead: sn:4838  ea:0 T0 : 00049376 `  b   0xc0c8'
commitHead: sn:4839  ea:545364 T0 : 00049360 `  str   r2, [r2, #12]'
commitHead: sn:4840  ea:545360 T0 : 00049364 `  str   r2, [r2, #8]'
commitHead: sn:4841  ea:0 T0 : 00049368 `  add   r2, r2, #8'
commitHead: sn:4842  ea:0 T0 : 00049372 `  cmps   r2, r3'
commitHead: sn:4843  ea:0 T0 : 00049376 `  b   0xc0c8'
commitHead: sn:4844  ea:545372 T0 : 00049360 `  str   r2, [r2, #12]'
commitHead: sn:4845  ea:545368 T0 : 00049364 `  str   r2, [r2, #8]'
commitHead: sn:4846  ea:0 T0 : 00049368 `  add   r2, r2, #8'
commitHead: sn:4847  ea:0 T0 : 00049372 `  cmps   r2, r3'
commitHead: sn:4848  ea:0 T0 : 00049376 `  b   0xc0c8'
commitHead: sn:4849  ea:545380 T0 : 00049360 `  str   r2, [r2, #12]'
commitHead: sn:4850  ea:545376 T0 : 00049364 `  str   r2, [r2, #8]'
commitHead: sn:4851  ea:0 T0 : 00049368 `  add   r2, r2, #8'
commitHead: sn:4852  ea:0 T0 : 00049372 `  cmps   r2, r3'
commitHead: sn:4853  ea:0 T0 : 00049376 `  b   0xc0c8'
commitHead: sn:4854  ea:545388 T0 : 00049360 `  str   r2, [r2, #12]'
commitHead: sn:4855  ea:545384 T0 : 00049364 `  str   r2, [r2, #8]'
commitHead: sn:4856  ea:0 T0 : 00049368 `  add   r2, r2, #8'
commitHead: sn:4857  ea:0 T0 : 00049372 `  cmps   r2, r3'
commitHead: sn:4858  ea:0 T0 : 00049376 `  b   0xc0c8'
commitHead: sn:4859  ea:545396 T0 : 00049360 `  str   r2, [r2, #12]'
commitHead: sn:4860  ea:545392 T0 : 00049364 `  str   r2, [r2, #8]'
commitHead: sn:4861  ea:0 T0 : 00049368 `  add   r2, r2, #8'
commitHead: sn:4862  ea:0 T0 : 00049372 `  cmps   r2, r3'
commitHead: sn:4863  ea:0 T0 : 00049376 `  b   0xc0c8'
commitHead: sn:4864  ea:545404 T0 : 00049360 `  str   r2, [r2, #12]'
commitHead: sn:4865  ea:545400 T0 : 00049364 `  str   r2, [r2, #8]'
commitHead: sn:4866  ea:0 T0 : 00049368 `  add   r2, r2, #8'
commitHead: sn:4867  ea:0 T0 : 00049372 `  cmps   r2, r3'
commitHead: sn:4868  ea:0 T0 : 00049376 `  b   0xc0c8'
commitHead: sn:4869  ea:545412 T0 : 00049360 `  str   r2, [r2, #12]'
commitHead: sn:4870  ea:545408 T0 : 00049364 `  str   r2, [r2, #8]'
commitHead: sn:4871  ea:0 T0 : 00049368 `  add   r2, r2, #8'
commitHead: sn:4872  ea:0 T0 : 00049372 `  cmps   r2, r3'
commitHead: sn:4873  ea:0 T0 : 00049376 `  b   0xc0c8'
commitHead: sn:4874  ea:545420 T0 : 00049360 `  str   r2, [r2, #12]'
commitHead: sn:4875  ea:545416 T0 : 00049364 `  str   r2, [r2, #8]'
commitHead: sn:4876  ea:0 T0 : 00049368 `  add   r2, r2, #8'
commitHead: sn:4877  ea:0 T0 : 00049372 `  cmps   r2, r3'
commitHead: sn:4878  ea:0 T0 : 00049376 `  b   0xc0c8'
commitHead: sn:4879  ea:545428 T0 : 00049360 `  str   r2, [r2, #12]'
commitHead: sn:4880  ea:545424 T0 : 00049364 `  str   r2, [r2, #8]'
commitHead: sn:4881  ea:0 T0 : 00049368 `  add   r2, r2, #8'
commitHead: sn:4882  ea:0 T0 : 00049372 `  cmps   r2, r3'
commitHead: sn:4883  ea:0 T0 : 00049376 `  b   0xc0c8'
commitHead: sn:4884  ea:545436 T0 : 00049360 `  str   r2, [r2, #12]'
commitHead: sn:4885  ea:545432 T0 : 00049364 `  str   r2, [r2, #8]'
commitHead: sn:4886  ea:0 T0 : 00049368 `  add   r2, r2, #8'
commitHead: sn:4887  ea:0 T0 : 00049372 `  cmps   r2, r3'
commitHead: sn:4888  ea:0 T0 : 00049376 `  b   0xc0c8'
commitHead: sn:4889  ea:545444 T0 : 00049360 `  str   r2, [r2, #12]'
commitHead: sn:4890  ea:545440 T0 : 00049364 `  str   r2, [r2, #8]'
commitHead: sn:4891  ea:0 T0 : 00049368 `  add   r2, r2, #8'
commitHead: sn:4892  ea:0 T0 : 00049372 `  cmps   r2, r3'
commitHead: sn:4893  ea:0 T0 : 00049376 `  b   0xc0c8'
commitHead: sn:4894  ea:545452 T0 : 00049360 `  str   r2, [r2, #12]'
commitHead: sn:4895  ea:545448 T0 : 00049364 `  str   r2, [r2, #8]'
commitHead: sn:4896  ea:0 T0 : 00049368 `  add   r2, r2, #8'
commitHead: sn:4897  ea:0 T0 : 00049372 `  cmps   r2, r3'
commitHead: sn:4898  ea:0 T0 : 00049376 `  b   0xc0c8'
commitHead: sn:4899  ea:545460 T0 : 00049360 `  str   r2, [r2, #12]'
commitHead: sn:4900  ea:545456 T0 : 00049364 `  str   r2, [r2, #8]'
commitHead: sn:4901  ea:0 T0 : 00049368 `  add   r2, r2, #8'
commitHead: sn:4902  ea:0 T0 : 00049372 `  cmps   r2, r3'
commitHead: sn:4903  ea:0 T0 : 00049376 `  b   0xc0c8'
commitHead: sn:4904  ea:545468 T0 : 00049360 `  str   r2, [r2, #12]'
commitHead: sn:4905  ea:545464 T0 : 00049364 `  str   r2, [r2, #8]'
commitHead: sn:4906  ea:0 T0 : 00049368 `  add   r2, r2, #8'
commitHead: sn:4907  ea:0 T0 : 00049372 `  cmps   r2, r3'
commitHead: sn:4908  ea:0 T0 : 00049376 `  b   0xc0c8'
commitHead: sn:4909  ea:545476 T0 : 00049360 `  str   r2, [r2, #12]'
commitHead: sn:4910  ea:545472 T0 : 00049364 `  str   r2, [r2, #8]'
commitHead: sn:4911  ea:0 T0 : 00049368 `  add   r2, r2, #8'
commitHead: sn:4912  ea:0 T0 : 00049372 `  cmps   r2, r3'
commitHead: sn:4913  ea:0 T0 : 00049376 `  b   0xc0c8'
commitHead: sn:4914  ea:545484 T0 : 00049360 `  str   r2, [r2, #12]'
commitHead: sn:4915  ea:545480 T0 : 00049364 `  str   r2, [r2, #8]'
commitHead: sn:4916  ea:0 T0 : 00049368 `  add   r2, r2, #8'
commitHead: sn:4917  ea:0 T0 : 00049372 `  cmps   r2, r3'
commitHead: sn:4918  ea:0 T0 : 00049376 `  b   0xc0c8'
commitHead: sn:4919  ea:545492 T0 : 00049360 `  str   r2, [r2, #12]'
commitHead: sn:4920  ea:545488 T0 : 00049364 `  str   r2, [r2, #8]'
commitHead: sn:4921  ea:0 T0 : 00049368 `  add   r2, r2, #8'
commitHead: sn:4922  ea:0 T0 : 00049372 `  cmps   r2, r3'
commitHead: sn:4923  ea:0 T0 : 00049376 `  b   0xc0c8'
commitHead: sn:4924  ea:545500 T0 : 00049360 `  str   r2, [r2, #12]'
commitHead: sn:4925  ea:545496 T0 : 00049364 `  str   r2, [r2, #8]'
commitHead: sn:4926  ea:0 T0 : 00049368 `  add   r2, r2, #8'
commitHead: sn:4927  ea:0 T0 : 00049372 `  cmps   r2, r3'
commitHead: sn:4928  ea:0 T0 : 00049376 `  b   0xc0c8'
commitHead: sn:4929  ea:545508 T0 : 00049360 `  str   r2, [r2, #12]'
commitHead: sn:4930  ea:545504 T0 : 00049364 `  str   r2, [r2, #8]'
commitHead: sn:4931  ea:0 T0 : 00049368 `  add   r2, r2, #8'
commitHead: sn:4932  ea:0 T0 : 00049372 `  cmps   r2, r3'
commitHead: sn:4933  ea:0 T0 : 00049376 `  b   0xc0c8'
commitHead: sn:4934  ea:545516 T0 : 00049360 `  str   r2, [r2, #12]'
commitHead: sn:4935  ea:545512 T0 : 00049364 `  str   r2, [r2, #8]'
commitHead: sn:4936  ea:0 T0 : 00049368 `  add   r2, r2, #8'
commitHead: sn:4937  ea:0 T0 : 00049372 `  cmps   r2, r3'
commitHead: sn:4938  ea:0 T0 : 00049376 `  b   0xc0c8'
commitHead: sn:4939  ea:545524 T0 : 00049360 `  str   r2, [r2, #12]'
commitHead: sn:4940  ea:545520 T0 : 00049364 `  str   r2, [r2, #8]'
commitHead: sn:4941  ea:0 T0 : 00049368 `  add   r2, r2, #8'
commitHead: sn:4942  ea:0 T0 : 00049372 `  cmps   r2, r3'
commitHead: sn:4943  ea:0 T0 : 00049376 `  b   0xc0c8'
commitHead: sn:4944  ea:545532 T0 : 00049360 `  str   r2, [r2, #12]'
commitHead: sn:4945  ea:545528 T0 : 00049364 `  str   r2, [r2, #8]'
commitHead: sn:4946  ea:0 T0 : 00049368 `  add   r2, r2, #8'
commitHead: sn:4947  ea:0 T0 : 00049372 `  cmps   r2, r3'
commitHead: sn:4948  ea:0 T0 : 00049376 `  b   0xc0c8'
commitHead: sn:4949  ea:545540 T0 : 00049360 `  str   r2, [r2, #12]'
commitHead: sn:4950  ea:545536 T0 : 00049364 `  str   r2, [r2, #8]'
commitHead: sn:4951  ea:0 T0 : 00049368 `  add   r2, r2, #8'
commitHead: sn:4952  ea:0 T0 : 00049372 `  cmps   r2, r3'
commitHead: sn:4953  ea:0 T0 : 00049376 `  b   0xc0c8'
commitHead: sn:4954  ea:545548 T0 : 00049360 `  str   r2, [r2, #12]'
commitHead: sn:4955  ea:545544 T0 : 00049364 `  str   r2, [r2, #8]'
commitHead: sn:4956  ea:0 T0 : 00049368 `  add   r2, r2, #8'
commitHead: sn:4957  ea:0 T0 : 00049372 `  cmps   r2, r3'
commitHead: sn:4958  ea:0 T0 : 00049376 `  b   0xc0c8'
commitHead: sn:4959  ea:545556 T0 : 00049360 `  str   r2, [r2, #12]'
commitHead: sn:4960  ea:545552 T0 : 00049364 `  str   r2, [r2, #8]'
commitHead: sn:4961  ea:0 T0 : 00049368 `  add   r2, r2, #8'
commitHead: sn:4962  ea:0 T0 : 00049372 `  cmps   r2, r3'
commitHead: sn:4963  ea:0 T0 : 00049376 `  b   0xc0c8'
commitHead: sn:4964  ea:545564 T0 : 00049360 `  str   r2, [r2, #12]'
commitHead: sn:4965  ea:545560 T0 : 00049364 `  str   r2, [r2, #8]'
commitHead: sn:4966  ea:0 T0 : 00049368 `  add   r2, r2, #8'
commitHead: sn:4967  ea:0 T0 : 00049372 `  cmps   r2, r3'
commitHead: sn:4968  ea:0 T0 : 00049376 `  b   0xc0c8'
commitHead: sn:4969  ea:545572 T0 : 00049360 `  str   r2, [r2, #12]'
commitHead: sn:4970  ea:545568 T0 : 00049364 `  str   r2, [r2, #8]'
commitHead: sn:4971  ea:0 T0 : 00049368 `  add   r2, r2, #8'
commitHead: sn:4972  ea:0 T0 : 00049372 `  cmps   r2, r3'
commitHead: sn:4973  ea:0 T0 : 00049376 `  b   0xc0c8'
commitHead: sn:4974  ea:545580 T0 : 00049360 `  str   r2, [r2, #12]'
commitHead: sn:4975  ea:545576 T0 : 00049364 `  str   r2, [r2, #8]'
commitHead: sn:4976  ea:0 T0 : 00049368 `  add   r2, r2, #8'
commitHead: sn:4977  ea:0 T0 : 00049372 `  cmps   r2, r3'
commitHead: sn:4978  ea:0 T0 : 00049376 `  b   0xc0c8'
commitHead: sn:4979  ea:545588 T0 : 00049360 `  str   r2, [r2, #12]'
commitHead: sn:4980  ea:545584 T0 : 00049364 `  str   r2, [r2, #8]'
commitHead: sn:4981  ea:0 T0 : 00049368 `  add   r2, r2, #8'
commitHead: sn:4982  ea:0 T0 : 00049372 `  cmps   r2, r3'
commitHead: sn:4983  ea:0 T0 : 00049376 `  b   0xc0c8'
commitHead: sn:4984  ea:545596 T0 : 00049360 `  str   r2, [r2, #12]'
commitHead: sn:4985  ea:545592 T0 : 00049364 `  str   r2, [r2, #8]'
commitHead: sn:4986  ea:0 T0 : 00049368 `  add   r2, r2, #8'
commitHead: sn:4987  ea:0 T0 : 00049372 `  cmps   r2, r3'
commitHead: sn:4988  ea:0 T0 : 00049376 `  b   0xc0c8'
commitHead: sn:4989  ea:545604 T0 : 00049360 `  str   r2, [r2, #12]'
commitHead: sn:4990  ea:545600 T0 : 00049364 `  str   r2, [r2, #8]'
commitHead: sn:4991  ea:0 T0 : 00049368 `  add   r2, r2, #8'
commitHead: sn:4992  ea:0 T0 : 00049372 `  cmps   r2, r3'
commitHead: sn:4993  ea:0 T0 : 00049376 `  b   0xc0c8'
commitHead: sn:4994  ea:545612 T0 : 00049360 `  str   r2, [r2, #12]'
commitHead: sn:4995  ea:545608 T0 : 00049364 `  str   r2, [r2, #8]'
commitHead: sn:4996  ea:0 T0 : 00049368 `  add   r2, r2, #8'
commitHead: sn:4997  ea:0 T0 : 00049372 `  cmps   r2, r3'
commitHead: sn:4998  ea:0 T0 : 00049376 `  b   0xc0c8'
commitHead: sn:4999  ea:545620 T0 : 00049360 `  str   r2, [r2, #12]'
commitHead: sn:5000  ea:545616 T0 : 00049364 `  str   r2, [r2, #8]'
commitHead: sn:5001  ea:0 T0 : 00049368 `  add   r2, r2, #8'
commitHead: sn:5002  ea:0 T0 : 00049372 `  cmps   r2, r3'
commitHead: sn:5003  ea:0 T0 : 00049376 `  b   0xc0c8'
commitHead: sn:5004  ea:545628 T0 : 00049360 `  str   r2, [r2, #12]'
commitHead: sn:5005  ea:545624 T0 : 00049364 `  str   r2, [r2, #8]'
commitHead: sn:5006  ea:0 T0 : 00049368 `  add   r2, r2, #8'
commitHead: sn:5007  ea:0 T0 : 00049372 `  cmps   r2, r3'
commitHead: sn:5008  ea:0 T0 : 00049376 `  b   0xc0c8'
commitHead: sn:5009  ea:545636 T0 : 00049360 `  str   r2, [r2, #12]'
commitHead: sn:5010  ea:545632 T0 : 00049364 `  str   r2, [r2, #8]'
commitHead: sn:5011  ea:0 T0 : 00049368 `  add   r2, r2, #8'
commitHead: sn:5012  ea:0 T0 : 00049372 `  cmps   r2, r3'
commitHead: sn:5013  ea:0 T0 : 00049376 `  b   0xc0c8'
commitHead: sn:5014  ea:545644 T0 : 00049360 `  str   r2, [r2, #12]'
commitHead: sn:5015  ea:545640 T0 : 00049364 `  str   r2, [r2, #8]'
commitHead: sn:5016  ea:0 T0 : 00049368 `  add   r2, r2, #8'
commitHead: sn:5017  ea:0 T0 : 00049372 `  cmps   r2, r3'
commitHead: sn:5018  ea:0 T0 : 00049376 `  b   0xc0c8'
commitHead: sn:5019  ea:545652 T0 : 00049360 `  str   r2, [r2, #12]'
commitHead: sn:5020  ea:545648 T0 : 00049364 `  str   r2, [r2, #8]'
commitHead: sn:5021  ea:0 T0 : 00049368 `  add   r2, r2, #8'
commitHead: sn:5022  ea:0 T0 : 00049372 `  cmps   r2, r3'
commitHead: sn:5023  ea:0 T0 : 00049376 `  b   0xc0c8'
commitHead: sn:5024  ea:545660 T0 : 00049360 `  str   r2, [r2, #12]'
commitHead: sn:5025  ea:545656 T0 : 00049364 `  str   r2, [r2, #8]'
commitHead: sn:5026  ea:0 T0 : 00049368 `  add   r2, r2, #8'
commitHead: sn:5027  ea:0 T0 : 00049372 `  cmps   r2, r3'
commitHead: sn:5028  ea:0 T0 : 00049376 `  b   0xc0c8'
commitHead: sn:5029  ea:545668 T0 : 00049360 `  str   r2, [r2, #12]'
commitHead: sn:5030  ea:545664 T0 : 00049364 `  str   r2, [r2, #8]'
commitHead: sn:5031  ea:0 T0 : 00049368 `  add   r2, r2, #8'
commitHead: sn:5032  ea:0 T0 : 00049372 `  cmps   r2, r3'
commitHead: sn:5033  ea:0 T0 : 00049376 `  b   0xc0c8'
commitHead: sn:5034  ea:545676 T0 : 00049360 `  str   r2, [r2, #12]'
commitHead: sn:5035  ea:545672 T0 : 00049364 `  str   r2, [r2, #8]'
commitHead: sn:5036  ea:0 T0 : 00049368 `  add   r2, r2, #8'
commitHead: sn:5037  ea:0 T0 : 00049372 `  cmps   r2, r3'
commitHead: sn:5038  ea:0 T0 : 00049376 `  b   0xc0c8'
commitHead: sn:5039  ea:545684 T0 : 00049360 `  str   r2, [r2, #12]'
commitHead: sn:5040  ea:545680 T0 : 00049364 `  str   r2, [r2, #8]'
commitHead: sn:5041  ea:0 T0 : 00049368 `  add   r2, r2, #8'
commitHead: sn:5042  ea:0 T0 : 00049372 `  cmps   r2, r3'
commitHead: sn:5043  ea:0 T0 : 00049376 `  b   0xc0c8'
commitHead: sn:5044  ea:545692 T0 : 00049360 `  str   r2, [r2, #12]'
commitHead: sn:5045  ea:545688 T0 : 00049364 `  str   r2, [r2, #8]'
commitHead: sn:5046  ea:0 T0 : 00049368 `  add   r2, r2, #8'
commitHead: sn:5047  ea:0 T0 : 00049372 `  cmps   r2, r3'
commitHead: sn:5048  ea:0 T0 : 00049376 `  b   0xc0c8'
commitHead: sn:5049  ea:545700 T0 : 00049360 `  str   r2, [r2, #12]'
commitHead: sn:5050  ea:545696 T0 : 00049364 `  str   r2, [r2, #8]'
commitHead: sn:5051  ea:0 T0 : 00049368 `  add   r2, r2, #8'
commitHead: sn:5052  ea:0 T0 : 00049372 `  cmps   r2, r3'
commitHead: sn:5053  ea:0 T0 : 00049376 `  b   0xc0c8'
commitHead: sn:5054  ea:545708 T0 : 00049360 `  str   r2, [r2, #12]'
commitHead: sn:5055  ea:545704 T0 : 00049364 `  str   r2, [r2, #8]'
commitHead: sn:5056  ea:0 T0 : 00049368 `  add   r2, r2, #8'
commitHead: sn:5057  ea:0 T0 : 00049372 `  cmps   r2, r3'
commitHead: sn:5058  ea:0 T0 : 00049376 `  b   0xc0c8'
commitHead: sn:5059  ea:545716 T0 : 00049360 `  str   r2, [r2, #12]'
commitHead: sn:5060  ea:545712 T0 : 00049364 `  str   r2, [r2, #8]'
commitHead: sn:5061  ea:0 T0 : 00049368 `  add   r2, r2, #8'
commitHead: sn:5062  ea:0 T0 : 00049372 `  cmps   r2, r3'
commitHead: sn:5063  ea:0 T0 : 00049376 `  b   0xc0c8'
commitHead: sn:5064  ea:545724 T0 : 00049360 `  str   r2, [r2, #12]'
commitHead: sn:5065  ea:545720 T0 : 00049364 `  str   r2, [r2, #8]'
commitHead: sn:5066  ea:0 T0 : 00049368 `  add   r2, r2, #8'
commitHead: sn:5067  ea:0 T0 : 00049372 `  cmps   r2, r3'
commitHead: sn:5068  ea:0 T0 : 00049376 `  b   0xc0c8'
commitHead: sn:5069  ea:545732 T0 : 00049360 `  str   r2, [r2, #12]'
commitHead: sn:5070  ea:545728 T0 : 00049364 `  str   r2, [r2, #8]'
commitHead: sn:5071  ea:0 T0 : 00049368 `  add   r2, r2, #8'
commitHead: sn:5072  ea:0 T0 : 00049372 `  cmps   r2, r3'
commitHead: sn:5073  ea:0 T0 : 00049376 `  b   0xc0c8'
commitHead: sn:5074  ea:545740 T0 : 00049360 `  str   r2, [r2, #12]'
commitHead: sn:5075  ea:545736 T0 : 00049364 `  str   r2, [r2, #8]'
commitHead: sn:5076  ea:0 T0 : 00049368 `  add   r2, r2, #8'
commitHead: sn:5077  ea:0 T0 : 00049372 `  cmps   r2, r3'
commitHead: sn:5078  ea:0 T0 : 00049376 `  b   0xc0c8'
commitHead: sn:5079  ea:545748 T0 : 00049360 `  str   r2, [r2, #12]'
commitHead: sn:5080  ea:545744 T0 : 00049364 `  str   r2, [r2, #8]'
commitHead: sn:5081  ea:0 T0 : 00049368 `  add   r2, r2, #8'
commitHead: sn:5082  ea:0 T0 : 00049372 `  cmps   r2, r3'
commitHead: sn:5083  ea:0 T0 : 00049376 `  b   0xc0c8'
commitHead: sn:5084  ea:545756 T0 : 00049360 `  str   r2, [r2, #12]'
commitHead: sn:5085  ea:545752 T0 : 00049364 `  str   r2, [r2, #8]'
commitHead: sn:5086  ea:0 T0 : 00049368 `  add   r2, r2, #8'
commitHead: sn:5087  ea:0 T0 : 00049372 `  cmps   r2, r3'
commitHead: sn:5088  ea:0 T0 : 00049376 `  b   0xc0c8'
commitHead: sn:5089  ea:545764 T0 : 00049360 `  str   r2, [r2, #12]'
commitHead: sn:5090  ea:545760 T0 : 00049364 `  str   r2, [r2, #8]'
commitHead: sn:5091  ea:0 T0 : 00049368 `  add   r2, r2, #8'
commitHead: sn:5092  ea:0 T0 : 00049372 `  cmps   r2, r3'
commitHead: sn:5093  ea:0 T0 : 00049376 `  b   0xc0c8'
commitHead: sn:5094  ea:545772 T0 : 00049360 `  str   r2, [r2, #12]'
commitHead: sn:5095  ea:545768 T0 : 00049364 `  str   r2, [r2, #8]'
commitHead: sn:5096  ea:0 T0 : 00049368 `  add   r2, r2, #8'
commitHead: sn:5097  ea:0 T0 : 00049372 `  cmps   r2, r3'
commitHead: sn:5098  ea:0 T0 : 00049376 `  b   0xc0c8'
commitHead: sn:5099  ea:545780 T0 : 00049360 `  str   r2, [r2, #12]'
commitHead: sn:5100  ea:545776 T0 : 00049364 `  str   r2, [r2, #8]'
commitHead: sn:5101  ea:0 T0 : 00049368 `  add   r2, r2, #8'
commitHead: sn:5102  ea:0 T0 : 00049372 `  cmps   r2, r3'
commitHead: sn:5103  ea:0 T0 : 00049376 `  b   0xc0c8'
commitHead: sn:5104  ea:545788 T0 : 00049360 `  str   r2, [r2, #12]'
commitHead: sn:5105  ea:545784 T0 : 00049364 `  str   r2, [r2, #8]'
commitHead: sn:5106  ea:0 T0 : 00049368 `  add   r2, r2, #8'
commitHead: sn:5107  ea:0 T0 : 00049372 `  cmps   r2, r3'
commitHead: sn:5108  ea:0 T0 : 00049376 `  b   0xc0c8'
commitHead: sn:5109  ea:545796 T0 : 00049360 `  str   r2, [r2, #12]'
commitHead: sn:5110  ea:545792 T0 : 00049364 `  str   r2, [r2, #8]'
commitHead: sn:5111  ea:0 T0 : 00049368 `  add   r2, r2, #8'
commitHead: sn:5112  ea:0 T0 : 00049372 `  cmps   r2, r3'
commitHead: sn:5113  ea:0 T0 : 00049376 `  b   0xc0c8'
commitHead: sn:5114  ea:545804 T0 : 00049360 `  str   r2, [r2, #12]'
commitHead: sn:5115  ea:545800 T0 : 00049364 `  str   r2, [r2, #8]'
commitHead: sn:5116  ea:0 T0 : 00049368 `  add   r2, r2, #8'
commitHead: sn:5117  ea:0 T0 : 00049372 `  cmps   r2, r3'
commitHead: sn:5118  ea:0 T0 : 00049376 `  b   0xc0c8'
commitHead: sn:5119  ea:545812 T0 : 00049360 `  str   r2, [r2, #12]'
commitHead: sn:5120  ea:545808 T0 : 00049364 `  str   r2, [r2, #8]'
commitHead: sn:5121  ea:0 T0 : 00049368 `  add   r2, r2, #8'
commitHead: sn:5122  ea:0 T0 : 00049372 `  cmps   r2, r3'
commitHead: sn:5123  ea:0 T0 : 00049376 `  b   0xc0c8'
commitHead: sn:5124  ea:545820 T0 : 00049360 `  str   r2, [r2, #12]'
commitHead: sn:5125  ea:545816 T0 : 00049364 `  str   r2, [r2, #8]'
commitHead: sn:5126  ea:0 T0 : 00049368 `  add   r2, r2, #8'
commitHead: sn:5127  ea:0 T0 : 00049372 `  cmps   r2, r3'
commitHead: sn:5128  ea:0 T0 : 00049376 `  b   0xc0c8'
commitHead: sn:5129  ea:545828 T0 : 00049360 `  str   r2, [r2, #12]'
commitHead: sn:5130  ea:545824 T0 : 00049364 `  str   r2, [r2, #8]'
commitHead: sn:5131  ea:0 T0 : 00049368 `  add   r2, r2, #8'
commitHead: sn:5132  ea:0 T0 : 00049372 `  cmps   r2, r3'
commitHead: sn:5133  ea:0 T0 : 00049376 `  b   0xc0c8'
commitHead: sn:5134  ea:545836 T0 : 00049360 `  str   r2, [r2, #12]'
commitHead: sn:5135  ea:545832 T0 : 00049364 `  str   r2, [r2, #8]'
commitHead: sn:5136  ea:0 T0 : 00049368 `  add   r2, r2, #8'
commitHead: sn:5137  ea:0 T0 : 00049372 `  cmps   r2, r3'
commitHead: sn:5138  ea:0 T0 : 00049376 `  b   0xc0c8'
commitHead: sn:5139  ea:545844 T0 : 00049360 `  str   r2, [r2, #12]'
commitHead: sn:5140  ea:545840 T0 : 00049364 `  str   r2, [r2, #8]'
commitHead: sn:5141  ea:0 T0 : 00049368 `  add   r2, r2, #8'
commitHead: sn:5142  ea:0 T0 : 00049372 `  cmps   r2, r3'
commitHead: sn:5143  ea:0 T0 : 00049376 `  b   0xc0c8'
commitHead: sn:5144  ea:545852 T0 : 00049360 `  str   r2, [r2, #12]'
commitHead: sn:5145  ea:545848 T0 : 00049364 `  str   r2, [r2, #8]'
commitHead: sn:5146  ea:0 T0 : 00049368 `  add   r2, r2, #8'
commitHead: sn:5147  ea:0 T0 : 00049372 `  cmps   r2, r3'
commitHead: sn:5148  ea:0 T0 : 00049376 `  b   0xc0c8'
commitHead: sn:5149  ea:545860 T0 : 00049360 `  str   r2, [r2, #12]'
commitHead: sn:5150  ea:545856 T0 : 00049364 `  str   r2, [r2, #8]'
commitHead: sn:5151  ea:0 T0 : 00049368 `  add   r2, r2, #8'
commitHead: sn:5152  ea:0 T0 : 00049372 `  cmps   r2, r3'
commitHead: sn:5153  ea:0 T0 : 00049376 `  b   0xc0c8'
commitHead: sn:5154  ea:545868 T0 : 00049360 `  str   r2, [r2, #12]'
commitHead: sn:5155  ea:545864 T0 : 00049364 `  str   r2, [r2, #8]'
commitHead: sn:5156  ea:0 T0 : 00049368 `  add   r2, r2, #8'
commitHead: sn:5157  ea:0 T0 : 00049372 `  cmps   r2, r3'
commitHead: sn:5158  ea:0 T0 : 00049376 `  b   0xc0c8'
commitHead: sn:5159  ea:545876 T0 : 00049360 `  str   r2, [r2, #12]'
commitHead: sn:5160  ea:545872 T0 : 00049364 `  str   r2, [r2, #8]'
commitHead: sn:5161  ea:0 T0 : 00049368 `  add   r2, r2, #8'
commitHead: sn:5162  ea:0 T0 : 00049372 `  cmps   r2, r3'
commitHead: sn:5163  ea:0 T0 : 00049376 `  b   0xc0c8'
commitHead: sn:5164  ea:545884 T0 : 00049360 `  str   r2, [r2, #12]'
commitHead: sn:5165  ea:545880 T0 : 00049364 `  str   r2, [r2, #8]'
commitHead: sn:5166  ea:0 T0 : 00049368 `  add   r2, r2, #8'
commitHead: sn:5167  ea:0 T0 : 00049372 `  cmps   r2, r3'
commitHead: sn:5168  ea:0 T0 : 00049376 `  b   0xc0c8'
commitHead: sn:5169  ea:545892 T0 : 00049360 `  str   r2, [r2, #12]'
commitHead: sn:5170  ea:545888 T0 : 00049364 `  str   r2, [r2, #8]'
commitHead: sn:5171  ea:0 T0 : 00049368 `  add   r2, r2, #8'
commitHead: sn:5172  ea:0 T0 : 00049372 `  cmps   r2, r3'
commitHead: sn:5173  ea:0 T0 : 00049376 `  b   0xc0c8'
commitHead: sn:5244  ea:49744 T0 : 00049380 `  ldr   r3, [pc, #356]'
commitHead: sn:5245  ea:544872 T0 : 00049384 `  str   r1, [r10, #48]'
commitHead: sn:5246  ea:0 T0 : 00049388 `  cmps   r10, r3'
commitHead: sn:5247  ea:0 T0 : 00049392 `  moveq   r3, #72'
commitHead: sn:5248  ea:0 T0 : 00049396 `  ldrne   r2, [r10, #4]'
commitHead: sn:5249  ea:544828 T0 : 00049400 `  ldreq   r2, [r10, #4]'
commitHead: sn:5250  ea:0 T0 : 00049404 `  orrne   r2, r2, #2'
commitHead: sn:5251  ea:545972 T0 : 00049408 `  streq   r3, [r12, #0]'
commitHead: sn:5252  ea:0 T0 : 00049412 `  strne   r2, [r10, #4]'
commitHead: sn:5253  ea:0 T0 : 00049416 `  orr   r3, r2, #1'
commitHead: sn:5254  ea:544828 T0 : 00049420 `  str   r3, [r10, #4]'
commitHead: sn:5255  ea:0 T0 : 00049424 `  add   sp, sp, #12'
commitHead: sn:5256  ea:3204447332 T0 : 00049428 `  ldr2_uop   r4,r5, [sp, #0]'
commitHead: sn:5257  ea:3204447340 T0 : 00049428 `  ldr2_uop   r6,r7, [sp, #8]'
commitHead: sn:5258  ea:3204447348 T0 : 00049428 `  ldr2_uop   r8,r9, [sp, #16]'
commitHead: sn:5259  ea:3204447356 T0 : 00049428 `  ldr2_uop   r10,fp, [sp, #24]'
commitHead: sn:5260  ea:3204447364 T0 : 00049428 `  ldr_uop   r36, [sp, #32]'
commitHead: sn:5261  ea:0 T0 : 00049428 `  addi_uop   sp, sp, #36'
commitHead: sn:5262  ea:0 T0 : 00049428 `  uopReg_uop   pc, r36'
commitHead: sn:5263  ea:0 T0 : 00060268 `  b   0xe5ac'
commitHead: sn:5268  ea:62056 T0 : 00058804 `  ldr   fp, [pc, #3244]'
commitHead: sn:5269  ea:0 T0 : 00058808 `  add   r6, r8, #48'
commitHead: sn:5270  ea:0 T0 : 00058812 `  add   r1, r10, #16'
commitHead: sn:5271  ea:0 T0 : 00058816 `  mov   r7, #0'
commitHead: sn:5272  ea:3204447376 T0 : 00058820 `  str   r1, [sp, #8]'
commitHead: sn:5273  ea:0 T0 : 00058824 `  b   0xe618'
commitHead: sn:5287  ea:544884 T0 : 00058912 `  ldr   r4, [r6, #12]'
commitHead: sn:5288  ea:0 T0 : 00058916 `  cmps   r6, r4'
commitHead: sn:5289  ea:0 T0 : 00058920 `  b   0xe800'
commitHead: sn:5295  ea:0 T0 : 00059400 `  cmps   r10, fp'
commitHead: sn:5296  ea:0 T0 : 00059404 `  b   0xe970'
commitHead: sn:5297  ea:3204447388 T0 : 00059408 `  ldr   r1, [sp, #20]'
commitHead: sn:5298  ea:0 T0 : 00059412 `  add   r3, r1, #1'
commitHead: sn:5299  ea:0 T0 : 00059416 `  and   r2, r3, #31'
commitHead: sn:5300  ea:0 T0 : 00059420 `  mov   r12, r3, LSR #5'
commitHead: sn:5301  ea:0 T0 : 00059424 `  mov   r3, r3, LSL #3'
commitHead: sn:5302  ea:0 T0 : 00059428 `  sub   r3, r3, #16'
commitHead: sn:5303  ea:0 T0 : 00059432 `  add   r4, r12, #268'
commitHead: sn:5304  ea:0 T0 : 00059436 `  add   r1, r9, r3'
commitHead: sn:5305  ea:0 T0 : 00059440 `  mov   r3, #1'
commitHead: sn:5306  ea:545896 T0 : 00059444 `  ldr   r0, [r8, r4 LSL #2]'
commitHead: sn:5307  ea:0 T0 : 00059448 `  mov   r2, r3, LSL r2'
commitHead: sn:5308  ea:0 T0 : 00059452 `  rsbs   r3, r2, #1'
commitHead: sn:5309  ea:0 T0 : 00059456 `  movcc   r3, #0'
commitHead: sn:5310  ea:0 T0 : 00059460 `  cmps   r2, r0'
commitHead: sn:5311  ea:0 T0 : 00059464 `  orrhi   r3, r3, #1'
commitHead: sn:5312  ea:0 T0 : 00059468 `  cmps   r3, #0'
commitHead: sn:5313  ea:0 T0 : 00059472 `  b   0xe87c'
commitHead: sn:5314  ea:0 T0 : 00059476 `  mov   r3, r4, LSL #2'
commitHead: sn:5315  ea:0 T0 : 00059480 `  add   r3, r8, r3'
commitHead: sn:5316  ea:0 T0 : 00059484 `  add   r12, r12, #1'
commitHead: sn:5317  ea:0 T0 : 00059488 `  cmps   r12, #3'
commitHead: sn:5318  ea:0 T0 : 00059492 `  b   0xe8bc'
commitHead: sn:5319  ea:545900 T0 : 00059496 `  ldr   r0, [r3, #4]!'
commitHead: sn:5320  ea:0 T0 : 00059496 `  addi_uop   r3, r3, #4'
commitHead: sn:5321  ea:0 T0 : 00059500 `  cmps   r0, #0'
commitHead: sn:5322  ea:0 T0 : 00059504 `  b   0xe854'
commitHead: sn:5326  ea:0 T0 : 00059484 `  add   r12, r12, #1'
commitHead: sn:5327  ea:0 T0 : 00059488 `  cmps   r12, #3'
commitHead: sn:5328  ea:0 T0 : 00059492 `  b   0xe8bc'
commitHead: sn:5329  ea:545904 T0 : 00059496 `  ldr   r0, [r3, #4]!'
commitHead: sn:5330  ea:0 T0 : 00059496 `  addi_uop   r3, r3, #4'
commitHead: sn:5331  ea:0 T0 : 00059500 `  cmps   r0, #0'
commitHead: sn:5332  ea:0 T0 : 00059504 `  b   0xe854'
commitHead: sn:5333  ea:0 T0 : 00059484 `  add   r12, r12, #1'
commitHead: sn:5334  ea:0 T0 : 00059488 `  cmps   r12, #3'
commitHead: sn:5335  ea:0 T0 : 00059492 `  b   0xe8bc'
commitHead: sn:5336  ea:545908 T0 : 00059496 `  ldr   r0, [r3, #4]!'
commitHead: sn:5337  ea:0 T0 : 00059496 `  addi_uop   r3, r3, #4'
commitHead: sn:5338  ea:0 T0 : 00059500 `  cmps   r0, #0'
commitHead: sn:5339  ea:0 T0 : 00059504 `  b   0xe854'
commitHead: sn:5340  ea:0 T0 : 00059484 `  add   r12, r12, #1'
commitHead: sn:5341  ea:0 T0 : 00059488 `  cmps   r12, #3'
commitHead: sn:5342  ea:0 T0 : 00059492 `  b   0xe8bc'
commitHead: sn:5403  ea:544872 T0 : 00059588 `  ldr   r5, [r8, #48]'
commitHead: sn:5404  ea:0 T0 : 00059592 `  add   r0, r10, #16'
commitHead: sn:5405  ea:0 T0 : 00059596 `  mov   r7, r5'
commitHead: sn:5406  ea:544876 T0 : 00059600 `  ldr   r3, [r5, #4]'
commitHead: sn:5407  ea:3204447400 T0 : 00059604 `  str   r0, [sp, #32]'
commitHead: sn:5408  ea:0 T0 : 00059608 `  bic   r3, r3, #7'
commitHead: sn:5409  ea:0 T0 : 00059612 `  cmps   r3, r0'
commitHead: sn:5410  ea:3204447392 T0 : 00059616 `  str   r3, [sp, #24]'
commitHead: sn:5411  ea:0 T0 : 00059620 `  b   0xeb68'
commitHead: sn:5412  ea:544828 T0 : 00059624 `  ldr   r3, [r8, #4]'
commitHead: sn:5413  ea:0 T0 : 00059628 `  tsts   r3, #1'
commitHead: sn:5414  ea:0 T0 : 00059632 `  b   0xebb8'
commitHead: sn:5462  ea:62076 T0 : 00060352 `  ldr   r0, [pc, #1716]'
commitHead: sn:5463  ea:545932 T0 : 00060356 `  ldr   r3, [r0, #8]'
commitHead: sn:5464  ea:545952 T0 : 00060360 `  ldr   r2, [r0, #28]'
commitHead: sn:5465  ea:0 T0 : 00060364 `  cmps   r10, r3'
commitHead: sn:5466  ea:0 T0 : 00060368 `  sub   r2, r2, #1'
commitHead: sn:5467  ea:3204447396 T0 : 00060372 `  str   r2, [sp, #28]'
commitHead: sn:5468  ea:0 T0 : 00060376 `  b   0xee28'
commitHead: sn:5478  ea:0 T0 : 00060976 `  mov   fp, #0'
commitHead: sn:5479  ea:0 T0 : 00060980 `  b   0xec18'
commitHead: sn:5482  ea:62052 T0 : 00060448 `  ldr   r3, [pc, #1596]'
commitHead: sn:5483  ea:0 T0 : 00060452 `  cmps   r8, r3'
commitHead: sn:5484  ea:0 T0 : 00060456 `  b   0xef0c'
commitHead: sn:5490  ea:62076 T0 : 00061204 `  ldr   r0, [pc, #864]'
commitHead: sn:5491  ea:544828 T0 : 00061208 `  ldr   r2, [r8, #4]'
commitHead: sn:5492  ea:545928 T0 : 00061212 `  ldr   r3, [r0, #4]'
commitHead: sn:5493  ea:0 T0 : 00061216 `  ands   r2, r2, #2'
commitHead: sn:5494  ea:0 T0 : 00061220 `  add   r3, r3, #16'
commitHead: sn:5495  ea:3204447392 T0 : 00061224 `  ldreq   r1, [sp, #24]'
commitHead: sn:5496  ea:0 T0 : 00061228 `  add   r3, r3, r10'
commitHead: sn:5497  ea:3204447396 T0 : 00061232 `  ldr   r0, [sp, #28]'
commitHead: sn:5498  ea:0 T0 : 00061236 `  rsbeq   r3, r1, r3'
commitHead: sn:5499  ea:0 T0 : 00061240 `  add   r3, r3, r0'
commitHead: sn:5500  ea:0 T0 : 00061244 `  mvn   r1, r0'
commitHead: sn:5501  ea:0 T0 : 00061248 `  and   r6, r3, r1'
commitHead: sn:5502  ea:0 T0 : 00061252 `  cmps   r6, #0'
commitHead: sn:5503  ea:3204447404 T0 : 00061256 `  str   r1, [sp, #36]'
commitHead: sn:5504  ea:0 T0 : 00061260 `  b   0xefe0'
commitHead: sn:5505  ea:0 T0 : 00061264 `  mov   r0, r6'
commitHead: sn:5506  ea:62096 T0 : 00061268 `  ldr   r3, [pc, #820]'
commitHead: sn:5507  ea:0 T0 : 00061272 `  mov   lr, pc'
commitHead: sn:5508  ea:541860 T0 : 00061276 `  ldr   pc, [r3, #0]'
commitHead: sn:5533  ea:3204447364 T0 : 00072016 `  str   lr, [sp, #-4]!'
commitHead: sn:5534  ea:0 T0 : 00072016 `  subi_uop   sp, sp, #4'
commitHead: sn:5535  ea:0 T0 : 00072020 `  sub   sp, sp, #4'
commitHead: sn:5536  ea:0 T0 : 00072024 `  bl   0x12e28'
commitHead: sn:5549  ea:3204447348 T0 : 00077360 `  str_uop   r4, [sp, #12]'
commitHead: sn:5550  ea:3204447352 T0 : 00077360 `  str_uop   r5, [sp, #8]'
commitHead: sn:5551  ea:3204447356 T0 : 00077360 `  str_uop   lr, [sp, #4]'
commitHead: sn:5552  ea:0 T0 : 00077360 `  subi_uop   sp, sp, #12'
commitHead: sn:5553  ea:77476 T0 : 00077364 `  ldr   r4, [pc, #104]'
commitHead: sn:5554  ea:0 T0 : 00077368 `  sub   sp, sp, #4'
commitHead: sn:5555  ea:0 T0 : 00077372 `  mov   r5, r0'
commitHead: sn:5556  ea:547912 T0 : 00077376 `  ldr   r3, [r4, #0]'
commitHead: sn:5557  ea:0 T0 : 00077380 `  cmps   r3, #0'
commitHead: sn:5558  ea:0 T0 : 00077384 `  b   0x87b8'
commitHead: sn:5583  ea:77480 T0 : 00077388 `  ldr   r3, [pc, #84]'
commitHead: sn:5584  ea:541960 T0 : 00077392 `  ldr   r2, [r3, #0]'
commitHead: sn:5585  ea:0 T0 : 00077396 `  cmps   r2, #0'
commitHead: sn:5586  ea:0 T0 : 00077400 `  b   0x13dbc'
commitHead: sn:5587  ea:0 T0 : 00077404 `  cmps   r5, #0'
commitHead: sn:5588  ea:0 T0 : 00077408 `  ldreq   r4, [r4, #0]'
commitHead: sn:5589  ea:0 T0 : 00077412 `  b   0x14578'
commitHead: sn:5590  ea:547912 T0 : 00077452 `  ldr   r4, [r4, #0]'
commitHead: sn:5591  ea:0 T0 : 00077456 `  add   r0, r4, r5'
commitHead: sn:5592  ea:0 T0 : 00077460 `  bl   0x3301c'
commitHead: sn:5593  ea:3204447332 T0 : 00208932 `  str_uop   r4, [sp, #12]'
commitHead: sn:5594  ea:3204447336 T0 : 00208932 `  str_uop   r7, [sp, #8]'
commitHead: sn:5595  ea:3204447340 T0 : 00208932 `  str_uop   lr, [sp, #4]'
commitHead: sn:5596  ea:0 T0 : 00208932 `  subi_uop   sp, sp, #12'
commitHead: sn:5597  ea:0 T0 : 00208936 `  mov   r4, r0'
commitHead: sn:5598  ea:0 T0 : 00208940 `  mov   r7, #45'
commitHead: sn:5599  ea:0 T0 : 00208944 `  svc   #0'
commitHead: sn:5599  ea:0 T0 : 00208944 `  svc   #0'
commitHead: sn:5599  ea:0 T0 : 00208944 `  svc   #0'
commitHead: sn:5599  ea:0 T0 : 00208944 `  svc   #0'
commitHead: sn:5599  ea:0 T0 : 00208944 `  svc   #0'
commitHead: sn:5599  ea:0 T0 : 00208944 `  svc   #0'
commitHead: sn:5643  ea:0 T0 : 00208948 `  cmns   r0, #4096'
commitHead: sn:5644  ea:0 T0 : 00208952 `  mov   r3, r0'
commitHead: sn:5645  ea:0 T0 : 00208956 `  movls   r1, r0'
commitHead: sn:5646  ea:0 T0 : 00208960 `  b   0x33074'
commitHead: sn:5647  ea:209048 T0 : 00208964 `  ldr   r3, [pc, #76]'
commitHead: sn:5648  ea:0 T0 : 00208968 `  cmps   r4, r1'
commitHead: sn:5649  ea:547912 T0 : 00208972 `  str   r1, [r3, #0]'
commitHead: sn:5650  ea:0 T0 : 00208976 `  movls   r1, #0'
commitHead: sn:5651  ea:0 T0 : 00208980 `  b   0x33058'
commitHead: sn:5652  ea:0 T0 : 00208984 `  mov   r0, r1'
commitHead: sn:5653  ea:3204447332 T0 : 00208988 `  ldr2_uop   r4,r7, [sp, #0]'
commitHead: sn:5654  ea:3204447340 T0 : 00208988 `  ldr_uop   r36, [sp, #8]'
commitHead: sn:5655  ea:0 T0 : 00208988 `  addi_uop   sp, sp, #12'
commitHead: sn:5656  ea:0 T0 : 00208988 `  uopReg_uop   pc, r36'
commitHead: sn:5657  ea:0 T0 : 00077464 `  cmps   r0, #0'
commitHead: sn:5658  ea:0 T0 : 00077468 `  b   0x12e60'
commitHead: sn:5659  ea:0 T0 : 00077416 `  mov   r0, r4'
commitHead: sn:5660  ea:0 T0 : 00077420 `  add   sp, sp, #4'
commitHead: sn:5661  ea:3204447348 T0 : 00077424 `  ldr2_uop   r4,r5, [sp, #0]'
commitHead: sn:5662  ea:3204447356 T0 : 00077424 `  ldr_uop   r36, [sp, #8]'
commitHead: sn:5663  ea:0 T0 : 00077424 `  addi_uop   sp, sp, #12'
commitHead: sn:5664  ea:0 T0 : 00077424 `  uopReg_uop   pc, r36'
commitHead: sn:5665  ea:0 T0 : 00072028 `  cmns   r0, #1'
commitHead: sn:5666  ea:0 T0 : 00072032 `  moveq   r0, #0'
commitHead: sn:5667  ea:0 T0 : 00072036 `  add   sp, sp, #4'
commitHead: sn:5668  ea:3204447364 T0 : 00072040 `  ldr_uop   r36, [sp, #0]'
commitHead: sn:5669  ea:0 T0 : 00072040 `  addi_uop   sp, sp, #4'
commitHead: sn:5670  ea:0 T0 : 00072040 `  uopReg_uop   pc, r36'
commitHead: sn:5713  ea:0 T0 : 00061280 `  subs   r4, r0, #0'
commitHead: sn:5714  ea:0 T0 : 00061284 `  b   0xefd4'
commitHead: sn:5715  ea:62100 T0 : 00061288 `  ldr   r3, [pc, #804]'
commitHead: sn:5716  ea:544820 T0 : 00061292 `  ldr   r3, [r3, #0]'
commitHead: sn:5717  ea:0 T0 : 00061296 `  cmps   r3, #0'
commitHead: sn:5718  ea:0 T0 : 00061300 `  b   0xc67c'
commitHead: sn:5753  ea:0 T0 : 00061308 `  mov   r9, #0'
commitHead: sn:5754  ea:0 T0 : 00061312 `  mov   r1, #1'
commitHead: sn:5755  ea:62076 T0 : 00061316 `  ldr   r2, [pc, #752]'
commitHead: sn:5756  ea:62052 T0 : 00061320 `  ldr   r0, [pc, #724]'
commitHead: sn:5757  ea:545968 T0 : 00061324 `  ldr   r3, [r2, #44]'
commitHead: sn:5758  ea:0 T0 : 00061328 `  cmps   r3, #0'
commitHead: sn:5759  ea:0 T0 : 00061332 `  moveq   r3, r2'
commitHead: sn:5760  ea:545916 T0 : 00061336 `  ldr   r2, [r0, #1092]'
commitHead: sn:5761  ea:545968 T0 : 00061340 `  streq   r4, [r3, #44]'
commitHead: sn:5762  ea:3204447392 T0 : 00061344 `  ldr   r3, [sp, #24]'
commitHead: sn:5763  ea:0 T0 : 00061348 `  add   lr, r6, r2'
commitHead: sn:5764  ea:0 T0 : 00061352 `  add   r12, r5, r3'
commitHead: sn:5765  ea:0 T0 : 00061356 `  cmps   r12, r4'
commitHead: sn:5766  ea:0 T0 : 00061360 `  movne   r3, #0'
commitHead: sn:5767  ea:0 T0 : 00061364 `  andeq   r3, r1, #1'
commitHead: sn:5768  ea:0 T0 : 00061368 `  cmps   r3, #0'
commitHead: sn:5769  ea:545916 T0 : 00061372 `  str   lr, [r0, #1092]'
commitHead: sn:5770  ea:0 T0 : 00061376 `  b   0xf018'
commitHead: sn:5777  ea:62052 T0 : 00061472 `  ldr   r2, [pc, #572]'
commitHead: sn:5778  ea:544828 T0 : 00061476 `  ldr   r3, [r2, #4]'
commitHead: sn:5779  ea:3204447392 T0 : 00061480 `  ldr   r2, [sp, #24]'
commitHead: sn:5780  ea:0 T0 : 00061484 `  mov   r3, r3, LSR #1'
commitHead: sn:5781  ea:0 T0 : 00061488 `  eor   r3, r3, #1'
commitHead: sn:5782  ea:0 T0 : 00061492 `  subs   fp, r2, #0'
commitHead: sn:5783  ea:0 T0 : 00061496 `  movne   fp, #1'
commitHead: sn:5784  ea:0 T0 : 00061500 `  and   r0, r3, #1'
commitHead: sn:5785  ea:0 T0 : 00061504 `  tsts   r0, fp'
commitHead: sn:5786  ea:0 T0 : 00061508 `  b   0xf148'
commitHead: sn:5801  ea:0 T0 : 00061776 `  cmps   r0, #0'
commitHead: sn:5802  ea:0 T0 : 00061780 `  b   0xf048'
commitHead: sn:5813  ea:0 T0 : 00061520 `  cmps   fp, #0'
commitHead: sn:5814  ea:0 T0 : 00061524 `  rsbne   r3, r12, r4'
commitHead: sn:5815  ea:0 T0 : 00061528 `  ldrne   r0, [pc, #516]'
commitHead: sn:5816  ea:0 T0 : 00061532 `  addne   r3, r3, lr'
commitHead: sn:5817  ea:3204447392 T0 : 00061536 `  ldr   r2, [sp, #24]'
commitHead: sn:5818  ea:0 T0 : 00061540 `  strne   r3, [r0, #1092]'
commitHead: sn:5819  ea:0 T0 : 00061544 `  ands   r3, r4, #7'
commitHead: sn:5820  ea:0 T0 : 00061548 `  rsbne   r3, r3, #8'
commitHead: sn:5821  ea:0 T0 : 00061552 `  moveq   r1, r3'
commitHead: sn:5822  ea:0 T0 : 00061556 `  movne   r1, r3'
commitHead: sn:5823  ea:0 T0 : 00061560 `  add   r1, r1, r2'
commitHead: sn:5824  ea:0 T0 : 00061564 `  add   r2, r1, r6'
commitHead: sn:5825  ea:3204447396 T0 : 00061568 `  ldr   r0, [sp, #28]'
commitHead: sn:5826  ea:0 T0 : 00061572 `  add   r2, r4, r2'
commitHead: sn:5827  ea:0 T0 : 00061576 `  addne   r7, r4, r3'
commitHead: sn:5828  ea:0 T0 : 00061580 `  add   r3, r2, r0'
commitHead: sn:5829  ea:3204447404 T0 : 00061584 `  ldr   r0, [sp, #36]'
commitHead: sn:5830  ea:0 T0 : 00061588 `  rsb   r1, r2, r1'
commitHead: sn:5831  ea:0 T0 : 00061592 `  and   r3, r3, r0'
commitHead: sn:5832  ea:0 T0 : 00061596 `  moveq   r7, r4'
commitHead: sn:5833  ea:0 T0 : 00061600 `  add   r4, r1, r3'
commitHead: sn:5834  ea:62096 T0 : 00061604 `  ldr   r6, [pc, #484]'
commitHead: sn:5835  ea:0 T0 : 00061608 `  mov   r0, r4'
commitHead: sn:5836  ea:0 T0 : 00061612 `  mov   lr, pc'
commitHead: sn:5837  ea:541860 T0 : 00061616 `  ldr   pc, [r6, #0]'
commitHead: sn:5841  ea:3204447364 T0 : 00072016 `  str   lr, [sp, #-4]!'
commitHead: sn:5842  ea:0 T0 : 00072016 `  subi_uop   sp, sp, #4'
commitHead: sn:5843  ea:0 T0 : 00072020 `  sub   sp, sp, #4'
commitHead: sn:5844  ea:0 T0 : 00072024 `  bl   0x12e28'
commitHead: sn:5845  ea:3204447348 T0 : 00077360 `  str_uop   r4, [sp, #12]'
commitHead: sn:5846  ea:3204447352 T0 : 00077360 `  str_uop   r5, [sp, #8]'
commitHead: sn:5847  ea:3204447356 T0 : 00077360 `  str_uop   lr, [sp, #4]'
commitHead: sn:5848  ea:0 T0 : 00077360 `  subi_uop   sp, sp, #12'
commitHead: sn:5849  ea:77476 T0 : 00077364 `  ldr   r4, [pc, #104]'
commitHead: sn:5850  ea:0 T0 : 00077368 `  sub   sp, sp, #4'
commitHead: sn:5851  ea:0 T0 : 00077372 `  mov   r5, r0'
commitHead: sn:5852  ea:547912 T0 : 00077376 `  ldr   r3, [r4, #0]'
commitHead: sn:5853  ea:0 T0 : 00077380 `  cmps   r3, #0'
commitHead: sn:5854  ea:0 T0 : 00077384 `  b   0x87b8'
commitHead: sn:5855  ea:77480 T0 : 00077388 `  ldr   r3, [pc, #84]'
commitHead: sn:5856  ea:541960 T0 : 00077392 `  ldr   r2, [r3, #0]'
commitHead: sn:5857  ea:0 T0 : 00077396 `  cmps   r2, #0'
commitHead: sn:5858  ea:0 T0 : 00077400 `  b   0x13dbc'
commitHead: sn:5859  ea:0 T0 : 00077404 `  cmps   r5, #0'
commitHead: sn:5860  ea:0 T0 : 00077408 `  ldreq   r4, [r4, #0]'
commitHead: sn:5861  ea:0 T0 : 00077412 `  b   0x14578'
commitHead: sn:5862  ea:547912 T0 : 00077452 `  ldr   r4, [r4, #0]'
commitHead: sn:5863  ea:0 T0 : 00077456 `  add   r0, r4, r5'
commitHead: sn:5864  ea:0 T0 : 00077460 `  bl   0x3301c'
commitHead: sn:5865  ea:3204447332 T0 : 00208932 `  str_uop   r4, [sp, #12]'
commitHead: sn:5866  ea:3204447336 T0 : 00208932 `  str_uop   r7, [sp, #8]'
commitHead: sn:5867  ea:3204447340 T0 : 00208932 `  str_uop   lr, [sp, #4]'
commitHead: sn:5868  ea:0 T0 : 00208932 `  subi_uop   sp, sp, #12'
commitHead: sn:5869  ea:0 T0 : 00208936 `  mov   r4, r0'
commitHead: sn:5870  ea:0 T0 : 00208940 `  mov   r7, #45'
commitHead: sn:5871  ea:0 T0 : 00208944 `  svc   #0'
commitHead: sn:5871  ea:0 T0 : 00208944 `  svc   #0'
commitHead: sn:5871  ea:0 T0 : 00208944 `  svc   #0'
commitHead: sn:5871  ea:0 T0 : 00208944 `  svc   #0'
commitHead: sn:5871  ea:0 T0 : 00208944 `  svc   #0'
commitHead: sn:5871  ea:0 T0 : 00208944 `  svc   #0'
commitHead: sn:5915  ea:0 T0 : 00208948 `  cmns   r0, #4096'
commitHead: sn:5916  ea:0 T0 : 00208952 `  mov   r3, r0'
commitHead: sn:5917  ea:0 T0 : 00208956 `  movls   r1, r0'
commitHead: sn:5918  ea:0 T0 : 00208960 `  b   0x33074'
commitHead: sn:5919  ea:209048 T0 : 00208964 `  ldr   r3, [pc, #76]'
commitHead: sn:5920  ea:0 T0 : 00208968 `  cmps   r4, r1'
commitHead: sn:5921  ea:547912 T0 : 00208972 `  str   r1, [r3, #0]'
commitHead: sn:5922  ea:0 T0 : 00208976 `  movls   r1, #0'
commitHead: sn:5923  ea:0 T0 : 00208980 `  b   0x33058'
commitHead: sn:5924  ea:0 T0 : 00208984 `  mov   r0, r1'
commitHead: sn:5925  ea:3204447332 T0 : 00208988 `  ldr2_uop   r4,r7, [sp, #0]'
commitHead: sn:5926  ea:3204447340 T0 : 00208988 `  ldr_uop   r36, [sp, #8]'
commitHead: sn:5927  ea:0 T0 : 00208988 `  addi_uop   sp, sp, #12'
commitHead: sn:5928  ea:0 T0 : 00208988 `  uopReg_uop   pc, r36'
commitHead: sn:5929  ea:0 T0 : 00077464 `  cmps   r0, #0'
commitHead: sn:5930  ea:0 T0 : 00077468 `  b   0x12e60'
commitHead: sn:5931  ea:0 T0 : 00077416 `  mov   r0, r4'
commitHead: sn:5932  ea:0 T0 : 00077420 `  add   sp, sp, #4'
commitHead: sn:5933  ea:3204447348 T0 : 00077424 `  ldr2_uop   r4,r5, [sp, #0]'
commitHead: sn:5934  ea:3204447356 T0 : 00077424 `  ldr_uop   r36, [sp, #8]'
commitHead: sn:5935  ea:0 T0 : 00077424 `  addi_uop   sp, sp, #12'
commitHead: sn:5936  ea:0 T0 : 00077424 `  uopReg_uop   pc, r36'
commitHead: sn:5937  ea:0 T0 : 00072028 `  cmns   r0, #1'
commitHead: sn:5938  ea:0 T0 : 00072032 `  moveq   r0, #0'
commitHead: sn:5939  ea:0 T0 : 00072036 `  add   sp, sp, #4'
commitHead: sn:5940  ea:3204447364 T0 : 00072040 `  ldr_uop   r36, [sp, #0]'
commitHead: sn:5941  ea:0 T0 : 00072040 `  addi_uop   sp, sp, #4'
commitHead: sn:5942  ea:0 T0 : 00072040 `  uopReg_uop   pc, r36'
commitHead: sn:5967  ea:0 T0 : 00061620 `  subs   r9, r0, #0'
commitHead: sn:5968  ea:0 T0 : 00061624 `  b   0x87ac'
commitHead: sn:5969  ea:62100 T0 : 00061628 `  ldr   r3, [pc, #464]'
commitHead: sn:5970  ea:544820 T0 : 00061632 `  ldr   r3, [r3, #0]'
commitHead: sn:5971  ea:0 T0 : 00061636 `  cmps   r3, #0'
commitHead: sn:5972  ea:0 T0 : 00061640 `  b   0xc67c'
commitHead: sn:5986  ea:0 T0 : 00061648 `  add   r3, r9, r4'
commitHead: sn:5987  ea:0 T0 : 00061652 `  rsb   r3, r7, r3'
commitHead: sn:5988  ea:0 T0 : 00061656 `  orr   r3, r3, #1'
commitHead: sn:5989  ea:552164 T0 : 00061660 `  str   r3, [r7, #4]'
commitHead: sn:5990  ea:62052 T0 : 00061664 `  ldr   r3, [pc, #380]'
commitHead: sn:5991  ea:0 T0 : 00061668 `  cmps   fp, #0'
commitHead: sn:5992  ea:545916 T0 : 00061672 `  ldr   r2, [r3, #1092]'
commitHead: sn:5993  ea:544872 T0 : 00061676 `  str   r7, [r3, #48]'
commitHead: sn:5994  ea:0 T0 : 00061680 `  add   r2, r4, r2'
commitHead: sn:5995  ea:545916 T0 : 00061684 `  str   r2, [r3, #1092]'
commitHead: sn:5996  ea:0 T0 : 00061688 `  b   0xf010'
commitHead: sn:5997  ea:544872 T0 : 00061464 `  ldr   r5, [r8, #48]'
commitHead: sn:5998  ea:0 T0 : 00061468 `  b   0xecac'
commitHead: sn:6007  ea:545916 T0 : 00060596 `  ldr   r2, [r8, #1092]'
commitHead: sn:6008  ea:545920 T0 : 00060600 `  ldr   r3, [r8, #1096]'
commitHead: sn:6009  ea:3204447400 T0 : 00060604 `  ldr   r1, [sp, #32]'
commitHead: sn:6010  ea:0 T0 : 00060608 `  cmps   r2, r3'
commitHead: sn:6011  ea:545920 T0 : 00060612 `  strhi   r2, [r8, #1096]'
commitHead: sn:6012  ea:552164 T0 : 00060616 `  ldr   r3, [r5, #4]'
commitHead: sn:6013  ea:0 T0 : 00060620 `  bic   r2, r3, #7'
commitHead: sn:6014  ea:0 T0 : 00060624 `  cmps   r1, r2'
commitHead: sn:6015  ea:0 T0 : 00060628 `  b   0xeea0'
commitHead: sn:6016  ea:62052 T0 : 00060632 `  ldr   r3, [pc, #1412]'
commitHead: sn:6017  ea:0 T0 : 00060636 `  add   r0, r5, r10'
commitHead: sn:6018  ea:0 T0 : 00060640 `  cmps   r8, r3'
commitHead: sn:6019  ea:0 T0 : 00060644 `  add   r4, r5, #8'
commitHead: sn:6020  ea:0 T0 : 00060648 `  movne   r1, #4'
commitHead: sn:6021  ea:0 T0 : 00060652 `  moveq   r1, #0'
commitHead: sn:6022  ea:0 T0 : 00060656 `  rsb   r2, r10, r2'
commitHead: sn:6023  ea:0 T0 : 00060660 `  orr   r3, r10, #1'
commitHead: sn:6024  ea:0 T0 : 00060664 `  orr   r3, r3, r1'
commitHead: sn:6025  ea:0 T0 : 00060668 `  orr   r2, r2, #1'
commitHead: sn:6026  ea:552164 T0 : 00060672 `  str   r3, [r5, #4]'
commitHead: sn:6027  ea:544872 T0 : 00060676 `  str   r0, [r8, #48]'
commitHead: sn:6028  ea:552188 T0 : 00060680 `  str   r2, [r0, #4]'
commitHead: sn:6029  ea:0 T0 : 00060684 `  cmps   r4, #0'
commitHead: sn:6030  ea:0 T0 : 00060688 `  b   0xe52c'
commitHead: sn:6031  ea:62048 T0 : 00060692 `  ldr   r3, [pc, #1348]'
commitHead: sn:6032  ea:545976 T0 : 00060696 `  ldr   r1, [r3, #0]'
commitHead: sn:6033  ea:0 T0 : 00060700 `  cmps   r1, #0'
commitHead: sn:6034  ea:0 T0 : 00060704 `  b   0xe938'
commitHead: sn:6035  ea:0 T0 : 00060708 `  mov   r5, r4'
commitHead: sn:6036  ea:0 T0 : 00060712 `  b   0xe4a8'
commitHead: sn:6042  ea:0 T0 : 00058544 `  mov   r0, r5'
commitHead: sn:6043  ea:0 T0 : 00058548 `  add   sp, sp, #44'
commitHead: sn:6044  ea:3204447412 T0 : 00058552 `  ldr2_uop   r4,r5, [sp, #0]'
commitHead: sn:6045  ea:3204447420 T0 : 00058552 `  ldr2_uop   r6,r7, [sp, #8]'
commitHead: sn:6046  ea:3204447428 T0 : 00058552 `  ldr2_uop   r8,r9, [sp, #16]'
commitHead: sn:6047  ea:3204447436 T0 : 00058552 `  ldr2_uop   r10,fp, [sp, #24]'
commitHead: sn:6048  ea:3204447444 T0 : 00058552 `  ldr_uop   r36, [sp, #32]'
commitHead: sn:6049  ea:0 T0 : 00058552 `  addi_uop   sp, sp, #36'
commitHead: sn:6050  ea:0 T0 : 00058552 `  uopReg_uop   pc, r36'
commitHead: sn:6067  ea:0 T0 : 00068000 `  subs   r5, r0, #0'
commitHead: sn:6068  ea:0 T0 : 00068004 `  b   0x10a08'
commitHead: sn:6069  ea:544824 T0 : 00068008 `  ldr   r6, [r7, #0]'
commitHead: sn:6070  ea:0 T0 : 00068012 `  mov   r1, #0'
commitHead: sn:6071  ea:0 T0 : 00068016 `  mov   r2, r7'
commitHead: sn:6072  ea:0 T0 : 00068020 `  mov   r4, r6'
commitHead: sn:6073  ea:544824 T0 : 00068024 `  ldr   r3, [r2, #0]'
commitHead: sn:6074  ea:0 T0 : 00068028 `  cmps   r3, r4'
commitHead: sn:6075  ea:0 T0 : 00068032 `  b   0x13dbc'
commitHead: sn:6076  ea:0 T0 : 00068036 `  mov   r0, r4'
commitHead: sn:6077  ea:0 T0 : 00068040 `  mvn   r3, #61440'
commitHead: sn:6078  ea:0 T0 : 00068044 `  mov   lr, pc'
commitHead: sn:6079  ea:0 T0 : 00068048 `  sub   pc, r3, #63'
commitHead: sn:6117  ea:544824 T0 : 4294905792 `  ldrex   r3, [r2, #0]'
commitHead: sn:6118  ea:0 T0 : 4294905796 `  subs   r3, r3, r0'
commitHead: sn:6119  ea:0 T0 : 4294905800 `  strexeq   r3, r1, [r2, #0]'
commitHead: sn:6119  ea:0 T0 : 4294905800 `  strexeq   r3, r1, [r2, #0]'
commitHead: sn:6119  ea:544824 T0 : 4294905800 `  strexeq   r3, r1, [r2, #0]'
commitHead: sn:6120  ea:0 T0 : 4294905804 `  teqseq   r3, #1'
commitHead: sn:6121  ea:0 T0 : 4294905808 `  b   0x1a22c'
commitHead: sn:6122  ea:0 T0 : 4294905812 `  rsbs   r0, r3, #0'
commitHead: sn:6123  ea:0 T0 : 4294905816 `  dmb   #0'
commitHead: sn:6123  ea:0 T0 : 4294905816 `  dmb   #0'
commitHead: sn:6123  ea:0 T0 : 4294905816 `  dmb   #0'
commitHead: sn:6124  ea:0 T0 : 4294905820 `  mov   pc, lr'
commitHead: sn:6155  ea:0 T0 : 00068052 `  b   0x13d98'
commitHead: sn:6156  ea:0 T0 : 00068056 `  mov   r3, r4'
commitHead: sn:6157  ea:0 T0 : 00068060 `  cmps   r6, r3'
commitHead: sn:6158  ea:0 T0 : 00068064 `  b   0x109a0'
commitHead: sn:6159  ea:0 T0 : 00068068 `  cmps   r6, #1'
commitHead: sn:6160  ea:0 T0 : 00068072 `  b   0x1091c'
commitHead: sn:6200  ea:0 T0 : 00067876 `  mov   r0, r5'
commitHead: sn:6201  ea:0 T0 : 00067880 `  add   sp, sp, #4'
commitHead: sn:6202  ea:3204447452 T0 : 00067884 `  ldr2_uop   r4,r5, [sp, #0]'
commitHead: sn:6203  ea:3204447460 T0 : 00067884 `  ldr2_uop   r6,r7, [sp, #8]'
commitHead: sn:6204  ea:3204447468 T0 : 00067884 `  ldr2_uop   r8,r10, [sp, #16]'
commitHead: sn:6205  ea:3204447476 T0 : 00067884 `  ldr_uop   r36, [sp, #24]'
commitHead: sn:6206  ea:0 T0 : 00067884 `  addi_uop   sp, sp, #28'
commitHead: sn:6207  ea:0 T0 : 00067884 `  uopReg_uop   pc, r36'
commitHead: sn:6214  ea:0 T0 : 00067872 `  mov   r5, r0'
commitHead: sn:6215  ea:0 T0 : 00067876 `  mov   r0, r5'
commitHead: sn:6216  ea:0 T0 : 00067880 `  add   sp, sp, #4'
commitHead: sn:6217  ea:3204447484 T0 : 00067884 `  ldr2_uop   r4,r5, [sp, #0]'
commitHead: sn:6218  ea:3204447492 T0 : 00067884 `  ldr2_uop   r6,r7, [sp, #8]'
commitHead: sn:6219  ea:3204447500 T0 : 00067884 `  ldr2_uop   r8,r10, [sp, #16]'
commitHead: sn:6220  ea:3204447508 T0 : 00067884 `  ldr_uop   r36, [sp, #24]'
commitHead: sn:6221  ea:0 T0 : 00067884 `  addi_uop   sp, sp, #28'
commitHead: sn:6222  ea:0 T0 : 00067884 `  uopReg_uop   pc, r36'
commitHead: sn:6225  ea:0 T0 : 00221860 `  cmps   r0, #0'
commitHead: sn:6226  ea:0 T0 : 00221864 `  mov   r6, r0'
commitHead: sn:6227  ea:540664 T0 : 00221868 `  str   r0, [r8, #0]'
commitHead: sn:6228  ea:0 T0 : 00221872 `  mov   r7, r0'
commitHead: sn:6229  ea:0 T0 : 00221876 `  b   0x364e8'
commitHead: sn:6230  ea:540656 T0 : 00221880 `  ldr   r3, [r9, #0]'
commitHead: sn:6231  ea:222480 T0 : 00221884 `  ldr   r2, [pc, #588]'
commitHead: sn:6232  ea:0 T0 : 00221888 `  mov   r3, r3, LSL #2'
commitHead: sn:6233  ea:0 T0 : 00221892 `  add   r3, r3, #39'
commitHead: sn:6234  ea:0 T0 : 00221896 `  umull   '
commitHead: sn:6235  ea:0 T0 : 00221900 `  mov   r4, r1, LSR #4'
commitHead: sn:6236  ea:0 T0 : 00221904 `  mov   r5, r4, LSL #4'
commitHead: sn:6237  ea:0 T0 : 00221908 `  mov   r0, r4, LSL #6'
commitHead: sn:6238  ea:0 T0 : 00221912 `  add   r0, r5, r0'
commitHead: sn:6239  ea:0 T0 : 00221916 `  mov   r3, r0, LSL #4'
commitHead: sn:6240  ea:0 T0 : 00221920 `  add   r0, r0, r3'
commitHead: sn:6241  ea:0 T0 : 00221924 `  bl   0x108f4'
commitHead: sn:6242  ea:68676 T0 : 00067836 `  ldr   r3, [pc, #832]'
commitHead: sn:6243  ea:3204447484 T0 : 00067840 `  str_uop   r4, [sp, #28]'
commitHead: sn:6244  ea:3204447488 T0 : 00067840 `  str_uop   r5, [sp, #24]'
commitHead: sn:6245  ea:3204447492 T0 : 00067840 `  str_uop   r6, [sp, #20]'
commitHead: sn:6246  ea:3204447496 T0 : 00067840 `  str_uop   r7, [sp, #16]'
commitHead: sn:6247  ea:3204447500 T0 : 00067840 `  str_uop   r8, [sp, #12]'
commitHead: sn:6248  ea:3204447504 T0 : 00067840 `  str_uop   r10, [sp, #8]'
commitHead: sn:6249  ea:3204447508 T0 : 00067840 `  str_uop   lr, [sp, #4]'
commitHead: sn:6250  ea:0 T0 : 00067840 `  subi_uop   sp, sp, #28'
commitHead: sn:6251  ea:0 T0 : 00067844 `  mov   r1, lr'
commitHead: sn:6252  ea:541864 T0 : 00067848 `  ldr   r4, [r3, #0]'
commitHead: sn:6253  ea:0 T0 : 00067852 `  sub   sp, sp, #4'
commitHead: sn:6254  ea:0 T0 : 00067856 `  cmps   r4, #0'
commitHead: sn:6255  ea:0 T0 : 00067860 `  mov   r6, r0'
commitHead: sn:6256  ea:0 T0 : 00067864 `  b   0x11990'
commitHead: sn:6257  ea:68680 T0 : 00067888 `  ldr   r3, [pc, #784]'
commitHead: sn:6258  ea:0 T0 : 00067892 `  bl   0x8a48'
commitHead: sn:6259  ea:0 T0 : 00035408 `  mvn   r0, #61440'
commitHead: sn:6260  ea:0 T0 : 00035412 `  sub   pc, r0, #31'
commitHead: sn:6299  ea:0 T0 : 4294905824 `  mrc   r0, tpidruro'
commitHead: sn:6300  ea:0 T0 : 4294905828 `  mov   pc, lr'
commitHead: sn:6301  ea:540684 T0 : 00067896 `  ldr   r3, [pc, r3]'
commitHead: sn:6302  ea:550076 T0 : 00067900 `  ldr   r7, [r0, r3]'
commitHead: sn:6303  ea:0 T0 : 00067904 `  cmps   r7, #0'
commitHead: sn:6304  ea:0 T0 : 00067908 `  b   0x10974'
commitHead: sn:6305  ea:0 T0 : 00067912 `  mov   r1, #1'
commitHead: sn:6306  ea:0 T0 : 00067916 `  mov   r2, r7'
commitHead: sn:6307  ea:544824 T0 : 00067920 `  ldr   r3, [r2, #0]'
commitHead: sn:6308  ea:0 T0 : 00067924 `  cmps   r3, r4'
commitHead: sn:6309  ea:0 T0 : 00067928 `  b   0x13dbc'
commitHead: sn:6310  ea:0 T0 : 00067932 `  mov   r0, r4'
commitHead: sn:6311  ea:0 T0 : 00067936 `  mvn   r3, #61440'
commitHead: sn:6312  ea:0 T0 : 00067940 `  mov   lr, pc'
commitHead: sn:6313  ea:0 T0 : 00067944 `  sub   pc, r3, #63'
commitHead: sn:6338  ea:544824 T0 : 4294905792 `  ldrex   r3, [r2, #0]'
commitHead: sn:6339  ea:0 T0 : 4294905796 `  subs   r3, r3, r0'
commitHead: sn:6340  ea:0 T0 : 4294905800 `  strexeq   r3, r1, [r2, #0]'
commitHead: sn:6340  ea:0 T0 : 4294905800 `  strexeq   r3, r1, [r2, #0]'
commitHead: sn:6340  ea:544824 T0 : 4294905800 `  strexeq   r3, r1, [r2, #0]'
commitHead: sn:6341  ea:0 T0 : 4294905804 `  teqseq   r3, #1'
commitHead: sn:6342  ea:0 T0 : 4294905808 `  b   0x1a22c'
commitHead: sn:6343  ea:0 T0 : 4294905812 `  rsbs   r0, r3, #0'
commitHead: sn:6344  ea:0 T0 : 4294905816 `  dmb   #0'
commitHead: sn:6344  ea:0 T0 : 4294905816 `  dmb   #0'
commitHead: sn:6344  ea:0 T0 : 4294905816 `  dmb   #0'
commitHead: sn:6345  ea:0 T0 : 4294905820 `  mov   pc, lr'
commitHead: sn:6384  ea:0 T0 : 00067948 `  b   0x13d98'
commitHead: sn:6385  ea:0 T0 : 00067952 `  mov   r3, r4'
commitHead: sn:6386  ea:0 T0 : 00067956 `  cmps   r3, #0'
commitHead: sn:6387  ea:0 T0 : 00067960 `  b   0x1098c'
commitHead: sn:6388  ea:0 T0 : 00067988 `  mov   r0, r7'
commitHead: sn:6389  ea:0 T0 : 00067992 `  mov   r1, r6'
commitHead: sn:6390  ea:0 T0 : 00067996 `  bl   0xe418'
commitHead: sn:6391  ea:3204447444 T0 : 00058400 `  str_uop   r4, [sp, #36]'
commitHead: sn:6392  ea:3204447448 T0 : 00058400 `  str_uop   r5, [sp, #32]'
commitHead: sn:6393  ea:3204447452 T0 : 00058400 `  str_uop   r6, [sp, #28]'
commitHead: sn:6394  ea:3204447456 T0 : 00058400 `  str_uop   r7, [sp, #24]'
commitHead: sn:6395  ea:3204447460 T0 : 00058400 `  str_uop   r8, [sp, #20]'
commitHead: sn:6396  ea:3204447464 T0 : 00058400 `  str_uop   r9, [sp, #16]'
commitHead: sn:6397  ea:3204447468 T0 : 00058400 `  str_uop   r10, [sp, #12]'
commitHead: sn:6398  ea:3204447472 T0 : 00058400 `  str_uop   fp, [sp, #8]'
commitHead: sn:6399  ea:3204447476 T0 : 00058400 `  str_uop   lr, [sp, #4]'
commitHead: sn:6400  ea:0 T0 : 00058400 `  subi_uop   sp, sp, #36'
commitHead: sn:6401  ea:0 T0 : 00058404 `  cmns   r1, #33'
commitHead: sn:6402  ea:0 T0 : 00058408 `  sub   sp, sp, #44'
commitHead: sn:6403  ea:0 T0 : 00058412 `  mov   r8, r0'
commitHead: sn:6404  ea:3204447416 T0 : 00058416 `  str   r1, [sp, #16]'
commitHead: sn:6405  ea:0 T0 : 00058420 `  b   0xeb14'
commitHead: sn:6406  ea:3204447416 T0 : 00058424 `  ldr   r1, [sp, #16]'
commitHead: sn:6407  ea:62044 T0 : 00058428 `  ldr   r3, [pc, #3608]'
commitHead: sn:6408  ea:0 T0 : 00058432 `  add   r0, r1, #11'
commitHead: sn:6409  ea:0 T0 : 00058436 `  cmps   r0, #15'
commitHead: sn:6410  ea:545972 T0 : 00058440 `  ldr   r2, [r3, #0]'
commitHead: sn:6411  ea:0 T0 : 00058444 `  movls   r10, #16'
commitHead: sn:6412  ea:0 T0 : 00058448 `  bichi   r10, r0, #7'
commitHead: sn:6413  ea:0 T0 : 00058452 `  cmps   r10, r2'
commitHead: sn:6414  ea:0 T0 : 00058456 `  movhi   r2, r10, LSR #3'
commitHead: sn:6415  ea:3204447412 T0 : 00058460 `  strhi   r2, [sp, #12]'
commitHead: sn:6416  ea:0 T0 : 00058464 `  b   0xe4b4'
commitHead: sn:6417  ea:0 T0 : 00058556 `  cmps   r10, #512'
commitHead: sn:6418  ea:0 T0 : 00058560 `  b   0xe534'
commitHead: sn:6452  ea:0 T0 : 00058684 `  mov   r3, r10, LSR #6'
commitHead: sn:6453  ea:0 T0 : 00058688 `  cmps   r3, #38'
commitHead: sn:6454  ea:0 T0 : 00058692 `  addls   r3, r3, #56'
commitHead: sn:6455  ea:0 T0 : 00058696 `  strls   r3, [sp, #20]'
commitHead: sn:6456  ea:0 T0 : 00058700 `  b   0xe59c'
commitHead: sn:6457  ea:0 T0 : 00058704 `  mov   r3, r10, LSR #9'
commitHead: sn:6458  ea:0 T0 : 00058708 `  cmps   r3, #20'
commitHead: sn:6459  ea:0 T0 : 00058712 `  addls   r3, r3, #91'
commitHead: sn:6460  ea:3204447420 T0 : 00058716 `  strls   r3, [sp, #20]'
commitHead: sn:6461  ea:0 T0 : 00058720 `  b   0xe59c'
commitHead: sn:6491  ea:544828 T0 : 00058788 `  ldr   r3, [r8, #4]'
commitHead: sn:6492  ea:0 T0 : 00058792 `  tsts   r3, #1'
commitHead: sn:6493  ea:0 T0 : 00058796 `  b   0xea6c'
commitHead: sn:6494  ea:0 T0 : 00058800 `  add   r9, r8, #56'
commitHead: sn:6495  ea:62056 T0 : 00058804 `  ldr   fp, [pc, #3244]'
commitHead: sn:6496  ea:0 T0 : 00058808 `  add   r6, r8, #48'
commitHead: sn:6497  ea:0 T0 : 00058812 `  add   r1, r10, #16'
commitHead: sn:6498  ea:0 T0 : 00058816 `  mov   r7, #0'
commitHead: sn:6499  ea:3204447408 T0 : 00058820 `  str   r1, [sp, #8]'
commitHead: sn:6500  ea:0 T0 : 00058824 `  b   0xe618'
commitHead: sn:6501  ea:544884 T0 : 00058912 `  ldr   r4, [r6, #12]'
commitHead: sn:6502  ea:0 T0 : 00058916 `  cmps   r6, r4'
commitHead: sn:6503  ea:0 T0 : 00058920 `  b   0xe800'
commitHead: sn:6504  ea:0 T0 : 00059400 `  cmps   r10, fp'
commitHead: sn:6505  ea:0 T0 : 00059404 `  b   0xe970'
commitHead: sn:6540  ea:3204447420 T0 : 00059768 `  ldr   r0, [sp, #20]'
commitHead: sn:6541  ea:0 T0 : 00059772 `  mov   r3, r0, LSL #3'
commitHead: sn:6542  ea:0 T0 : 00059776 `  sub   r3, r3, #16'
commitHead: sn:6543  ea:0 T0 : 00059780 `  add   r1, r9, r3'
commitHead: sn:6544  ea:545640 T0 : 00059784 `  ldr   r2, [r1, #8]'
commitHead: sn:6545  ea:0 T0 : 00059788 `  cmps   r2, r1'
commitHead: sn:6546  ea:0 T0 : 00059792 `  b   0xe808'
commitHead: sn:6558  ea:3204447420 T0 : 00059408 `  ldr   r1, [sp, #20]'
commitHead: sn:6559  ea:0 T0 : 00059412 `  add   r3, r1, #1'
commitHead: sn:6560  ea:0 T0 : 00059416 `  and   r2, r3, #31'
commitHead: sn:6561  ea:0 T0 : 00059420 `  mov   r12, r3, LSR #5'
commitHead: sn:6562  ea:0 T0 : 00059424 `  mov   r3, r3, LSL #3'
commitHead: sn:6563  ea:0 T0 : 00059428 `  sub   r3, r3, #16'
commitHead: sn:6564  ea:0 T0 : 00059432 `  add   r4, r12, #268'
commitHead: sn:6565  ea:0 T0 : 00059436 `  add   r1, r9, r3'
commitHead: sn:6566  ea:0 T0 : 00059440 `  mov   r3, #1'
commitHead: sn:6567  ea:545908 T0 : 00059444 `  ldr   r0, [r8, r4 LSL #2]'
commitHead: sn:6568  ea:0 T0 : 00059448 `  mov   r2, r3, LSL r2'
commitHead: sn:6569  ea:0 T0 : 00059452 `  rsbs   r3, r2, #1'
commitHead: sn:6570  ea:0 T0 : 00059456 `  movcc   r3, #0'
commitHead: sn:6571  ea:0 T0 : 00059460 `  cmps   r2, r0'
commitHead: sn:6572  ea:0 T0 : 00059464 `  orrhi   r3, r3, #1'
commitHead: sn:6573  ea:0 T0 : 00059468 `  cmps   r3, #0'
commitHead: sn:6574  ea:0 T0 : 00059472 `  b   0xe87c'
commitHead: sn:6575  ea:0 T0 : 00059476 `  mov   r3, r4, LSL #2'
commitHead: sn:6576  ea:0 T0 : 00059480 `  add   r3, r8, r3'
commitHead: sn:6577  ea:0 T0 : 00059484 `  add   r12, r12, #1'
commitHead: sn:6578  ea:0 T0 : 00059488 `  cmps   r12, #3'
commitHead: sn:6579  ea:0 T0 : 00059492 `  b   0xe8bc'
commitHead: sn:6580  ea:544872 T0 : 00059588 `  ldr   r5, [r8, #48]'
commitHead: sn:6581  ea:0 T0 : 00059592 `  add   r0, r10, #16'
commitHead: sn:6582  ea:0 T0 : 00059596 `  mov   r7, r5'
commitHead: sn:6583  ea:552188 T0 : 00059600 `  ldr   r3, [r5, #4]'
commitHead: sn:6584  ea:3204447432 T0 : 00059604 `  str   r0, [sp, #32]'
commitHead: sn:6585  ea:0 T0 : 00059608 `  bic   r3, r3, #7'
commitHead: sn:6586  ea:0 T0 : 00059612 `  cmps   r3, r0'
commitHead: sn:6587  ea:3204447424 T0 : 00059616 `  str   r3, [sp, #24]'
commitHead: sn:6588  ea:0 T0 : 00059620 `  b   0xeb68'
commitHead: sn:6630  ea:62048 T0 : 00060272 `  ldr   r3, [pc, #1768]'
commitHead: sn:6631  ea:62052 T0 : 00060276 `  ldr   r2, [pc, #1768]'
commitHead: sn:6632  ea:0 T0 : 00060280 `  add   r0, r5, r10'
commitHead: sn:6633  ea:545976 T0 : 00060284 `  ldr   r12, [r3, #0]'
commitHead: sn:6634  ea:0 T0 : 00060288 `  cmps   r8, r2'
commitHead: sn:6635  ea:3204447424 T0 : 00060292 `  ldr   r3, [sp, #24]'
commitHead: sn:6636  ea:0 T0 : 00060296 `  movne   r2, #4'
commitHead: sn:6637  ea:0 T0 : 00060300 `  moveq   r2, #0'
commitHead: sn:6638  ea:0 T0 : 00060304 `  cmps   r12, #0'
commitHead: sn:6639  ea:0 T0 : 00060308 `  rsb   r1, r10, r3'
commitHead: sn:6640  ea:0 T0 : 00060312 `  orr   r3, r10, #1'
commitHead: sn:6641  ea:0 T0 : 00060316 `  orr   r3, r3, r2'
commitHead: sn:6642  ea:0 T0 : 00060320 `  orr   r1, r1, #1'
commitHead: sn:6643  ea:552188 T0 : 00060324 `  str   r3, [r5, #4]'
commitHead: sn:6644  ea:544872 T0 : 00060328 `  str   r0, [r8, #48]'
commitHead: sn:6645  ea:554916 T0 : 00060332 `  str   r1, [r0, #4]'
commitHead: sn:6646  ea:0 T0 : 00060336 `  add   r4, r5, #8'
commitHead: sn:6647  ea:0 T0 : 00060340 `  b   0xe52c'
commitHead: sn:6672  ea:0 T0 : 00058676 `  mov   r5, r4'
commitHead: sn:6673  ea:0 T0 : 00058680 `  b   0xe4a8'
commitHead: sn:6674  ea:0 T0 : 00058544 `  mov   r0, r5'
commitHead: sn:6675  ea:0 T0 : 00058548 `  add   sp, sp, #44'
commitHead: sn:6676  ea:3204447444 T0 : 00058552 `  ldr2_uop   r4,r5, [sp, #0]'
commitHead: sn:6677  ea:3204447452 T0 : 00058552 `  ldr2_uop   r6,r7, [sp, #8]'
commitHead: sn:6678  ea:3204447460 T0 : 00058552 `  ldr2_uop   r8,r9, [sp, #16]'
commitHead: sn:6679  ea:3204447468 T0 : 00058552 `  ldr2_uop   r10,fp, [sp, #24]'
commitHead: sn:6680  ea:3204447476 T0 : 00058552 `  ldr_uop   r36, [sp, #32]'
commitHead: sn:6681  ea:0 T0 : 00058552 `  addi_uop   sp, sp, #36'
commitHead: sn:6682  ea:0 T0 : 00058552 `  uopReg_uop   pc, r36'
commitHead: sn:6683  ea:0 T0 : 00068000 `  subs   r5, r0, #0'
commitHead: sn:6684  ea:0 T0 : 00068004 `  b   0x10a08'
commitHead: sn:6685  ea:544824 T0 : 00068008 `  ldr   r6, [r7, #0]'
commitHead: sn:6686  ea:0 T0 : 00068012 `  mov   r1, #0'
commitHead: sn:6687  ea:0 T0 : 00068016 `  mov   r2, r7'
commitHead: sn:6688  ea:0 T0 : 00068020 `  mov   r4, r6'
commitHead: sn:6689  ea:544824 T0 : 00068024 `  ldr   r3, [r2, #0]'
commitHead: sn:6690  ea:0 T0 : 00068028 `  cmps   r3, r4'
commitHead: sn:6691  ea:0 T0 : 00068032 `  b   0x13dbc'
commitHead: sn:6692  ea:0 T0 : 00068036 `  mov   r0, r4'
commitHead: sn:6693  ea:0 T0 : 00068040 `  mvn   r3, #61440'
commitHead: sn:6694  ea:0 T0 : 00068044 `  mov   lr, pc'
commitHead: sn:6695  ea:0 T0 : 00068048 `  sub   pc, r3, #63'
commitHead: sn:6711  ea:544824 T0 : 4294905792 `  ldrex   r3, [r2, #0]'
commitHead: sn:6712  ea:0 T0 : 4294905796 `  subs   r3, r3, r0'
commitHead: sn:6713  ea:0 T0 : 4294905800 `  strexeq   r3, r1, [r2, #0]'
commitHead: sn:6713  ea:0 T0 : 4294905800 `  strexeq   r3, r1, [r2, #0]'
commitHead: sn:6713  ea:0 T0 : 4294905800 `  strexeq   r3, r1, [r2, #0]'
commitHead: sn:6713  ea:0 T0 : 4294905800 `  strexeq   r3, r1, [r2, #0]'
commitHead: sn:6713  ea:0 T0 : 4294905800 `  strexeq   r3, r1, [r2, #0]'
commitHead: sn:6713  ea:0 T0 : 4294905800 `  strexeq   r3, r1, [r2, #0]'
commitHead: sn:6713  ea:0 T0 : 4294905800 `  strexeq   r3, r1, [r2, #0]'
commitHead: sn:6713  ea:0 T0 : 4294905800 `  strexeq   r3, r1, [r2, #0]'
commitHead: sn:6713  ea:0 T0 : 4294905800 `  strexeq   r3, r1, [r2, #0]'
commitHead: sn:6713  ea:0 T0 : 4294905800 `  strexeq   r3, r1, [r2, #0]'
commitHead: sn:6713  ea:0 T0 : 4294905800 `  strexeq   r3, r1, [r2, #0]'
commitHead: sn:6713  ea:0 T0 : 4294905800 `  strexeq   r3, r1, [r2, #0]'
commitHead: sn:6713  ea:0 T0 : 4294905800 `  strexeq   r3, r1, [r2, #0]'
commitHead: sn:6713  ea:0 T0 : 4294905800 `  strexeq   r3, r1, [r2, #0]'
commitHead: sn:6713  ea:0 T0 : 4294905800 `  strexeq   r3, r1, [r2, #0]'
commitHead: sn:6713  ea:0 T0 : 4294905800 `  strexeq   r3, r1, [r2, #0]'
commitHead: sn:6713  ea:0 T0 : 4294905800 `  strexeq   r3, r1, [r2, #0]'
commitHead: sn:6713  ea:0 T0 : 4294905800 `  strexeq   r3, r1, [r2, #0]'
commitHead: sn:6713  ea:0 T0 : 4294905800 `  strexeq   r3, r1, [r2, #0]'
commitHead: sn:6713  ea:0 T0 : 4294905800 `  strexeq   r3, r1, [r2, #0]'
commitHead: sn:6713  ea:0 T0 : 4294905800 `  strexeq   r3, r1, [r2, #0]'
commitHead: sn:6713  ea:0 T0 : 4294905800 `  strexeq   r3, r1, [r2, #0]'
commitHead: sn:6713  ea:0 T0 : 4294905800 `  strexeq   r3, r1, [r2, #0]'
commitHead: sn:6713  ea:0 T0 : 4294905800 `  strexeq   r3, r1, [r2, #0]'
commitHead: sn:6713  ea:0 T0 : 4294905800 `  strexeq   r3, r1, [r2, #0]'
commitHead: sn:6713  ea:0 T0 : 4294905800 `  strexeq   r3, r1, [r2, #0]'
commitHead: sn:6713  ea:0 T0 : 4294905800 `  strexeq   r3, r1, [r2, #0]'
commitHead: sn:6713  ea:0 T0 : 4294905800 `  strexeq   r3, r1, [r2, #0]'
commitHead: sn:6713  ea:0 T0 : 4294905800 `  strexeq   r3, r1, [r2, #0]'
commitHead: sn:6713  ea:0 T0 : 4294905800 `  strexeq   r3, r1, [r2, #0]'
commitHead: sn:6713  ea:0 T0 : 4294905800 `  strexeq   r3, r1, [r2, #0]'
commitHead: sn:6713  ea:0 T0 : 4294905800 `  strexeq   r3, r1, [r2, #0]'
commitHead: sn:6713  ea:0 T0 : 4294905800 `  strexeq   r3, r1, [r2, #0]'
commitHead: sn:6713  ea:0 T0 : 4294905800 `  strexeq   r3, r1, [r2, #0]'
commitHead: sn:6713  ea:0 T0 : 4294905800 `  strexeq   r3, r1, [r2, #0]'
commitHead: sn:6713  ea:0 T0 : 4294905800 `  strexeq   r3, r1, [r2, #0]'
commitHead: sn:6713  ea:0 T0 : 4294905800 `  strexeq   r3, r1, [r2, #0]'
commitHead: sn:6713  ea:0 T0 : 4294905800 `  strexeq   r3, r1, [r2, #0]'
commitHead: sn:6713  ea:0 T0 : 4294905800 `  strexeq   r3, r1, [r2, #0]'
commitHead: sn:6713  ea:0 T0 : 4294905800 `  strexeq   r3, r1, [r2, #0]'
commitHead: sn:6713  ea:0 T0 : 4294905800 `  strexeq   r3, r1, [r2, #0]'
commitHead: sn:6713  ea:0 T0 : 4294905800 `  strexeq   r3, r1, [r2, #0]'
commitHead: sn:6713  ea:0 T0 : 4294905800 `  strexeq   r3, r1, [r2, #0]'
commitHead: sn:6713  ea:0 T0 : 4294905800 `  strexeq   r3, r1, [r2, #0]'
commitHead: sn:6713  ea:0 T0 : 4294905800 `  strexeq   r3, r1, [r2, #0]'
commitHead: sn:6713  ea:0 T0 : 4294905800 `  strexeq   r3, r1, [r2, #0]'
commitHead: sn:6713  ea:0 T0 : 4294905800 `  strexeq   r3, r1, [r2, #0]'
commitHead: sn:6713  ea:0 T0 : 4294905800 `  strexeq   r3, r1, [r2, #0]'
commitHead: sn:6713  ea:0 T0 : 4294905800 `  strexeq   r3, r1, [r2, #0]'
commitHead: sn:6713  ea:0 T0 : 4294905800 `  strexeq   r3, r1, [r2, #0]'
commitHead: sn:6713  ea:0 T0 : 4294905800 `  strexeq   r3, r1, [r2, #0]'
commitHead: sn:6713  ea:0 T0 : 4294905800 `  strexeq   r3, r1, [r2, #0]'
commitHead: sn:6713  ea:0 T0 : 4294905800 `  strexeq   r3, r1, [r2, #0]'
commitHead: sn:6713  ea:0 T0 : 4294905800 `  strexeq   r3, r1, [r2, #0]'
commitHead: sn:6713  ea:0 T0 : 4294905800 `  strexeq   r3, r1, [r2, #0]'
commitHead: sn:6713  ea:0 T0 : 4294905800 `  strexeq   r3, r1, [r2, #0]'
commitHead: sn:6713  ea:0 T0 : 4294905800 `  strexeq   r3, r1, [r2, #0]'
commitHead: sn:6713  ea:0 T0 : 4294905800 `  strexeq   r3, r1, [r2, #0]'
commitHead: sn:6713  ea:0 T0 : 4294905800 `  strexeq   r3, r1, [r2, #0]'
commitHead: sn:6713  ea:0 T0 : 4294905800 `  strexeq   r3, r1, [r2, #0]'
commitHead: sn:6713  ea:0 T0 : 4294905800 `  strexeq   r3, r1, [r2, #0]'
commitHead: sn:6713  ea:0 T0 : 4294905800 `  strexeq   r3, r1, [r2, #0]'
commitHead: sn:6713  ea:0 T0 : 4294905800 `  strexeq   r3, r1, [r2, #0]'
commitHead: sn:6713  ea:0 T0 : 4294905800 `  strexeq   r3, r1, [r2, #0]'
commitHead: sn:6713  ea:0 T0 : 4294905800 `  strexeq   r3, r1, [r2, #0]'
commitHead: sn:6713  ea:0 T0 : 4294905800 `  strexeq   r3, r1, [r2, #0]'
commitHead: sn:6713  ea:0 T0 : 4294905800 `  strexeq   r3, r1, [r2, #0]'
commitHead: sn:6713  ea:0 T0 : 4294905800 `  strexeq   r3, r1, [r2, #0]'
commitHead: sn:6713  ea:0 T0 : 4294905800 `  strexeq   r3, r1, [r2, #0]'
commitHead: sn:6713  ea:0 T0 : 4294905800 `  strexeq   r3, r1, [r2, #0]'
commitHead: sn:6713  ea:0 T0 : 4294905800 `  strexeq   r3, r1, [r2, #0]'
commitHead: sn:6713  ea:0 T0 : 4294905800 `  strexeq   r3, r1, [r2, #0]'
commitHead: sn:6713  ea:0 T0 : 4294905800 `  strexeq   r3, r1, [r2, #0]'
commitHead: sn:6713  ea:0 T0 : 4294905800 `  strexeq   r3, r1, [r2, #0]'
commitHead: sn:6713  ea:0 T0 : 4294905800 `  strexeq   r3, r1, [r2, #0]'
commitHead: sn:6713  ea:0 T0 : 4294905800 `  strexeq   r3, r1, [r2, #0]'
commitHead: sn:6713  ea:0 T0 : 4294905800 `  strexeq   r3, r1, [r2, #0]'
commitHead: sn:6713  ea:0 T0 : 4294905800 `  strexeq   r3, r1, [r2, #0]'
commitHead: sn:6713  ea:0 T0 : 4294905800 `  strexeq   r3, r1, [r2, #0]'
commitHead: sn:6713  ea:0 T0 : 4294905800 `  strexeq   r3, r1, [r2, #0]'
commitHead: sn:6713  ea:0 T0 : 4294905800 `  strexeq   r3, r1, [r2, #0]'
commitHead: sn:6713  ea:0 T0 : 4294905800 `  strexeq   r3, r1, [r2, #0]'
commitHead: sn:6713  ea:0 T0 : 4294905800 `  strexeq   r3, r1, [r2, #0]'
commitHead: sn:6713  ea:0 T0 : 4294905800 `  strexeq   r3, r1, [r2, #0]'
commitHead: sn:6713  ea:0 T0 : 4294905800 `  strexeq   r3, r1, [r2, #0]'
commitHead: sn:6713  ea:0 T0 : 4294905800 `  strexeq   r3, r1, [r2, #0]'
commitHead: sn:6713  ea:0 T0 : 4294905800 `  strexeq   r3, r1, [r2, #0]'
commitHead: sn:6713  ea:0 T0 : 4294905800 `  strexeq   r3, r1, [r2, #0]'
commitHead: sn:6713  ea:0 T0 : 4294905800 `  strexeq   r3, r1, [r2, #0]'
commitHead: sn:6713  ea:0 T0 : 4294905800 `  strexeq   r3, r1, [r2, #0]'
commitHead: sn:6713  ea:0 T0 : 4294905800 `  strexeq   r3, r1, [r2, #0]'
commitHead: sn:6713  ea:0 T0 : 4294905800 `  strexeq   r3, r1, [r2, #0]'
commitHead: sn:6713  ea:0 T0 : 4294905800 `  strexeq   r3, r1, [r2, #0]'
commitHead: sn:6713  ea:0 T0 : 4294905800 `  strexeq   r3, r1, [r2, #0]'
commitHead: sn:6713  ea:0 T0 : 4294905800 `  strexeq   r3, r1, [r2, #0]'
commitHead: sn:6713  ea:0 T0 : 4294905800 `  strexeq   r3, r1, [r2, #0]'
commitHead: sn:6713  ea:0 T0 : 4294905800 `  strexeq   r3, r1, [r2, #0]'
commitHead: sn:6713  ea:0 T0 : 4294905800 `  strexeq   r3, r1, [r2, #0]'
commitHead: sn:6713  ea:0 T0 : 4294905800 `  strexeq   r3, r1, [r2, #0]'
commitHead: sn:6713  ea:0 T0 : 4294905800 `  strexeq   r3, r1, [r2, #0]'
commitHead: sn:6713  ea:0 T0 : 4294905800 `  strexeq   r3, r1, [r2, #0]'
commitHead: sn:6713  ea:0 T0 : 4294905800 `  strexeq   r3, r1, [r2, #0]'
commitHead: sn:6713  ea:0 T0 : 4294905800 `  strexeq   r3, r1, [r2, #0]'
commitHead: sn:6713  ea:0 T0 : 4294905800 `  strexeq   r3, r1, [r2, #0]'
commitHead: sn:6713  ea:0 T0 : 4294905800 `  strexeq   r3, r1, [r2, #0]'
commitHead: sn:6713  ea:0 T0 : 4294905800 `  strexeq   r3, r1, [r2, #0]'
commitHead: sn:6713  ea:0 T0 : 4294905800 `  strexeq   r3, r1, [r2, #0]'
commitHead: sn:6713  ea:0 T0 : 4294905800 `  strexeq   r3, r1, [r2, #0]'
commitHead: sn:6713  ea:0 T0 : 4294905800 `  strexeq   r3, r1, [r2, #0]'
commitHead: sn:6713  ea:0 T0 : 4294905800 `  strexeq   r3, r1, [r2, #0]'
commitHead: sn:6713  ea:0 T0 : 4294905800 `  strexeq   r3, r1, [r2, #0]'
commitHead: sn:6713  ea:0 T0 : 4294905800 `  strexeq   r3, r1, [r2, #0]'
commitHead: sn:6713  ea:0 T0 : 4294905800 `  strexeq   r3, r1, [r2, #0]'
commitHead: sn:6713  ea:0 T0 : 4294905800 `  strexeq   r3, r1, [r2, #0]'
commitHead: sn:6713  ea:0 T0 : 4294905800 `  strexeq   r3, r1, [r2, #0]'
commitHead: sn:6713  ea:0 T0 : 4294905800 `  strexeq   r3, r1, [r2, #0]'
commitHead: sn:6713  ea:0 T0 : 4294905800 `  strexeq   r3, r1, [r2, #0]'
commitHead: sn:6713  ea:0 T0 : 4294905800 `  strexeq   r3, r1, [r2, #0]'
commitHead: sn:6713  ea:0 T0 : 4294905800 `  strexeq   r3, r1, [r2, #0]'
commitHead: sn:6713  ea:0 T0 : 4294905800 `  strexeq   r3, r1, [r2, #0]'
commitHead: sn:6713  ea:0 T0 : 4294905800 `  strexeq   r3, r1, [r2, #0]'
commitHead: sn:6713  ea:0 T0 : 4294905800 `  strexeq   r3, r1, [r2, #0]'
commitHead: sn:6713  ea:0 T0 : 4294905800 `  strexeq   r3, r1, [r2, #0]'
commitHead: sn:6713  ea:0 T0 : 4294905800 `  strexeq   r3, r1, [r2, #0]'
commitHead: sn:6713  ea:0 T0 : 4294905800 `  strexeq   r3, r1, [r2, #0]'
commitHead: sn:6713  ea:0 T0 : 4294905800 `  strexeq   r3, r1, [r2, #0]'
commitHead: sn:6713  ea:0 T0 : 4294905800 `  strexeq   r3, r1, [r2, #0]'
commitHead: sn:6713  ea:0 T0 : 4294905800 `  strexeq   r3, r1, [r2, #0]'
commitHead: sn:6713  ea:0 T0 : 4294905800 `  strexeq   r3, r1, [r2, #0]'
commitHead: sn:6713  ea:0 T0 : 4294905800 `  strexeq   r3, r1, [r2, #0]'
commitHead: sn:6713  ea:0 T0 : 4294905800 `  strexeq   r3, r1, [r2, #0]'
commitHead: sn:6713  ea:0 T0 : 4294905800 `  strexeq   r3, r1, [r2, #0]'
commitHead: sn:6713  ea:0 T0 : 4294905800 `  strexeq   r3, r1, [r2, #0]'
commitHead: sn:6713  ea:0 T0 : 4294905800 `  strexeq   r3, r1, [r2, #0]'
commitHead: sn:6713  ea:0 T0 : 4294905800 `  strexeq   r3, r1, [r2, #0]'
commitHead: sn:6713  ea:0 T0 : 4294905800 `  strexeq   r3, r1, [r2, #0]'
commitHead: sn:6713  ea:0 T0 : 4294905800 `  strexeq   r3, r1, [r2, #0]'
commitHead: sn:6713  ea:0 T0 : 4294905800 `  strexeq   r3, r1, [r2, #0]'
commitHead: sn:6713  ea:0 T0 : 4294905800 `  strexeq   r3, r1, [r2, #0]'
commitHead: sn:6713  ea:0 T0 : 4294905800 `  strexeq   r3, r1, [r2, #0]'
commitHead: sn:6713  ea:0 T0 : 4294905800 `  strexeq   r3, r1, [r2, #0]'
commitHead: sn:6713  ea:0 T0 : 4294905800 `  strexeq   r3, r1, [r2, #0]'
commitHead: sn:6713  ea:0 T0 : 4294905800 `  strexeq   r3, r1, [r2, #0]'
commitHead: sn:6713  ea:0 T0 : 4294905800 `  strexeq   r3, r1, [r2, #0]'
commitHead: sn:6713  ea:544824 T0 : 4294905800 `  strexeq   r3, r1, [r2, #0]'
commitHead: sn:6714  ea:0 T0 : 4294905804 `  teqseq   r3, #1'
commitHead: sn:6715  ea:0 T0 : 4294905808 `  b   0x1a22c'
commitHead: sn:6716  ea:0 T0 : 4294905812 `  rsbs   r0, r3, #0'
commitHead: sn:6717  ea:0 T0 : 4294905816 `  dmb   #0'
commitHead: sn:6717  ea:0 T0 : 4294905816 `  dmb   #0'
commitHead: sn:6717  ea:0 T0 : 4294905816 `  dmb   #0'
commitHead: sn:6718  ea:0 T0 : 4294905820 `  mov   pc, lr'
commitHead: sn:6720  ea:0 T0 : 00068052 `  b   0x13d98'
commitHead: sn:6721  ea:0 T0 : 00068056 `  mov   r3, r4'
commitHead: sn:6722  ea:0 T0 : 00068060 `  cmps   r6, r3'
commitHead: sn:6723  ea:0 T0 : 00068064 `  b   0x109a0'
commitHead: sn:6724  ea:0 T0 : 00068068 `  cmps   r6, #1'
commitHead: sn:6725  ea:0 T0 : 00068072 `  b   0x1091c'
commitHead: sn:6726  ea:0 T0 : 00067876 `  mov   r0, r5'
commitHead: sn:6727  ea:0 T0 : 00067880 `  add   sp, sp, #4'
commitHead: sn:6728  ea:3204447484 T0 : 00067884 `  ldr2_uop   r4,r5, [sp, #0]'
commitHead: sn:6729  ea:3204447492 T0 : 00067884 `  ldr2_uop   r6,r7, [sp, #8]'
commitHead: sn:6730  ea:3204447500 T0 : 00067884 `  ldr2_uop   r8,r10, [sp, #16]'
commitHead: sn:6731  ea:3204447508 T0 : 00067884 `  ldr_uop   r36, [sp, #24]'
commitHead: sn:6732  ea:0 T0 : 00067884 `  addi_uop   sp, sp, #28'
commitHead: sn:6733  ea:0 T0 : 00067884 `  uopReg_uop   pc, r36'
commitHead: sn:6736  ea:540664 T0 : 00221928 `  ldr   r3, [r8, #0]'
commitHead: sn:6737  ea:552168 T0 : 00221932 `  str   r0, [r6, #0]'
commitHead: sn:6738  ea:552168 T0 : 00221936 `  ldr   r12, [r3, #0]'
commitHead: sn:6739  ea:0 T0 : 00221940 `  cmps   r12, #0'
commitHead: sn:6740  ea:0 T0 : 00221944 `  b   0x364b0'
commitHead: sn:6741  ea:0 T0 : 00221948 `  mov   r2, #0'
commitHead: sn:6742  ea:0 T0 : 00221952 `  mov   r3, r4, LSL #2'
commitHead: sn:6743  ea:0 T0 : 00221956 `  add   r10, r3, r5'
commitHead: sn:6744  ea:0 T0 : 00221960 `  mov   lr, r2'
commitHead: sn:6745  ea:0 T0 : 00221964 `  mov   r4, r2'
commitHead: sn:6746  ea:540668 T0 : 00221968 `  str   r2, [r8, #4]'
commitHead: sn:6747  ea:222484 T0 : 00221972 `  ldr   r5, [pc, #504]'
commitHead: sn:6748  ea:222488 T0 : 00221976 `  ldr   r2, [pc, #504]'
commitHead: sn:6749  ea:540656 T0 : 00221980 `  ldr   r0, [r9, #0]'
commitHead: sn:6750  ea:0 T0 : 00221984 `  rsb   r9, r10, #0'
commitHead: sn:6751  ea:548592 T0 : 00221988 `  str   r12, [r2, #0]'
commitHead: sn:6752  ea:222492 T0 : 00221992 `  ldr   r2, [pc, #492]'
commitHead: sn:6753  ea:552204 T0 : 00221996 `  str   r5, [r12, #12]'
commitHead: sn:6754  ea:552200 T0 : 00222000 `  str   r4, [r12, #8]'
commitHead: sn:6755  ea:431468 T0 : 00222004 `  ldr   r3, [r2, lr]'
commitHead: sn:6756  ea:222496 T0 : 00222008 `  ldr   r2, [pc, #480]'
commitHead: sn:6757  ea:552208 T0 : 00222012 `  str   r3, [r12, #16]'
commitHead: sn:6758  ea:552196 T0 : 00222016 `  str   r2, [r12, #4]'
commitHead: sn:6759  ea:431400 T0 : 00222020 `  ldrb   r2, [r5, #0]'
commitHead: sn:6760  ea:0 T0 : 00222024 `  add   r3, r3, #1'
commitHead: sn:6761  ea:0 T0 : 00222028 `  cmps   r2, #47'
commitHead: sn:6762  ea:0 T0 : 00222032 `  add   r5, r5, r3'
commitHead: sn:6763  ea:552168 T0 : 00222036 `  str   r12, [r6, lr]'
commitHead: sn:6764  ea:0 T0 : 00222040 `  b   0x364c4'
commitHead: sn:6765  ea:0 T0 : 00222044 `  cmps   r0, #0'
commitHead: sn:6766  ea:0 T0 : 00222048 `  movne   r2, r12'
commitHead: sn:6767  ea:0 T0 : 00222052 `  movne   r3, r4'
commitHead: sn:6768  ea:0 T0 : 00222056 `  b   0x11990'
commitHead: sn:6769  ea:0 T0 : 00222060 `  add   r3, r3, #1'
commitHead: sn:6770  ea:0 T0 : 00222064 `  cmps   r3, r0'
commitHead: sn:6771  ea:552212 T0 : 00222068 `  str   r4, [r2, #20]'
commitHead: sn:6772  ea:0 T0 : 00222072 `  add   r2, r2, #4'
commitHead: sn:6773  ea:0 T0 : 00222076 `  b   0x36364'
commitHead: sn:6774  ea:0 T0 : 00222080 `  cmps   lr, #12'
commitHead: sn:6775  ea:0 T0 : 00222084 `  add   r7, r7, #4'
commitHead: sn:6776  ea:0 T0 : 00222088 `  b   0x1098c'
commitHead: sn:6777  ea:0 T0 : 00222092 `  add   lr, lr, #4'
commitHead: sn:6778  ea:0 T0 : 00222096 `  add   r12, r12, r10'
commitHead: sn:6779  ea:0 T0 : 00222100 `  cmps   lr, #16'
commitHead: sn:6780  ea:552192 T0 : 00222104 `  str   r12, [r12, r9]'
commitHead: sn:6781  ea:0 T0 : 00222108 `  b   0x36320'
commitHead: sn:6795  ea:222492 T0 : 00221992 `  ldr   r2, [pc, #492]'
commitHead: sn:6796  ea:552244 T0 : 00221996 `  str   r5, [r12, #12]'
commitHead: sn:6797  ea:552240 T0 : 00222000 `  str   r4, [r12, #8]'
commitHead: sn:6798  ea:431472 T0 : 00222004 `  ldr   r3, [r2, lr]'
commitHead: sn:6799  ea:222496 T0 : 00222008 `  ldr   r2, [pc, #480]'
commitHead: sn:6800  ea:552248 T0 : 00222012 `  str   r3, [r12, #16]'
commitHead: sn:6801  ea:552236 T0 : 00222016 `  str   r2, [r12, #4]'
commitHead: sn:6802  ea:431406 T0 : 00222020 `  ldrb   r2, [r5, #0]'
commitHead: sn:6803  ea:0 T0 : 00222024 `  add   r3, r3, #1'
commitHead: sn:6804  ea:0 T0 : 00222028 `  cmps   r2, #47'
commitHead: sn:6805  ea:0 T0 : 00222032 `  add   r5, r5, r3'
commitHead: sn:6806  ea:552172 T0 : 00222036 `  str   r12, [r6, lr]'
commitHead: sn:6807  ea:0 T0 : 00222040 `  b   0x364c4'
commitHead: sn:6808  ea:0 T0 : 00222044 `  cmps   r0, #0'
commitHead: sn:6809  ea:0 T0 : 00222048 `  movne   r2, r12'
commitHead: sn:6810  ea:0 T0 : 00222052 `  movne   r3, r4'
commitHead: sn:6811  ea:0 T0 : 00222056 `  b   0x11990'
commitHead: sn:6812  ea:0 T0 : 00222060 `  add   r3, r3, #1'
commitHead: sn:6813  ea:0 T0 : 00222064 `  cmps   r3, r0'
commitHead: sn:6814  ea:552252 T0 : 00222068 `  str   r4, [r2, #20]'
commitHead: sn:6815  ea:0 T0 : 00222072 `  add   r2, r2, #4'
commitHead: sn:6816  ea:0 T0 : 00222076 `  b   0x36364'
commitHead: sn:6817  ea:0 T0 : 00222080 `  cmps   lr, #12'
commitHead: sn:6818  ea:0 T0 : 00222084 `  add   r7, r7, #4'
commitHead: sn:6819  ea:0 T0 : 00222088 `  b   0x1098c'
commitHead: sn:6820  ea:0 T0 : 00222092 `  add   lr, lr, #4'
commitHead: sn:6821  ea:0 T0 : 00222096 `  add   r12, r12, r10'
commitHead: sn:6822  ea:0 T0 : 00222100 `  cmps   lr, #16'
commitHead: sn:6823  ea:552232 T0 : 00222104 `  str   r12, [r12, r9]'
commitHead: sn:6824  ea:0 T0 : 00222108 `  b   0x36320'
commitHead: sn:6825  ea:222492 T0 : 00221992 `  ldr   r2, [pc, #492]'
commitHead: sn:6826  ea:552284 T0 : 00221996 `  str   r5, [r12, #12]'
commitHead: sn:6827  ea:552280 T0 : 00222000 `  str   r4, [r12, #8]'
commitHead: sn:6828  ea:431476 T0 : 00222004 `  ldr   r3, [r2, lr]'
commitHead: sn:6829  ea:222496 T0 : 00222008 `  ldr   r2, [pc, #480]'
commitHead: sn:6830  ea:552288 T0 : 00222012 `  str   r3, [r12, #16]'
commitHead: sn:6831  ea:552276 T0 : 00222016 `  str   r2, [r12, #4]'
commitHead: sn:6832  ea:431416 T0 : 00222020 `  ldrb   r2, [r5, #0]'
commitHead: sn:6833  ea:0 T0 : 00222024 `  add   r3, r3, #1'
commitHead: sn:6834  ea:0 T0 : 00222028 `  cmps   r2, #47'
commitHead: sn:6835  ea:0 T0 : 00222032 `  add   r5, r5, r3'
commitHead: sn:6836  ea:552176 T0 : 00222036 `  str   r12, [r6, lr]'
commitHead: sn:6837  ea:0 T0 : 00222040 `  b   0x364c4'
commitHead: sn:6838  ea:0 T0 : 00222044 `  cmps   r0, #0'
commitHead: sn:6839  ea:0 T0 : 00222048 `  movne   r2, r12'
commitHead: sn:6840  ea:0 T0 : 00222052 `  movne   r3, r4'
commitHead: sn:6841  ea:0 T0 : 00222056 `  b   0x11990'
commitHead: sn:6842  ea:0 T0 : 00222060 `  add   r3, r3, #1'
commitHead: sn:6843  ea:0 T0 : 00222064 `  cmps   r3, r0'
commitHead: sn:6844  ea:552292 T0 : 00222068 `  str   r4, [r2, #20]'
commitHead: sn:6845  ea:0 T0 : 00222072 `  add   r2, r2, #4'
commitHead: sn:6846  ea:0 T0 : 00222076 `  b   0x36364'
commitHead: sn:6847  ea:0 T0 : 00222080 `  cmps   lr, #12'
commitHead: sn:6848  ea:0 T0 : 00222084 `  add   r7, r7, #4'
commitHead: sn:6849  ea:0 T0 : 00222088 `  b   0x1098c'
commitHead: sn:6850  ea:0 T0 : 00222092 `  add   lr, lr, #4'
commitHead: sn:6851  ea:0 T0 : 00222096 `  add   r12, r12, r10'
commitHead: sn:6852  ea:0 T0 : 00222100 `  cmps   lr, #16'
commitHead: sn:6853  ea:552272 T0 : 00222104 `  str   r12, [r12, r9]'
commitHead: sn:6854  ea:0 T0 : 00222108 `  b   0x36320'
commitHead: sn:6855  ea:222492 T0 : 00221992 `  ldr   r2, [pc, #492]'
commitHead: sn:6856  ea:552324 T0 : 00221996 `  str   r5, [r12, #12]'
commitHead: sn:6857  ea:552320 T0 : 00222000 `  str   r4, [r12, #8]'
commitHead: sn:6858  ea:431480 T0 : 00222004 `  ldr   r3, [r2, lr]'
commitHead: sn:6859  ea:222496 T0 : 00222008 `  ldr   r2, [pc, #480]'
commitHead: sn:6860  ea:552328 T0 : 00222012 `  str   r3, [r12, #16]'
commitHead: sn:6861  ea:552316 T0 : 00222016 `  str   r2, [r12, #4]'
commitHead: sn:6862  ea:431440 T0 : 00222020 `  ldrb   r2, [r5, #0]'
commitHead: sn:6863  ea:0 T0 : 00222024 `  add   r3, r3, #1'
commitHead: sn:6864  ea:0 T0 : 00222028 `  cmps   r2, #47'
commitHead: sn:6865  ea:0 T0 : 00222032 `  add   r5, r5, r3'
commitHead: sn:6866  ea:552180 T0 : 00222036 `  str   r12, [r6, lr]'
commitHead: sn:6867  ea:0 T0 : 00222040 `  b   0x364c4'
commitHead: sn:6868  ea:0 T0 : 00222044 `  cmps   r0, #0'
commitHead: sn:6869  ea:0 T0 : 00222048 `  movne   r2, r12'
commitHead: sn:6870  ea:0 T0 : 00222052 `  movne   r3, r4'
commitHead: sn:6871  ea:0 T0 : 00222056 `  b   0x11990'
commitHead: sn:6872  ea:0 T0 : 00222060 `  add   r3, r3, #1'
commitHead: sn:6873  ea:0 T0 : 00222064 `  cmps   r3, r0'
commitHead: sn:6874  ea:552332 T0 : 00222068 `  str   r4, [r2, #20]'
commitHead: sn:6875  ea:0 T0 : 00222072 `  add   r2, r2, #4'
commitHead: sn:6876  ea:0 T0 : 00222076 `  b   0x36364'
commitHead: sn:6877  ea:0 T0 : 00222080 `  cmps   lr, #12'
commitHead: sn:6878  ea:0 T0 : 00222084 `  add   r7, r7, #4'
commitHead: sn:6879  ea:0 T0 : 00222088 `  b   0x1098c'
commitHead: sn:6921  ea:0 T0 : 00222116 `  mov   r3, #0'
commitHead: sn:6922  ea:552312 T0 : 00222120 `  str   r3, [r12, #0]'
commitHead: sn:6923  ea:3204447524 T0 : 00222124 `  ldr   r3, [fp, #-48]'
commitHead: sn:6924  ea:222500 T0 : 00222128 `  ldr   r2, [pc, #364]'
commitHead: sn:6925  ea:0 T0 : 00222132 `  cmps   r3, #0'
commitHead: sn:6926  ea:0 T0 : 00222136 `  mov   r1, #0'
commitHead: sn:6927  ea:0 T0 : 00222140 `  mov   r3, #27'
commitHead: sn:6928  ea:552184 T0 : 00222144 `  str   r1, [r7, #0]'
commitHead: sn:6929  ea:547916 T0 : 00222148 `  str   r3, [r2, #0]'
commitHead: sn:6930  ea:0 T0 : 00222152 `  b   0x83cc'
commitHead: sn:6949  ea:222504 T0 : 00222172 `  ldr   r3, [pc, #324]'
commitHead: sn:6950  ea:0 T0 : 00222176 `  mvn   r2, #0'
commitHead: sn:6951  ea:540644 T0 : 00222180 `  str   r2, [r3, #0]'
commitHead: sn:6952  ea:222488 T0 : 00222184 `  ldr   r3, [pc, #296]'
commitHead: sn:6953  ea:548592 T0 : 00222188 `  ldr   r2, [r3, #0]'
commitHead: sn:6954  ea:222508 T0 : 00222192 `  ldr   r3, [pc, #308]'
commitHead: sn:6955  ea:548572 T0 : 00222196 `  str   r2, [r3, #0]'
commitHead: sn:6956  ea:0 T0 : 00222200 `  sub   sp, fp, #40'
commitHead: sn:6957  ea:0 T0 : 00222204 `  addi_uop   r35, sp, #0'
commitHead: sn:6958  ea:3204447532 T0 : 00222204 `  ldr2_uop   r4,r5, [r35, #0]'
commitHead: sn:6959  ea:3204447540 T0 : 00222204 `  ldr2_uop   r6,r7, [r35, #8]'
commitHead: sn:6960  ea:3204447548 T0 : 00222204 `  ldr2_uop   r8,r9, [r35, #16]'
commitHead: sn:6961  ea:3204447556 T0 : 00222204 `  ldr2_uop   r10,fp, [r35, #24]'
commitHead: sn:6962  ea:3204447564 T0 : 00222204 `  ldr2_uop   sp,pc, [r35, #32]'
commitHead: sn:6963  ea:84388 T0 : 00083736 `  ldr   r0, [pc, #644]'
commitHead: sn:6964  ea:0 T0 : 00083740 `  bl   0x1a210'
commitHead: sn:6965  ea:3204447552 T0 : 00107032 `  str_uop   r4, [sp, #24]'
commitHead: sn:6966  ea:3204447556 T0 : 00107032 `  str_uop   r5, [sp, #20]'
commitHead: sn:6967  ea:3204447560 T0 : 00107032 `  str_uop   r6, [sp, #16]'
commitHead: sn:6968  ea:3204447564 T0 : 00107032 `  str_uop   r7, [sp, #12]'
commitHead: sn:6969  ea:3204447568 T0 : 00107032 `  str_uop   r8, [sp, #8]'
commitHead: sn:6970  ea:3204447572 T0 : 00107032 `  str_uop   lr, [sp, #4]'
commitHead: sn:6971  ea:0 T0 : 00107032 `  subi_uop   sp, sp, #24'
commitHead: sn:6972  ea:0 T0 : 00107036 `  mov   r5, r0'
commitHead: sn:6973  ea:0 T0 : 00107040 `  bl   0x11968'
commitHead: sn:6974  ea:0 T0 : 00072048 `  bic   r1, r0, #3'
commitHead: sn:6975  ea:419744 T0 : 00072052 `  ldr   r2, [r1] #4'
commitHead: sn:6976  ea:0 T0 : 00072052 `  addi_uop   r1, r1, #4'
commitHead: sn:6977  ea:0 T0 : 00072056 `  ands   r3, r0, #3'
commitHead: sn:6978  ea:0 T0 : 00072060 `  rsb   r0, r3, #0'
commitHead: sn:6979  ea:0 T0 : 00072064 `  b   0x11990'
commitHead: sn:6980  ea:0 T0 : 00072088 `  tsts   r2, #255'
commitHead: sn:6981  ea:0 T0 : 00072092 `  tstsne   r2, #65280'
commitHead: sn:6982  ea:0 T0 : 00072096 `  tstsne   r2, #16711680'
commitHead: sn:6983  ea:0 T0 : 00072100 `  tstsne   r2, #4278190080'
commitHead: sn:6984  ea:0 T0 : 00072104 `  addne   r0, r0, #4'
commitHead: sn:6985  ea:419748 T0 : 00072108 `  ldrne   r2, [r1] #4'
commitHead: sn:6986  ea:0 T0 : 00072108 `  addi_uopne   r1, r1, #4'
commitHead: sn:6987  ea:0 T0 : 00072112 `  b   0x11990'
commitHead: sn:7025  ea:0 T0 : 00072088 `  tsts   r2, #255'
commitHead: sn:7026  ea:0 T0 : 00072092 `  tstsne   r2, #65280'
commitHead: sn:7027  ea:0 T0 : 00072096 `  tstsne   r2, #16711680'
commitHead: sn:7028  ea:0 T0 : 00072100 `  tstsne   r2, #4278190080'
commitHead: sn:7029  ea:0 T0 : 00072104 `  addne   r0, r0, #4'
commitHead: sn:7030  ea:419752 T0 : 00072108 `  ldrne   r2, [r1] #4'
commitHead: sn:7031  ea:0 T0 : 00072108 `  addi_uopne   r1, r1, #4'
commitHead: sn:7032  ea:0 T0 : 00072112 `  b   0x11990'
commitHead: sn:7055  ea:0 T0 : 00072088 `  tsts   r2, #255'
commitHead: sn:7056  ea:0 T0 : 00072092 `  tstsne   r2, #65280'
commitHead: sn:7057  ea:0 T0 : 00072096 `  tstsne   r2, #16711680'
commitHead: sn:7058  ea:0 T0 : 00072100 `  tstsne   r2, #4278190080'
commitHead: sn:7059  ea:0 T0 : 00072104 `  addne   r0, r0, #4'
commitHead: sn:7060  ea:0 T0 : 00072108 `  ldrne   r2, [r1] #4'
commitHead: sn:7061  ea:0 T0 : 00072108 `  addi_uopne   r1, r1, #4'
commitHead: sn:7062  ea:0 T0 : 00072112 `  b   0x11990'
commitHead: sn:7063  ea:0 T0 : 00072116 `  tsts   r2, #255'
commitHead: sn:7064  ea:0 T0 : 00072120 `  addne   r0, r0, #1'
commitHead: sn:7065  ea:0 T0 : 00072124 `  tstsne   r2, #65280'
commitHead: sn:7066  ea:0 T0 : 00072128 `  addne   r0, r0, #1'
commitHead: sn:7067  ea:0 T0 : 00072132 `  tstsne   r2, #16711680'
commitHead: sn:7068  ea:0 T0 : 00072136 `  addne   r0, r0, #1'
commitHead: sn:7069  ea:0 T0 : 00072140 `  bx   lr'
commitHead: sn:7070  ea:107308 T0 : 00107044 `  ldr   r3, [pc, #256]'
commitHead: sn:7071  ea:546044 T0 : 00107048 `  ldr   r1, [r3, #0]'
commitHead: sn:7072  ea:0 T0 : 00107052 `  cmps   r1, #0'
commitHead: sn:7073  ea:0 T0 : 00107056 `  b   0x1a234'
commitHead: sn:7074  ea:419744 T0 : 00107068 `  ldrb   r12, [r5, #0]'
commitHead: sn:7075  ea:0 T0 : 00107072 `  cmps   r12, #0'
commitHead: sn:7076  ea:0 T0 : 00107076 `  b   0x1a22c'
commitHead: sn:7077  ea:419745 T0 : 00107080 `  ldrb   r3, [r5, #1]'
commitHead: sn:7078  ea:0 T0 : 00107084 `  cmps   r3, #0'
commitHead: sn:7079  ea:0 T0 : 00107088 `  b   0x1a2a4'
commitHead: sn:7080  ea:3204447980 T0 : 00107180 `  ldr   r4, [r1, #0]'
commitHead: sn:7081  ea:0 T0 : 00107184 `  orr   r3, r12, r3, LSL #8'
commitHead: sn:7082  ea:0 T0 : 00107188 `  cmps   r4, #0'
commitHead: sn:7083  ea:0 T0 : 00107192 `  sub   r7, r0, #2'
commitHead: sn:7084  ea:0 T0 : 00107196 `  add   r8, r5, #2'
commitHead: sn:7085  ea:0 T0 : 00107200 `  b   0x1a22c'
commitHead: sn:7086  ea:0 T0 : 00107060 `  mov   r0, #0'
commitHead: sn:7087  ea:3204447552 T0 : 00107064 `  ldr2_uop   r4,r5, [sp, #0]'
commitHead: sn:7088  ea:3204447560 T0 : 00107064 `  ldr2_uop   r6,r7, [sp, #8]'
commitHead: sn:7089  ea:3204447568 T0 : 00107064 `  ldr2_uop   r8,r36, [sp, #16]'
commitHead: sn:7090  ea:0 T0 : 00107064 `  addi_uop   sp, sp, #24'
commitHead: sn:7091  ea:0 T0 : 00107064 `  uopReg_uop   pc, r36'
commitHead: sn:7092  ea:0 T0 : 00083744 `  cmps   r0, #0'
commitHead: sn:7093  ea:0 T0 : 00083748 `  movne   r2, r0'
commitHead: sn:7094  ea:0 T0 : 00083752 `  moveq   r2, r4'
commitHead: sn:7095  ea:84392 T0 : 00083756 `  ldr   r0, [pc, #628]'
commitHead: sn:7096  ea:434128 T0 : 00083760 `  ldrb   r3, [r2, #0]'
commitHead: sn:7097  ea:84396 T0 : 00083764 `  ldr   r2, [pc, #624]'
commitHead: sn:7098  ea:0 T0 : 00083768 `  rsbs   r3, r3, #1'
commitHead: sn:7099  ea:0 T0 : 00083772 `  movcc   r3, #0'
commitHead: sn:7100  ea:548544 T0 : 00083776 `  str   r3, [r2, #0]'
commitHead: sn:7101  ea:0 T0 : 00083780 `  bl   0x1a210'
commitHead: sn:7116  ea:3204447552 T0 : 00107032 `  str_uop   r4, [sp, #24]'
commitHead: sn:7117  ea:3204447556 T0 : 00107032 `  str_uop   r5, [sp, #20]'
commitHead: sn:7118  ea:3204447560 T0 : 00107032 `  str_uop   r6, [sp, #16]'
commitHead: sn:7119  ea:3204447564 T0 : 00107032 `  str_uop   r7, [sp, #12]'
commitHead: sn:7120  ea:3204447568 T0 : 00107032 `  str_uop   r8, [sp, #8]'
commitHead: sn:7121  ea:3204447572 T0 : 00107032 `  str_uop   lr, [sp, #4]'
commitHead: sn:7122  ea:0 T0 : 00107032 `  subi_uop   sp, sp, #24'
commitHead: sn:7123  ea:0 T0 : 00107036 `  mov   r5, r0'
commitHead: sn:7124  ea:0 T0 : 00107040 `  bl   0x11968'
commitHead: sn:7125  ea:0 T0 : 00072048 `  bic   r1, r0, #3'
commitHead: sn:7126  ea:419756 T0 : 00072052 `  ldr   r2, [r1] #4'
commitHead: sn:7127  ea:0 T0 : 00072052 `  addi_uop   r1, r1, #4'
commitHead: sn:7128  ea:0 T0 : 00072056 `  ands   r3, r0, #3'
commitHead: sn:7129  ea:0 T0 : 00072060 `  rsb   r0, r3, #0'
commitHead: sn:7130  ea:0 T0 : 00072064 `  b   0x11990'
commitHead: sn:7131  ea:0 T0 : 00072088 `  tsts   r2, #255'
commitHead: sn:7132  ea:0 T0 : 00072092 `  tstsne   r2, #65280'
commitHead: sn:7133  ea:0 T0 : 00072096 `  tstsne   r2, #16711680'
commitHead: sn:7134  ea:0 T0 : 00072100 `  tstsne   r2, #4278190080'
commitHead: sn:7135  ea:0 T0 : 00072104 `  addne   r0, r0, #4'
commitHead: sn:7136  ea:419760 T0 : 00072108 `  ldrne   r2, [r1] #4'
commitHead: sn:7137  ea:0 T0 : 00072108 `  addi_uopne   r1, r1, #4'
commitHead: sn:7138  ea:0 T0 : 00072112 `  b   0x11990'
commitHead: sn:7161  ea:0 T0 : 00072088 `  tsts   r2, #255'
commitHead: sn:7162  ea:0 T0 : 00072092 `  tstsne   r2, #65280'
commitHead: sn:7163  ea:0 T0 : 00072096 `  tstsne   r2, #16711680'
commitHead: sn:7164  ea:0 T0 : 00072100 `  tstsne   r2, #4278190080'
commitHead: sn:7165  ea:0 T0 : 00072104 `  addne   r0, r0, #4'
commitHead: sn:7166  ea:419764 T0 : 00072108 `  ldrne   r2, [r1] #4'
commitHead: sn:7167  ea:0 T0 : 00072108 `  addi_uopne   r1, r1, #4'
commitHead: sn:7168  ea:0 T0 : 00072112 `  b   0x11990'
commitHead: sn:7186  ea:0 T0 : 00072088 `  tsts   r2, #255'
commitHead: sn:7187  ea:0 T0 : 00072092 `  tstsne   r2, #65280'
commitHead: sn:7188  ea:0 T0 : 00072096 `  tstsne   r2, #16711680'
commitHead: sn:7189  ea:0 T0 : 00072100 `  tstsne   r2, #4278190080'
commitHead: sn:7190  ea:0 T0 : 00072104 `  addne   r0, r0, #4'
commitHead: sn:7191  ea:0 T0 : 00072108 `  ldrne   r2, [r1] #4'
commitHead: sn:7192  ea:0 T0 : 00072108 `  addi_uopne   r1, r1, #4'
commitHead: sn:7193  ea:0 T0 : 00072112 `  b   0x11990'
commitHead: sn:7194  ea:0 T0 : 00072116 `  tsts   r2, #255'
commitHead: sn:7195  ea:0 T0 : 00072120 `  addne   r0, r0, #1'
commitHead: sn:7196  ea:0 T0 : 00072124 `  tstsne   r2, #65280'
commitHead: sn:7197  ea:0 T0 : 00072128 `  addne   r0, r0, #1'
commitHead: sn:7198  ea:0 T0 : 00072132 `  tstsne   r2, #16711680'
commitHead: sn:7199  ea:0 T0 : 00072136 `  addne   r0, r0, #1'
commitHead: sn:7200  ea:0 T0 : 00072140 `  bx   lr'
commitHead: sn:7201  ea:107308 T0 : 00107044 `  ldr   r3, [pc, #256]'
commitHead: sn:7202  ea:546044 T0 : 00107048 `  ldr   r1, [r3, #0]'
commitHead: sn:7203  ea:0 T0 : 00107052 `  cmps   r1, #0'
commitHead: sn:7204  ea:0 T0 : 00107056 `  b   0x1a234'
commitHead: sn:7205  ea:419756 T0 : 00107068 `  ldrb   r12, [r5, #0]'
commitHead: sn:7206  ea:0 T0 : 00107072 `  cmps   r12, #0'
commitHead: sn:7207  ea:0 T0 : 00107076 `  b   0x1a22c'
commitHead: sn:7208  ea:419757 T0 : 00107080 `  ldrb   r3, [r5, #1]'
commitHead: sn:7209  ea:0 T0 : 00107084 `  cmps   r3, #0'
commitHead: sn:7210  ea:0 T0 : 00107088 `  b   0x1a2a4'
commitHead: sn:7211  ea:3204447980 T0 : 00107180 `  ldr   r4, [r1, #0]'
commitHead: sn:7212  ea:0 T0 : 00107184 `  orr   r3, r12, r3, LSL #8'
commitHead: sn:7213  ea:0 T0 : 00107188 `  cmps   r4, #0'
commitHead: sn:7214  ea:0 T0 : 00107192 `  sub   r7, r0, #2'
commitHead: sn:7215  ea:0 T0 : 00107196 `  add   r8, r5, #2'
commitHead: sn:7216  ea:0 T0 : 00107200 `  b   0x1a22c'
commitHead: sn:7217  ea:0 T0 : 00107060 `  mov   r0, #0'
commitHead: sn:7218  ea:3204447552 T0 : 00107064 `  ldr2_uop   r4,r5, [sp, #0]'
commitHead: sn:7219  ea:3204447560 T0 : 00107064 `  ldr2_uop   r6,r7, [sp, #8]'
commitHead: sn:7220  ea:3204447568 T0 : 00107064 `  ldr2_uop   r8,r36, [sp, #16]'
commitHead: sn:7221  ea:0 T0 : 00107064 `  addi_uop   sp, sp, #24'
commitHead: sn:7222  ea:0 T0 : 00107064 `  uopReg_uop   pc, r36'
commitHead: sn:7223  ea:0 T0 : 00083784 `  cmps   r0, #0'
commitHead: sn:7224  ea:0 T0 : 00083788 `  movne   r2, r0'
commitHead: sn:7225  ea:0 T0 : 00083792 `  moveq   r2, r4'
commitHead: sn:7226  ea:84400 T0 : 00083796 `  ldr   r0, [pc, #596]'
commitHead: sn:7227  ea:434128 T0 : 00083800 `  ldrb   r3, [r2, #0]'
commitHead: sn:7228  ea:84404 T0 : 00083804 `  ldr   r2, [pc, #592]'
commitHead: sn:7229  ea:0 T0 : 00083808 `  subs   r3, r3, #0'
commitHead: sn:7230  ea:0 T0 : 00083812 `  movne   r3, #1'
commitHead: sn:7231  ea:548536 T0 : 00083816 `  str   r3, [r2, #0]'
commitHead: sn:7232  ea:0 T0 : 00083820 `  bl   0x1a210'
commitHead: sn:7237  ea:3204447552 T0 : 00107032 `  str_uop   r4, [sp, #24]'
commitHead: sn:7238  ea:3204447556 T0 : 00107032 `  str_uop   r5, [sp, #20]'
commitHead: sn:7239  ea:3204447560 T0 : 00107032 `  str_uop   r6, [sp, #16]'
commitHead: sn:7240  ea:3204447564 T0 : 00107032 `  str_uop   r7, [sp, #12]'
commitHead: sn:7241  ea:3204447568 T0 : 00107032 `  str_uop   r8, [sp, #8]'
commitHead: sn:7242  ea:3204447572 T0 : 00107032 `  str_uop   lr, [sp, #4]'
commitHead: sn:7243  ea:0 T0 : 00107032 `  subi_uop   sp, sp, #24'
commitHead: sn:7244  ea:0 T0 : 00107036 `  mov   r5, r0'
commitHead: sn:7245  ea:0 T0 : 00107040 `  bl   0x11968'
commitHead: sn:7246  ea:0 T0 : 00072048 `  bic   r1, r0, #3'
commitHead: sn:7247  ea:419768 T0 : 00072052 `  ldr   r2, [r1] #4'
commitHead: sn:7248  ea:0 T0 : 00072052 `  addi_uop   r1, r1, #4'
commitHead: sn:7249  ea:0 T0 : 00072056 `  ands   r3, r0, #3'
commitHead: sn:7250  ea:0 T0 : 00072060 `  rsb   r0, r3, #0'
commitHead: sn:7251  ea:0 T0 : 00072064 `  b   0x11990'
commitHead: sn:7252  ea:0 T0 : 00072088 `  tsts   r2, #255'
commitHead: sn:7253  ea:0 T0 : 00072092 `  tstsne   r2, #65280'
commitHead: sn:7254  ea:0 T0 : 00072096 `  tstsne   r2, #16711680'
commitHead: sn:7255  ea:0 T0 : 00072100 `  tstsne   r2, #4278190080'
commitHead: sn:7256  ea:0 T0 : 00072104 `  addne   r0, r0, #4'
commitHead: sn:7257  ea:419772 T0 : 00072108 `  ldrne   r2, [r1] #4'
commitHead: sn:7258  ea:0 T0 : 00072108 `  addi_uopne   r1, r1, #4'
commitHead: sn:7259  ea:0 T0 : 00072112 `  b   0x11990'
commitHead: sn:7293  ea:0 T0 : 00072088 `  tsts   r2, #255'
commitHead: sn:7294  ea:0 T0 : 00072092 `  tstsne   r2, #65280'
commitHead: sn:7295  ea:0 T0 : 00072096 `  tstsne   r2, #16711680'
commitHead: sn:7296  ea:0 T0 : 00072100 `  tstsne   r2, #4278190080'
commitHead: sn:7297  ea:0 T0 : 00072104 `  addne   r0, r0, #4'
commitHead: sn:7298  ea:419776 T0 : 00072108 `  ldrne   r2, [r1] #4'
commitHead: sn:7299  ea:0 T0 : 00072108 `  addi_uopne   r1, r1, #4'
commitHead: sn:7300  ea:0 T0 : 00072112 `  b   0x11990'
commitHead: sn:7324  ea:0 T0 : 00072088 `  tsts   r2, #255'
commitHead: sn:7325  ea:0 T0 : 00072092 `  tstsne   r2, #65280'
commitHead: sn:7326  ea:0 T0 : 00072096 `  tstsne   r2, #16711680'
commitHead: sn:7327  ea:0 T0 : 00072100 `  tstsne   r2, #4278190080'
commitHead: sn:7328  ea:0 T0 : 00072104 `  addne   r0, r0, #4'
commitHead: sn:7329  ea:419780 T0 : 00072108 `  ldrne   r2, [r1] #4'
commitHead: sn:7330  ea:0 T0 : 00072108 `  addi_uopne   r1, r1, #4'
commitHead: sn:7331  ea:0 T0 : 00072112 `  b   0x11990'
commitHead: sn:7451  ea:0 T0 : 00072088 `  tsts   r2, #255'
commitHead: sn:7452  ea:0 T0 : 00072092 `  tstsne   r2, #65280'
commitHead: sn:7453  ea:0 T0 : 00072096 `  tstsne   r2, #16711680'
commitHead: sn:7454  ea:0 T0 : 00072100 `  tstsne   r2, #4278190080'
commitHead: sn:7455  ea:0 T0 : 00072104 `  addne   r0, r0, #4'
commitHead: sn:7456  ea:0 T0 : 00072108 `  ldrne   r2, [r1] #4'
commitHead: sn:7457  ea:0 T0 : 00072108 `  addi_uopne   r1, r1, #4'
commitHead: sn:7458  ea:0 T0 : 00072112 `  b   0x11990'
commitHead: sn:7459  ea:0 T0 : 00072116 `  tsts   r2, #255'
commitHead: sn:7460  ea:0 T0 : 00072120 `  addne   r0, r0, #1'
commitHead: sn:7461  ea:0 T0 : 00072124 `  tstsne   r2, #65280'
commitHead: sn:7462  ea:0 T0 : 00072128 `  addne   r0, r0, #1'
commitHead: sn:7463  ea:0 T0 : 00072132 `  tstsne   r2, #16711680'
commitHead: sn:7464  ea:0 T0 : 00072136 `  addne   r0, r0, #1'
commitHead: sn:7465  ea:0 T0 : 00072140 `  bx   lr'
commitHead: sn:7466  ea:107308 T0 : 00107044 `  ldr   r3, [pc, #256]'
commitHead: sn:7467  ea:546044 T0 : 00107048 `  ldr   r1, [r3, #0]'
commitHead: sn:7468  ea:0 T0 : 00107052 `  cmps   r1, #0'
commitHead: sn:7469  ea:0 T0 : 00107056 `  b   0x1a234'
commitHead: sn:7470  ea:419768 T0 : 00107068 `  ldrb   r12, [r5, #0]'
commitHead: sn:7471  ea:0 T0 : 00107072 `  cmps   r12, #0'
commitHead: sn:7472  ea:0 T0 : 00107076 `  b   0x1a22c'
commitHead: sn:7473  ea:419769 T0 : 00107080 `  ldrb   r3, [r5, #1]'
commitHead: sn:7474  ea:0 T0 : 00107084 `  cmps   r3, #0'
commitHead: sn:7475  ea:0 T0 : 00107088 `  b   0x1a2a4'
commitHead: sn:7476  ea:3204447980 T0 : 00107180 `  ldr   r4, [r1, #0]'
commitHead: sn:7477  ea:0 T0 : 00107184 `  orr   r3, r12, r3, LSL #8'
commitHead: sn:7478  ea:0 T0 : 00107188 `  cmps   r4, #0'
commitHead: sn:7479  ea:0 T0 : 00107192 `  sub   r7, r0, #2'
commitHead: sn:7480  ea:0 T0 : 00107196 `  add   r8, r5, #2'
commitHead: sn:7481  ea:0 T0 : 00107200 `  b   0x1a22c'
commitHead: sn:7482  ea:0 T0 : 00107060 `  mov   r0, #0'
commitHead: sn:7483  ea:3204447552 T0 : 00107064 `  ldr2_uop   r4,r5, [sp, #0]'
commitHead: sn:7484  ea:3204447560 T0 : 00107064 `  ldr2_uop   r6,r7, [sp, #8]'
commitHead: sn:7485  ea:3204447568 T0 : 00107064 `  ldr2_uop   r8,r36, [sp, #16]'
commitHead: sn:7486  ea:0 T0 : 00107064 `  addi_uop   sp, sp, #24'
commitHead: sn:7487  ea:0 T0 : 00107064 `  uopReg_uop   pc, r36'
commitHead: sn:7488  ea:0 T0 : 00083824 `  cmps   r0, #0'
commitHead: sn:7489  ea:0 T0 : 00083828 `  movne   r2, r0'
commitHead: sn:7490  ea:0 T0 : 00083832 `  moveq   r2, r4'
commitHead: sn:7491  ea:84408 T0 : 00083836 `  ldr   r0, [pc, #564]'
commitHead: sn:7492  ea:434128 T0 : 00083840 `  ldrb   r3, [r2, #0]'
commitHead: sn:7493  ea:84412 T0 : 00083844 `  ldr   r2, [pc, #560]'
commitHead: sn:7494  ea:0 T0 : 00083848 `  rsbs   r3, r3, #1'
commitHead: sn:7495  ea:0 T0 : 00083852 `  movcc   r3, #0'
commitHead: sn:7496  ea:548564 T0 : 00083856 `  str   r3, [r2, #0]'
commitHead: sn:7497  ea:0 T0 : 00083860 `  bl   0x1a210'
commitHead: sn:7498  ea:3204447552 T0 : 00107032 `  str_uop   r4, [sp, #24]'
commitHead: sn:7499  ea:3204447556 T0 : 00107032 `  str_uop   r5, [sp, #20]'
commitHead: sn:7500  ea:3204447560 T0 : 00107032 `  str_uop   r6, [sp, #16]'
commitHead: sn:7501  ea:3204447564 T0 : 00107032 `  str_uop   r7, [sp, #12]'
commitHead: sn:7502  ea:3204447568 T0 : 00107032 `  str_uop   r8, [sp, #8]'
commitHead: sn:7503  ea:3204447572 T0 : 00107032 `  str_uop   lr, [sp, #4]'
commitHead: sn:7504  ea:0 T0 : 00107032 `  subi_uop   sp, sp, #24'
commitHead: sn:7505  ea:0 T0 : 00107036 `  mov   r5, r0'
commitHead: sn:7506  ea:0 T0 : 00107040 `  bl   0x11968'
commitHead: sn:7507  ea:0 T0 : 00072048 `  bic   r1, r0, #3'
commitHead: sn:7508  ea:419784 T0 : 00072052 `  ldr   r2, [r1] #4'
commitHead: sn:7509  ea:0 T0 : 00072052 `  addi_uop   r1, r1, #4'
commitHead: sn:7510  ea:0 T0 : 00072056 `  ands   r3, r0, #3'
commitHead: sn:7511  ea:0 T0 : 00072060 `  rsb   r0, r3, #0'
commitHead: sn:7512  ea:0 T0 : 00072064 `  b   0x11990'
commitHead: sn:7513  ea:0 T0 : 00072088 `  tsts   r2, #255'
commitHead: sn:7514  ea:0 T0 : 00072092 `  tstsne   r2, #65280'
commitHead: sn:7515  ea:0 T0 : 00072096 `  tstsne   r2, #16711680'
commitHead: sn:7516  ea:0 T0 : 00072100 `  tstsne   r2, #4278190080'
commitHead: sn:7517  ea:0 T0 : 00072104 `  addne   r0, r0, #4'
commitHead: sn:7518  ea:419788 T0 : 00072108 `  ldrne   r2, [r1] #4'
commitHead: sn:7519  ea:0 T0 : 00072108 `  addi_uopne   r1, r1, #4'
commitHead: sn:7520  ea:0 T0 : 00072112 `  b   0x11990'
commitHead: sn:7521  ea:0 T0 : 00072088 `  tsts   r2, #255'
commitHead: sn:7522  ea:0 T0 : 00072092 `  tstsne   r2, #65280'
commitHead: sn:7523  ea:0 T0 : 00072096 `  tstsne   r2, #16711680'
commitHead: sn:7524  ea:0 T0 : 00072100 `  tstsne   r2, #4278190080'
commitHead: sn:7525  ea:0 T0 : 00072104 `  addne   r0, r0, #4'
commitHead: sn:7526  ea:419792 T0 : 00072108 `  ldrne   r2, [r1] #4'
commitHead: sn:7527  ea:0 T0 : 00072108 `  addi_uopne   r1, r1, #4'
commitHead: sn:7528  ea:0 T0 : 00072112 `  b   0x11990'
commitHead: sn:7529  ea:0 T0 : 00072088 `  tsts   r2, #255'
commitHead: sn:7530  ea:0 T0 : 00072092 `  tstsne   r2, #65280'
commitHead: sn:7531  ea:0 T0 : 00072096 `  tstsne   r2, #16711680'
commitHead: sn:7532  ea:0 T0 : 00072100 `  tstsne   r2, #4278190080'
commitHead: sn:7533  ea:0 T0 : 00072104 `  addne   r0, r0, #4'
commitHead: sn:7534  ea:419796 T0 : 00072108 `  ldrne   r2, [r1] #4'
commitHead: sn:7535  ea:0 T0 : 00072108 `  addi_uopne   r1, r1, #4'
commitHead: sn:7536  ea:0 T0 : 00072112 `  b   0x11990'
commitHead: sn:7570  ea:0 T0 : 00072088 `  tsts   r2, #255'
commitHead: sn:7571  ea:0 T0 : 00072092 `  tstsne   r2, #65280'
commitHead: sn:7572  ea:0 T0 : 00072096 `  tstsne   r2, #16711680'
commitHead: sn:7573  ea:0 T0 : 00072100 `  tstsne   r2, #4278190080'
commitHead: sn:7574  ea:0 T0 : 00072104 `  addne   r0, r0, #4'
commitHead: sn:7575  ea:419800 T0 : 00072108 `  ldrne   r2, [r1] #4'
commitHead: sn:7576  ea:0 T0 : 00072108 `  addi_uopne   r1, r1, #4'
commitHead: sn:7577  ea:0 T0 : 00072112 `  b   0x11990'
commitHead: sn:7601  ea:0 T0 : 00072088 `  tsts   r2, #255'
commitHead: sn:7602  ea:0 T0 : 00072092 `  tstsne   r2, #65280'
commitHead: sn:7603  ea:0 T0 : 00072096 `  tstsne   r2, #16711680'
commitHead: sn:7604  ea:0 T0 : 00072100 `  tstsne   r2, #4278190080'
commitHead: sn:7605  ea:0 T0 : 00072104 `  addne   r0, r0, #4'
commitHead: sn:7606  ea:0 T0 : 00072108 `  ldrne   r2, [r1] #4'
commitHead: sn:7607  ea:0 T0 : 00072108 `  addi_uopne   r1, r1, #4'
commitHead: sn:7608  ea:0 T0 : 00072112 `  b   0x11990'
commitHead: sn:7609  ea:0 T0 : 00072116 `  tsts   r2, #255'
commitHead: sn:7610  ea:0 T0 : 00072120 `  addne   r0, r0, #1'
commitHead: sn:7611  ea:0 T0 : 00072124 `  tstsne   r2, #65280'
commitHead: sn:7612  ea:0 T0 : 00072128 `  addne   r0, r0, #1'
commitHead: sn:7613  ea:0 T0 : 00072132 `  tstsne   r2, #16711680'
commitHead: sn:7614  ea:0 T0 : 00072136 `  addne   r0, r0, #1'
commitHead: sn:7615  ea:0 T0 : 00072140 `  bx   lr'
commitHead: sn:7616  ea:107308 T0 : 00107044 `  ldr   r3, [pc, #256]'
commitHead: sn:7617  ea:546044 T0 : 00107048 `  ldr   r1, [r3, #0]'
commitHead: sn:7618  ea:0 T0 : 00107052 `  cmps   r1, #0'
commitHead: sn:7619  ea:0 T0 : 00107056 `  b   0x1a234'
commitHead: sn:7620  ea:419784 T0 : 00107068 `  ldrb   r12, [r5, #0]'
commitHead: sn:7621  ea:0 T0 : 00107072 `  cmps   r12, #0'
commitHead: sn:7622  ea:0 T0 : 00107076 `  b   0x1a22c'
commitHead: sn:7623  ea:419785 T0 : 00107080 `  ldrb   r3, [r5, #1]'
commitHead: sn:7624  ea:0 T0 : 00107084 `  cmps   r3, #0'
commitHead: sn:7625  ea:0 T0 : 00107088 `  b   0x1a2a4'
commitHead: sn:7626  ea:3204447980 T0 : 00107180 `  ldr   r4, [r1, #0]'
commitHead: sn:7627  ea:0 T0 : 00107184 `  orr   r3, r12, r3, LSL #8'
commitHead: sn:7628  ea:0 T0 : 00107188 `  cmps   r4, #0'
commitHead: sn:7629  ea:0 T0 : 00107192 `  sub   r7, r0, #2'
commitHead: sn:7630  ea:0 T0 : 00107196 `  add   r8, r5, #2'
commitHead: sn:7631  ea:0 T0 : 00107200 `  b   0x1a22c'
commitHead: sn:7632  ea:0 T0 : 00107060 `  mov   r0, #0'
commitHead: sn:7633  ea:3204447552 T0 : 00107064 `  ldr2_uop   r4,r5, [sp, #0]'
commitHead: sn:7634  ea:3204447560 T0 : 00107064 `  ldr2_uop   r6,r7, [sp, #8]'
commitHead: sn:7635  ea:3204447568 T0 : 00107064 `  ldr2_uop   r8,r36, [sp, #16]'
commitHead: sn:7636  ea:0 T0 : 00107064 `  addi_uop   sp, sp, #24'
commitHead: sn:7637  ea:0 T0 : 00107064 `  uopReg_uop   pc, r36'
commitHead: sn:7638  ea:84416 T0 : 00083864 `  ldr   r12, [pc, #544]'
commitHead: sn:7639  ea:0 T0 : 00083868 `  cmps   r0, #0'
commitHead: sn:7640  ea:548496 T0 : 00083872 `  str   r0, [r12, #0]'
commitHead: sn:7641  ea:0 T0 : 00083876 `  b   0x14900'
commitHead: sn:7642  ea:84420 T0 : 00084232 `  ldr   r0, [pc, #180]'
commitHead: sn:7643  ea:84460 T0 : 00084236 `  ldr   r3, [pc, #216]'
commitHead: sn:7644  ea:540636 T0 : 00084240 `  ldr   r1, [r0, #0]'
commitHead: sn:7645  ea:0 T0 : 00084244 `  sub   r2, r3, #9'
commitHead: sn:7646  ea:0 T0 : 00084248 `  cmps   r1, #0'
commitHead: sn:7647  ea:0 T0 : 00084252 `  moveq   r3, r2'
commitHead: sn:7648  ea:548496 T0 : 00084256 `  str   r3, [r12, #0]'
commitHead: sn:7649  ea:0 T0 : 00084260 `  b   0x147b0'
commitHead: sn:7656  ea:540636 T0 : 00083896 `  ldr   r3, [r0, #0]'
commitHead: sn:7657  ea:0 T0 : 00083900 `  cmps   r3, #0'
commitHead: sn:7658  ea:0 T0 : 00083904 `  b   0x14808'
commitHead: sn:7674  ea:84432 T0 : 00083984 `  ldr   r8, [pc, #440]'
commitHead: sn:7675  ea:548540 T0 : 00083988 `  ldr   r3, [r8, #0]'
commitHead: sn:7676  ea:0 T0 : 00083992 `  cmps   r3, #0'
commitHead: sn:7677  ea:0 T0 : 00083996 `  b   0x14824'
commitHead: sn:7712  ea:84436 T0 : 00084012 `  ldr   r0, [pc, #416]'
commitHead: sn:7713  ea:0 T0 : 00084016 `  bl   0x1a210'
commitHead: sn:7714  ea:3204447552 T0 : 00107032 `  str_uop   r4, [sp, #24]'
commitHead: sn:7715  ea:3204447556 T0 : 00107032 `  str_uop   r5, [sp, #20]'
commitHead: sn:7716  ea:3204447560 T0 : 00107032 `  str_uop   r6, [sp, #16]'
commitHead: sn:7717  ea:3204447564 T0 : 00107032 `  str_uop   r7, [sp, #12]'
commitHead: sn:7718  ea:3204447568 T0 : 00107032 `  str_uop   r8, [sp, #8]'
commitHead: sn:7719  ea:3204447572 T0 : 00107032 `  str_uop   lr, [sp, #4]'
commitHead: sn:7720  ea:0 T0 : 00107032 `  subi_uop   sp, sp, #24'
commitHead: sn:7721  ea:0 T0 : 00107036 `  mov   r5, r0'
commitHead: sn:7722  ea:0 T0 : 00107040 `  bl   0x11968'
commitHead: sn:7723  ea:0 T0 : 00072048 `  bic   r1, r0, #3'
commitHead: sn:7724  ea:419836 T0 : 00072052 `  ldr   r2, [r1] #4'
commitHead: sn:7725  ea:0 T0 : 00072052 `  addi_uop   r1, r1, #4'
commitHead: sn:7726  ea:0 T0 : 00072056 `  ands   r3, r0, #3'
commitHead: sn:7727  ea:0 T0 : 00072060 `  rsb   r0, r3, #0'
commitHead: sn:7728  ea:0 T0 : 00072064 `  b   0x11990'
commitHead: sn:7729  ea:0 T0 : 00072088 `  tsts   r2, #255'
commitHead: sn:7730  ea:0 T0 : 00072092 `  tstsne   r2, #65280'
commitHead: sn:7731  ea:0 T0 : 00072096 `  tstsne   r2, #16711680'
commitHead: sn:7732  ea:0 T0 : 00072100 `  tstsne   r2, #4278190080'
commitHead: sn:7733  ea:0 T0 : 00072104 `  addne   r0, r0, #4'
commitHead: sn:7734  ea:419840 T0 : 00072108 `  ldrne   r2, [r1] #4'
commitHead: sn:7735  ea:0 T0 : 00072108 `  addi_uopne   r1, r1, #4'
commitHead: sn:7736  ea:0 T0 : 00072112 `  b   0x11990'
commitHead: sn:7759  ea:0 T0 : 00072088 `  tsts   r2, #255'
commitHead: sn:7760  ea:0 T0 : 00072092 `  tstsne   r2, #65280'
commitHead: sn:7761  ea:0 T0 : 00072096 `  tstsne   r2, #16711680'
commitHead: sn:7762  ea:0 T0 : 00072100 `  tstsne   r2, #4278190080'
commitHead: sn:7763  ea:0 T0 : 00072104 `  addne   r0, r0, #4'
commitHead: sn:7764  ea:419844 T0 : 00072108 `  ldrne   r2, [r1] #4'
commitHead: sn:7765  ea:0 T0 : 00072108 `  addi_uopne   r1, r1, #4'
commitHead: sn:7766  ea:0 T0 : 00072112 `  b   0x11990'
commitHead: sn:7799  ea:0 T0 : 00072088 `  tsts   r2, #255'
commitHead: sn:7800  ea:0 T0 : 00072092 `  tstsne   r2, #65280'
commitHead: sn:7801  ea:0 T0 : 00072096 `  tstsne   r2, #16711680'
commitHead: sn:7802  ea:0 T0 : 00072100 `  tstsne   r2, #4278190080'
commitHead: sn:7803  ea:0 T0 : 00072104 `  addne   r0, r0, #4'
commitHead: sn:7804  ea:419848 T0 : 00072108 `  ldrne   r2, [r1] #4'
commitHead: sn:7805  ea:0 T0 : 00072108 `  addi_uopne   r1, r1, #4'
commitHead: sn:7806  ea:0 T0 : 00072112 `  b   0x11990'
commitHead: sn:7830  ea:0 T0 : 00072088 `  tsts   r2, #255'
commitHead: sn:7831  ea:0 T0 : 00072092 `  tstsne   r2, #65280'
commitHead: sn:7832  ea:0 T0 : 00072096 `  tstsne   r2, #16711680'
commitHead: sn:7833  ea:0 T0 : 00072100 `  tstsne   r2, #4278190080'
commitHead: sn:7834  ea:0 T0 : 00072104 `  addne   r0, r0, #4'
commitHead: sn:7835  ea:419852 T0 : 00072108 `  ldrne   r2, [r1] #4'
commitHead: sn:7836  ea:0 T0 : 00072108 `  addi_uopne   r1, r1, #4'
commitHead: sn:7837  ea:0 T0 : 00072112 `  b   0x11990'
commitHead: sn:7838  ea:0 T0 : 00072088 `  tsts   r2, #255'
commitHead: sn:7839  ea:0 T0 : 00072092 `  tstsne   r2, #65280'
commitHead: sn:7840  ea:0 T0 : 00072096 `  tstsne   r2, #16711680'
commitHead: sn:7841  ea:0 T0 : 00072100 `  tstsne   r2, #4278190080'
commitHead: sn:7842  ea:0 T0 : 00072104 `  addne   r0, r0, #4'
commitHead: sn:7843  ea:0 T0 : 00072108 `  ldrne   r2, [r1] #4'
commitHead: sn:7844  ea:0 T0 : 00072108 `  addi_uopne   r1, r1, #4'
commitHead: sn:7845  ea:0 T0 : 00072112 `  b   0x11990'
commitHead: sn:7958  ea:0 T0 : 00072116 `  tsts   r2, #255'
commitHead: sn:7959  ea:0 T0 : 00072120 `  addne   r0, r0, #1'
commitHead: sn:7960  ea:0 T0 : 00072124 `  tstsne   r2, #65280'
commitHead: sn:7961  ea:0 T0 : 00072128 `  addne   r0, r0, #1'
commitHead: sn:7962  ea:0 T0 : 00072132 `  tstsne   r2, #16711680'
commitHead: sn:7963  ea:0 T0 : 00072136 `  addne   r0, r0, #1'
commitHead: sn:7964  ea:0 T0 : 00072140 `  bx   lr'
commitHead: sn:7965  ea:107308 T0 : 00107044 `  ldr   r3, [pc, #256]'
commitHead: sn:7966  ea:546044 T0 : 00107048 `  ldr   r1, [r3, #0]'
commitHead: sn:7967  ea:0 T0 : 00107052 `  cmps   r1, #0'
commitHead: sn:7968  ea:0 T0 : 00107056 `  b   0x1a234'
commitHead: sn:7969  ea:419836 T0 : 00107068 `  ldrb   r12, [r5, #0]'
commitHead: sn:7970  ea:0 T0 : 00107072 `  cmps   r12, #0'
commitHead: sn:7971  ea:0 T0 : 00107076 `  b   0x1a22c'
commitHead: sn:7972  ea:419837 T0 : 00107080 `  ldrb   r3, [r5, #1]'
commitHead: sn:7973  ea:0 T0 : 00107084 `  cmps   r3, #0'
commitHead: sn:7974  ea:0 T0 : 00107088 `  b   0x1a2a4'
commitHead: sn:7975  ea:3204447980 T0 : 00107180 `  ldr   r4, [r1, #0]'
commitHead: sn:7976  ea:0 T0 : 00107184 `  orr   r3, r12, r3, LSL #8'
commitHead: sn:7977  ea:0 T0 : 00107188 `  cmps   r4, #0'
commitHead: sn:7978  ea:0 T0 : 00107192 `  sub   r7, r0, #2'
commitHead: sn:7979  ea:0 T0 : 00107196 `  add   r8, r5, #2'
commitHead: sn:7980  ea:0 T0 : 00107200 `  b   0x1a22c'
commitHead: sn:7981  ea:0 T0 : 00107060 `  mov   r0, #0'
commitHead: sn:7982  ea:3204447552 T0 : 00107064 `  ldr2_uop   r4,r5, [sp, #0]'
commitHead: sn:7983  ea:3204447560 T0 : 00107064 `  ldr2_uop   r6,r7, [sp, #8]'
commitHead: sn:7984  ea:3204447568 T0 : 00107064 `  ldr2_uop   r8,r36, [sp, #16]'
commitHead: sn:7985  ea:0 T0 : 00107064 `  addi_uop   sp, sp, #24'
commitHead: sn:7986  ea:0 T0 : 00107064 `  uopReg_uop   pc, r36'
commitHead: sn:7987  ea:0 T0 : 00084020 `  subs   r5, r0, #0'
commitHead: sn:7988  ea:0 T0 : 00084024 `  b   0x83ac'
commitHead: sn:7989  ea:548540 T0 : 00084108 `  ldr   r0, [r8, #0]'
commitHead: sn:7990  ea:0 T0 : 00084112 `  cmps   r0, #0'
commitHead: sn:7991  ea:0 T0 : 00084116 `  b   0x14824'
commitHead: sn:8019  ea:84448 T0 : 00084132 `  ldr   r3, [pc, #308]'
commitHead: sn:8020  ea:548548 T0 : 00084136 `  ldr   r0, [r3, #0]'
commitHead: sn:8021  ea:0 T0 : 00084140 `  cmps   r0, #0'
commitHead: sn:8022  ea:0 T0 : 00084144 `  b   0x14808'
commitHead: sn:8023  ea:84452 T0 : 00084148 `  ldr   r3, [pc, #296]'
commitHead: sn:8024  ea:548580 T0 : 00084152 `  ldr   r12, [r3, #0]'
commitHead: sn:8025  ea:0 T0 : 00084156 `  cmps   r12, #0'
commitHead: sn:8026  ea:0 T0 : 00084160 `  b   0x148f8'
commitHead: sn:8027  ea:84456 T0 : 00084164 `  ldr   r1, [pc, #284]'
commitHead: sn:8028  ea:32820 T0 : 00084168 `  ldr   r3, [r0, #0]'
commitHead: sn:8029  ea:0 T0 : 00084172 `  cmps   r3, r1'
commitHead: sn:8030  ea:0 T0 : 00084176 `  movne   lr, r1'
commitHead: sn:8031  ea:0 T0 : 00084180 `  addne   r2, r0, #32'
commitHead: sn:8032  ea:0 T0 : 00084184 `  movne   r1, #0'
commitHead: sn:8033  ea:0 T0 : 00084188 `  b   0x148e8'
commitHead: sn:8057  ea:0 T0 : 00084208 `  add   r1, r1, #1'
commitHead: sn:8058  ea:0 T0 : 00084212 `  cmps   r1, r12'
commitHead: sn:8059  ea:0 T0 : 00084216 `  mov   r0, r2'
commitHead: sn:8060  ea:0 T0 : 00084220 `  b   0x148dc'
commitHead: sn:8069  ea:32852 T0 : 00084196 `  ldr   r3, [r2] #32'
commitHead: sn:8070  ea:0 T0 : 00084196 `  addi_uop   r2, r2, #32'
commitHead: sn:8071  ea:0 T0 : 00084200 `  cmps   r3, lr'
commitHead: sn:8072  ea:0 T0 : 00084204 `  b   0x87ac'
commitHead: sn:8073  ea:0 T0 : 00084208 `  add   r1, r1, #1'
commitHead: sn:8074  ea:0 T0 : 00084212 `  cmps   r1, r12'
commitHead: sn:8075  ea:0 T0 : 00084216 `  mov   r0, r2'
commitHead: sn:8076  ea:0 T0 : 00084220 `  b   0x148dc'
commitHead: sn:8077  ea:32884 T0 : 00084196 `  ldr   r3, [r2] #32'
commitHead: sn:8078  ea:0 T0 : 00084196 `  addi_uop   r2, r2, #32'
commitHead: sn:8079  ea:0 T0 : 00084200 `  cmps   r3, lr'
commitHead: sn:8080  ea:0 T0 : 00084204 `  b   0x87ac'
commitHead: sn:8081  ea:0 T0 : 00084208 `  add   r1, r1, #1'
commitHead: sn:8082  ea:0 T0 : 00084212 `  cmps   r1, r12'
commitHead: sn:8083  ea:0 T0 : 00084216 `  mov   r0, r2'
commitHead: sn:8084  ea:0 T0 : 00084220 `  b   0x148dc'
commitHead: sn:8085  ea:32916 T0 : 00084196 `  ldr   r3, [r2] #32'
commitHead: sn:8086  ea:0 T0 : 00084196 `  addi_uop   r2, r2, #32'
commitHead: sn:8087  ea:0 T0 : 00084200 `  cmps   r3, lr'
commitHead: sn:8088  ea:0 T0 : 00084204 `  b   0x87ac'
commitHead: sn:8089  ea:0 T0 : 00084208 `  add   r1, r1, #1'
commitHead: sn:8090  ea:0 T0 : 00084212 `  cmps   r1, r12'
commitHead: sn:8091  ea:0 T0 : 00084216 `  mov   r0, r2'
commitHead: sn:8092  ea:0 T0 : 00084220 `  b   0x148dc'
commitHead: sn:8093  ea:32948 T0 : 00084196 `  ldr   r3, [r2] #32'
commitHead: sn:8094  ea:0 T0 : 00084196 `  addi_uop   r2, r2, #32'
commitHead: sn:8095  ea:0 T0 : 00084200 `  cmps   r3, lr'
commitHead: sn:8096  ea:0 T0 : 00084204 `  b   0x87ac'
commitHead: sn:8097  ea:0 T0 : 00084208 `  add   r1, r1, #1'
commitHead: sn:8098  ea:0 T0 : 00084212 `  cmps   r1, r12'
commitHead: sn:8099  ea:0 T0 : 00084216 `  mov   r0, r2'
commitHead: sn:8100  ea:0 T0 : 00084220 `  b   0x148dc'
commitHead: sn:8101  ea:32980 T0 : 00084196 `  ldr   r3, [r2] #32'
commitHead: sn:8102  ea:0 T0 : 00084196 `  addi_uop   r2, r2, #32'
commitHead: sn:8103  ea:0 T0 : 00084200 `  cmps   r3, lr'
commitHead: sn:8104  ea:0 T0 : 00084204 `  b   0x87ac'
commitHead: sn:8189  ea:33004 T0 : 00084328 `  ldr   r2, [r0, #24]'
commitHead: sn:8190  ea:84464 T0 : 00084332 `  ldr   r3, [pc, #124]'
commitHead: sn:8191  ea:541928 T0 : 00084336 `  str   r2, [r3, #0]'
commitHead: sn:8192  ea:0 T0 : 00084340 `  b   0x148f8'
commitHead: sn:8193  ea:0 T0 : 00084224 `  add   sp, sp, #12'
commitHead: sn:8194  ea:3204447588 T0 : 00084228 `  ldr2_uop   r4,r5, [sp, #0]'
commitHead: sn:8195  ea:3204447596 T0 : 00084228 `  ldr2_uop   r6,r7, [sp, #8]'
commitHead: sn:8196  ea:3204447604 T0 : 00084228 `  ldr2_uop   r8,r10, [sp, #16]'
commitHead: sn:8197  ea:3204447612 T0 : 00084228 `  ldr_uop   r36, [sp, #24]'
commitHead: sn:8198  ea:0 T0 : 00084228 `  addi_uop   sp, sp, #28'
commitHead: sn:8199  ea:0 T0 : 00084228 `  uopReg_uop   pc, r36'
commitHead: sn:8202  ea:0 T0 : 00085960 `  mov   r0, r6'
commitHead: sn:8203  ea:0 T0 : 00085964 `  mov   r1, r4'
commitHead: sn:8204  ea:0 T0 : 00085968 `  mov   r2, r5'
commitHead: sn:8205  ea:3204447616 T0 : 00085972 `  ldr2_uop   r4,r5, [sp, #0]'
commitHead: sn:8206  ea:3204447624 T0 : 00085972 `  ldr2_uop   r6,lr, [sp, #8]'
commitHead: sn:8207  ea:0 T0 : 00085972 `  addi_uop   sp, sp, #16'
commitHead: sn:8208  ea:0 T0 : 00085976 `  b   0x13978'
commitHead: sn:8209  ea:3204447620 T0 : 00080256 `  str_uop   r4, [sp, #12]'
commitHead: sn:8210  ea:3204447624 T0 : 00080256 `  str_uop   r5, [sp, #8]'
commitHead: sn:8211  ea:3204447628 T0 : 00080256 `  str_uop   lr, [sp, #4]'
commitHead: sn:8212  ea:0 T0 : 00080256 `  subi_uop   sp, sp, #12'
commitHead: sn:8213  ea:0 T0 : 00080260 `  subs   r5, r1, #0'
commitHead: sn:8214  ea:0 T0 : 00080264 `  sub   sp, sp, #4'
commitHead: sn:8215  ea:0 T0 : 00080268 `  b   0x148f8'
commitHead: sn:8216  ea:3204447972 T0 : 00080272 `  ldr   r4, [r5, #0]'
commitHead: sn:8217  ea:0 T0 : 00080276 `  cmps   r4, #0'
commitHead: sn:8218  ea:0 T0 : 00080280 `  b   0xe87c'
commitHead: sn:8219  ea:0 T0 : 00080284 `  mov   r0, r4'
commitHead: sn:8220  ea:0 T0 : 00080288 `  mov   r1, #47'
commitHead: sn:8221  ea:0 T0 : 00080292 `  bl   0x2bba0'
commitHead: sn:8228  ea:3204447604 T0 : 00179112 `  str_uop   r4, [sp, #12]'
commitHead: sn:8229  ea:3204447608 T0 : 00179112 `  str_uop   r5, [sp, #8]'
commitHead: sn:8230  ea:3204447612 T0 : 00179112 `  str_uop   lr, [sp, #4]'
commitHead: sn:8231  ea:0 T0 : 00179112 `  subi_uop   sp, sp, #12'
commitHead: sn:8232  ea:0 T0 : 00179116 `  ands   r5, r1, #255'
commitHead: sn:8233  ea:0 T0 : 00179120 `  sub   sp, sp, #4'
commitHead: sn:8234  ea:0 T0 : 00179124 `  mov   r3, r0'
commitHead: sn:8235  ea:0 T0 : 00179128 `  movne   r4, #0'
commitHead: sn:8236  ea:0 T0 : 00179132 `  b   0x1a234'
commitHead: sn:8237  ea:0 T0 : 00179144 `  mov   r0, r3'
commitHead: sn:8238  ea:0 T0 : 00179148 `  mov   r1, r5'
commitHead: sn:8239  ea:0 T0 : 00179152 `  bl   0x2b5f4'
commitHead: sn:8249  ea:0 T0 : 00177660 `  tsts   r0, #3'
commitHead: sn:8250  ea:3204447592 T0 : 00177664 `  str_uop   r4, [sp, #8]'
commitHead: sn:8251  ea:3204447596 T0 : 00177664 `  str_uop   r5, [sp, #4]'
commitHead: sn:8252  ea:0 T0 : 00177664 `  subi_uop   sp, sp, #8'
commitHead: sn:8253  ea:0 T0 : 00177668 `  and   r4, r1, #255'
commitHead: sn:8254  ea:0 T0 : 00177672 `  b   0x13dbc'
commitHead: sn:8268  ea:3204448162 T0 : 00177700 `  ldrb   r3, [r0, #0]'
commitHead: sn:8269  ea:0 T0 : 00177704 `  cmps   r3, r4'
commitHead: sn:8270  ea:0 T0 : 00177708 `  b   0x2b608'
commitHead: sn:8360  ea:0 T0 : 00177680 `  cmps   r3, #0'
commitHead: sn:8361  ea:0 T0 : 00177684 `  b   0x2b6d4'
commitHead: sn:8362  ea:0 T0 : 00177688 `  add   r0, r0, #1'
commitHead: sn:8363  ea:0 T0 : 00177692 `  tsts   r0, #3'
commitHead: sn:8364  ea:0 T0 : 00177696 `  b   0x11990'
commitHead: sn:8365  ea:3204448163 T0 : 00177700 `  ldrb   r3, [r0, #0]'
commitHead: sn:8366  ea:0 T0 : 00177704 `  cmps   r3, r4'
commitHead: sn:8367  ea:0 T0 : 00177708 `  b   0x2b608'
commitHead: sn:8472  ea:3204447592 T0 : 00177712 `  ldr2_uop   r4,r5, [sp, #0]'
commitHead: sn:8473  ea:0 T0 : 00177712 `  addi_uop   sp, sp, #8'
commitHead: sn:8474  ea:0 T0 : 00177716 `  bx   lr'
commitHead: sn:8475  ea:0 T0 : 00179156 `  cmps   r0, #0'
commitHead: sn:8476  ea:0 T0 : 00179160 `  add   r3, r0, #1'
commitHead: sn:8477  ea:0 T0 : 00179164 `  b   0x11990'
commitHead: sn:8478  ea:0 T0 : 00179140 `  mov   r4, r0'
commitHead: sn:8479  ea:0 T0 : 00179144 `  mov   r0, r3'
commitHead: sn:8480  ea:0 T0 : 00179148 `  mov   r1, r5'
commitHead: sn:8481  ea:0 T0 : 00179152 `  bl   0x2b5f4'
commitHead: sn:8482  ea:0 T0 : 00177660 `  tsts   r0, #3'
commitHead: sn:8483  ea:3204447592 T0 : 00177664 `  str_uop   r4, [sp, #8]'
commitHead: sn:8484  ea:3204447596 T0 : 00177664 `  str_uop   r5, [sp, #4]'
commitHead: sn:8485  ea:0 T0 : 00177664 `  subi_uop   sp, sp, #8'
commitHead: sn:8486  ea:0 T0 : 00177668 `  and   r4, r1, #255'
commitHead: sn:8487  ea:0 T0 : 00177672 `  b   0x13dbc'
commitHead: sn:8513  ea:0 T0 : 00177676 `  b   0x2b630'
commitHead: sn:8514  ea:0 T0 : 00177720 `  orr   r3, r4, r4, LSL #8'
commitHead: sn:8515  ea:0 T0 : 00177724 `  mov   r12, r0'
commitHead: sn:8516  ea:0 T0 : 00177728 `  orr   r5, r3, r3, LSL #16'
commitHead: sn:8517  ea:3204448164 T0 : 00177732 `  ldr   r1, [r12, #0]'
commitHead: sn:8518  ea:177924 T0 : 00177736 `  ldr   r2, [pc, #180]'
commitHead: sn:8519  ea:0 T0 : 00177740 `  eor   r3, r5, r1'
commitHead: sn:8520  ea:0 T0 : 00177744 `  mov   r0, r2'
commitHead: sn:8521  ea:0 T0 : 00177748 `  add   r0, r1, r0'
commitHead: sn:8522  ea:0 T0 : 00177752 `  add   r2, r3, r2'
commitHead: sn:8523  ea:0 T0 : 00177756 `  mvn   r1, r1'
commitHead: sn:8524  ea:0 T0 : 00177760 `  mvn   r3, r3'
commitHead: sn:8525  ea:0 T0 : 00177764 `  eor   r3, r3, r2'
commitHead: sn:8526  ea:0 T0 : 00177768 `  eor   r1, r1, r0'
commitHead: sn:8527  ea:177928 T0 : 00177772 `  ldr   r2, [pc, #148]'
commitHead: sn:8528  ea:0 T0 : 00177776 `  orr   r3, r3, r1'
commitHead: sn:8529  ea:0 T0 : 00177780 `  and   r2, r3, r2'
commitHead: sn:8530  ea:0 T0 : 00177784 `  cmps   r2, #0'
commitHead: sn:8531  ea:0 T0 : 00177788 `  add   r0, r12, #1'
commitHead: sn:8532  ea:0 T0 : 00177792 `  b   0x2b6dc'
commitHead: sn:8548  ea:0 T0 : 00177892 `  add   r12, r12, #4'
commitHead: sn:8549  ea:0 T0 : 00177896 `  b   0x2b63c'
commitHead: sn:8555  ea:3204448168 T0 : 00177732 `  ldr   r1, [r12, #0]'
commitHead: sn:8556  ea:177924 T0 : 00177736 `  ldr   r2, [pc, #180]'
commitHead: sn:8557  ea:0 T0 : 00177740 `  eor   r3, r5, r1'
commitHead: sn:8558  ea:0 T0 : 00177744 `  mov   r0, r2'
commitHead: sn:8559  ea:0 T0 : 00177748 `  add   r0, r1, r0'
commitHead: sn:8560  ea:0 T0 : 00177752 `  add   r2, r3, r2'
commitHead: sn:8561  ea:0 T0 : 00177756 `  mvn   r1, r1'
commitHead: sn:8562  ea:0 T0 : 00177760 `  mvn   r3, r3'
commitHead: sn:8563  ea:0 T0 : 00177764 `  eor   r3, r3, r2'
commitHead: sn:8564  ea:0 T0 : 00177768 `  eor   r1, r1, r0'
commitHead: sn:8565  ea:177928 T0 : 00177772 `  ldr   r2, [pc, #148]'
commitHead: sn:8566  ea:0 T0 : 00177776 `  orr   r3, r3, r1'
commitHead: sn:8567  ea:0 T0 : 00177780 `  and   r2, r3, r2'
commitHead: sn:8568  ea:0 T0 : 00177784 `  cmps   r2, #0'
commitHead: sn:8569  ea:0 T0 : 00177788 `  add   r0, r12, #1'
commitHead: sn:8570  ea:0 T0 : 00177792 `  b   0x2b6dc'
commitHead: sn:8571  ea:3204448168 T0 : 00177796 `  ldrb   r3, [r12, #0]'
commitHead: sn:8572  ea:0 T0 : 00177800 `  add   r1, r12, #2'
commitHead: sn:8573  ea:0 T0 : 00177804 `  cmps   r3, r4'
commitHead: sn:8574  ea:0 T0 : 00177808 `  add   r2, r12, #3'
commitHead: sn:8575  ea:0 T0 : 00177812 `  b   0x2b6e4'
commitHead: sn:8576  ea:0 T0 : 00177816 `  cmps   r3, #0'
commitHead: sn:8577  ea:0 T0 : 00177820 `  b   0x148f8'
commitHead: sn:8578  ea:3204448169 T0 : 00177824 `  ldrb   r3, [r12, #1]'
commitHead: sn:8579  ea:0 T0 : 00177828 `  cmps   r3, r4'
commitHead: sn:8580  ea:0 T0 : 00177832 `  b   0x2b628'
commitHead: sn:8608  ea:3204447592 T0 : 00177712 `  ldr2_uop   r4,r5, [sp, #0]'
commitHead: sn:8609  ea:0 T0 : 00177712 `  addi_uop   sp, sp, #8'
commitHead: sn:8610  ea:0 T0 : 00177716 `  bx   lr'
commitHead: sn:8611  ea:0 T0 : 00179156 `  cmps   r0, #0'
commitHead: sn:8612  ea:0 T0 : 00179160 `  add   r3, r0, #1'
commitHead: sn:8613  ea:0 T0 : 00179164 `  b   0x11990'
commitHead: sn:8635  ea:0 T0 : 00179140 `  mov   r4, r0'
commitHead: sn:8636  ea:0 T0 : 00179144 `  mov   r0, r3'
commitHead: sn:8637  ea:0 T0 : 00179148 `  mov   r1, r5'
commitHead: sn:8638  ea:0 T0 : 00179152 `  bl   0x2b5f4'
commitHead: sn:8639  ea:0 T0 : 00177660 `  tsts   r0, #3'
commitHead: sn:8640  ea:3204447592 T0 : 00177664 `  str_uop   r4, [sp, #8]'
commitHead: sn:8641  ea:3204447596 T0 : 00177664 `  str_uop   r5, [sp, #4]'
commitHead: sn:8642  ea:0 T0 : 00177664 `  subi_uop   sp, sp, #8'
commitHead: sn:8643  ea:0 T0 : 00177668 `  and   r4, r1, #255'
commitHead: sn:8644  ea:0 T0 : 00177672 `  b   0x13dbc'
commitHead: sn:8672  ea:3204448170 T0 : 00177700 `  ldrb   r3, [r0, #0]'
commitHead: sn:8673  ea:0 T0 : 00177704 `  cmps   r3, r4'
commitHead: sn:8674  ea:0 T0 : 00177708 `  b   0x2b608'
commitHead: sn:8702  ea:0 T0 : 00177680 `  cmps   r3, #0'
commitHead: sn:8703  ea:0 T0 : 00177684 `  b   0x2b6d4'
commitHead: sn:8704  ea:0 T0 : 00177688 `  add   r0, r0, #1'
commitHead: sn:8705  ea:0 T0 : 00177692 `  tsts   r0, #3'
commitHead: sn:8706  ea:0 T0 : 00177696 `  b   0x11990'
commitHead: sn:8707  ea:3204448171 T0 : 00177700 `  ldrb   r3, [r0, #0]'
commitHead: sn:8708  ea:0 T0 : 00177704 `  cmps   r3, r4'
commitHead: sn:8709  ea:0 T0 : 00177708 `  b   0x2b608'
commitHead: sn:8737  ea:0 T0 : 00177680 `  cmps   r3, #0'
commitHead: sn:8738  ea:0 T0 : 00177684 `  b   0x2b6d4'
commitHead: sn:8739  ea:0 T0 : 00177688 `  add   r0, r0, #1'
commitHead: sn:8740  ea:0 T0 : 00177692 `  tsts   r0, #3'
commitHead: sn:8741  ea:0 T0 : 00177696 `  b   0x11990'
commitHead: sn:8761  ea:0 T0 : 00177720 `  orr   r3, r4, r4, LSL #8'
commitHead: sn:8762  ea:0 T0 : 00177724 `  mov   r12, r0'
commitHead: sn:8763  ea:0 T0 : 00177728 `  orr   r5, r3, r3, LSL #16'
commitHead: sn:8764  ea:3204448172 T0 : 00177732 `  ldr   r1, [r12, #0]'
commitHead: sn:8765  ea:177924 T0 : 00177736 `  ldr   r2, [pc, #180]'
commitHead: sn:8766  ea:0 T0 : 00177740 `  eor   r3, r5, r1'
commitHead: sn:8767  ea:0 T0 : 00177744 `  mov   r0, r2'
commitHead: sn:8768  ea:0 T0 : 00177748 `  add   r0, r1, r0'
commitHead: sn:8769  ea:0 T0 : 00177752 `  add   r2, r3, r2'
commitHead: sn:8770  ea:0 T0 : 00177756 `  mvn   r1, r1'
commitHead: sn:8771  ea:0 T0 : 00177760 `  mvn   r3, r3'
commitHead: sn:8772  ea:0 T0 : 00177764 `  eor   r3, r3, r2'
commitHead: sn:8773  ea:0 T0 : 00177768 `  eor   r1, r1, r0'
commitHead: sn:8774  ea:177928 T0 : 00177772 `  ldr   r2, [pc, #148]'
commitHead: sn:8775  ea:0 T0 : 00177776 `  orr   r3, r3, r1'
commitHead: sn:8776  ea:0 T0 : 00177780 `  and   r2, r3, r2'
commitHead: sn:8777  ea:0 T0 : 00177784 `  cmps   r2, #0'
commitHead: sn:8778  ea:0 T0 : 00177788 `  add   r0, r12, #1'
commitHead: sn:8779  ea:0 T0 : 00177792 `  b   0x2b6dc'
commitHead: sn:8780  ea:0 T0 : 00177892 `  add   r12, r12, #4'
commitHead: sn:8781  ea:0 T0 : 00177896 `  b   0x2b63c'
commitHead: sn:8782  ea:3204448176 T0 : 00177732 `  ldr   r1, [r12, #0]'
commitHead: sn:8783  ea:177924 T0 : 00177736 `  ldr   r2, [pc, #180]'
commitHead: sn:8784  ea:0 T0 : 00177740 `  eor   r3, r5, r1'
commitHead: sn:8785  ea:0 T0 : 00177744 `  mov   r0, r2'
commitHead: sn:8786  ea:0 T0 : 00177748 `  add   r0, r1, r0'
commitHead: sn:8787  ea:0 T0 : 00177752 `  add   r2, r3, r2'
commitHead: sn:8788  ea:0 T0 : 00177756 `  mvn   r1, r1'
commitHead: sn:8789  ea:0 T0 : 00177760 `  mvn   r3, r3'
commitHead: sn:8790  ea:0 T0 : 00177764 `  eor   r3, r3, r2'
commitHead: sn:8791  ea:0 T0 : 00177768 `  eor   r1, r1, r0'
commitHead: sn:8792  ea:177928 T0 : 00177772 `  ldr   r2, [pc, #148]'
commitHead: sn:8793  ea:0 T0 : 00177776 `  orr   r3, r3, r1'
commitHead: sn:8794  ea:0 T0 : 00177780 `  and   r2, r3, r2'
commitHead: sn:8795  ea:0 T0 : 00177784 `  cmps   r2, #0'
commitHead: sn:8796  ea:0 T0 : 00177788 `  add   r0, r12, #1'
commitHead: sn:8797  ea:0 T0 : 00177792 `  b   0x2b6dc'
commitHead: sn:8798  ea:0 T0 : 00177892 `  add   r12, r12, #4'
commitHead: sn:8799  ea:0 T0 : 00177896 `  b   0x2b63c'
commitHead: sn:8800  ea:3204448180 T0 : 00177732 `  ldr   r1, [r12, #0]'
commitHead: sn:8801  ea:177924 T0 : 00177736 `  ldr   r2, [pc, #180]'
commitHead: sn:8802  ea:0 T0 : 00177740 `  eor   r3, r5, r1'
commitHead: sn:8803  ea:0 T0 : 00177744 `  mov   r0, r2'
commitHead: sn:8804  ea:0 T0 : 00177748 `  add   r0, r1, r0'
commitHead: sn:8805  ea:0 T0 : 00177752 `  add   r2, r3, r2'
commitHead: sn:8806  ea:0 T0 : 00177756 `  mvn   r1, r1'
commitHead: sn:8807  ea:0 T0 : 00177760 `  mvn   r3, r3'
commitHead: sn:8808  ea:0 T0 : 00177764 `  eor   r3, r3, r2'
commitHead: sn:8809  ea:0 T0 : 00177768 `  eor   r1, r1, r0'
commitHead: sn:8810  ea:177928 T0 : 00177772 `  ldr   r2, [pc, #148]'
commitHead: sn:8811  ea:0 T0 : 00177776 `  orr   r3, r3, r1'
commitHead: sn:8812  ea:0 T0 : 00177780 `  and   r2, r3, r2'
commitHead: sn:8813  ea:0 T0 : 00177784 `  cmps   r2, #0'
commitHead: sn:8814  ea:0 T0 : 00177788 `  add   r0, r12, #1'
commitHead: sn:8815  ea:0 T0 : 00177792 `  b   0x2b6dc'
commitHead: sn:8816  ea:3204448180 T0 : 00177796 `  ldrb   r3, [r12, #0]'
commitHead: sn:8817  ea:0 T0 : 00177800 `  add   r1, r12, #2'
commitHead: sn:8818  ea:0 T0 : 00177804 `  cmps   r3, r4'
commitHead: sn:8819  ea:0 T0 : 00177808 `  add   r2, r12, #3'
commitHead: sn:8820  ea:0 T0 : 00177812 `  b   0x2b6e4'
commitHead: sn:8850  ea:0 T0 : 00177900 `  mov   r0, r12'
commitHead: sn:8851  ea:0 T0 : 00177904 `  b   0x2b628'
commitHead: sn:8855  ea:3204447592 T0 : 00177712 `  ldr2_uop   r4,r5, [sp, #0]'
commitHead: sn:8856  ea:0 T0 : 00177712 `  addi_uop   sp, sp, #8'
commitHead: sn:8857  ea:0 T0 : 00177716 `  bx   lr'
commitHead: sn:8858  ea:0 T0 : 00179156 `  cmps   r0, #0'
commitHead: sn:8859  ea:0 T0 : 00179160 `  add   r3, r0, #1'
commitHead: sn:8860  ea:0 T0 : 00179164 `  b   0x11990'
commitHead: sn:8861  ea:0 T0 : 00179140 `  mov   r4, r0'
commitHead: sn:8862  ea:0 T0 : 00179144 `  mov   r0, r3'
commitHead: sn:8863  ea:0 T0 : 00179148 `  mov   r1, r5'
commitHead: sn:8864  ea:0 T0 : 00179152 `  bl   0x2b5f4'
commitHead: sn:8865  ea:0 T0 : 00177660 `  tsts   r0, #3'
commitHead: sn:8866  ea:3204447592 T0 : 00177664 `  str_uop   r4, [sp, #8]'
commitHead: sn:8867  ea:3204447596 T0 : 00177664 `  str_uop   r5, [sp, #4]'
commitHead: sn:8868  ea:0 T0 : 00177664 `  subi_uop   sp, sp, #8'
commitHead: sn:8869  ea:0 T0 : 00177668 `  and   r4, r1, #255'
commitHead: sn:8870  ea:0 T0 : 00177672 `  b   0x13dbc'
commitHead: sn:8871  ea:3204448181 T0 : 00177700 `  ldrb   r3, [r0, #0]'
commitHead: sn:8872  ea:0 T0 : 00177704 `  cmps   r3, r4'
commitHead: sn:8873  ea:0 T0 : 00177708 `  b   0x2b608'
commitHead: sn:8901  ea:0 T0 : 00177680 `  cmps   r3, #0'
commitHead: sn:8902  ea:0 T0 : 00177684 `  b   0x2b6d4'
commitHead: sn:8903  ea:0 T0 : 00177688 `  add   r0, r0, #1'
commitHead: sn:8904  ea:0 T0 : 00177692 `  tsts   r0, #3'
commitHead: sn:8905  ea:0 T0 : 00177696 `  b   0x11990'
commitHead: sn:8906  ea:3204448182 T0 : 00177700 `  ldrb   r3, [r0, #0]'
commitHead: sn:8907  ea:0 T0 : 00177704 `  cmps   r3, r4'
commitHead: sn:8908  ea:0 T0 : 00177708 `  b   0x2b608'
commitHead: sn:8936  ea:0 T0 : 00177680 `  cmps   r3, #0'
commitHead: sn:8937  ea:0 T0 : 00177684 `  b   0x2b6d4'
commitHead: sn:8938  ea:0 T0 : 00177688 `  add   r0, r0, #1'
commitHead: sn:8939  ea:0 T0 : 00177692 `  tsts   r0, #3'
commitHead: sn:8940  ea:0 T0 : 00177696 `  b   0x11990'
commitHead: sn:8975  ea:3204448183 T0 : 00177700 `  ldrb   r3, [r0, #0]'
commitHead: sn:8976  ea:0 T0 : 00177704 `  cmps   r3, r4'
commitHead: sn:8977  ea:0 T0 : 00177708 `  b   0x2b608'
commitHead: sn:9013  ea:0 T0 : 00177680 `  cmps   r3, #0'
commitHead: sn:9014  ea:0 T0 : 00177684 `  b   0x2b6d4'
commitHead: sn:9015  ea:0 T0 : 00177688 `  add   r0, r0, #1'
commitHead: sn:9016  ea:0 T0 : 00177692 `  tsts   r0, #3'
commitHead: sn:9017  ea:0 T0 : 00177696 `  b   0x11990'
commitHead: sn:9040  ea:0 T0 : 00177720 `  orr   r3, r4, r4, LSL #8'
commitHead: sn:9041  ea:0 T0 : 00177724 `  mov   r12, r0'
commitHead: sn:9042  ea:0 T0 : 00177728 `  orr   r5, r3, r3, LSL #16'
commitHead: sn:9043  ea:3204448184 T0 : 00177732 `  ldr   r1, [r12, #0]'
commitHead: sn:9044  ea:177924 T0 : 00177736 `  ldr   r2, [pc, #180]'
commitHead: sn:9045  ea:0 T0 : 00177740 `  eor   r3, r5, r1'
commitHead: sn:9046  ea:0 T0 : 00177744 `  mov   r0, r2'
commitHead: sn:9047  ea:0 T0 : 00177748 `  add   r0, r1, r0'
commitHead: sn:9048  ea:0 T0 : 00177752 `  add   r2, r3, r2'
commitHead: sn:9049  ea:0 T0 : 00177756 `  mvn   r1, r1'
commitHead: sn:9050  ea:0 T0 : 00177760 `  mvn   r3, r3'
commitHead: sn:9051  ea:0 T0 : 00177764 `  eor   r3, r3, r2'
commitHead: sn:9052  ea:0 T0 : 00177768 `  eor   r1, r1, r0'
commitHead: sn:9053  ea:177928 T0 : 00177772 `  ldr   r2, [pc, #148]'
commitHead: sn:9054  ea:0 T0 : 00177776 `  orr   r3, r3, r1'
commitHead: sn:9055  ea:0 T0 : 00177780 `  and   r2, r3, r2'
commitHead: sn:9056  ea:0 T0 : 00177784 `  cmps   r2, #0'
commitHead: sn:9057  ea:0 T0 : 00177788 `  add   r0, r12, #1'
commitHead: sn:9058  ea:0 T0 : 00177792 `  b   0x2b6dc'
commitHead: sn:9059  ea:3204448184 T0 : 00177796 `  ldrb   r3, [r12, #0]'
commitHead: sn:9060  ea:0 T0 : 00177800 `  add   r1, r12, #2'
commitHead: sn:9061  ea:0 T0 : 00177804 `  cmps   r3, r4'
commitHead: sn:9062  ea:0 T0 : 00177808 `  add   r2, r12, #3'
commitHead: sn:9063  ea:0 T0 : 00177812 `  b   0x2b6e4'
commitHead: sn:9064  ea:0 T0 : 00177816 `  cmps   r3, #0'
commitHead: sn:9065  ea:0 T0 : 00177820 `  b   0x148f8'
commitHead: sn:9066  ea:3204448185 T0 : 00177824 `  ldrb   r3, [r12, #1]'
commitHead: sn:9067  ea:0 T0 : 00177828 `  cmps   r3, r4'
commitHead: sn:9068  ea:0 T0 : 00177832 `  b   0x2b628'
commitHead: sn:9069  ea:0 T0 : 00177836 `  cmps   r3, #0'
commitHead: sn:9070  ea:0 T0 : 00177840 `  b   0x87b8'
commitHead: sn:9071  ea:3204448186 T0 : 00177844 `  ldrb   r3, [r12, #2]'
commitHead: sn:9072  ea:0 T0 : 00177848 `  cmps   r3, r4'
commitHead: sn:9073  ea:0 T0 : 00177852 `  b   0x10974'
commitHead: sn:9094  ea:0 T0 : 00177908 `  mov   r0, r1'
commitHead: sn:9095  ea:0 T0 : 00177912 `  b   0x2b628'
commitHead: sn:9097  ea:3204447592 T0 : 00177712 `  ldr2_uop   r4,r5, [sp, #0]'
commitHead: sn:9098  ea:0 T0 : 00177712 `  addi_uop   sp, sp, #8'
commitHead: sn:9099  ea:0 T0 : 00177716 `  bx   lr'
commitHead: sn:9100  ea:0 T0 : 00179156 `  cmps   r0, #0'
commitHead: sn:9101  ea:0 T0 : 00179160 `  add   r3, r0, #1'
commitHead: sn:9102  ea:0 T0 : 00179164 `  b   0x11990'
commitHead: sn:9103  ea:0 T0 : 00179140 `  mov   r4, r0'
commitHead: sn:9104  ea:0 T0 : 00179144 `  mov   r0, r3'
commitHead: sn:9105  ea:0 T0 : 00179148 `  mov   r1, r5'
commitHead: sn:9106  ea:0 T0 : 00179152 `  bl   0x2b5f4'
commitHead: sn:9107  ea:0 T0 : 00177660 `  tsts   r0, #3'
commitHead: sn:9108  ea:3204447592 T0 : 00177664 `  str_uop   r4, [sp, #8]'
commitHead: sn:9109  ea:3204447596 T0 : 00177664 `  str_uop   r5, [sp, #4]'
commitHead: sn:9110  ea:0 T0 : 00177664 `  subi_uop   sp, sp, #8'
commitHead: sn:9111  ea:0 T0 : 00177668 `  and   r4, r1, #255'
commitHead: sn:9112  ea:0 T0 : 00177672 `  b   0x13dbc'
commitHead: sn:9138  ea:3204448187 T0 : 00177700 `  ldrb   r3, [r0, #0]'
commitHead: sn:9139  ea:0 T0 : 00177704 `  cmps   r3, r4'
commitHead: sn:9140  ea:0 T0 : 00177708 `  b   0x2b608'
commitHead: sn:9168  ea:0 T0 : 00177680 `  cmps   r3, #0'
commitHead: sn:9169  ea:0 T0 : 00177684 `  b   0x2b6d4'
commitHead: sn:9170  ea:0 T0 : 00177688 `  add   r0, r0, #1'
commitHead: sn:9171  ea:0 T0 : 00177692 `  tsts   r0, #3'
commitHead: sn:9172  ea:0 T0 : 00177696 `  b   0x11990'
commitHead: sn:9193  ea:0 T0 : 00177720 `  orr   r3, r4, r4, LSL #8'
commitHead: sn:9194  ea:0 T0 : 00177724 `  mov   r12, r0'
commitHead: sn:9195  ea:0 T0 : 00177728 `  orr   r5, r3, r3, LSL #16'
commitHead: sn:9196  ea:3204448188 T0 : 00177732 `  ldr   r1, [r12, #0]'
commitHead: sn:9197  ea:177924 T0 : 00177736 `  ldr   r2, [pc, #180]'
commitHead: sn:9198  ea:0 T0 : 00177740 `  eor   r3, r5, r1'
commitHead: sn:9199  ea:0 T0 : 00177744 `  mov   r0, r2'
commitHead: sn:9200  ea:0 T0 : 00177748 `  add   r0, r1, r0'
commitHead: sn:9201  ea:0 T0 : 00177752 `  add   r2, r3, r2'
commitHead: sn:9202  ea:0 T0 : 00177756 `  mvn   r1, r1'
commitHead: sn:9203  ea:0 T0 : 00177760 `  mvn   r3, r3'
commitHead: sn:9204  ea:0 T0 : 00177764 `  eor   r3, r3, r2'
commitHead: sn:9205  ea:0 T0 : 00177768 `  eor   r1, r1, r0'
commitHead: sn:9206  ea:177928 T0 : 00177772 `  ldr   r2, [pc, #148]'
commitHead: sn:9207  ea:0 T0 : 00177776 `  orr   r3, r3, r1'
commitHead: sn:9208  ea:0 T0 : 00177780 `  and   r2, r3, r2'
commitHead: sn:9209  ea:0 T0 : 00177784 `  cmps   r2, #0'
commitHead: sn:9210  ea:0 T0 : 00177788 `  add   r0, r12, #1'
commitHead: sn:9211  ea:0 T0 : 00177792 `  b   0x2b6dc'
commitHead: sn:9212  ea:3204448188 T0 : 00177796 `  ldrb   r3, [r12, #0]'
commitHead: sn:9213  ea:0 T0 : 00177800 `  add   r1, r12, #2'
commitHead: sn:9214  ea:0 T0 : 00177804 `  cmps   r3, r4'
commitHead: sn:9215  ea:0 T0 : 00177808 `  add   r2, r12, #3'
commitHead: sn:9216  ea:0 T0 : 00177812 `  b   0x2b6e4'
commitHead: sn:9230  ea:0 T0 : 00177816 `  cmps   r3, #0'
commitHead: sn:9231  ea:0 T0 : 00177820 `  b   0x148f8'
commitHead: sn:9232  ea:3204448189 T0 : 00177824 `  ldrb   r3, [r12, #1]'
commitHead: sn:9233  ea:0 T0 : 00177828 `  cmps   r3, r4'
commitHead: sn:9234  ea:0 T0 : 00177832 `  b   0x2b628'
commitHead: sn:9254  ea:0 T0 : 00177836 `  cmps   r3, #0'
commitHead: sn:9255  ea:0 T0 : 00177840 `  b   0x87b8'
commitHead: sn:9256  ea:3204448190 T0 : 00177844 `  ldrb   r3, [r12, #2]'
commitHead: sn:9257  ea:0 T0 : 00177848 `  cmps   r3, r4'
commitHead: sn:9258  ea:0 T0 : 00177852 `  b   0x10974'
commitHead: sn:9279  ea:0 T0 : 00177908 `  mov   r0, r1'
commitHead: sn:9280  ea:0 T0 : 00177912 `  b   0x2b628'
commitHead: sn:9281  ea:3204447592 T0 : 00177712 `  ldr2_uop   r4,r5, [sp, #0]'
commitHead: sn:9282  ea:0 T0 : 00177712 `  addi_uop   sp, sp, #8'
commitHead: sn:9283  ea:0 T0 : 00177716 `  bx   lr'
commitHead: sn:9284  ea:0 T0 : 00179156 `  cmps   r0, #0'
commitHead: sn:9285  ea:0 T0 : 00179160 `  add   r3, r0, #1'
commitHead: sn:9286  ea:0 T0 : 00179164 `  b   0x11990'
commitHead: sn:9287  ea:0 T0 : 00179140 `  mov   r4, r0'
commitHead: sn:9288  ea:0 T0 : 00179144 `  mov   r0, r3'
commitHead: sn:9289  ea:0 T0 : 00179148 `  mov   r1, r5'
commitHead: sn:9290  ea:0 T0 : 00179152 `  bl   0x2b5f4'
commitHead: sn:9291  ea:0 T0 : 00177660 `  tsts   r0, #3'
commitHead: sn:9292  ea:3204447592 T0 : 00177664 `  str_uop   r4, [sp, #8]'
commitHead: sn:9293  ea:3204447596 T0 : 00177664 `  str_uop   r5, [sp, #4]'
commitHead: sn:9294  ea:0 T0 : 00177664 `  subi_uop   sp, sp, #8'
commitHead: sn:9295  ea:0 T0 : 00177668 `  and   r4, r1, #255'
commitHead: sn:9296  ea:0 T0 : 00177672 `  b   0x13dbc'
commitHead: sn:9324  ea:3204448191 T0 : 00177700 `  ldrb   r3, [r0, #0]'
commitHead: sn:9325  ea:0 T0 : 00177704 `  cmps   r3, r4'
commitHead: sn:9326  ea:0 T0 : 00177708 `  b   0x2b608'
commitHead: sn:9354  ea:0 T0 : 00177680 `  cmps   r3, #0'
commitHead: sn:9355  ea:0 T0 : 00177684 `  b   0x2b6d4'
commitHead: sn:9356  ea:0 T0 : 00177688 `  add   r0, r0, #1'
commitHead: sn:9357  ea:0 T0 : 00177692 `  tsts   r0, #3'
commitHead: sn:9358  ea:0 T0 : 00177696 `  b   0x11990'
commitHead: sn:9379  ea:0 T0 : 00177720 `  orr   r3, r4, r4, LSL #8'
commitHead: sn:9380  ea:0 T0 : 00177724 `  mov   r12, r0'
commitHead: sn:9381  ea:0 T0 : 00177728 `  orr   r5, r3, r3, LSL #16'
commitHead: sn:9382  ea:3204448192 T0 : 00177732 `  ldr   r1, [r12, #0]'
commitHead: sn:9383  ea:177924 T0 : 00177736 `  ldr   r2, [pc, #180]'
commitHead: sn:9384  ea:0 T0 : 00177740 `  eor   r3, r5, r1'
commitHead: sn:9385  ea:0 T0 : 00177744 `  mov   r0, r2'
commitHead: sn:9386  ea:0 T0 : 00177748 `  add   r0, r1, r0'
commitHead: sn:9387  ea:0 T0 : 00177752 `  add   r2, r3, r2'
commitHead: sn:9388  ea:0 T0 : 00177756 `  mvn   r1, r1'
commitHead: sn:9389  ea:0 T0 : 00177760 `  mvn   r3, r3'
commitHead: sn:9390  ea:0 T0 : 00177764 `  eor   r3, r3, r2'
commitHead: sn:9391  ea:0 T0 : 00177768 `  eor   r1, r1, r0'
commitHead: sn:9392  ea:177928 T0 : 00177772 `  ldr   r2, [pc, #148]'
commitHead: sn:9393  ea:0 T0 : 00177776 `  orr   r3, r3, r1'
commitHead: sn:9394  ea:0 T0 : 00177780 `  and   r2, r3, r2'
commitHead: sn:9395  ea:0 T0 : 00177784 `  cmps   r2, #0'
commitHead: sn:9396  ea:0 T0 : 00177788 `  add   r0, r12, #1'
commitHead: sn:9397  ea:0 T0 : 00177792 `  b   0x2b6dc'
commitHead: sn:9398  ea:3204448192 T0 : 00177796 `  ldrb   r3, [r12, #0]'
commitHead: sn:9399  ea:0 T0 : 00177800 `  add   r1, r12, #2'
commitHead: sn:9400  ea:0 T0 : 00177804 `  cmps   r3, r4'
commitHead: sn:9401  ea:0 T0 : 00177808 `  add   r2, r12, #3'
commitHead: sn:9402  ea:0 T0 : 00177812 `  b   0x2b6e4'
commitHead: sn:9403  ea:0 T0 : 00177816 `  cmps   r3, #0'
commitHead: sn:9404  ea:0 T0 : 00177820 `  b   0x148f8'
commitHead: sn:9405  ea:3204448193 T0 : 00177824 `  ldrb   r3, [r12, #1]'
commitHead: sn:9406  ea:0 T0 : 00177828 `  cmps   r3, r4'
commitHead: sn:9407  ea:0 T0 : 00177832 `  b   0x2b628'
commitHead: sn:9408  ea:0 T0 : 00177836 `  cmps   r3, #0'
commitHead: sn:9409  ea:0 T0 : 00177840 `  b   0x87b8'
commitHead: sn:9410  ea:3204448194 T0 : 00177844 `  ldrb   r3, [r12, #2]'
commitHead: sn:9411  ea:0 T0 : 00177848 `  cmps   r3, r4'
commitHead: sn:9412  ea:0 T0 : 00177852 `  b   0x10974'
commitHead: sn:9413  ea:0 T0 : 00177908 `  mov   r0, r1'
commitHead: sn:9414  ea:0 T0 : 00177912 `  b   0x2b628'
commitHead: sn:9415  ea:3204447592 T0 : 00177712 `  ldr2_uop   r4,r5, [sp, #0]'
commitHead: sn:9416  ea:0 T0 : 00177712 `  addi_uop   sp, sp, #8'
commitHead: sn:9417  ea:0 T0 : 00177716 `  bx   lr'
commitHead: sn:9418  ea:0 T0 : 00179156 `  cmps   r0, #0'
commitHead: sn:9419  ea:0 T0 : 00179160 `  add   r3, r0, #1'
commitHead: sn:9420  ea:0 T0 : 00179164 `  b   0x11990'
commitHead: sn:9421  ea:0 T0 : 00179140 `  mov   r4, r0'
commitHead: sn:9422  ea:0 T0 : 00179144 `  mov   r0, r3'
commitHead: sn:9423  ea:0 T0 : 00179148 `  mov   r1, r5'
commitHead: sn:9424  ea:0 T0 : 00179152 `  bl   0x2b5f4'
commitHead: sn:9425  ea:0 T0 : 00177660 `  tsts   r0, #3'
commitHead: sn:9426  ea:3204447592 T0 : 00177664 `  str_uop   r4, [sp, #8]'
commitHead: sn:9427  ea:3204447596 T0 : 00177664 `  str_uop   r5, [sp, #4]'
commitHead: sn:9428  ea:0 T0 : 00177664 `  subi_uop   sp, sp, #8'
commitHead: sn:9429  ea:0 T0 : 00177668 `  and   r4, r1, #255'
commitHead: sn:9430  ea:0 T0 : 00177672 `  b   0x13dbc'
commitHead: sn:9531  ea:3204448195 T0 : 00177700 `  ldrb   r3, [r0, #0]'
commitHead: sn:9532  ea:0 T0 : 00177704 `  cmps   r3, r4'
commitHead: sn:9533  ea:0 T0 : 00177708 `  b   0x2b608'
commitHead: sn:9587  ea:0 T0 : 00177680 `  cmps   r3, #0'
commitHead: sn:9588  ea:0 T0 : 00177684 `  b   0x2b6d4'
commitHead: sn:9589  ea:0 T0 : 00177688 `  add   r0, r0, #1'
commitHead: sn:9590  ea:0 T0 : 00177692 `  tsts   r0, #3'
commitHead: sn:9591  ea:0 T0 : 00177696 `  b   0x11990'
commitHead: sn:9622  ea:0 T0 : 00177720 `  orr   r3, r4, r4, LSL #8'
commitHead: sn:9623  ea:0 T0 : 00177724 `  mov   r12, r0'
commitHead: sn:9624  ea:0 T0 : 00177728 `  orr   r5, r3, r3, LSL #16'
commitHead: sn:9625  ea:3204448196 T0 : 00177732 `  ldr   r1, [r12, #0]'
commitHead: sn:9626  ea:177924 T0 : 00177736 `  ldr   r2, [pc, #180]'
commitHead: sn:9627  ea:0 T0 : 00177740 `  eor   r3, r5, r1'
commitHead: sn:9628  ea:0 T0 : 00177744 `  mov   r0, r2'
commitHead: sn:9629  ea:0 T0 : 00177748 `  add   r0, r1, r0'
commitHead: sn:9630  ea:0 T0 : 00177752 `  add   r2, r3, r2'
commitHead: sn:9631  ea:0 T0 : 00177756 `  mvn   r1, r1'
commitHead: sn:9632  ea:0 T0 : 00177760 `  mvn   r3, r3'
commitHead: sn:9633  ea:0 T0 : 00177764 `  eor   r3, r3, r2'
commitHead: sn:9634  ea:0 T0 : 00177768 `  eor   r1, r1, r0'
commitHead: sn:9635  ea:177928 T0 : 00177772 `  ldr   r2, [pc, #148]'
commitHead: sn:9636  ea:0 T0 : 00177776 `  orr   r3, r3, r1'
commitHead: sn:9637  ea:0 T0 : 00177780 `  and   r2, r3, r2'
commitHead: sn:9638  ea:0 T0 : 00177784 `  cmps   r2, #0'
commitHead: sn:9639  ea:0 T0 : 00177788 `  add   r0, r12, #1'
commitHead: sn:9640  ea:0 T0 : 00177792 `  b   0x2b6dc'
commitHead: sn:9675  ea:0 T0 : 00177892 `  add   r12, r12, #4'
commitHead: sn:9676  ea:0 T0 : 00177896 `  b   0x2b63c'
commitHead: sn:9677  ea:3204448200 T0 : 00177732 `  ldr   r1, [r12, #0]'
commitHead: sn:9678  ea:177924 T0 : 00177736 `  ldr   r2, [pc, #180]'
commitHead: sn:9679  ea:0 T0 : 00177740 `  eor   r3, r5, r1'
commitHead: sn:9680  ea:0 T0 : 00177744 `  mov   r0, r2'
commitHead: sn:9681  ea:0 T0 : 00177748 `  add   r0, r1, r0'
commitHead: sn:9682  ea:0 T0 : 00177752 `  add   r2, r3, r2'
commitHead: sn:9683  ea:0 T0 : 00177756 `  mvn   r1, r1'
commitHead: sn:9684  ea:0 T0 : 00177760 `  mvn   r3, r3'
commitHead: sn:9685  ea:0 T0 : 00177764 `  eor   r3, r3, r2'
commitHead: sn:9686  ea:0 T0 : 00177768 `  eor   r1, r1, r0'
commitHead: sn:9687  ea:177928 T0 : 00177772 `  ldr   r2, [pc, #148]'
commitHead: sn:9688  ea:0 T0 : 00177776 `  orr   r3, r3, r1'
commitHead: sn:9689  ea:0 T0 : 00177780 `  and   r2, r3, r2'
commitHead: sn:9690  ea:0 T0 : 00177784 `  cmps   r2, #0'
commitHead: sn:9691  ea:0 T0 : 00177788 `  add   r0, r12, #1'
commitHead: sn:9692  ea:0 T0 : 00177792 `  b   0x2b6dc'
commitHead: sn:9693  ea:3204448200 T0 : 00177796 `  ldrb   r3, [r12, #0]'
commitHead: sn:9694  ea:0 T0 : 00177800 `  add   r1, r12, #2'
commitHead: sn:9695  ea:0 T0 : 00177804 `  cmps   r3, r4'
commitHead: sn:9696  ea:0 T0 : 00177808 `  add   r2, r12, #3'
commitHead: sn:9697  ea:0 T0 : 00177812 `  b   0x2b6e4'
commitHead: sn:9721  ea:0 T0 : 00177900 `  mov   r0, r12'
commitHead: sn:9722  ea:0 T0 : 00177904 `  b   0x2b628'
commitHead: sn:9723  ea:3204447592 T0 : 00177712 `  ldr2_uop   r4,r5, [sp, #0]'
commitHead: sn:9724  ea:0 T0 : 00177712 `  addi_uop   sp, sp, #8'
commitHead: sn:9725  ea:0 T0 : 00177716 `  bx   lr'
commitHead: sn:9726  ea:0 T0 : 00179156 `  cmps   r0, #0'
commitHead: sn:9727  ea:0 T0 : 00179160 `  add   r3, r0, #1'
commitHead: sn:9728  ea:0 T0 : 00179164 `  b   0x11990'
commitHead: sn:9729  ea:0 T0 : 00179140 `  mov   r4, r0'
commitHead: sn:9730  ea:0 T0 : 00179144 `  mov   r0, r3'
commitHead: sn:9731  ea:0 T0 : 00179148 `  mov   r1, r5'
commitHead: sn:9732  ea:0 T0 : 00179152 `  bl   0x2b5f4'
commitHead: sn:9733  ea:0 T0 : 00177660 `  tsts   r0, #3'
commitHead: sn:9734  ea:3204447592 T0 : 00177664 `  str_uop   r4, [sp, #8]'
commitHead: sn:9735  ea:3204447596 T0 : 00177664 `  str_uop   r5, [sp, #4]'
commitHead: sn:9736  ea:0 T0 : 00177664 `  subi_uop   sp, sp, #8'
commitHead: sn:9737  ea:0 T0 : 00177668 `  and   r4, r1, #255'
commitHead: sn:9738  ea:0 T0 : 00177672 `  b   0x13dbc'
commitHead: sn:9766  ea:3204448201 T0 : 00177700 `  ldrb   r3, [r0, #0]'
commitHead: sn:9767  ea:0 T0 : 00177704 `  cmps   r3, r4'
commitHead: sn:9768  ea:0 T0 : 00177708 `  b   0x2b608'
commitHead: sn:9796  ea:0 T0 : 00177680 `  cmps   r3, #0'
commitHead: sn:9797  ea:0 T0 : 00177684 `  b   0x2b6d4'
commitHead: sn:9798  ea:0 T0 : 00177688 `  add   r0, r0, #1'
commitHead: sn:9799  ea:0 T0 : 00177692 `  tsts   r0, #3'
commitHead: sn:9800  ea:0 T0 : 00177696 `  b   0x11990'
commitHead: sn:9801  ea:3204448202 T0 : 00177700 `  ldrb   r3, [r0, #0]'
commitHead: sn:9802  ea:0 T0 : 00177704 `  cmps   r3, r4'
commitHead: sn:9803  ea:0 T0 : 00177708 `  b   0x2b608'
commitHead: sn:9831  ea:0 T0 : 00177680 `  cmps   r3, #0'
commitHead: sn:9832  ea:0 T0 : 00177684 `  b   0x2b6d4'
commitHead: sn:9833  ea:0 T0 : 00177688 `  add   r0, r0, #1'
commitHead: sn:9834  ea:0 T0 : 00177692 `  tsts   r0, #3'
commitHead: sn:9835  ea:0 T0 : 00177696 `  b   0x11990'
commitHead: sn:9836  ea:3204448203 T0 : 00177700 `  ldrb   r3, [r0, #0]'
commitHead: sn:9837  ea:0 T0 : 00177704 `  cmps   r3, r4'
commitHead: sn:9838  ea:0 T0 : 00177708 `  b   0x2b608'
commitHead: sn:9839  ea:0 T0 : 00177680 `  cmps   r3, #0'
commitHead: sn:9840  ea:0 T0 : 00177684 `  b   0x2b6d4'
commitHead: sn:9841  ea:0 T0 : 00177688 `  add   r0, r0, #1'
commitHead: sn:9842  ea:0 T0 : 00177692 `  tsts   r0, #3'
commitHead: sn:9843  ea:0 T0 : 00177696 `  b   0x11990'
commitHead: sn:9918  ea:0 T0 : 00177720 `  orr   r3, r4, r4, LSL #8'
commitHead: sn:9919  ea:0 T0 : 00177724 `  mov   r12, r0'
commitHead: sn:9920  ea:0 T0 : 00177728 `  orr   r5, r3, r3, LSL #16'
commitHead: sn:9921  ea:3204448204 T0 : 00177732 `  ldr   r1, [r12, #0]'
commitHead: sn:9922  ea:177924 T0 : 00177736 `  ldr   r2, [pc, #180]'
commitHead: sn:9923  ea:0 T0 : 00177740 `  eor   r3, r5, r1'
commitHead: sn:9924  ea:0 T0 : 00177744 `  mov   r0, r2'
commitHead: sn:9925  ea:0 T0 : 00177748 `  add   r0, r1, r0'
commitHead: sn:9926  ea:0 T0 : 00177752 `  add   r2, r3, r2'
commitHead: sn:9927  ea:0 T0 : 00177756 `  mvn   r1, r1'
commitHead: sn:9928  ea:0 T0 : 00177760 `  mvn   r3, r3'
commitHead: sn:9929  ea:0 T0 : 00177764 `  eor   r3, r3, r2'
commitHead: sn:9930  ea:0 T0 : 00177768 `  eor   r1, r1, r0'
commitHead: sn:9931  ea:177928 T0 : 00177772 `  ldr   r2, [pc, #148]'
commitHead: sn:9932  ea:0 T0 : 00177776 `  orr   r3, r3, r1'
commitHead: sn:9933  ea:0 T0 : 00177780 `  and   r2, r3, r2'
commitHead: sn:9934  ea:0 T0 : 00177784 `  cmps   r2, #0'
commitHead: sn:9935  ea:0 T0 : 00177788 `  add   r0, r12, #1'
commitHead: sn:9936  ea:0 T0 : 00177792 `  b   0x2b6dc'
commitHead: sn:9937  ea:3204448204 T0 : 00177796 `  ldrb   r3, [r12, #0]'
commitHead: sn:9938  ea:0 T0 : 00177800 `  add   r1, r12, #2'
commitHead: sn:9939  ea:0 T0 : 00177804 `  cmps   r3, r4'
commitHead: sn:9940  ea:0 T0 : 00177808 `  add   r2, r12, #3'
commitHead: sn:9941  ea:0 T0 : 00177812 `  b   0x2b6e4'
commitHead: sn:9942  ea:0 T0 : 00177816 `  cmps   r3, #0'
commitHead: sn:9943  ea:0 T0 : 00177820 `  b   0x148f8'
commitHead: sn:9944  ea:3204448205 T0 : 00177824 `  ldrb   r3, [r12, #1]'
commitHead: sn:9945  ea:0 T0 : 00177828 `  cmps   r3, r4'
commitHead: sn:9946  ea:0 T0 : 00177832 `  b   0x2b628'
commitHead: sn:9947  ea:0 T0 : 00177836 `  cmps   r3, #0'
commitHead: sn:9948  ea:0 T0 : 00177840 `  b   0x87b8'
commitHead: sn:9949  ea:3204448206 T0 : 00177844 `  ldrb   r3, [r12, #2]'
commitHead: sn:9950  ea:0 T0 : 00177848 `  cmps   r3, r4'
commitHead: sn:9951  ea:0 T0 : 00177852 `  b   0x10974'
commitHead: sn:9989  ea:0 T0 : 00177856 `  cmps   r3, #0'
commitHead: sn:9990  ea:0 T0 : 00177860 `  b   0x11990'
commitHead: sn:10009  ea:0 T0 : 00177884 `  mov   r0, #0'
commitHead: sn:10010  ea:0 T0 : 00177888 `  b   0x2b628'
commitHead: sn:10011  ea:3204447592 T0 : 00177712 `  ldr2_uop   r4,r5, [sp, #0]'
commitHead: sn:10012  ea:0 T0 : 00177712 `  addi_uop   sp, sp, #8'
commitHead: sn:10013  ea:0 T0 : 00177716 `  bx   lr'
commitHead: sn:10014  ea:0 T0 : 00179156 `  cmps   r0, #0'
commitHead: sn:10015  ea:0 T0 : 00179160 `  add   r3, r0, #1'
commitHead: sn:10016  ea:0 T0 : 00179164 `  b   0x11990'
commitHead: sn:10030  ea:0 T0 : 00179168 `  mov   r0, r4'
commitHead: sn:10031  ea:0 T0 : 00179172 `  add   sp, sp, #4'
commitHead: sn:10032  ea:3204447604 T0 : 00179176 `  ldr2_uop   r4,r5, [sp, #0]'
commitHead: sn:10033  ea:3204447612 T0 : 00179176 `  ldr_uop   r36, [sp, #8]'
commitHead: sn:10034  ea:0 T0 : 00179176 `  addi_uop   sp, sp, #12'
commitHead: sn:10035  ea:0 T0 : 00179176 `  uopReg_uop   pc, r36'
commitHead: sn:10036  ea:0 T0 : 00080296 `  cmps   r0, #0'
commitHead: sn:10037  ea:0 T0 : 00080300 `  addne   r2, r0, #1'
commitHead: sn:10038  ea:0 T0 : 00080304 `  ldreq   r3, [pc, #28]'
commitHead: sn:10039  ea:80340 T0 : 00080308 `  ldrne   r3, [pc, #24]'
commitHead: sn:10040  ea:0 T0 : 00080312 `  streq   r4, [r3, #0]'
commitHead: sn:10041  ea:541904 T0 : 00080316 `  strne   r2, [r3, #0]'
commitHead: sn:10042  ea:80344 T0 : 00080320 `  ldr   r3, [pc, #16]'
commitHead: sn:10043  ea:3204447972 T0 : 00080324 `  ldr   r2, [r5, #0]'
commitHead: sn:10044  ea:541900 T0 : 00080328 `  str   r2, [r3, #0]'
commitHead: sn:10045  ea:0 T0 : 00080332 `  add   sp, sp, #4'
commitHead: sn:10046  ea:3204447620 T0 : 00080336 `  ldr2_uop   r4,r5, [sp, #0]'
commitHead: sn:10047  ea:3204447628 T0 : 00080336 `  ldr_uop   r36, [sp, #8]'
commitHead: sn:10048  ea:0 T0 : 00080336 `  addi_uop   sp, sp, #12'
commitHead: sn:10049  ea:0 T0 : 00080336 `  uopReg_uop   pc, r36'
commitHead: sn:10052  ea:0 T0 : 00033768 `  cmps   r8, #0'
commitHead: sn:10053  ea:0 T0 : 00033772 `  b   0x83cc'
commitHead: sn:10054  ea:0 T0 : 00033776 `  mov   r1, #0'
commitHead: sn:10055  ea:0 T0 : 00033780 `  mov   r0, r8'
commitHead: sn:10056  ea:0 T0 : 00033784 `  mov   r2, r1'
commitHead: sn:10057  ea:0 T0 : 00033788 `  bl   0x9028'
commitHead: sn:10058  ea:3204447616 T0 : 00036912 `  str_uop   r4, [sp, #16]'
commitHead: sn:10059  ea:3204447620 T0 : 00036912 `  str_uop   r5, [sp, #12]'
commitHead: sn:10060  ea:3204447624 T0 : 00036912 `  str_uop   r6, [sp, #8]'
commitHead: sn:10061  ea:3204447628 T0 : 00036912 `  str_uop   lr, [sp, #4]'
commitHead: sn:10062  ea:0 T0 : 00036912 `  subi_uop   sp, sp, #16'
commitHead: sn:10063  ea:0 T0 : 00036916 `  mov   r6, r2'
commitHead: sn:10064  ea:0 T0 : 00036920 `  mov   r4, r0'
commitHead: sn:10065  ea:0 T0 : 00036924 `  mov   r5, r1'
commitHead: sn:10066  ea:0 T0 : 00036928 `  bl   0x8e00'
commitHead: sn:10082  ea:3204447596 T0 : 00036360 `  str_uop   r4, [sp, #20]'
commitHead: sn:10083  ea:3204447600 T0 : 00036360 `  str_uop   r5, [sp, #16]'
commitHead: sn:10084  ea:3204447604 T0 : 00036360 `  str_uop   r6, [sp, #12]'
commitHead: sn:10085  ea:3204447608 T0 : 00036360 `  str_uop   r7, [sp, #8]'
commitHead: sn:10086  ea:3204447612 T0 : 00036360 `  str_uop   lr, [sp, #4]'
commitHead: sn:10087  ea:0 T0 : 00036360 `  subi_uop   sp, sp, #20'
commitHead: sn:10088  ea:0 T0 : 00036364 `  mov   r1, #1'
commitHead: sn:10089  ea:0 T0 : 00036368 `  sub   sp, sp, #4'
commitHead: sn:10090  ea:36888 T0 : 00036372 `  ldr   r2, [pc, #508]'
commitHead: sn:10091  ea:0 T0 : 00036376 `  mov   r4, #0'
commitHead: sn:10092  ea:544224 T0 : 00036380 `  ldr   r3, [r2, #0]'
commitHead: sn:10093  ea:0 T0 : 00036384 `  cmps   r3, r4'
commitHead: sn:10094  ea:0 T0 : 00036388 `  b   0x13dbc'
commitHead: sn:10095  ea:0 T0 : 00036392 `  mov   r0, r4'
commitHead: sn:10096  ea:0 T0 : 00036396 `  mvn   r3, #61440'
commitHead: sn:10097  ea:0 T0 : 00036400 `  mov   lr, pc'
commitHead: sn:10098  ea:0 T0 : 00036404 `  sub   pc, r3, #63'
commitHead: sn:10101  ea:544224 T0 : 4294905792 `  ldrex   r3, [r2, #0]'
commitHead: sn:10102  ea:0 T0 : 4294905796 `  subs   r3, r3, r0'
commitHead: sn:10103  ea:0 T0 : 4294905800 `  strexeq   r3, r1, [r2, #0]'
commitHead: sn:10103  ea:0 T0 : 4294905800 `  strexeq   r3, r1, [r2, #0]'
commitHead: sn:10103  ea:544224 T0 : 4294905800 `  strexeq   r3, r1, [r2, #0]'
commitHead: sn:10104  ea:0 T0 : 4294905804 `  teqseq   r3, #1'
commitHead: sn:10105  ea:0 T0 : 4294905808 `  b   0x1a22c'
commitHead: sn:10106  ea:0 T0 : 4294905812 `  rsbs   r0, r3, #0'
commitHead: sn:10107  ea:0 T0 : 4294905816 `  dmb   #0'
commitHead: sn:10107  ea:0 T0 : 4294905816 `  dmb   #0'
commitHead: sn:10107  ea:0 T0 : 4294905816 `  dmb   #0'
commitHead: sn:10108  ea:0 T0 : 4294905820 `  mov   pc, lr'
commitHead: sn:10158  ea:0 T0 : 00036408 `  b   0x13d98'
commitHead: sn:10159  ea:0 T0 : 00036412 `  mov   r3, r4'
commitHead: sn:10160  ea:0 T0 : 00036416 `  cmps   r3, r4'
commitHead: sn:10161  ea:0 T0 : 00036420 `  b   0x8fe4'
commitHead: sn:10162  ea:36892 T0 : 00036424 `  ldr   r5, [pc, #460]'
commitHead: sn:10163  ea:540796 T0 : 00036428 `  ldr   r12, [r5, #0]'
commitHead: sn:10164  ea:0 T0 : 00036432 `  cmps   r12, #0'
commitHead: sn:10165  ea:0 T0 : 00036436 `  moveq   r3, r12'
commitHead: sn:10166  ea:0 T0 : 00036440 `  moveq   r0, r3'
commitHead: sn:10167  ea:0 T0 : 00036444 `  b   0xc668'
commitHead: sn:10168  ea:0 T0 : 00036448 `  mov   r0, #0'
commitHead: sn:10169  ea:0 T0 : 00036452 `  mov   r4, r0'
commitHead: sn:10170  ea:544232 T0 : 00036456 `  ldr   r1, [r12, #4]'
commitHead: sn:10171  ea:0 T0 : 00036460 `  cmps   r1, #0'
commitHead: sn:10172  ea:0 T0 : 00036464 `  b   0x14808'
commitHead: sn:10176  ea:544228 T0 : 00036544 `  ldr   r3, [r12, #0]'
commitHead: sn:10177  ea:544232 T0 : 00036548 `  str   r4, [r12, #4]'
commitHead: sn:10178  ea:0 T0 : 00036552 `  cmps   r3, #0'
commitHead: sn:10179  ea:0 T0 : 00036556 `  mov   r0, r12'
commitHead: sn:10180  ea:0 T0 : 00036560 `  movne   r12, r3'
commitHead: sn:10181  ea:0 T0 : 00036564 `  b   0x8e60'
commitHead: sn:10182  ea:0 T0 : 00036568 `  mov   r3, r12'
commitHead: sn:10183  ea:0 T0 : 00036572 `  mov   r2, #1'
commitHead: sn:10184  ea:0 T0 : 00036576 `  cmps   r3, #0'
commitHead: sn:10185  ea:0 T0 : 00036580 `  b   0x8fac'
commitHead: sn:10208  ea:0 T0 : 00036788 `  cmps   r0, #0'
commitHead: sn:10209  ea:0 T0 : 00036792 `  b   0x8f08'
commitHead: sn:10211  ea:0 T0 : 00036624 `  mov   r3, #1'
commitHead: sn:10212  ea:0 T0 : 00036628 `  add   r5, r0, #8'
commitHead: sn:10213  ea:544232 T0 : 00036632 `  str   r3, [r0, #4]'
commitHead: sn:10214  ea:0 T0 : 00036636 `  b   0x8f34'
commitHead: sn:10223  ea:36896 T0 : 00036668 `  ldr   r0, [pc, #220]'
commitHead: sn:10224  ea:36888 T0 : 00036672 `  ldr   r6, [pc, #208]'
commitHead: sn:10225  ea:0 T0 : 00036676 `  mov   r1, #1'
commitHead: sn:10226  ea:548472 T0 : 00036680 `  ldr2_uop   r3,r4, [r0, #0]'
commitHead: sn:10227  ea:0 T0 : 00036684 `  mov   r2, #0'
commitHead: sn:10228  ea:0 T0 : 00036688 `  adds   r3, r3, r1'
commitHead: sn:10229  ea:0 T0 : 00036692 `  adc   r4, r4, r2'
commitHead: sn:10230  ea:0 T0 : 00036696 `  mov   r2, #1'
commitHead: sn:10231  ea:548472 T0 : 00036700 `  str_uop   r3, [r0, #0]'
commitHead: sn:10232  ea:548476 T0 : 00036700 `  str_uop   r4, [r0, #4]'
commitHead: sn:10233  ea:544236 T0 : 00036704 `  str   r2, [r5, #0]'
commitHead: sn:10234  ea:544224 T0 : 00036708 `  ldr   r7, [r6, #0]'
commitHead: sn:10235  ea:0 T0 : 00036712 `  mov   r1, #0'
commitHead: sn:10236  ea:36888 T0 : 00036716 `  ldr   r2, [pc, #164]'
commitHead: sn:10237  ea:0 T0 : 00036720 `  mov   r4, r7'
commitHead: sn:10238  ea:544224 T0 : 00036724 `  ldr   r3, [r2, #0]'
commitHead: sn:10239  ea:0 T0 : 00036728 `  cmps   r3, r4'
commitHead: sn:10240  ea:0 T0 : 00036732 `  b   0x13dbc'
commitHead: sn:10241  ea:0 T0 : 00036736 `  mov   r0, r4'
commitHead: sn:10242  ea:0 T0 : 00036740 `  mvn   r3, #61440'
commitHead: sn:10243  ea:0 T0 : 00036744 `  mov   lr, pc'
commitHead: sn:10244  ea:0 T0 : 00036748 `  sub   pc, r3, #63'
commitHead: sn:10274  ea:544224 T0 : 4294905792 `  ldrex   r3, [r2, #0]'
commitHead: sn:10275  ea:0 T0 : 4294905796 `  subs   r3, r3, r0'
commitHead: sn:10276  ea:0 T0 : 4294905800 `  strexeq   r3, r1, [r2, #0]'
commitHead: sn:10276  ea:0 T0 : 4294905800 `  strexeq   r3, r1, [r2, #0]'
commitHead: sn:10276  ea:544224 T0 : 4294905800 `  strexeq   r3, r1, [r2, #0]'
commitHead: sn:10277  ea:0 T0 : 4294905804 `  teqseq   r3, #1'
commitHead: sn:10278  ea:0 T0 : 4294905808 `  b   0x1a22c'
commitHead: sn:10279  ea:0 T0 : 4294905812 `  rsbs   r0, r3, #0'
commitHead: sn:10280  ea:0 T0 : 4294905816 `  dmb   #0'
commitHead: sn:10280  ea:0 T0 : 4294905816 `  dmb   #0'
commitHead: sn:10280  ea:0 T0 : 4294905816 `  dmb   #0'
commitHead: sn:10281  ea:0 T0 : 4294905820 `  mov   pc, lr'
commitHead: sn:10331  ea:0 T0 : 00036752 `  b   0x13d98'
commitHead: sn:10332  ea:0 T0 : 00036756 `  mov   r3, r4'
commitHead: sn:10333  ea:0 T0 : 00036760 `  cmps   r7, r3'
commitHead: sn:10334  ea:0 T0 : 00036764 `  b   0x109a0'
commitHead: sn:10335  ea:0 T0 : 00036768 `  cmps   r7, #1'
commitHead: sn:10336  ea:0 T0 : 00036772 `  b   0x8fc0'
commitHead: sn:10337  ea:0 T0 : 00036776 `  mov   r0, r5'
commitHead: sn:10338  ea:0 T0 : 00036780 `  add   sp, sp, #4'
commitHead: sn:10339  ea:3204447596 T0 : 00036784 `  ldr2_uop   r4,r5, [sp, #0]'
commitHead: sn:10340  ea:3204447604 T0 : 00036784 `  ldr2_uop   r6,r7, [sp, #8]'
commitHead: sn:10341  ea:3204447612 T0 : 00036784 `  ldr_uop   r36, [sp, #16]'
commitHead: sn:10342  ea:0 T0 : 00036784 `  addi_uop   sp, sp, #20'
commitHead: sn:10343  ea:0 T0 : 00036784 `  uopReg_uop   pc, r36'
commitHead: sn:10346  ea:0 T0 : 00036932 `  cmps   r0, #0'
commitHead: sn:10347  ea:0 T0 : 00036936 `  mvneq   r2, #0'
commitHead: sn:10348  ea:0 T0 : 00036940 `  b   0x1977c'
commitHead: sn:10349  ea:544240 T0 : 00036944 `  str_uop   r4, [r0, #4]'
commitHead: sn:10350  ea:544244 T0 : 00036944 `  str_uop   r5, [r0, #8]'
commitHead: sn:10351  ea:544248 T0 : 00036944 `  str_uop   r6, [r0, #12]'
commitHead: sn:10352  ea:0 T0 : 00036948 `  mvn   r12, #61440'
commitHead: sn:10353  ea:0 T0 : 00036952 `  mov   lr, pc'
commitHead: sn:10354  ea:0 T0 : 00036956 `  sub   pc, r12, #95'
commitHead: sn:10364  ea:0 T0 : 4294905760 `  dmb   #0'
commitHead: sn:10364  ea:0 T0 : 4294905760 `  dmb   #0'
commitHead: sn:10365  ea:0 T0 : 4294905764 `  mov   pc, lr'
commitHead: sn:10367  ea:0 T0 : 00036960 `  mov   r2, #0'
commitHead: sn:10368  ea:0 T0 : 00036964 `  mov   r3, #4'
commitHead: sn:10369  ea:544236 T0 : 00036968 `  str   r3, [r0, #0]'
commitHead: sn:10370  ea:0 T0 : 00036972 `  mov   r0, r2'
commitHead: sn:10371  ea:3204447616 T0 : 00036976 `  ldr2_uop   r4,r5, [sp, #0]'
commitHead: sn:10372  ea:3204447624 T0 : 00036976 `  ldr2_uop   r6,r36, [sp, #8]'
commitHead: sn:10373  ea:0 T0 : 00036976 `  addi_uop   sp, sp, #16'
commitHead: sn:10374  ea:0 T0 : 00036976 `  uopReg_uop   pc, r36'
commitHead: sn:10393  ea:34100 T0 : 00033792 `  ldr   r3, [pc, #300]'
commitHead: sn:10394  ea:540636 T0 : 00033796 `  ldr   r2, [r3, #0]'
commitHead: sn:10395  ea:0 T0 : 00033800 `  cmps   r2, #0'
commitHead: sn:10396  ea:0 T0 : 00033804 `  b   0x14ef0'
commitHead: sn:10397  ea:0 T0 : 00033808 `  cmps   r6, #0'
commitHead: sn:10398  ea:0 T0 : 00033812 `  b   0x11990'
commitHead: sn:10399  ea:34072 T0 : 00033816 `  ldr   r3, [pc, #248]'
commitHead: sn:10400  ea:3204447640 T0 : 00033820 `  ldr   r0, [sp, #8]'
commitHead: sn:10401  ea:3204447636 T0 : 00033824 `  ldr   r1, [sp, #4]'
commitHead: sn:10402  ea:546044 T0 : 00033828 `  ldr   r2, [r3, #0]'
commitHead: sn:10403  ea:0 T0 : 00033832 `  blx   r6'
commitHead: sn:10442  ea:3204447604 T0 : 00035240 `  str_uop   r4, [sp, #28]'
commitHead: sn:10443  ea:3204447608 T0 : 00035240 `  str_uop   r5, [sp, #24]'
commitHead: sn:10444  ea:3204447612 T0 : 00035240 `  str_uop   r6, [sp, #20]'
commitHead: sn:10445  ea:3204447616 T0 : 00035240 `  str_uop   r7, [sp, #16]'
commitHead: sn:10446  ea:3204447620 T0 : 00035240 `  str_uop   r8, [sp, #12]'
commitHead: sn:10447  ea:3204447624 T0 : 00035240 `  str_uop   r10, [sp, #8]'
commitHead: sn:10448  ea:3204447628 T0 : 00035240 `  str_uop   lr, [sp, #4]'
commitHead: sn:10449  ea:0 T0 : 00035240 `  subi_uop   sp, sp, #28'
commitHead: sn:10450  ea:35384 T0 : 00035244 `  ldr   r3, [pc, #132]'
commitHead: sn:10451  ea:35388 T0 : 00035248 `  ldr   r10, [pc, #132]'
commitHead: sn:10452  ea:0 T0 : 00035252 `  sub   sp, sp, #4'
commitHead: sn:10453  ea:0 T0 : 00035256 `  rsb   r3, r10, r3'
commitHead: sn:10454  ea:0 T0 : 00035260 `  mov   r8, r0'
commitHead: sn:10455  ea:0 T0 : 00035264 `  movs   r5, r3, ASR #2'
commitHead: sn:10456  ea:0 T0 : 00035268 `  mov   r7, r1'
commitHead: sn:10457  ea:0 T0 : 00035272 `  mov   r6, r2'
commitHead: sn:10458  ea:0 T0 : 00035276 `  b   0x89ec'
commitHead: sn:10471  ea:0 T0 : 00035316 `  bl   0x812c'
commitHead: sn:10472  ea:3204447596 T0 : 00033076 `  str   lr, [sp, #-4]!'
commitHead: sn:10473  ea:0 T0 : 00033076 `  subi_uop   sp, sp, #4'
commitHead: sn:10474  ea:0 T0 : 00033080 `  sub   sp, sp, #4'
commitHead: sn:10475  ea:0 T0 : 00033084 `  bl   0x8180'
commitHead: sn:10476  ea:33188 T0 : 00033160 `  ldr   r3, [pc, #20]'
commitHead: sn:10477  ea:33192 T0 : 00033164 `  ldr   r2, [pc, #20]'
commitHead: sn:10478  ea:0 T0 : 00033168 `  add   r3, pc, r3'
commitHead: sn:10479  ea:540776 T0 : 00033172 `  ldr   r1, [r3, r2]'
commitHead: sn:10480  ea:0 T0 : 00033176 `  cmps   r1, #0'
commitHead: sn:10481  ea:0 T0 : 00033180 `  bx   lr'
commitHead: sn:10482  ea:0 T0 : 00033088 `  add   sp, sp, #4'
commitHead: sn:10483  ea:3204447596 T0 : 00033092 `  ldr_uop   r36, [sp, #0]'
commitHead: sn:10484  ea:0 T0 : 00033092 `  addi_uop   sp, sp, #4'
commitHead: sn:10485  ea:0 T0 : 00033092 `  uopReg_uop   pc, r36'
commitHead: sn:10486  ea:35392 T0 : 00035320 `  ldr   r10, [pc, #64]'
commitHead: sn:10487  ea:35396 T0 : 00035324 `  ldr   r3, [pc, #64]'
commitHead: sn:10488  ea:0 T0 : 00035328 `  rsb   r3, r10, r3'
commitHead: sn:10489  ea:0 T0 : 00035332 `  movs   r5, r3, ASR #2'
commitHead: sn:10490  ea:0 T0 : 00035336 `  b   0x89ec'
commitHead: sn:10491  ea:0 T0 : 00035340 `  mov   r4, #0'
commitHead: sn:10492  ea:0 T0 : 00035344 `  mov   r0, r8'
commitHead: sn:10493  ea:0 T0 : 00035348 `  mov   r1, r7'
commitHead: sn:10494  ea:0 T0 : 00035352 `  mov   r2, r6'
commitHead: sn:10495  ea:0 T0 : 00035356 `  mov   lr, pc'
commitHead: sn:10496  ea:540612 T0 : 00035360 `  ldr   pc, [r10, r4 LSL #2]'
commitHead: sn:10564  ea:33332 T0 : 00033260 `  ldr   r3, [pc, #64]'
commitHead: sn:10565  ea:3204447596 T0 : 00033264 `  str   lr, [sp, #-4]!'
commitHead: sn:10566  ea:0 T0 : 00033264 `  subi_uop   sp, sp, #4'
commitHead: sn:10567  ea:0 T0 : 00033268 `  cmps   r3, #0'
commitHead: sn:10568  ea:0 T0 : 00033272 `  sub   sp, sp, #4'
commitHead: sn:10569  ea:0 T0 : 00033276 `  b   0x14824'
commitHead: sn:10629  ea:33344 T0 : 00033292 `  ldr   r0, [pc, #44]'
commitHead: sn:10630  ea:540624 T0 : 00033296 `  ldr   r3, [r0, #0]'
commitHead: sn:10631  ea:0 T0 : 00033300 `  cmps   r3, #0'
commitHead: sn:10632  ea:0 T0 : 00033304 `  b   0x83cc'
commitHead: sn:10779  ea:0 T0 : 00033324 `  add   sp, sp, #4'
commitHead: sn:10780  ea:3204447596 T0 : 00033328 `  ldr_uop   r36, [sp, #0]'
commitHead: sn:10781  ea:0 T0 : 00033328 `  addi_uop   sp, sp, #4'
commitHead: sn:10782  ea:0 T0 : 00033328 `  uopReg_uop   pc, r36'
commitHead: sn:10846  ea:0 T0 : 00035364 `  add   r4, r4, #1'
commitHead: sn:10847  ea:0 T0 : 00035368 `  cmps   r4, r5'
commitHead: sn:10848  ea:0 T0 : 00035372 `  b   0x13d98'
commitHead: sn:10849  ea:0 T0 : 00035376 `  add   sp, sp, #4'
commitHead: sn:10850  ea:3204447604 T0 : 00035380 `  ldr2_uop   r4,r5, [sp, #0]'
commitHead: sn:10851  ea:3204447612 T0 : 00035380 `  ldr2_uop   r6,r7, [sp, #8]'
commitHead: sn:10852  ea:3204447620 T0 : 00035380 `  ldr2_uop   r8,r10, [sp, #16]'
commitHead: sn:10853  ea:3204447628 T0 : 00035380 `  ldr_uop   r36, [sp, #24]'
commitHead: sn:10854  ea:0 T0 : 00035380 `  addi_uop   sp, sp, #28'
commitHead: sn:10855  ea:0 T0 : 00035380 `  uopReg_uop   pc, r36'
commitHead: sn:10887  ea:0 T0 : 00033836 `  add   r0, sp, #16'
commitHead: sn:10888  ea:0 T0 : 00033840 `  bl   0x8a58'
commitHead: sn:10889  ea:0 T0 : 00035424 `  mov   r1, #0'
commitHead: sn:10890  ea:0 T0 : 00035428 `  b   0x19798'
commitHead: sn:10891  ea:0 T0 : 00104352 `  mov   r12, r0'
commitHead: sn:10892  ea:3204447648 T0 : 00104356 `  str_uop   r4, [r12, #0]'
commitHead: sn:10893  ea:3204447652 T0 : 00104356 `  str_uop   r5, [r12, #4]'
commitHead: sn:10894  ea:3204447656 T0 : 00104356 `  str_uop   r6, [r12, #8]'
commitHead: sn:10895  ea:3204447660 T0 : 00104356 `  str_uop   r7, [r12, #12]'
commitHead: sn:10896  ea:3204447664 T0 : 00104356 `  str_uop   r8, [r12, #16]'
commitHead: sn:10897  ea:3204447668 T0 : 00104356 `  str_uop   r9, [r12, #20]'
commitHead: sn:10898  ea:3204447672 T0 : 00104356 `  str_uop   r10, [r12, #24]'
commitHead: sn:10899  ea:3204447676 T0 : 00104356 `  str_uop   fp, [r12, #28]'
commitHead: sn:10900  ea:3204447680 T0 : 00104356 `  str_uop   sp, [r12, #32]'
commitHead: sn:10901  ea:3204447684 T0 : 00104356 `  str_uop   lr, [r12, #36]'
commitHead: sn:10902  ea:0 T0 : 00104356 `  addi_uop   r12, r12, #40'
commitHead: sn:10903  ea:104424 T0 : 00104360 `  ldr   r2, [pc, #56]'
commitHead: sn:10904  ea:547528 T0 : 00104364 `  ldr   r2, [r2, #0]'
commitHead: sn:10905  ea:0 T0 : 00104368 `  tsts   r2, #64'
commitHead: sn:10906  ea:0 T0 : 00104372 `  b   0x14824'
commitHead: sn:10907  ea:3204447688 T0 : 00104376 `  strfp_uop   f16, [r12, #0]'
commitHead: sn:10908  ea:3204447692 T0 : 00104376 `  strfp_uop   f17, [r12, #4]'
commitHead: sn:10909  ea:3204447696 T0 : 00104376 `  strfp_uop   f18, [r12, #8]'
commitHead: sn:10910  ea:3204447700 T0 : 00104376 `  strfp_uop   f19, [r12, #12]'
commitHead: sn:10911  ea:3204447704 T0 : 00104376 `  strfp_uop   f20, [r12, #16]'
commitHead: sn:10912  ea:3204447708 T0 : 00104376 `  strfp_uop   f21, [r12, #20]'
commitHead: sn:10913  ea:3204447712 T0 : 00104376 `  strfp_uop   f22, [r12, #24]'
commitHead: sn:10914  ea:3204447716 T0 : 00104376 `  strfp_uop   f23, [r12, #28]'
commitHead: sn:10915  ea:3204447720 T0 : 00104376 `  strfp_uop   f24, [r12, #32]'
commitHead: sn:10916  ea:3204447724 T0 : 00104376 `  strfp_uop   f25, [r12, #36]'
commitHead: sn:10917  ea:3204447728 T0 : 00104376 `  strfp_uop   f26, [r12, #40]'
commitHead: sn:10918  ea:3204447732 T0 : 00104376 `  strfp_uop   f27, [r12, #44]'
commitHead: sn:10919  ea:3204447736 T0 : 00104376 `  strfp_uop   f28, [r12, #48]'
commitHead: sn:10920  ea:3204447740 T0 : 00104376 `  strfp_uop   f29, [r12, #52]'
commitHead: sn:10921  ea:3204447744 T0 : 00104376 `  strfp_uop   f30, [r12, #56]'
commitHead: sn:10922  ea:3204447748 T0 : 00104376 `  strfp_uop   f31, [r12, #60]'
commitHead: sn:10923  ea:0 T0 : 00104376 `  addi_uop   r12, r12, #68'
commitHead: sn:10924  ea:0 T0 : 00104380 `  vmrs   f2, f11'
commitHead: sn:10925  ea:3204447756 T0 : 00104384 `  str   r2, [r12] #4'
commitHead: sn:10926  ea:0 T0 : 00104384 `  addi_uop   r12, r12, #4'
commitHead: sn:10927  ea:0 T0 : 00104388 `  tsts   r2, #512'
commitHead: sn:10928  ea:0 T0 : 00104392 `  b   0x1098c'
commitHead: sn:10979  ea:0 T0 : 00104420 `  b   0x197e8'
commitHead: sn:10980  ea:0 T0 : 00104432 `  cmps   r1, #0'
commitHead: sn:10981  ea:3204447624 T0 : 00104436 `  str_uop   r4, [sp, #8]'
commitHead: sn:10982  ea:3204447628 T0 : 00104436 `  str_uop   lr, [sp, #4]'
commitHead: sn:10983  ea:0 T0 : 00104436 `  subi_uop   sp, sp, #8'
commitHead: sn:10984  ea:0 T0 : 00104440 `  mov   r4, r0'
commitHead: sn:10985  ea:0 T0 : 00104444 `  b   0x148e8'
commitHead: sn:10986  ea:0 T0 : 00104448 `  mov   r3, #0'
commitHead: sn:10987  ea:0 T0 : 00104452 `  mov   r0, #0'
commitHead: sn:10988  ea:3204447904 T0 : 00104456 `  str   r3, [r4, #256]'
commitHead: sn:10989  ea:3204447624 T0 : 00104460 `  ldr2_uop   r4,r36, [sp, #0]'
commitHead: sn:10990  ea:0 T0 : 00104460 `  addi_uop   sp, sp, #8'
commitHead: sn:10991  ea:0 T0 : 00104460 `  uopReg_uop   pc, r36'
commitHead: sn:10992  ea:0 T0 : 00033844 `  cmps   r0, #0'
commitHead: sn:10993  ea:0 T0 : 00033848 `  b   0x849c'
commitHead: sn:10994  ea:0 T0 : 00033852 `  bl   0x8a48'
commitHead: sn:10995  ea:0 T0 : 00035408 `  mvn   r0, #61440'
commitHead: sn:10996  ea:0 T0 : 00035412 `  sub   pc, r0, #31'
commitHead: sn:11035  ea:0 T0 : 4294905824 `  mrc   r0, tpidruro'
commitHead: sn:11036  ea:0 T0 : 4294905828 `  mov   pc, lr'
commitHead: sn:11037  ea:0 T0 : 00033856 `  sub   r4, r0, #1184'
commitHead: sn:11038  ea:0 T0 : 00033860 `  mov   r2, r0'
commitHead: sn:11039  ea:548960 T0 : 00033864 `  ldr   r3, [r4, #96]'
commitHead: sn:11040  ea:3204447640 T0 : 00033868 `  ldr   r0, [sp, #8]'
commitHead: sn:11041  ea:3204447636 T0 : 00033872 `  ldr   r1, [sp, #4]'
commitHead: sn:11042  ea:3204447912 T0 : 00033876 `  str   r3, [sp, #280]'
commitHead: sn:11043  ea:34072 T0 : 00033880 `  ldr   r3, [pc, #184]'
commitHead: sn:11044  ea:548956 T0 : 00033884 `  ldr   r12, [r2, #-1092]'
commitHead: sn:11045  ea:546044 T0 : 00033888 `  ldr   r2, [r3, #0]'
commitHead: sn:11046  ea:3204447916 T0 : 00033892 `  str   r12, [sp, #284]'
commitHead: sn:11047  ea:0 T0 : 00033896 `  add   r3, sp, #16'
commitHead: sn:11048  ea:548960 T0 : 00033900 `  str   r3, [r4, #96]'
commitHead: sn:11049  ea:3204447644 T0 : 00033904 `  ldr   r3, [sp, #12]'
commitHead: sn:11050  ea:0 T0 : 00033908 `  blx   r3'
commitHead: sn:11061  ea:0 T0 : 00033352 `  mov   r12, sp'
commitHead: sn:11062  ea:3204447616 T0 : 00033356 `  str_uop   fp, [sp, #16]'
commitHead: sn:11063  ea:3204447620 T0 : 00033356 `  str_uop   r12, [sp, #12]'
commitHead: sn:11064  ea:3204447624 T0 : 00033356 `  str_uop   lr, [sp, #8]'
commitHead: sn:11065  ea:3204447628 T0 : 00033356 `  str_uop   pc, [sp, #4]'
commitHead: sn:11066  ea:0 T0 : 00033356 `  subi_uop   sp, sp, #16'
commitHead: sn:11067  ea:0 T0 : 00033360 `  sub   fp, r12, #4'
commitHead: sn:11068  ea:0 T0 : 00033364 `  sub   sp, sp, #8'
commitHead: sn:11069  ea:33384 T0 : 00033368 `  ldr   r0, [pc, #8]'
commitHead: sn:11070  ea:0 T0 : 00033372 `  bl   0x906c'
commitHead: sn:11085  ea:3204447576 T0 : 00036980 `  str_uop   r4, [sp, #32]'
commitHead: sn:11086  ea:3204447580 T0 : 00036980 `  str_uop   r5, [sp, #28]'
commitHead: sn:11087  ea:3204447584 T0 : 00036980 `  str_uop   r6, [sp, #24]'
commitHead: sn:11088  ea:3204447588 T0 : 00036980 `  str_uop   r7, [sp, #20]'
commitHead: sn:11089  ea:3204447592 T0 : 00036980 `  str_uop   r8, [sp, #16]'
commitHead: sn:11090  ea:3204447596 T0 : 00036980 `  str_uop   r9, [sp, #12]'
commitHead: sn:11091  ea:3204447600 T0 : 00036980 `  str_uop   r10, [sp, #8]'
commitHead: sn:11092  ea:3204447604 T0 : 00036980 `  str_uop   lr, [sp, #4]'
commitHead: sn:11093  ea:0 T0 : 00036980 `  subi_uop   sp, sp, #32'
commitHead: sn:11094  ea:0 T0 : 00036984 `  mov   r9, r0'
commitHead: sn:11095  ea:0 T0 : 00036988 `  bl   0x11968'
commitHead: sn:11096  ea:0 T0 : 00072048 `  bic   r1, r0, #3'
commitHead: sn:11097  ea:418476 T0 : 00072052 `  ldr   r2, [r1] #4'
commitHead: sn:11098  ea:0 T0 : 00072052 `  addi_uop   r1, r1, #4'
commitHead: sn:11099  ea:0 T0 : 00072056 `  ands   r3, r0, #3'
commitHead: sn:11100  ea:0 T0 : 00072060 `  rsb   r0, r3, #0'
commitHead: sn:11101  ea:0 T0 : 00072064 `  b   0x11990'
commitHead: sn:11102  ea:0 T0 : 00072088 `  tsts   r2, #255'
commitHead: sn:11103  ea:0 T0 : 00072092 `  tstsne   r2, #65280'
commitHead: sn:11104  ea:0 T0 : 00072096 `  tstsne   r2, #16711680'
commitHead: sn:11105  ea:0 T0 : 00072100 `  tstsne   r2, #4278190080'
commitHead: sn:11106  ea:0 T0 : 00072104 `  addne   r0, r0, #4'
commitHead: sn:11107  ea:418480 T0 : 00072108 `  ldrne   r2, [r1] #4'
commitHead: sn:11108  ea:0 T0 : 00072108 `  addi_uopne   r1, r1, #4'
commitHead: sn:11109  ea:0 T0 : 00072112 `  b   0x11990'
commitHead: sn:11183  ea:0 T0 : 00072088 `  tsts   r2, #255'
commitHead: sn:11184  ea:0 T0 : 00072092 `  tstsne   r2, #65280'
commitHead: sn:11185  ea:0 T0 : 00072096 `  tstsne   r2, #16711680'
commitHead: sn:11186  ea:0 T0 : 00072100 `  tstsne   r2, #4278190080'
commitHead: sn:11187  ea:0 T0 : 00072104 `  addne   r0, r0, #4'
commitHead: sn:11188  ea:418484 T0 : 00072108 `  ldrne   r2, [r1] #4'
commitHead: sn:11189  ea:0 T0 : 00072108 `  addi_uopne   r1, r1, #4'
commitHead: sn:11190  ea:0 T0 : 00072112 `  b   0x11990'
commitHead: sn:11218  ea:0 T0 : 00072088 `  tsts   r2, #255'
commitHead: sn:11219  ea:0 T0 : 00072092 `  tstsne   r2, #65280'
commitHead: sn:11220  ea:0 T0 : 00072096 `  tstsne   r2, #16711680'
commitHead: sn:11221  ea:0 T0 : 00072100 `  tstsne   r2, #4278190080'
commitHead: sn:11222  ea:0 T0 : 00072104 `  addne   r0, r0, #4'
commitHead: sn:11223  ea:418488 T0 : 00072108 `  ldrne   r2, [r1] #4'
commitHead: sn:11224  ea:0 T0 : 00072108 `  addi_uopne   r1, r1, #4'
commitHead: sn:11225  ea:0 T0 : 00072112 `  b   0x11990'
commitHead: sn:11253  ea:0 T0 : 00072088 `  tsts   r2, #255'
commitHead: sn:11254  ea:0 T0 : 00072092 `  tstsne   r2, #65280'
commitHead: sn:11255  ea:0 T0 : 00072096 `  tstsne   r2, #16711680'
commitHead: sn:11256  ea:0 T0 : 00072100 `  tstsne   r2, #4278190080'
commitHead: sn:11257  ea:0 T0 : 00072104 `  addne   r0, r0, #4'
commitHead: sn:11258  ea:0 T0 : 00072108 `  ldrne   r2, [r1] #4'
commitHead: sn:11259  ea:0 T0 : 00072108 `  addi_uopne   r1, r1, #4'
commitHead: sn:11260  ea:0 T0 : 00072112 `  b   0x11990'
commitHead: sn:11261  ea:0 T0 : 00072116 `  tsts   r2, #255'
commitHead: sn:11262  ea:0 T0 : 00072120 `  addne   r0, r0, #1'
commitHead: sn:11263  ea:0 T0 : 00072124 `  tstsne   r2, #65280'
commitHead: sn:11264  ea:0 T0 : 00072128 `  addne   r0, r0, #1'
commitHead: sn:11265  ea:0 T0 : 00072132 `  tstsne   r2, #16711680'
commitHead: sn:11266  ea:0 T0 : 00072136 `  addne   r0, r0, #1'
commitHead: sn:11267  ea:0 T0 : 00072140 `  bx   lr'
commitHead: sn:11268  ea:37568 T0 : 00036992 `  ldr   r8, [pc, #568]'
commitHead: sn:11269  ea:541852 T0 : 00036996 `  ldr   r5, [r8, #0]'
commitHead: sn:11270  ea:540960 T0 : 00037000 `  ldr   r3, [r5, #0]'
commitHead: sn:11271  ea:0 T0 : 00037004 `  ands   r4, r3, #32768'
commitHead: sn:11272  ea:0 T0 : 00037008 `  mov   r10, r0'
commitHead: sn:11273  ea:0 T0 : 00037012 `  b   0x90f4'
commitHead: sn:11274  ea:541032 T0 : 00037016 `  ldr   r7, [r5, #72]'
commitHead: sn:11275  ea:0 T0 : 00037020 `  bl   0x8a48'
commitHead: sn:11276  ea:0 T0 : 00035408 `  mvn   r0, #61440'
commitHead: sn:11277  ea:0 T0 : 00035412 `  sub   pc, r0, #31'
commitHead: sn:11278  ea:0 T0 : 4294905824 `  mrc   r0, tpidruro'
commitHead: sn:11279  ea:0 T0 : 4294905828 `  mov   pc, lr'
commitHead: sn:11280  ea:0 T0 : 00037024 `  sub   r6, r0, #1184'
commitHead: sn:11281  ea:544796 T0 : 00037028 `  ldr   r3, [r7, #8]'
commitHead: sn:11282  ea:0 T0 : 00037032 `  cmps   r3, r6'
commitHead: sn:11283  ea:0 T0 : 00037036 `  b   0x90e8'
commitHead: sn:11284  ea:0 T0 : 00037040 `  mov   r1, #1'
commitHead: sn:11285  ea:0 T0 : 00037044 `  mov   r2, r7'
commitHead: sn:11286  ea:544788 T0 : 00037048 `  ldr   r3, [r2, #0]'
commitHead: sn:11287  ea:0 T0 : 00037052 `  cmps   r3, r4'
commitHead: sn:11288  ea:0 T0 : 00037056 `  b   0x13dbc'
commitHead: sn:11289  ea:0 T0 : 00037060 `  mov   r0, r4'
commitHead: sn:11290  ea:0 T0 : 00037064 `  mvn   r3, #61440'
commitHead: sn:11291  ea:0 T0 : 00037068 `  mov   lr, pc'
commitHead: sn:11292  ea:0 T0 : 00037072 `  sub   pc, r3, #63'
commitHead: sn:11304  ea:544788 T0 : 4294905792 `  ldrex   r3, [r2, #0]'
commitHead: sn:11305  ea:0 T0 : 4294905796 `  subs   r3, r3, r0'
commitHead: sn:11306  ea:0 T0 : 4294905800 `  strexeq   r3, r1, [r2, #0]'
commitHead: sn:11306  ea:0 T0 : 4294905800 `  strexeq   r3, r1, [r2, #0]'
commitHead: sn:11306  ea:544788 T0 : 4294905800 `  strexeq   r3, r1, [r2, #0]'
commitHead: sn:11307  ea:0 T0 : 4294905804 `  teqseq   r3, #1'
commitHead: sn:11308  ea:0 T0 : 4294905808 `  b   0x1a22c'
commitHead: sn:11309  ea:0 T0 : 4294905812 `  rsbs   r0, r3, #0'
commitHead: sn:11310  ea:0 T0 : 4294905816 `  dmb   #0'
commitHead: sn:11310  ea:0 T0 : 4294905816 `  dmb   #0'
commitHead: sn:11310  ea:0 T0 : 4294905816 `  dmb   #0'
commitHead: sn:11311  ea:0 T0 : 4294905820 `  mov   pc, lr'
commitHead: sn:11365  ea:0 T0 : 00037076 `  b   0x13d98'
commitHead: sn:11366  ea:0 T0 : 00037080 `  mov   r3, r4'
commitHead: sn:11367  ea:0 T0 : 00037084 `  cmps   r3, #0'
commitHead: sn:11368  ea:0 T0 : 00037088 `  b   0x9214'
commitHead: sn:11369  ea:541032 T0 : 00037092 `  ldr   r3, [r5, #72]'
commitHead: sn:11370  ea:0 T0 : 00037096 `  mov   r7, r3'
commitHead: sn:11371  ea:544796 T0 : 00037100 `  str   r6, [r3, #8]'
commitHead: sn:11372  ea:544792 T0 : 00037104 `  ldr   r3, [r7, #4]'
commitHead: sn:11373  ea:0 T0 : 00037108 `  add   r3, r3, #1'
commitHead: sn:11374  ea:544792 T0 : 00037112 `  str   r3, [r7, #4]'
commitHead: sn:11375  ea:541852 T0 : 00037116 `  ldr   r2, [r8, #0]'
commitHead: sn:11376  ea:541068 T0 : 00037120 `  ldr   r3, [r2, #108]'
commitHead: sn:11377  ea:0 T0 : 00037124 `  cmps   r3, #0'
commitHead: sn:11378  ea:0 T0 : 00037128 `  subeq   r3, r3, #1'
commitHead: sn:11379  ea:541068 T0 : 00037132 `  streq   r3, [r2, #108]'
commitHead: sn:11380  ea:0 T0 : 00037136 `  b   0x91c8'
commitHead: sn:11381  ea:0 T0 : 00037140 `  mov   r0, r2'
commitHead: sn:11382  ea:541112 T0 : 00037144 `  ldr   r3, [r2, #152]'
commitHead: sn:11383  ea:0 T0 : 00037148 `  mov   r1, r9'
commitHead: sn:11384  ea:0 T0 : 00037152 `  mov   r2, r10'
commitHead: sn:11385  ea:0 T0 : 00037156 `  mov   lr, pc'
commitHead: sn:11386  ea:425016 T0 : 00037160 `  ldr   pc, [r3, #28]'
commitHead: sn:11454  ea:3204447548 T0 : 00170188 `  str_uop   r4, [sp, #28]'
commitHead: sn:11455  ea:3204447552 T0 : 00170188 `  str_uop   r5, [sp, #24]'
commitHead: sn:11456  ea:3204447556 T0 : 00170188 `  str_uop   r6, [sp, #20]'
commitHead: sn:11457  ea:3204447560 T0 : 00170188 `  str_uop   r7, [sp, #16]'
commitHead: sn:11458  ea:3204447564 T0 : 00170188 `  str_uop   r8, [sp, #12]'
commitHead: sn:11459  ea:3204447568 T0 : 00170188 `  str_uop   r10, [sp, #8]'
commitHead: sn:11460  ea:3204447572 T0 : 00170188 `  str_uop   lr, [sp, #4]'
commitHead: sn:11461  ea:0 T0 : 00170188 `  subi_uop   sp, sp, #28'
commitHead: sn:11462  ea:0 T0 : 00170192 `  subs   r7, r2, #0'
commitHead: sn:11463  ea:0 T0 : 00170196 `  mov   r6, r0'
commitHead: sn:11464  ea:0 T0 : 00170200 `  sub   sp, sp, #4'
commitHead: sn:11465  ea:0 T0 : 00170204 `  mov   r5, r1'
commitHead: sn:11466  ea:0 T0 : 00170208 `  moveq   r0, r7'
commitHead: sn:11467  ea:0 T0 : 00170212 `  b   0x87ac'
commitHead: sn:11468  ea:540960 T0 : 00170216 `  ldr   r3, [r6, #0]'
commitHead: sn:11469  ea:0 T0 : 00170220 `  mov   r10, r1'
commitHead: sn:11470  ea:0 T0 : 00170224 `  and   r3, r3, #2560'
commitHead: sn:11471  ea:0 T0 : 00170228 `  cmps   r3, #2560'
commitHead: sn:11472  ea:0 T0 : 00170232 `  b   0x299d0'
commitHead: sn:11473  ea:540984 T0 : 00170236 `  ldr   r3, [r6, #24]'
commitHead: sn:11474  ea:540980 T0 : 00170240 `  ldr   r0, [r6, #20]'
commitHead: sn:11475  ea:0 T0 : 00170244 `  cmps   r3, r0'
commitHead: sn:11476  ea:0 T0 : 00170248 `  movls   r4, r7'
commitHead: sn:11477  ea:0 T0 : 00170252 `  b   0xe4b4'
commitHead: sn:11478  ea:541112 T0 : 00170256 `  ldr   r3, [r6, #152]'
commitHead: sn:11479  ea:0 T0 : 00170260 `  mov   r0, r6'
commitHead: sn:11480  ea:0 T0 : 00170264 `  mvn   r1, #0'
commitHead: sn:11481  ea:0 T0 : 00170268 `  mov   lr, pc'
commitHead: sn:11482  ea:425000 T0 : 00170272 `  ldr   pc, [r3, #12]'
commitHead: sn:11490  ea:3204447528 T0 : 00172496 `  str_uop   r4, [sp, #16]'
commitHead: sn:11491  ea:3204447532 T0 : 00172496 `  str_uop   r5, [sp, #12]'
commitHead: sn:11492  ea:3204447536 T0 : 00172496 `  str_uop   r6, [sp, #8]'
commitHead: sn:11493  ea:3204447540 T0 : 00172496 `  str_uop   lr, [sp, #4]'
commitHead: sn:11494  ea:0 T0 : 00172496 `  subi_uop   sp, sp, #16'
commitHead: sn:11495  ea:0 T0 : 00172500 `  mov   r6, r1'
commitHead: sn:11496  ea:540960 T0 : 00172504 `  ldr   r1, [r0, #0]'
commitHead: sn:11497  ea:0 T0 : 00172508 `  mov   r5, r0'
commitHead: sn:11498  ea:0 T0 : 00172512 `  tsts   r1, #8'
commitHead: sn:11499  ea:0 T0 : 00172516 `  b   0x2a30c'
commitHead: sn:11500  ea:0 T0 : 00172520 `  tsts   r1, #2048'
commitHead: sn:11501  ea:0 T0 : 00172524 `  b   0x2a258'
commitHead: sn:11506  ea:540976 T0 : 00172640 `  ldr   r3, [r0, #16]'
commitHead: sn:11507  ea:0 T0 : 00172644 `  cmps   r3, #0'
commitHead: sn:11508  ea:0 T0 : 00172648 `  b   0x2a2ec'
commitHead: sn:11514  ea:0 T0 : 00172788 `  mov   r0, r5'
commitHead: sn:11515  ea:0 T0 : 00172792 `  bl   0x9dc0'
commitHead: sn:11517  ea:540988 T0 : 00040392 `  ldr   r3, [r0, #28]'
commitHead: sn:11518  ea:3204447520 T0 : 00040396 `  str_uop   r4, [sp, #8]'
commitHead: sn:11519  ea:3204447524 T0 : 00040396 `  str_uop   lr, [sp, #4]'
commitHead: sn:11520  ea:0 T0 : 00040396 `  subi_uop   sp, sp, #8'
commitHead: sn:11521  ea:0 T0 : 00040400 `  cmps   r3, #0'
commitHead: sn:11522  ea:0 T0 : 00040404 `  mov   r4, r0'
commitHead: sn:11523  ea:0 T0 : 00040408 `  ldr2_uopne   r4,r36, [sp, #0]'
commitHead: sn:11524  ea:0 T0 : 00040408 `  addi_uopne   sp, sp, #8'
commitHead: sn:11525  ea:0 T0 : 00040408 `  uopReg_uopne   pc, r36'
commitHead: sn:11556  ea:540960 T0 : 00040412 `  ldr   r3, [r0, #0]'
commitHead: sn:11557  ea:0 T0 : 00040416 `  tsts   r3, #2'
commitHead: sn:11558  ea:0 T0 : 00040420 `  b   0x14824'
commitHead: sn:11565  ea:541112 T0 : 00040436 `  ldr   r3, [r4, #152]'
commitHead: sn:11566  ea:0 T0 : 00040440 `  mov   r0, r4'
commitHead: sn:11567  ea:0 T0 : 00040444 `  mov   lr, pc'
commitHead: sn:11568  ea:425040 T0 : 00040448 `  ldr   pc, [r3, #52]'
commitHead: sn:11639  ea:541016 T0 : 00332132 `  ldr   r3, [r0, #56]'
commitHead: sn:11640  ea:3204447508 T0 : 00332136 `  str_uop   r4, [sp, #12]'
commitHead: sn:11641  ea:3204447512 T0 : 00332136 `  str_uop   r5, [sp, #8]'
commitHead: sn:11642  ea:3204447516 T0 : 00332136 `  str_uop   lr, [sp, #4]'
commitHead: sn:11643  ea:0 T0 : 00332136 `  subi_uop   sp, sp, #12'
commitHead: sn:11644  ea:0 T0 : 00332140 `  cmps   r3, #0'
commitHead: sn:11645  ea:0 T0 : 00332144 `  sub   sp, sp, #116'
commitHead: sn:11646  ea:0 T0 : 00332148 `  mov   r5, r0'
commitHead: sn:11647  ea:0 T0 : 00332152 `  b   0x51200'
commitHead: sn:11648  ea:541112 T0 : 00332156 `  ldr   r3, [r0, #152]'
commitHead: sn:11649  ea:0 T0 : 00332160 `  add   r1, sp, #8'
commitHead: sn:11650  ea:0 T0 : 00332164 `  mov   lr, pc'
commitHead: sn:11651  ea:425060 T0 : 00332168 `  ldr   pc, [r3, #72]'
commitHead: sn:11665  ea:541016 T0 : 00170916 `  ldr   r3, [r0, #56]'
commitHead: sn:11666  ea:0 T0 : 00170920 `  mov   r2, r1'
commitHead: sn:11667  ea:0 T0 : 00170924 `  mov   r0, #3'
commitHead: sn:11668  ea:0 T0 : 00170928 `  mov   r1, r3'
commitHead: sn:11669  ea:0 T0 : 00170932 `  b   0x12ae8'
commitHead: sn:11674  ea:3204447384 T0 : 00076528 `  str_uop   r7, [sp, #8]'
commitHead: sn:11675  ea:3204447388 T0 : 00076528 `  str_uop   lr, [sp, #4]'
commitHead: sn:11676  ea:0 T0 : 00076528 `  subi_uop   sp, sp, #8'
commitHead: sn:11677  ea:0 T0 : 00076532 `  mov   r0, r1'
commitHead: sn:11678  ea:0 T0 : 00076536 `  mov   r7, #197'
commitHead: sn:11679  ea:0 T0 : 00076540 `  mov   r1, r2'
commitHead: sn:11680  ea:0 T0 : 00076544 `  svc   #0'
commitHead: sn:11680  ea:0 T0 : 00076544 `  svc   #0'
commitHead: sn:11722  ea:0 T0 : 00076548 `  cmns   r0, #4096'
commitHead: sn:11723  ea:0 T0 : 00076552 `  mov   r3, r0'
commitHead: sn:11724  ea:0 T0 : 00076556 `  movls   r1, r0'
commitHead: sn:11725  ea:0 T0 : 00076560 `  b   0x33058'
commitHead: sn:11726  ea:0 T0 : 00076564 `  mov   r0, r1'
commitHead: sn:11727  ea:3204447384 T0 : 00076568 `  ldr2_uop   r7,r36, [sp, #0]'
commitHead: sn:11728  ea:0 T0 : 00076568 `  addi_uop   sp, sp, #8'
commitHead: sn:11729  ea:0 T0 : 00076568 `  uopReg_uop   pc, r36'
commitHead: sn:11757  ea:0 T0 : 00332172 `  cmps   r0, #0'
commitHead: sn:11758  ea:0 T0 : 00332176 `  b   0x51200'
commitHead: sn:11759  ea:3204447416 T0 : 00332180 `  ldr   r3, [sp, #24]'
commitHead: sn:11760  ea:0 T0 : 00332184 `  and   r3, r3, #61440'
commitHead: sn:11761  ea:0 T0 : 00332188 `  cmps   r3, #8192'
commitHead: sn:11762  ea:0 T0 : 00332192 `  b   0x2a258'
commitHead: sn:11787  ea:3204447432 T0 : 00332308 `  ldr   r2, [sp, #40]'
commitHead: sn:11788  ea:3204447436 T0 : 00332312 `  ldr   r3, [sp, #44]'
commitHead: sn:11789  ea:0 T0 : 00332316 `  mov   r2, r2, LSL #12'
commitHead: sn:11790  ea:0 T0 : 00332320 `  bic   r3, r3, #4080'
commitHead: sn:11791  ea:0 T0 : 00332324 `  bic   r3, r3, #15'
commitHead: sn:11792  ea:0 T0 : 00332328 `  orr   r3, r3, r2, LSR #20'
commitHead: sn:11793  ea:0 T0 : 00332332 `  sub   r3, r3, #136'
commitHead: sn:11794  ea:0 T0 : 00332336 `  cmps   r3, #7'
commitHead: sn:11795  ea:0 T0 : 00332340 `  b   0x51260'
commitHead: sn:11796  ea:540960 T0 : 00332344 `  ldr   r3, [r5, #0]'
commitHead: sn:11797  ea:0 T0 : 00332348 `  orr   r3, r3, #512'
commitHead: sn:11798  ea:540960 T0 : 00332352 `  str   r3, [r5, #0]'
commitHead: sn:11799  ea:3204447456 T0 : 00332356 `  ldr   r3, [sp, #64]'
commitHead: sn:11800  ea:0 T0 : 00332360 `  cmps   r3, #0'
commitHead: sn:11801  ea:0 T0 : 00332364 `  movgt   r4, r3'
commitHead: sn:11802  ea:0 T0 : 00332368 `  addgt   r3, r4, #4080'
commitHead: sn:11803  ea:0 T0 : 00332372 `  addgt   r3, r3, #15'
commitHead: sn:11804  ea:0 T0 : 00332376 `  bicgt   r1, r3, #4080'
commitHead: sn:11805  ea:0 T0 : 00332380 `  bicgt   r1, r1, #15'
commitHead: sn:11806  ea:0 T0 : 00332384 `  b   0x511bc'
commitHead: sn:11828  ea:0 T0 : 00332228 `  mov   lr, #0'
commitHead: sn:11829  ea:0 T0 : 00332232 `  mov   r0, lr'
commitHead: sn:11830  ea:0 T0 : 00332236 `  mov   r2, #3'
commitHead: sn:11831  ea:0 T0 : 00332240 `  mov   r3, #34'
commitHead: sn:11832  ea:0 T0 : 00332244 `  mvn   r12, #0'
commitHead: sn:11833  ea:3204447392 T0 : 00332248 `  str_uop   r12, [sp, #0]'
commitHead: sn:11834  ea:3204447396 T0 : 00332248 `  str_uop   lr, [sp, #4]'
commitHead: sn:11835  ea:0 T0 : 00332252 `  bl   0x138c8'
commitHead: sn:11836  ea:3204447388 T0 : 00080080 `  str   r5, [sp, #-4]!'
commitHead: sn:11837  ea:0 T0 : 00080080 `  subi_uop   sp, sp, #4'
commitHead: sn:11838  ea:3204447396 T0 : 00080084 `  ldr   r5, [sp, #8]'
commitHead: sn:11839  ea:3204447384 T0 : 00080088 `  str   r4, [sp, #-4]!'
commitHead: sn:11840  ea:0 T0 : 00080088 `  subi_uop   sp, sp, #4'
commitHead: sn:11841  ea:3204447392 T0 : 00080092 `  ldr   r4, [sp, #8]'
commitHead: sn:11842  ea:0 T0 : 00080096 `  movs   r12, r5, LSL #20'
commitHead: sn:11843  ea:0 T0 : 00080100 `  b   0x13908'
commitHead: sn:11844  ea:0 T0 : 00080104 `  mov   r5, r5, LSR #12'
commitHead: sn:11845  ea:0 T0 : 00080108 `  mov   r12, r7'
commitHead: sn:11846  ea:0 T0 : 00080112 `  mov   r7, #192'
commitHead: sn:11847  ea:0 T0 : 00080116 `  svc   #0'
commitHead: sn:11847  ea:0 T0 : 00080116 `  svc   #0'
commitHead: sn:11847  ea:0 T0 : 00080116 `  svc   #0'
commitHead: sn:11847  ea:0 T0 : 00080116 `  svc   #0'
commitHead: sn:11851  ea:0 T0 : 00080120 `  mov   r7, r12'
commitHead: sn:11852  ea:3204447384 T0 : 00080124 `  ldr   r4, [sp] #4'
commitHead: sn:11853  ea:0 T0 : 00080124 `  addi_uop   sp, sp, #4'
commitHead: sn:11854  ea:3204447388 T0 : 00080128 `  ldr   r5, [sp] #4'
commitHead: sn:11855  ea:0 T0 : 00080128 `  addi_uop   sp, sp, #4'
commitHead: sn:11856  ea:0 T0 : 00080132 `  cmns   r0, #4096'
commitHead: sn:11857  ea:0 T0 : 00080136 `  bx   lr'
commitHead: sn:11858  ea:0 T0 : 00332256 `  cmns   r0, #1'
commitHead: sn:11859  ea:0 T0 : 00332260 `  b   0x1098c'
commitHead: sn:11860  ea:0 T0 : 00332264 `  mov   r1, r0'
commitHead: sn:11861  ea:0 T0 : 00332268 `  add   r2, r1, r4'
commitHead: sn:11862  ea:0 T0 : 00332272 `  mov   r0, r5'
commitHead: sn:11863  ea:0 T0 : 00332276 `  mov   r3, #1'
commitHead: sn:11864  ea:0 T0 : 00332280 `  bl   0x9ca0'
commitHead: sn:11866  ea:540988 T0 : 00040104 `  ldr   r12, [r0, #28]'
commitHead: sn:11867  ea:3204447372 T0 : 00040108 `  str_uop   r4, [sp, #20]'
commitHead: sn:11868  ea:3204447376 T0 : 00040108 `  str_uop   r5, [sp, #16]'
commitHead: sn:11869  ea:3204447380 T0 : 00040108 `  str_uop   r6, [sp, #12]'
commitHead: sn:11870  ea:3204447384 T0 : 00040108 `  str_uop   r7, [sp, #8]'
commitHead: sn:11871  ea:3204447388 T0 : 00040108 `  str_uop   lr, [sp, #4]'
commitHead: sn:11872  ea:0 T0 : 00040108 `  subi_uop   sp, sp, #20'
commitHead: sn:11873  ea:0 T0 : 00040112 `  cmps   r12, #0'
commitHead: sn:11874  ea:0 T0 : 00040116 `  sub   sp, sp, #4'
commitHead: sn:11875  ea:0 T0 : 00040120 `  mov   r4, r0'
commitHead: sn:11876  ea:0 T0 : 00040124 `  mov   r7, r1'
commitHead: sn:11877  ea:0 T0 : 00040128 `  mov   r6, r2'
commitHead: sn:11878  ea:0 T0 : 00040132 `  mov   r5, r3'
commitHead: sn:11879  ea:0 T0 : 00040136 `  b   0x83ac'
commitHead: sn:11902  ea:540960 T0 : 00040220 `  ldr   r3, [r4, #0]'
commitHead: sn:11903  ea:0 T0 : 00040224 `  b   0x9cd0'
commitHead: sn:11915  ea:0 T0 : 00040152 `  cmps   r5, #0'
commitHead: sn:11916  ea:0 T0 : 00040156 `  bicne   r3, r3, #1'
commitHead: sn:11917  ea:0 T0 : 00040160 `  orreq   r3, r3, #1'
commitHead: sn:11918  ea:540988 T0 : 00040164 `  str   r7, [r4, #28]'
commitHead: sn:11919  ea:540992 T0 : 00040168 `  str   r6, [r4, #32]'
commitHead: sn:11920  ea:540960 T0 : 00040172 `  strne   r3, [r4, #0]'
commitHead: sn:11921  ea:0 T0 : 00040176 `  streq   r3, [r4, #0]'
commitHead: sn:11922  ea:0 T0 : 00040180 `  add   sp, sp, #4'
commitHead: sn:11923  ea:3204447372 T0 : 00040184 `  ldr2_uop   r4,r5, [sp, #0]'
commitHead: sn:11924  ea:3204447380 T0 : 00040184 `  ldr2_uop   r6,r7, [sp, #8]'
commitHead: sn:11925  ea:3204447388 T0 : 00040184 `  ldr_uop   r36, [sp, #16]'
commitHead: sn:11926  ea:0 T0 : 00040184 `  addi_uop   sp, sp, #20'
commitHead: sn:11927  ea:0 T0 : 00040184 `  uopReg_uop   pc, r36'
commitHead: sn:11928  ea:0 T0 : 00332284 `  mov   r0, #1'
commitHead: sn:11929  ea:0 T0 : 00332288 `  add   sp, sp, #116'
commitHead: sn:11930  ea:3204447508 T0 : 00332292 `  ldr2_uop   r4,r5, [sp, #0]'
commitHead: sn:11931  ea:3204447516 T0 : 00332292 `  ldr_uop   r36, [sp, #8]'
commitHead: sn:11932  ea:0 T0 : 00332292 `  addi_uop   sp, sp, #12'
commitHead: sn:11933  ea:0 T0 : 00332292 `  uopReg_uop   pc, r36'
commitHead: sn:11959  ea:0 T0 : 00040452 `  cmns   r0, #1'
commitHead: sn:11960  ea:3204447520 T0 : 00040456 `  ldr2_uopne   r4,r36, [sp, #0]'
commitHead: sn:11961  ea:0 T0 : 00040456 `  addi_uopne   sp, sp, #8'
commitHead: sn:11962  ea:0 T0 : 00040456 `  uopReg_uopne   pc, r36'
commitHead: sn:11994  ea:540988 T0 : 00172796 `  ldr   r3, [r5, #28]'
commitHead: sn:11995  ea:540960 T0 : 00172800 `  ldr   r1, [r5, #0]'
commitHead: sn:11996  ea:540968 T0 : 00172804 `  str   r3, [r5, #8]'
commitHead: sn:11997  ea:540972 T0 : 00172808 `  str   r3, [r5, #12]'
commitHead: sn:11998  ea:540964 T0 : 00172812 `  str   r3, [r5, #4]'
commitHead: sn:11999  ea:0 T0 : 00172816 `  b   0x2b63c'
commitHead: sn:12000  ea:0 T0 : 00172652 `  tsts   r1, #256'
commitHead: sn:12001  ea:0 T0 : 00172656 `  b   0x2a374'
commitHead: sn:12002  ea:540964 T0 : 00172660 `  ldr   r0, [r5, #4]'
commitHead: sn:12003  ea:540992 T0 : 00172664 `  ldr   r12, [r5, #32]'
commitHead: sn:12004  ea:0 T0 : 00172668 `  orr   r1, r1, #2048'
commitHead: sn:12005  ea:0 T0 : 00172672 `  cmps   r0, r12'
commitHead: sn:12006  ea:540984 T0 : 00172676 `  str   r12, [r5, #24]'
commitHead: sn:12007  ea:0 T0 : 00172680 `  ldreq   r3, [r5, #28]'
commitHead: sn:12008  ea:540960 T0 : 00172684 `  str   r1, [r5, #0]'
commitHead: sn:12009  ea:0 T0 : 00172688 `  moveq   r0, r3'
commitHead: sn:12010  ea:0 T0 : 00172692 `  streq   r3, [r5, #4]'
commitHead: sn:12011  ea:0 T0 : 00172696 `  streq   r3, [r5, #8]'
commitHead: sn:12012  ea:541068 T0 : 00172700 `  ldr   r3, [r5, #108]'
commitHead: sn:12013  ea:540968 T0 : 00172704 `  ldr   r2, [r5, #8]'
commitHead: sn:12014  ea:0 T0 : 00172708 `  cmps   r3, #0'
commitHead: sn:12015  ea:540980 T0 : 00172712 `  str   r0, [r5, #20]'
commitHead: sn:12016  ea:540972 T0 : 00172716 `  str   r2, [r5, #12]'
commitHead: sn:12017  ea:540976 T0 : 00172720 `  str   r0, [r5, #16]'
commitHead: sn:12018  ea:540964 T0 : 00172724 `  str   r2, [r5, #4]'
commitHead: sn:12019  ea:0 T0 : 00172728 `  b   0x2a1f4'
commitHead: sn:12020  ea:173012 T0 : 00172732 `  ldr   r3, [pc, #272]'
commitHead: sn:12021  ea:0 T0 : 00172736 `  and   r3, r1, r3'
commitHead: sn:12022  ea:0 T0 : 00172740 `  cmps   r3, #0'
commitHead: sn:12023  ea:540984 T0 : 00172744 `  strne   r0, [r5, #24]'
commitHead: sn:12024  ea:0 T0 : 00172748 `  cmns   r6, #1'
commitHead: sn:12025  ea:0 T0 : 00172752 `  b   0x2a1fc'
commitHead: sn:12134  ea:540976 T0 : 00172756 `  ldr   r1, [r5, #16]'
commitHead: sn:12135  ea:540980 T0 : 00172760 `  ldr   r2, [r5, #20]'
commitHead: sn:12136  ea:0 T0 : 00172764 `  mov   r0, r5'
commitHead: sn:12137  ea:0 T0 : 00172768 `  rsb   r2, r1, r2'
commitHead: sn:12138  ea:3204447528 T0 : 00172772 `  ldr2_uop   r4,r5, [sp, #0]'
commitHead: sn:12139  ea:3204447536 T0 : 00172772 `  ldr2_uop   r6,lr, [sp, #8]'
commitHead: sn:12140  ea:0 T0 : 00172772 `  addi_uop   sp, sp, #16'
commitHead: sn:12141  ea:0 T0 : 00172776 `  b   0x29a94'
commitHead: sn:12142  ea:3204447536 T0 : 00170652 `  str_uop   r4, [sp, #8]'
commitHead: sn:12143  ea:3204447540 T0 : 00170652 `  str_uop   lr, [sp, #4]'
commitHead: sn:12144  ea:0 T0 : 00170652 `  subi_uop   sp, sp, #8'
commitHead: sn:12145  ea:0 T0 : 00170656 `  subs   r4, r2, #0'
commitHead: sn:12146  ea:0 T0 : 00170660 `  b   0x1a234'
commitHead: sn:12147  ea:0 T0 : 00170664 `  mov   r0, #0'
commitHead: sn:12148  ea:3204447536 T0 : 00170668 `  ldr2_uop   r4,r36, [sp, #0]'
commitHead: sn:12149  ea:0 T0 : 00170668 `  addi_uop   sp, sp, #8'
commitHead: sn:12150  ea:0 T0 : 00170668 `  uopReg_uop   pc, r36'
commitHead: sn:12217  ea:0 T0 : 00170276 `  cmns   r0, #1'
commitHead: sn:12218  ea:0 T0 : 00170280 `  b   0x29a40'
commitHead: sn:12219  ea:540992 T0 : 00170284 `  ldr   r2, [r6, #32]'
commitHead: sn:12220  ea:540988 T0 : 00170288 `  ldr   r3, [r6, #28]'
commitHead: sn:12221  ea:0 T0 : 00170292 `  rsb   r1, r3, r2'
commitHead: sn:12222  ea:0 T0 : 00170296 `  cmps   r1, #127'
commitHead: sn:12223  ea:0 T0 : 00170300 `  movls   r1, #0'
commitHead: sn:12224  ea:0 T0 : 00170304 `  b   0x8854'
commitHead: sn:12225  ea:0 T0 : 00170308 `  mov   r0, r4'
commitHead: sn:12226  ea:0 T0 : 00170312 `  bl   0x6304c'
commitHead: sn:12264  ea:3204447532 T0 : 00405588 `  str_uop   r0, [sp, #12]'
commitHead: sn:12265  ea:3204447536 T0 : 00405588 `  str_uop   r1, [sp, #8]'
commitHead: sn:12266  ea:3204447540 T0 : 00405588 `  str_uop   lr, [sp, #4]'
commitHead: sn:12267  ea:0 T0 : 00405588 `  subi_uop   sp, sp, #12'
commitHead: sn:12268  ea:0 T0 : 00405592 `  bl   0x62e5c'
commitHead: sn:12275  ea:0 T0 : 00405092 `  subs   r2, r1, #1'
commitHead: sn:12276  ea:0 T0 : 00405096 `  bx   lr'
commitHead: sn:12303  ea:0 T0 : 00405100 `  b   0x6303c'
commitHead: sn:12304  ea:0 T0 : 00405104 `  cmps   r0, r1'
commitHead: sn:12305  ea:0 T0 : 00405108 `  b   0x63020'
commitHead: sn:12308  ea:0 T0 : 00405544 `  moveq   r0, #1'
commitHead: sn:12309  ea:0 T0 : 00405548 `  movne   r0, #0'
commitHead: sn:12310  ea:0 T0 : 00405552 `  bx   lr'
commitHead: sn:12311  ea:3204447532 T0 : 00405596 `  ldr2_uop   r1,r2, [sp, #0]'
commitHead: sn:12312  ea:3204447540 T0 : 00405596 `  ldr_uop   lr, [sp, #8]'
commitHead: sn:12313  ea:0 T0 : 00405596 `  addi_uop   sp, sp, #12'
commitHead: sn:12314  ea:0 T0 : 00405600 `  mul   '
commitHead: sn:12315  ea:0 T0 : 00405604 `  sub   r1, r1, r3'
commitHead: sn:12316  ea:0 T0 : 00405608 `  bx   lr'
commitHead: sn:12317  ea:0 T0 : 00170316 `  subs   r5, r4, r1'
commitHead: sn:12318  ea:0 T0 : 00170320 `  b   0x29a68'
commitHead: sn:12319  ea:0 T0 : 00170324 `  cmps   r4, #0'
commitHead: sn:12320  ea:0 T0 : 00170328 `  b   0x29a4c'
commitHead: sn:12352  ea:0 T0 : 00170580 `  mov   r2, r4'
commitHead: sn:12353  ea:0 T0 : 00170584 `  add   r1, r10, r5'
commitHead: sn:12354  ea:0 T0 : 00170588 `  mov   r0, r6'
commitHead: sn:12355  ea:0 T0 : 00170592 `  bl   0xa0d8'
commitHead: sn:12363  ea:3204447520 T0 : 00041184 `  str_uop   r4, [sp, #24]'
commitHead: sn:12364  ea:3204447524 T0 : 00041184 `  str_uop   r5, [sp, #20]'
commitHead: sn:12365  ea:3204447528 T0 : 00041184 `  str_uop   r6, [sp, #16]'
commitHead: sn:12366  ea:3204447532 T0 : 00041184 `  str_uop   r7, [sp, #12]'
commitHead: sn:12367  ea:3204447536 T0 : 00041184 `  str_uop   r8, [sp, #8]'
commitHead: sn:12368  ea:3204447540 T0 : 00041184 `  str_uop   lr, [sp, #4]'
commitHead: sn:12369  ea:0 T0 : 00041184 `  subi_uop   sp, sp, #24'
commitHead: sn:12370  ea:0 T0 : 00041188 `  subs   r8, r2, #0'
commitHead: sn:12371  ea:0 T0 : 00041192 `  mov   r7, r0'
commitHead: sn:12372  ea:0 T0 : 00041196 `  moveq   r0, r8'
commitHead: sn:12373  ea:0 T0 : 00041200 `  ldr2_uopeq   r4,r5, [sp, #0]'
commitHead: sn:12374  ea:0 T0 : 00041200 `  ldr2_uopeq   r6,r7, [sp, #8]'
commitHead: sn:12375  ea:0 T0 : 00041200 `  ldr2_uopeq   r8,r36, [sp, #16]'
commitHead: sn:12376  ea:0 T0 : 00041200 `  addi_uopeq   sp, sp, #24'
commitHead: sn:12377  ea:0 T0 : 00041200 `  uopReg_uopeq   pc, r36'
commitHead: sn:12392  ea:0 T0 : 00041204 `  mov   r5, r1'
commitHead: sn:12393  ea:0 T0 : 00041208 `  mov   r6, r8'
commitHead: sn:12394  ea:540980 T0 : 00041212 `  ldr   r0, [r7, #20]'
commitHead: sn:12395  ea:540984 T0 : 00041216 `  ldr   r3, [r7, #24]'
commitHead: sn:12396  ea:0 T0 : 00041220 `  cmps   r0, r3'
commitHead: sn:12397  ea:0 T0 : 00041224 `  b   0xa14c'
commitHead: sn:12411  ea:0 T0 : 00041300 `  cmps   r6, #0'
commitHead: sn:12412  ea:0 T0 : 00041304 `  b   0x90e8'
commitHead: sn:12413  ea:541112 T0 : 00041308 `  ldr   r3, [r7, #152]'
commitHead: sn:12414  ea:0 T0 : 00041312 `  mov   r0, r7'
commitHead: sn:12415  ea:418476 T0 : 00041316 `  ldrb   r1, [r5, #0]'
commitHead: sn:12416  ea:0 T0 : 00041320 `  mov   lr, pc'
commitHead: sn:12417  ea:425000 T0 : 00041324 `  ldr   pc, [r3, #12]'
commitHead: sn:12422  ea:3204447504 T0 : 00172496 `  str_uop   r4, [sp, #16]'
commitHead: sn:12423  ea:3204447508 T0 : 00172496 `  str_uop   r5, [sp, #12]'
commitHead: sn:12424  ea:3204447512 T0 : 00172496 `  str_uop   r6, [sp, #8]'
commitHead: sn:12425  ea:3204447516 T0 : 00172496 `  str_uop   lr, [sp, #4]'
commitHead: sn:12426  ea:0 T0 : 00172496 `  subi_uop   sp, sp, #16'
commitHead: sn:12427  ea:0 T0 : 00172500 `  mov   r6, r1'
commitHead: sn:12428  ea:540960 T0 : 00172504 `  ldr   r1, [r0, #0]'
commitHead: sn:12429  ea:0 T0 : 00172508 `  mov   r5, r0'
commitHead: sn:12430  ea:0 T0 : 00172512 `  tsts   r1, #8'
commitHead: sn:12431  ea:0 T0 : 00172516 `  b   0x2a30c'
commitHead: sn:12432  ea:0 T0 : 00172520 `  tsts   r1, #2048'
commitHead: sn:12433  ea:0 T0 : 00172524 `  b   0x2a258'
commitHead: sn:12454  ea:540976 T0 : 00172528 `  ldr   r3, [r0, #16]'
commitHead: sn:12455  ea:0 T0 : 00172532 `  cmps   r3, #0'
commitHead: sn:12456  ea:0 T0 : 00172536 `  b   0x2a2ec'
commitHead: sn:12457  ea:0 T0 : 00172540 `  cmns   r6, #1'
commitHead: sn:12458  ea:0 T0 : 00172544 `  b   0x2a2cc'
commitHead: sn:12459  ea:540980 T0 : 00172548 `  ldr   r2, [r5, #20]'
commitHead: sn:12460  ea:540992 T0 : 00172552 `  ldr   r3, [r5, #32]'
commitHead: sn:12461  ea:0 T0 : 00172556 `  cmps   r2, r3'
commitHead: sn:12462  ea:0 T0 : 00172560 `  b   0x2a330'
commitHead: sn:12463  ea:0 T0 : 00172564 `  and   r4, r6, #255'
commitHead: sn:12464  ea:1073733632 T0 : 00172568 `  strb   r4, [r2] #1'
commitHead: sn:12465  ea:0 T0 : 00172568 `  addi_uop   r2, r2, #1'
commitHead: sn:12466  ea:540960 T0 : 00172572 `  ldr   r1, [r5, #0]'
commitHead: sn:12467  ea:540980 T0 : 00172576 `  str   r2, [r5, #20]'
commitHead: sn:12468  ea:0 T0 : 00172580 `  tsts   r1, #2'
commitHead: sn:12469  ea:0 T0 : 00172584 `  b   0x2a238'
commitHead: sn:12470  ea:0 T0 : 00172588 `  cmps   r6, #10'
commitHead: sn:12471  ea:0 T0 : 00172592 `  movne   r3, #0'
commitHead: sn:12472  ea:0 T0 : 00172596 `  moveq   r3, #1'
commitHead: sn:12473  ea:0 T0 : 00172600 `  ands   r3, r3, r1, LSR #9'
commitHead: sn:12474  ea:0 T0 : 00172604 `  b   0x1098c'
commitHead: sn:12502  ea:0 T0 : 00172632 `  mov   r0, r4'
commitHead: sn:12503  ea:3204447504 T0 : 00172636 `  ldr2_uop   r4,r5, [sp, #0]'
commitHead: sn:12504  ea:3204447512 T0 : 00172636 `  ldr2_uop   r6,r36, [sp, #8]'
commitHead: sn:12505  ea:0 T0 : 00172636 `  addi_uop   sp, sp, #16'
commitHead: sn:12506  ea:0 T0 : 00172636 `  uopReg_uop   pc, r36'
commitHead: sn:12540  ea:0 T0 : 00041328 `  cmns   r0, #1'
commitHead: sn:12541  ea:0 T0 : 00041332 `  b   0x89ec'
commitHead: sn:12542  ea:0 T0 : 00041336 `  add   r5, r5, #1'
commitHead: sn:12543  ea:0 T0 : 00041340 `  sub   r6, r6, #1'
commitHead: sn:12544  ea:0 T0 : 00041344 `  b   0xa0f4'
commitHead: sn:12557  ea:540980 T0 : 00041212 `  ldr   r0, [r7, #20]'
commitHead: sn:12558  ea:540984 T0 : 00041216 `  ldr   r3, [r7, #24]'
commitHead: sn:12559  ea:0 T0 : 00041220 `  cmps   r0, r3'
commitHead: sn:12560  ea:0 T0 : 00041224 `  b   0xa14c'
commitHead: sn:12561  ea:0 T0 : 00041300 `  cmps   r6, #0'
commitHead: sn:12562  ea:0 T0 : 00041304 `  b   0x90e8'
commitHead: sn:12563  ea:541112 T0 : 00041308 `  ldr   r3, [r7, #152]'
commitHead: sn:12564  ea:0 T0 : 00041312 `  mov   r0, r7'
commitHead: sn:12565  ea:418477 T0 : 00041316 `  ldrb   r1, [r5, #0]'
commitHead: sn:12566  ea:0 T0 : 00041320 `  mov   lr, pc'
commitHead: sn:12567  ea:425000 T0 : 00041324 `  ldr   pc, [r3, #12]'
commitHead: sn:12588  ea:3204447504 T0 : 00172496 `  str_uop   r4, [sp, #16]'
commitHead: sn:12589  ea:3204447508 T0 : 00172496 `  str_uop   r5, [sp, #12]'
commitHead: sn:12590  ea:3204447512 T0 : 00172496 `  str_uop   r6, [sp, #8]'
commitHead: sn:12591  ea:3204447516 T0 : 00172496 `  str_uop   lr, [sp, #4]'
commitHead: sn:12592  ea:0 T0 : 00172496 `  subi_uop   sp, sp, #16'
commitHead: sn:12593  ea:0 T0 : 00172500 `  mov   r6, r1'
commitHead: sn:12594  ea:540960 T0 : 00172504 `  ldr   r1, [r0, #0]'
commitHead: sn:12595  ea:0 T0 : 00172508 `  mov   r5, r0'
commitHead: sn:12596  ea:0 T0 : 00172512 `  tsts   r1, #8'
commitHead: sn:12597  ea:0 T0 : 00172516 `  b   0x2a30c'
commitHead: sn:12598  ea:0 T0 : 00172520 `  tsts   r1, #2048'
commitHead: sn:12599  ea:0 T0 : 00172524 `  b   0x2a258'
commitHead: sn:12600  ea:540976 T0 : 00172528 `  ldr   r3, [r0, #16]'
commitHead: sn:12601  ea:0 T0 : 00172532 `  cmps   r3, #0'
commitHead: sn:12602  ea:0 T0 : 00172536 `  b   0x2a2ec'
commitHead: sn:12603  ea:0 T0 : 00172540 `  cmns   r6, #1'
commitHead: sn:12604  ea:0 T0 : 00172544 `  b   0x2a2cc'
commitHead: sn:12605  ea:540980 T0 : 00172548 `  ldr   r2, [r5, #20]'
commitHead: sn:12606  ea:540992 T0 : 00172552 `  ldr   r3, [r5, #32]'
commitHead: sn:12607  ea:0 T0 : 00172556 `  cmps   r2, r3'
commitHead: sn:12608  ea:0 T0 : 00172560 `  b   0x2a330'
commitHead: sn:12609  ea:0 T0 : 00172564 `  and   r4, r6, #255'
commitHead: sn:12610  ea:1073733633 T0 : 00172568 `  strb   r4, [r2] #1'
commitHead: sn:12611  ea:0 T0 : 00172568 `  addi_uop   r2, r2, #1'
commitHead: sn:12612  ea:540960 T0 : 00172572 `  ldr   r1, [r5, #0]'
commitHead: sn:12613  ea:540980 T0 : 00172576 `  str   r2, [r5, #20]'
commitHead: sn:12614  ea:0 T0 : 00172580 `  tsts   r1, #2'
commitHead: sn:12615  ea:0 T0 : 00172584 `  b   0x2a238'
commitHead: sn:12616  ea:0 T0 : 00172588 `  cmps   r6, #10'
commitHead: sn:12617  ea:0 T0 : 00172592 `  movne   r3, #0'
commitHead: sn:12618  ea:0 T0 : 00172596 `  moveq   r3, #1'
commitHead: sn:12619  ea:0 T0 : 00172600 `  ands   r3, r3, r1, LSR #9'
commitHead: sn:12620  ea:0 T0 : 00172604 `  b   0x1098c'
commitHead: sn:12621  ea:0 T0 : 00172632 `  mov   r0, r4'
commitHead: sn:12622  ea:3204447504 T0 : 00172636 `  ldr2_uop   r4,r5, [sp, #0]'
commitHead: sn:12623  ea:3204447512 T0 : 00172636 `  ldr2_uop   r6,r36, [sp, #8]'
commitHead: sn:12624  ea:0 T0 : 00172636 `  addi_uop   sp, sp, #16'
commitHead: sn:12625  ea:0 T0 : 00172636 `  uopReg_uop   pc, r36'
commitHead: sn:12668  ea:0 T0 : 00041328 `  cmns   r0, #1'
commitHead: sn:12669  ea:0 T0 : 00041332 `  b   0x89ec'
commitHead: sn:12670  ea:0 T0 : 00041336 `  add   r5, r5, #1'
commitHead: sn:12671  ea:0 T0 : 00041340 `  sub   r6, r6, #1'
commitHead: sn:12672  ea:0 T0 : 00041344 `  b   0xa0f4'
commitHead: sn:12673  ea:540980 T0 : 00041212 `  ldr   r0, [r7, #20]'
commitHead: sn:12674  ea:540984 T0 : 00041216 `  ldr   r3, [r7, #24]'
commitHead: sn:12675  ea:0 T0 : 00041220 `  cmps   r0, r3'
commitHead: sn:12676  ea:0 T0 : 00041224 `  b   0xa14c'
commitHead: sn:12677  ea:0 T0 : 00041300 `  cmps   r6, #0'
commitHead: sn:12678  ea:0 T0 : 00041304 `  b   0x90e8'
commitHead: sn:12679  ea:541112 T0 : 00041308 `  ldr   r3, [r7, #152]'
commitHead: sn:12680  ea:0 T0 : 00041312 `  mov   r0, r7'
commitHead: sn:12681  ea:418478 T0 : 00041316 `  ldrb   r1, [r5, #0]'
commitHead: sn:12682  ea:0 T0 : 00041320 `  mov   lr, pc'
commitHead: sn:12683  ea:425000 T0 : 00041324 `  ldr   pc, [r3, #12]'
commitHead: sn:12704  ea:3204447504 T0 : 00172496 `  str_uop   r4, [sp, #16]'
commitHead: sn:12705  ea:3204447508 T0 : 00172496 `  str_uop   r5, [sp, #12]'
commitHead: sn:12706  ea:3204447512 T0 : 00172496 `  str_uop   r6, [sp, #8]'
commitHead: sn:12707  ea:3204447516 T0 : 00172496 `  str_uop   lr, [sp, #4]'
commitHead: sn:12708  ea:0 T0 : 00172496 `  subi_uop   sp, sp, #16'
commitHead: sn:12709  ea:0 T0 : 00172500 `  mov   r6, r1'
commitHead: sn:12710  ea:540960 T0 : 00172504 `  ldr   r1, [r0, #0]'
commitHead: sn:12711  ea:0 T0 : 00172508 `  mov   r5, r0'
commitHead: sn:12712  ea:0 T0 : 00172512 `  tsts   r1, #8'
commitHead: sn:12713  ea:0 T0 : 00172516 `  b   0x2a30c'
commitHead: sn:12714  ea:0 T0 : 00172520 `  tsts   r1, #2048'
commitHead: sn:12715  ea:0 T0 : 00172524 `  b   0x2a258'
commitHead: sn:12716  ea:540976 T0 : 00172528 `  ldr   r3, [r0, #16]'
commitHead: sn:12717  ea:0 T0 : 00172532 `  cmps   r3, #0'
commitHead: sn:12718  ea:0 T0 : 00172536 `  b   0x2a2ec'
commitHead: sn:12719  ea:0 T0 : 00172540 `  cmns   r6, #1'
commitHead: sn:12720  ea:0 T0 : 00172544 `  b   0x2a2cc'
commitHead: sn:12721  ea:540980 T0 : 00172548 `  ldr   r2, [r5, #20]'
commitHead: sn:12722  ea:540992 T0 : 00172552 `  ldr   r3, [r5, #32]'
commitHead: sn:12723  ea:0 T0 : 00172556 `  cmps   r2, r3'
commitHead: sn:12724  ea:0 T0 : 00172560 `  b   0x2a330'
commitHead: sn:12725  ea:0 T0 : 00172564 `  and   r4, r6, #255'
commitHead: sn:12726  ea:1073733634 T0 : 00172568 `  strb   r4, [r2] #1'
commitHead: sn:12727  ea:0 T0 : 00172568 `  addi_uop   r2, r2, #1'
commitHead: sn:12728  ea:540960 T0 : 00172572 `  ldr   r1, [r5, #0]'
commitHead: sn:12729  ea:540980 T0 : 00172576 `  str   r2, [r5, #20]'
commitHead: sn:12730  ea:0 T0 : 00172580 `  tsts   r1, #2'
commitHead: sn:12731  ea:0 T0 : 00172584 `  b   0x2a238'
commitHead: sn:12732  ea:0 T0 : 00172588 `  cmps   r6, #10'
commitHead: sn:12733  ea:0 T0 : 00172592 `  movne   r3, #0'
commitHead: sn:12734  ea:0 T0 : 00172596 `  moveq   r3, #1'
commitHead: sn:12735  ea:0 T0 : 00172600 `  ands   r3, r3, r1, LSR #9'
commitHead: sn:12736  ea:0 T0 : 00172604 `  b   0x1098c'
commitHead: sn:12737  ea:0 T0 : 00172632 `  mov   r0, r4'
commitHead: sn:12738  ea:3204447504 T0 : 00172636 `  ldr2_uop   r4,r5, [sp, #0]'
commitHead: sn:12739  ea:3204447512 T0 : 00172636 `  ldr2_uop   r6,r36, [sp, #8]'
commitHead: sn:12740  ea:0 T0 : 00172636 `  addi_uop   sp, sp, #16'
commitHead: sn:12741  ea:0 T0 : 00172636 `  uopReg_uop   pc, r36'
commitHead: sn:12785  ea:0 T0 : 00041328 `  cmns   r0, #1'
commitHead: sn:12786  ea:0 T0 : 00041332 `  b   0x89ec'
commitHead: sn:12787  ea:0 T0 : 00041336 `  add   r5, r5, #1'
commitHead: sn:12788  ea:0 T0 : 00041340 `  sub   r6, r6, #1'
commitHead: sn:12789  ea:0 T0 : 00041344 `  b   0xa0f4'
commitHead: sn:12790  ea:540980 T0 : 00041212 `  ldr   r0, [r7, #20]'
commitHead: sn:12791  ea:540984 T0 : 00041216 `  ldr   r3, [r7, #24]'
commitHead: sn:12792  ea:0 T0 : 00041220 `  cmps   r0, r3'
commitHead: sn:12793  ea:0 T0 : 00041224 `  b   0xa14c'
commitHead: sn:12794  ea:0 T0 : 00041300 `  cmps   r6, #0'
commitHead: sn:12795  ea:0 T0 : 00041304 `  b   0x90e8'
commitHead: sn:12796  ea:541112 T0 : 00041308 `  ldr   r3, [r7, #152]'
commitHead: sn:12797  ea:0 T0 : 00041312 `  mov   r0, r7'
commitHead: sn:12798  ea:418479 T0 : 00041316 `  ldrb   r1, [r5, #0]'
commitHead: sn:12799  ea:0 T0 : 00041320 `  mov   lr, pc'
commitHead: sn:12800  ea:425000 T0 : 00041324 `  ldr   pc, [r3, #12]'
commitHead: sn:12821  ea:3204447504 T0 : 00172496 `  str_uop   r4, [sp, #16]'
commitHead: sn:12822  ea:3204447508 T0 : 00172496 `  str_uop   r5, [sp, #12]'
commitHead: sn:12823  ea:3204447512 T0 : 00172496 `  str_uop   r6, [sp, #8]'
commitHead: sn:12824  ea:3204447516 T0 : 00172496 `  str_uop   lr, [sp, #4]'
commitHead: sn:12825  ea:0 T0 : 00172496 `  subi_uop   sp, sp, #16'
commitHead: sn:12826  ea:0 T0 : 00172500 `  mov   r6, r1'
commitHead: sn:12827  ea:540960 T0 : 00172504 `  ldr   r1, [r0, #0]'
commitHead: sn:12828  ea:0 T0 : 00172508 `  mov   r5, r0'
commitHead: sn:12829  ea:0 T0 : 00172512 `  tsts   r1, #8'
commitHead: sn:12830  ea:0 T0 : 00172516 `  b   0x2a30c'
commitHead: sn:12831  ea:0 T0 : 00172520 `  tsts   r1, #2048'
commitHead: sn:12832  ea:0 T0 : 00172524 `  b   0x2a258'
commitHead: sn:12833  ea:540976 T0 : 00172528 `  ldr   r3, [r0, #16]'
commitHead: sn:12834  ea:0 T0 : 00172532 `  cmps   r3, #0'
commitHead: sn:12835  ea:0 T0 : 00172536 `  b   0x2a2ec'
commitHead: sn:12836  ea:0 T0 : 00172540 `  cmns   r6, #1'
commitHead: sn:12837  ea:0 T0 : 00172544 `  b   0x2a2cc'
commitHead: sn:12838  ea:540980 T0 : 00172548 `  ldr   r2, [r5, #20]'
commitHead: sn:12839  ea:540992 T0 : 00172552 `  ldr   r3, [r5, #32]'
commitHead: sn:12840  ea:0 T0 : 00172556 `  cmps   r2, r3'
commitHead: sn:12841  ea:0 T0 : 00172560 `  b   0x2a330'
commitHead: sn:12842  ea:0 T0 : 00172564 `  and   r4, r6, #255'
commitHead: sn:12843  ea:1073733635 T0 : 00172568 `  strb   r4, [r2] #1'
commitHead: sn:12844  ea:0 T0 : 00172568 `  addi_uop   r2, r2, #1'
commitHead: sn:12845  ea:540960 T0 : 00172572 `  ldr   r1, [r5, #0]'
commitHead: sn:12846  ea:540980 T0 : 00172576 `  str   r2, [r5, #20]'
commitHead: sn:12847  ea:0 T0 : 00172580 `  tsts   r1, #2'
commitHead: sn:12848  ea:0 T0 : 00172584 `  b   0x2a238'
commitHead: sn:12849  ea:0 T0 : 00172588 `  cmps   r6, #10'
commitHead: sn:12850  ea:0 T0 : 00172592 `  movne   r3, #0'
commitHead: sn:12851  ea:0 T0 : 00172596 `  moveq   r3, #1'
commitHead: sn:12852  ea:0 T0 : 00172600 `  ands   r3, r3, r1, LSR #9'
commitHead: sn:12853  ea:0 T0 : 00172604 `  b   0x1098c'
commitHead: sn:12854  ea:0 T0 : 00172632 `  mov   r0, r4'
commitHead: sn:12855  ea:3204447504 T0 : 00172636 `  ldr2_uop   r4,r5, [sp, #0]'
commitHead: sn:12856  ea:3204447512 T0 : 00172636 `  ldr2_uop   r6,r36, [sp, #8]'
commitHead: sn:12857  ea:0 T0 : 00172636 `  addi_uop   sp, sp, #16'
commitHead: sn:12858  ea:0 T0 : 00172636 `  uopReg_uop   pc, r36'
commitHead: sn:12897  ea:0 T0 : 00041328 `  cmns   r0, #1'
commitHead: sn:12898  ea:0 T0 : 00041332 `  b   0x89ec'
commitHead: sn:12899  ea:0 T0 : 00041336 `  add   r5, r5, #1'
commitHead: sn:12900  ea:0 T0 : 00041340 `  sub   r6, r6, #1'
commitHead: sn:12901  ea:0 T0 : 00041344 `  b   0xa0f4'
commitHead: sn:12902  ea:540980 T0 : 00041212 `  ldr   r0, [r7, #20]'
commitHead: sn:12903  ea:540984 T0 : 00041216 `  ldr   r3, [r7, #24]'
commitHead: sn:12904  ea:0 T0 : 00041220 `  cmps   r0, r3'
commitHead: sn:12905  ea:0 T0 : 00041224 `  b   0xa14c'
commitHead: sn:12906  ea:0 T0 : 00041300 `  cmps   r6, #0'
commitHead: sn:12907  ea:0 T0 : 00041304 `  b   0x90e8'
commitHead: sn:12908  ea:541112 T0 : 00041308 `  ldr   r3, [r7, #152]'
commitHead: sn:12909  ea:0 T0 : 00041312 `  mov   r0, r7'
commitHead: sn:12910  ea:418480 T0 : 00041316 `  ldrb   r1, [r5, #0]'
commitHead: sn:12911  ea:0 T0 : 00041320 `  mov   lr, pc'
commitHead: sn:12912  ea:425000 T0 : 00041324 `  ldr   pc, [r3, #12]'
commitHead: sn:12913  ea:3204447504 T0 : 00172496 `  str_uop   r4, [sp, #16]'
commitHead: sn:12914  ea:3204447508 T0 : 00172496 `  str_uop   r5, [sp, #12]'
commitHead: sn:12915  ea:3204447512 T0 : 00172496 `  str_uop   r6, [sp, #8]'
commitHead: sn:12916  ea:3204447516 T0 : 00172496 `  str_uop   lr, [sp, #4]'
commitHead: sn:12917  ea:0 T0 : 00172496 `  subi_uop   sp, sp, #16'
commitHead: sn:12918  ea:0 T0 : 00172500 `  mov   r6, r1'
commitHead: sn:12919  ea:540960 T0 : 00172504 `  ldr   r1, [r0, #0]'
commitHead: sn:12920  ea:0 T0 : 00172508 `  mov   r5, r0'
commitHead: sn:12921  ea:0 T0 : 00172512 `  tsts   r1, #8'
commitHead: sn:12922  ea:0 T0 : 00172516 `  b   0x2a30c'
commitHead: sn:12923  ea:0 T0 : 00172520 `  tsts   r1, #2048'
commitHead: sn:12924  ea:0 T0 : 00172524 `  b   0x2a258'
commitHead: sn:12925  ea:540976 T0 : 00172528 `  ldr   r3, [r0, #16]'
commitHead: sn:12926  ea:0 T0 : 00172532 `  cmps   r3, #0'
commitHead: sn:12927  ea:0 T0 : 00172536 `  b   0x2a2ec'
commitHead: sn:12928  ea:0 T0 : 00172540 `  cmns   r6, #1'
commitHead: sn:12929  ea:0 T0 : 00172544 `  b   0x2a2cc'
commitHead: sn:12930  ea:540980 T0 : 00172548 `  ldr   r2, [r5, #20]'
commitHead: sn:12931  ea:540992 T0 : 00172552 `  ldr   r3, [r5, #32]'
commitHead: sn:12932  ea:0 T0 : 00172556 `  cmps   r2, r3'
commitHead: sn:12933  ea:0 T0 : 00172560 `  b   0x2a330'
commitHead: sn:12934  ea:0 T0 : 00172564 `  and   r4, r6, #255'
commitHead: sn:12935  ea:1073733636 T0 : 00172568 `  strb   r4, [r2] #1'
commitHead: sn:12936  ea:0 T0 : 00172568 `  addi_uop   r2, r2, #1'
commitHead: sn:12937  ea:540960 T0 : 00172572 `  ldr   r1, [r5, #0]'
commitHead: sn:12938  ea:540980 T0 : 00172576 `  str   r2, [r5, #20]'
commitHead: sn:12939  ea:0 T0 : 00172580 `  tsts   r1, #2'
commitHead: sn:12940  ea:0 T0 : 00172584 `  b   0x2a238'
commitHead: sn:12941  ea:0 T0 : 00172588 `  cmps   r6, #10'
commitHead: sn:12942  ea:0 T0 : 00172592 `  movne   r3, #0'
commitHead: sn:12943  ea:0 T0 : 00172596 `  moveq   r3, #1'
commitHead: sn:12944  ea:0 T0 : 00172600 `  ands   r3, r3, r1, LSR #9'
commitHead: sn:12945  ea:0 T0 : 00172604 `  b   0x1098c'
commitHead: sn:12946  ea:0 T0 : 00172632 `  mov   r0, r4'
commitHead: sn:12947  ea:3204447504 T0 : 00172636 `  ldr2_uop   r4,r5, [sp, #0]'
commitHead: sn:12948  ea:3204447512 T0 : 00172636 `  ldr2_uop   r6,r36, [sp, #8]'
commitHead: sn:12949  ea:0 T0 : 00172636 `  addi_uop   sp, sp, #16'
commitHead: sn:12950  ea:0 T0 : 00172636 `  uopReg_uop   pc, r36'
commitHead: sn:12969  ea:0 T0 : 00041328 `  cmns   r0, #1'
commitHead: sn:12970  ea:0 T0 : 00041332 `  b   0x89ec'
commitHead: sn:12971  ea:0 T0 : 00041336 `  add   r5, r5, #1'
commitHead: sn:12972  ea:0 T0 : 00041340 `  sub   r6, r6, #1'
commitHead: sn:12973  ea:0 T0 : 00041344 `  b   0xa0f4'
commitHead: sn:12974  ea:540980 T0 : 00041212 `  ldr   r0, [r7, #20]'
commitHead: sn:12975  ea:540984 T0 : 00041216 `  ldr   r3, [r7, #24]'
commitHead: sn:12976  ea:0 T0 : 00041220 `  cmps   r0, r3'
commitHead: sn:12977  ea:0 T0 : 00041224 `  b   0xa14c'
commitHead: sn:12978  ea:0 T0 : 00041300 `  cmps   r6, #0'
commitHead: sn:12979  ea:0 T0 : 00041304 `  b   0x90e8'
commitHead: sn:12980  ea:541112 T0 : 00041308 `  ldr   r3, [r7, #152]'
commitHead: sn:12981  ea:0 T0 : 00041312 `  mov   r0, r7'
commitHead: sn:12982  ea:418481 T0 : 00041316 `  ldrb   r1, [r5, #0]'
commitHead: sn:12983  ea:0 T0 : 00041320 `  mov   lr, pc'
commitHead: sn:12984  ea:425000 T0 : 00041324 `  ldr   pc, [r3, #12]'
commitHead: sn:12985  ea:3204447504 T0 : 00172496 `  str_uop   r4, [sp, #16]'
commitHead: sn:12986  ea:3204447508 T0 : 00172496 `  str_uop   r5, [sp, #12]'
commitHead: sn:12987  ea:3204447512 T0 : 00172496 `  str_uop   r6, [sp, #8]'
commitHead: sn:12988  ea:3204447516 T0 : 00172496 `  str_uop   lr, [sp, #4]'
commitHead: sn:12989  ea:0 T0 : 00172496 `  subi_uop   sp, sp, #16'
commitHead: sn:12990  ea:0 T0 : 00172500 `  mov   r6, r1'
commitHead: sn:12991  ea:540960 T0 : 00172504 `  ldr   r1, [r0, #0]'
commitHead: sn:12992  ea:0 T0 : 00172508 `  mov   r5, r0'
commitHead: sn:12993  ea:0 T0 : 00172512 `  tsts   r1, #8'
commitHead: sn:12994  ea:0 T0 : 00172516 `  b   0x2a30c'
commitHead: sn:12995  ea:0 T0 : 00172520 `  tsts   r1, #2048'
commitHead: sn:12996  ea:0 T0 : 00172524 `  b   0x2a258'
commitHead: sn:12997  ea:540976 T0 : 00172528 `  ldr   r3, [r0, #16]'
commitHead: sn:12998  ea:0 T0 : 00172532 `  cmps   r3, #0'
commitHead: sn:12999  ea:0 T0 : 00172536 `  b   0x2a2ec'
commitHead: sn:13000  ea:0 T0 : 00172540 `  cmns   r6, #1'
commitHead: sn:13001  ea:0 T0 : 00172544 `  b   0x2a2cc'
commitHead: sn:13002  ea:540980 T0 : 00172548 `  ldr   r2, [r5, #20]'
commitHead: sn:13003  ea:540992 T0 : 00172552 `  ldr   r3, [r5, #32]'
commitHead: sn:13004  ea:0 T0 : 00172556 `  cmps   r2, r3'
commitHead: sn:13005  ea:0 T0 : 00172560 `  b   0x2a330'
commitHead: sn:13006  ea:0 T0 : 00172564 `  and   r4, r6, #255'
commitHead: sn:13007  ea:1073733637 T0 : 00172568 `  strb   r4, [r2] #1'
commitHead: sn:13008  ea:0 T0 : 00172568 `  addi_uop   r2, r2, #1'
commitHead: sn:13009  ea:540960 T0 : 00172572 `  ldr   r1, [r5, #0]'
commitHead: sn:13010  ea:540980 T0 : 00172576 `  str   r2, [r5, #20]'
commitHead: sn:13011  ea:0 T0 : 00172580 `  tsts   r1, #2'
commitHead: sn:13012  ea:0 T0 : 00172584 `  b   0x2a238'
commitHead: sn:13013  ea:0 T0 : 00172588 `  cmps   r6, #10'
commitHead: sn:13014  ea:0 T0 : 00172592 `  movne   r3, #0'
commitHead: sn:13015  ea:0 T0 : 00172596 `  moveq   r3, #1'
commitHead: sn:13016  ea:0 T0 : 00172600 `  ands   r3, r3, r1, LSR #9'
commitHead: sn:13017  ea:0 T0 : 00172604 `  b   0x1098c'
commitHead: sn:13018  ea:0 T0 : 00172632 `  mov   r0, r4'
commitHead: sn:13019  ea:3204447504 T0 : 00172636 `  ldr2_uop   r4,r5, [sp, #0]'
commitHead: sn:13020  ea:3204447512 T0 : 00172636 `  ldr2_uop   r6,r36, [sp, #8]'
commitHead: sn:13021  ea:0 T0 : 00172636 `  addi_uop   sp, sp, #16'
commitHead: sn:13022  ea:0 T0 : 00172636 `  uopReg_uop   pc, r36'
commitHead: sn:13058  ea:0 T0 : 00041328 `  cmns   r0, #1'
commitHead: sn:13059  ea:0 T0 : 00041332 `  b   0x89ec'
commitHead: sn:13060  ea:0 T0 : 00041336 `  add   r5, r5, #1'
commitHead: sn:13061  ea:0 T0 : 00041340 `  sub   r6, r6, #1'
commitHead: sn:13062  ea:0 T0 : 00041344 `  b   0xa0f4'
commitHead: sn:13063  ea:540980 T0 : 00041212 `  ldr   r0, [r7, #20]'
commitHead: sn:13064  ea:540984 T0 : 00041216 `  ldr   r3, [r7, #24]'
commitHead: sn:13065  ea:0 T0 : 00041220 `  cmps   r0, r3'
commitHead: sn:13066  ea:0 T0 : 00041224 `  b   0xa14c'
commitHead: sn:13067  ea:0 T0 : 00041300 `  cmps   r6, #0'
commitHead: sn:13068  ea:0 T0 : 00041304 `  b   0x90e8'
commitHead: sn:13069  ea:541112 T0 : 00041308 `  ldr   r3, [r7, #152]'
commitHead: sn:13070  ea:0 T0 : 00041312 `  mov   r0, r7'
commitHead: sn:13071  ea:418482 T0 : 00041316 `  ldrb   r1, [r5, #0]'
commitHead: sn:13072  ea:0 T0 : 00041320 `  mov   lr, pc'
commitHead: sn:13073  ea:425000 T0 : 00041324 `  ldr   pc, [r3, #12]'
commitHead: sn:13074  ea:3204447504 T0 : 00172496 `  str_uop   r4, [sp, #16]'
commitHead: sn:13075  ea:3204447508 T0 : 00172496 `  str_uop   r5, [sp, #12]'
commitHead: sn:13076  ea:3204447512 T0 : 00172496 `  str_uop   r6, [sp, #8]'
commitHead: sn:13077  ea:3204447516 T0 : 00172496 `  str_uop   lr, [sp, #4]'
commitHead: sn:13078  ea:0 T0 : 00172496 `  subi_uop   sp, sp, #16'
commitHead: sn:13079  ea:0 T0 : 00172500 `  mov   r6, r1'
commitHead: sn:13080  ea:540960 T0 : 00172504 `  ldr   r1, [r0, #0]'
commitHead: sn:13081  ea:0 T0 : 00172508 `  mov   r5, r0'
commitHead: sn:13082  ea:0 T0 : 00172512 `  tsts   r1, #8'
commitHead: sn:13083  ea:0 T0 : 00172516 `  b   0x2a30c'
commitHead: sn:13084  ea:0 T0 : 00172520 `  tsts   r1, #2048'
commitHead: sn:13085  ea:0 T0 : 00172524 `  b   0x2a258'
commitHead: sn:13086  ea:540976 T0 : 00172528 `  ldr   r3, [r0, #16]'
commitHead: sn:13087  ea:0 T0 : 00172532 `  cmps   r3, #0'
commitHead: sn:13088  ea:0 T0 : 00172536 `  b   0x2a2ec'
commitHead: sn:13089  ea:0 T0 : 00172540 `  cmns   r6, #1'
commitHead: sn:13090  ea:0 T0 : 00172544 `  b   0x2a2cc'
commitHead: sn:13091  ea:540980 T0 : 00172548 `  ldr   r2, [r5, #20]'
commitHead: sn:13092  ea:540992 T0 : 00172552 `  ldr   r3, [r5, #32]'
commitHead: sn:13093  ea:0 T0 : 00172556 `  cmps   r2, r3'
commitHead: sn:13094  ea:0 T0 : 00172560 `  b   0x2a330'
commitHead: sn:13095  ea:0 T0 : 00172564 `  and   r4, r6, #255'
commitHead: sn:13096  ea:1073733638 T0 : 00172568 `  strb   r4, [r2] #1'
commitHead: sn:13097  ea:0 T0 : 00172568 `  addi_uop   r2, r2, #1'
commitHead: sn:13098  ea:540960 T0 : 00172572 `  ldr   r1, [r5, #0]'
commitHead: sn:13099  ea:540980 T0 : 00172576 `  str   r2, [r5, #20]'
commitHead: sn:13100  ea:0 T0 : 00172580 `  tsts   r1, #2'
commitHead: sn:13101  ea:0 T0 : 00172584 `  b   0x2a238'
commitHead: sn:13102  ea:0 T0 : 00172588 `  cmps   r6, #10'
commitHead: sn:13103  ea:0 T0 : 00172592 `  movne   r3, #0'
commitHead: sn:13104  ea:0 T0 : 00172596 `  moveq   r3, #1'
commitHead: sn:13105  ea:0 T0 : 00172600 `  ands   r3, r3, r1, LSR #9'
commitHead: sn:13106  ea:0 T0 : 00172604 `  b   0x1098c'
commitHead: sn:13107  ea:0 T0 : 00172632 `  mov   r0, r4'
commitHead: sn:13108  ea:3204447504 T0 : 00172636 `  ldr2_uop   r4,r5, [sp, #0]'
commitHead: sn:13109  ea:3204447512 T0 : 00172636 `  ldr2_uop   r6,r36, [sp, #8]'
commitHead: sn:13110  ea:0 T0 : 00172636 `  addi_uop   sp, sp, #16'
commitHead: sn:13111  ea:0 T0 : 00172636 `  uopReg_uop   pc, r36'
commitHead: sn:13158  ea:0 T0 : 00041328 `  cmns   r0, #1'
commitHead: sn:13159  ea:0 T0 : 00041332 `  b   0x89ec'
commitHead: sn:13160  ea:0 T0 : 00041336 `  add   r5, r5, #1'
commitHead: sn:13161  ea:0 T0 : 00041340 `  sub   r6, r6, #1'
commitHead: sn:13162  ea:0 T0 : 00041344 `  b   0xa0f4'
commitHead: sn:13163  ea:540980 T0 : 00041212 `  ldr   r0, [r7, #20]'
commitHead: sn:13164  ea:540984 T0 : 00041216 `  ldr   r3, [r7, #24]'
commitHead: sn:13165  ea:0 T0 : 00041220 `  cmps   r0, r3'
commitHead: sn:13166  ea:0 T0 : 00041224 `  b   0xa14c'
commitHead: sn:13167  ea:0 T0 : 00041300 `  cmps   r6, #0'
commitHead: sn:13168  ea:0 T0 : 00041304 `  b   0x90e8'
commitHead: sn:13169  ea:541112 T0 : 00041308 `  ldr   r3, [r7, #152]'
commitHead: sn:13170  ea:0 T0 : 00041312 `  mov   r0, r7'
commitHead: sn:13171  ea:418483 T0 : 00041316 `  ldrb   r1, [r5, #0]'
commitHead: sn:13172  ea:0 T0 : 00041320 `  mov   lr, pc'
commitHead: sn:13173  ea:425000 T0 : 00041324 `  ldr   pc, [r3, #12]'
commitHead: sn:13174  ea:3204447504 T0 : 00172496 `  str_uop   r4, [sp, #16]'
commitHead: sn:13175  ea:3204447508 T0 : 00172496 `  str_uop   r5, [sp, #12]'
commitHead: sn:13176  ea:3204447512 T0 : 00172496 `  str_uop   r6, [sp, #8]'
commitHead: sn:13177  ea:3204447516 T0 : 00172496 `  str_uop   lr, [sp, #4]'
commitHead: sn:13178  ea:0 T0 : 00172496 `  subi_uop   sp, sp, #16'
commitHead: sn:13179  ea:0 T0 : 00172500 `  mov   r6, r1'
commitHead: sn:13180  ea:540960 T0 : 00172504 `  ldr   r1, [r0, #0]'
commitHead: sn:13181  ea:0 T0 : 00172508 `  mov   r5, r0'
commitHead: sn:13182  ea:0 T0 : 00172512 `  tsts   r1, #8'
commitHead: sn:13183  ea:0 T0 : 00172516 `  b   0x2a30c'
commitHead: sn:13184  ea:0 T0 : 00172520 `  tsts   r1, #2048'
commitHead: sn:13185  ea:0 T0 : 00172524 `  b   0x2a258'
commitHead: sn:13186  ea:540976 T0 : 00172528 `  ldr   r3, [r0, #16]'
commitHead: sn:13187  ea:0 T0 : 00172532 `  cmps   r3, #0'
commitHead: sn:13188  ea:0 T0 : 00172536 `  b   0x2a2ec'
commitHead: sn:13189  ea:0 T0 : 00172540 `  cmns   r6, #1'
commitHead: sn:13190  ea:0 T0 : 00172544 `  b   0x2a2cc'
commitHead: sn:13191  ea:540980 T0 : 00172548 `  ldr   r2, [r5, #20]'
commitHead: sn:13192  ea:540992 T0 : 00172552 `  ldr   r3, [r5, #32]'
commitHead: sn:13193  ea:0 T0 : 00172556 `  cmps   r2, r3'
commitHead: sn:13194  ea:0 T0 : 00172560 `  b   0x2a330'
commitHead: sn:13195  ea:0 T0 : 00172564 `  and   r4, r6, #255'
commitHead: sn:13196  ea:1073733639 T0 : 00172568 `  strb   r4, [r2] #1'
commitHead: sn:13197  ea:0 T0 : 00172568 `  addi_uop   r2, r2, #1'
commitHead: sn:13198  ea:540960 T0 : 00172572 `  ldr   r1, [r5, #0]'
commitHead: sn:13199  ea:540980 T0 : 00172576 `  str   r2, [r5, #20]'
commitHead: sn:13200  ea:0 T0 : 00172580 `  tsts   r1, #2'
commitHead: sn:13201  ea:0 T0 : 00172584 `  b   0x2a238'
commitHead: sn:13202  ea:0 T0 : 00172588 `  cmps   r6, #10'
commitHead: sn:13203  ea:0 T0 : 00172592 `  movne   r3, #0'
commitHead: sn:13204  ea:0 T0 : 00172596 `  moveq   r3, #1'
commitHead: sn:13205  ea:0 T0 : 00172600 `  ands   r3, r3, r1, LSR #9'
commitHead: sn:13206  ea:0 T0 : 00172604 `  b   0x1098c'
commitHead: sn:13207  ea:0 T0 : 00172632 `  mov   r0, r4'
commitHead: sn:13208  ea:3204447504 T0 : 00172636 `  ldr2_uop   r4,r5, [sp, #0]'
commitHead: sn:13209  ea:3204447512 T0 : 00172636 `  ldr2_uop   r6,r36, [sp, #8]'
commitHead: sn:13210  ea:0 T0 : 00172636 `  addi_uop   sp, sp, #16'
commitHead: sn:13211  ea:0 T0 : 00172636 `  uopReg_uop   pc, r36'
commitHead: sn:13251  ea:0 T0 : 00041328 `  cmns   r0, #1'
commitHead: sn:13252  ea:0 T0 : 00041332 `  b   0x89ec'
commitHead: sn:13253  ea:0 T0 : 00041336 `  add   r5, r5, #1'
commitHead: sn:13254  ea:0 T0 : 00041340 `  sub   r6, r6, #1'
commitHead: sn:13255  ea:0 T0 : 00041344 `  b   0xa0f4'
commitHead: sn:13256  ea:540980 T0 : 00041212 `  ldr   r0, [r7, #20]'
commitHead: sn:13257  ea:540984 T0 : 00041216 `  ldr   r3, [r7, #24]'
commitHead: sn:13258  ea:0 T0 : 00041220 `  cmps   r0, r3'
commitHead: sn:13259  ea:0 T0 : 00041224 `  b   0xa14c'
commitHead: sn:13260  ea:0 T0 : 00041300 `  cmps   r6, #0'
commitHead: sn:13261  ea:0 T0 : 00041304 `  b   0x90e8'
commitHead: sn:13262  ea:541112 T0 : 00041308 `  ldr   r3, [r7, #152]'
commitHead: sn:13263  ea:0 T0 : 00041312 `  mov   r0, r7'
commitHead: sn:13264  ea:418484 T0 : 00041316 `  ldrb   r1, [r5, #0]'
commitHead: sn:13265  ea:0 T0 : 00041320 `  mov   lr, pc'
commitHead: sn:13266  ea:425000 T0 : 00041324 `  ldr   pc, [r3, #12]'
commitHead: sn:13267  ea:3204447504 T0 : 00172496 `  str_uop   r4, [sp, #16]'
commitHead: sn:13268  ea:3204447508 T0 : 00172496 `  str_uop   r5, [sp, #12]'
commitHead: sn:13269  ea:3204447512 T0 : 00172496 `  str_uop   r6, [sp, #8]'
commitHead: sn:13270  ea:3204447516 T0 : 00172496 `  str_uop   lr, [sp, #4]'
commitHead: sn:13271  ea:0 T0 : 00172496 `  subi_uop   sp, sp, #16'
commitHead: sn:13272  ea:0 T0 : 00172500 `  mov   r6, r1'
commitHead: sn:13273  ea:540960 T0 : 00172504 `  ldr   r1, [r0, #0]'
commitHead: sn:13274  ea:0 T0 : 00172508 `  mov   r5, r0'
commitHead: sn:13275  ea:0 T0 : 00172512 `  tsts   r1, #8'
commitHead: sn:13276  ea:0 T0 : 00172516 `  b   0x2a30c'
commitHead: sn:13277  ea:0 T0 : 00172520 `  tsts   r1, #2048'
commitHead: sn:13278  ea:0 T0 : 00172524 `  b   0x2a258'
commitHead: sn:13279  ea:540976 T0 : 00172528 `  ldr   r3, [r0, #16]'
commitHead: sn:13280  ea:0 T0 : 00172532 `  cmps   r3, #0'
commitHead: sn:13281  ea:0 T0 : 00172536 `  b   0x2a2ec'
commitHead: sn:13282  ea:0 T0 : 00172540 `  cmns   r6, #1'
commitHead: sn:13283  ea:0 T0 : 00172544 `  b   0x2a2cc'
commitHead: sn:13284  ea:540980 T0 : 00172548 `  ldr   r2, [r5, #20]'
commitHead: sn:13285  ea:540992 T0 : 00172552 `  ldr   r3, [r5, #32]'
commitHead: sn:13286  ea:0 T0 : 00172556 `  cmps   r2, r3'
commitHead: sn:13287  ea:0 T0 : 00172560 `  b   0x2a330'
commitHead: sn:13288  ea:0 T0 : 00172564 `  and   r4, r6, #255'
commitHead: sn:13289  ea:1073733640 T0 : 00172568 `  strb   r4, [r2] #1'
commitHead: sn:13290  ea:0 T0 : 00172568 `  addi_uop   r2, r2, #1'
commitHead: sn:13291  ea:540960 T0 : 00172572 `  ldr   r1, [r5, #0]'
commitHead: sn:13292  ea:540980 T0 : 00172576 `  str   r2, [r5, #20]'
commitHead: sn:13293  ea:0 T0 : 00172580 `  tsts   r1, #2'
commitHead: sn:13294  ea:0 T0 : 00172584 `  b   0x2a238'
commitHead: sn:13295  ea:0 T0 : 00172588 `  cmps   r6, #10'
commitHead: sn:13296  ea:0 T0 : 00172592 `  movne   r3, #0'
commitHead: sn:13297  ea:0 T0 : 00172596 `  moveq   r3, #1'
commitHead: sn:13298  ea:0 T0 : 00172600 `  ands   r3, r3, r1, LSR #9'
commitHead: sn:13299  ea:0 T0 : 00172604 `  b   0x1098c'
commitHead: sn:13300  ea:0 T0 : 00172632 `  mov   r0, r4'
commitHead: sn:13301  ea:3204447504 T0 : 00172636 `  ldr2_uop   r4,r5, [sp, #0]'
commitHead: sn:13302  ea:3204447512 T0 : 00172636 `  ldr2_uop   r6,r36, [sp, #8]'
commitHead: sn:13303  ea:0 T0 : 00172636 `  addi_uop   sp, sp, #16'
commitHead: sn:13304  ea:0 T0 : 00172636 `  uopReg_uop   pc, r36'
commitHead: sn:13344  ea:0 T0 : 00041328 `  cmns   r0, #1'
commitHead: sn:13345  ea:0 T0 : 00041332 `  b   0x89ec'
commitHead: sn:13346  ea:0 T0 : 00041336 `  add   r5, r5, #1'
commitHead: sn:13347  ea:0 T0 : 00041340 `  sub   r6, r6, #1'
commitHead: sn:13348  ea:0 T0 : 00041344 `  b   0xa0f4'
commitHead: sn:13349  ea:540980 T0 : 00041212 `  ldr   r0, [r7, #20]'
commitHead: sn:13350  ea:540984 T0 : 00041216 `  ldr   r3, [r7, #24]'
commitHead: sn:13351  ea:0 T0 : 00041220 `  cmps   r0, r3'
commitHead: sn:13352  ea:0 T0 : 00041224 `  b   0xa14c'
commitHead: sn:13353  ea:0 T0 : 00041300 `  cmps   r6, #0'
commitHead: sn:13354  ea:0 T0 : 00041304 `  b   0x90e8'
commitHead: sn:13355  ea:541112 T0 : 00041308 `  ldr   r3, [r7, #152]'
commitHead: sn:13356  ea:0 T0 : 00041312 `  mov   r0, r7'
commitHead: sn:13357  ea:418485 T0 : 00041316 `  ldrb   r1, [r5, #0]'
commitHead: sn:13358  ea:0 T0 : 00041320 `  mov   lr, pc'
commitHead: sn:13359  ea:425000 T0 : 00041324 `  ldr   pc, [r3, #12]'
commitHead: sn:13360  ea:3204447504 T0 : 00172496 `  str_uop   r4, [sp, #16]'
commitHead: sn:13361  ea:3204447508 T0 : 00172496 `  str_uop   r5, [sp, #12]'
commitHead: sn:13362  ea:3204447512 T0 : 00172496 `  str_uop   r6, [sp, #8]'
commitHead: sn:13363  ea:3204447516 T0 : 00172496 `  str_uop   lr, [sp, #4]'
commitHead: sn:13364  ea:0 T0 : 00172496 `  subi_uop   sp, sp, #16'
commitHead: sn:13365  ea:0 T0 : 00172500 `  mov   r6, r1'
commitHead: sn:13366  ea:540960 T0 : 00172504 `  ldr   r1, [r0, #0]'
commitHead: sn:13367  ea:0 T0 : 00172508 `  mov   r5, r0'
commitHead: sn:13368  ea:0 T0 : 00172512 `  tsts   r1, #8'
commitHead: sn:13369  ea:0 T0 : 00172516 `  b   0x2a30c'
commitHead: sn:13370  ea:0 T0 : 00172520 `  tsts   r1, #2048'
commitHead: sn:13371  ea:0 T0 : 00172524 `  b   0x2a258'
commitHead: sn:13372  ea:540976 T0 : 00172528 `  ldr   r3, [r0, #16]'
commitHead: sn:13373  ea:0 T0 : 00172532 `  cmps   r3, #0'
commitHead: sn:13374  ea:0 T0 : 00172536 `  b   0x2a2ec'
commitHead: sn:13375  ea:0 T0 : 00172540 `  cmns   r6, #1'
commitHead: sn:13376  ea:0 T0 : 00172544 `  b   0x2a2cc'
commitHead: sn:13377  ea:540980 T0 : 00172548 `  ldr   r2, [r5, #20]'
commitHead: sn:13378  ea:540992 T0 : 00172552 `  ldr   r3, [r5, #32]'
commitHead: sn:13379  ea:0 T0 : 00172556 `  cmps   r2, r3'
commitHead: sn:13380  ea:0 T0 : 00172560 `  b   0x2a330'
commitHead: sn:13381  ea:0 T0 : 00172564 `  and   r4, r6, #255'
commitHead: sn:13382  ea:1073733641 T0 : 00172568 `  strb   r4, [r2] #1'
commitHead: sn:13383  ea:0 T0 : 00172568 `  addi_uop   r2, r2, #1'
commitHead: sn:13384  ea:540960 T0 : 00172572 `  ldr   r1, [r5, #0]'
commitHead: sn:13385  ea:540980 T0 : 00172576 `  str   r2, [r5, #20]'
commitHead: sn:13386  ea:0 T0 : 00172580 `  tsts   r1, #2'
commitHead: sn:13387  ea:0 T0 : 00172584 `  b   0x2a238'
commitHead: sn:13388  ea:0 T0 : 00172588 `  cmps   r6, #10'
commitHead: sn:13389  ea:0 T0 : 00172592 `  movne   r3, #0'
commitHead: sn:13390  ea:0 T0 : 00172596 `  moveq   r3, #1'
commitHead: sn:13391  ea:0 T0 : 00172600 `  ands   r3, r3, r1, LSR #9'
commitHead: sn:13392  ea:0 T0 : 00172604 `  b   0x1098c'
commitHead: sn:13393  ea:0 T0 : 00172632 `  mov   r0, r4'
commitHead: sn:13394  ea:3204447504 T0 : 00172636 `  ldr2_uop   r4,r5, [sp, #0]'
commitHead: sn:13395  ea:3204447512 T0 : 00172636 `  ldr2_uop   r6,r36, [sp, #8]'
commitHead: sn:13396  ea:0 T0 : 00172636 `  addi_uop   sp, sp, #16'
commitHead: sn:13397  ea:0 T0 : 00172636 `  uopReg_uop   pc, r36'
commitHead: sn:13444  ea:0 T0 : 00041328 `  cmns   r0, #1'
commitHead: sn:13445  ea:0 T0 : 00041332 `  b   0x89ec'
commitHead: sn:13446  ea:0 T0 : 00041336 `  add   r5, r5, #1'
commitHead: sn:13447  ea:0 T0 : 00041340 `  sub   r6, r6, #1'
commitHead: sn:13448  ea:0 T0 : 00041344 `  b   0xa0f4'
commitHead: sn:13449  ea:540980 T0 : 00041212 `  ldr   r0, [r7, #20]'
commitHead: sn:13450  ea:540984 T0 : 00041216 `  ldr   r3, [r7, #24]'
commitHead: sn:13451  ea:0 T0 : 00041220 `  cmps   r0, r3'
commitHead: sn:13452  ea:0 T0 : 00041224 `  b   0xa14c'
commitHead: sn:13453  ea:0 T0 : 00041300 `  cmps   r6, #0'
commitHead: sn:13454  ea:0 T0 : 00041304 `  b   0x90e8'
commitHead: sn:13455  ea:541112 T0 : 00041308 `  ldr   r3, [r7, #152]'
commitHead: sn:13456  ea:0 T0 : 00041312 `  mov   r0, r7'
commitHead: sn:13457  ea:418486 T0 : 00041316 `  ldrb   r1, [r5, #0]'
commitHead: sn:13458  ea:0 T0 : 00041320 `  mov   lr, pc'
commitHead: sn:13459  ea:425000 T0 : 00041324 `  ldr   pc, [r3, #12]'
commitHead: sn:13460  ea:3204447504 T0 : 00172496 `  str_uop   r4, [sp, #16]'
commitHead: sn:13461  ea:3204447508 T0 : 00172496 `  str_uop   r5, [sp, #12]'
commitHead: sn:13462  ea:3204447512 T0 : 00172496 `  str_uop   r6, [sp, #8]'
commitHead: sn:13463  ea:3204447516 T0 : 00172496 `  str_uop   lr, [sp, #4]'
commitHead: sn:13464  ea:0 T0 : 00172496 `  subi_uop   sp, sp, #16'
commitHead: sn:13465  ea:0 T0 : 00172500 `  mov   r6, r1'
commitHead: sn:13466  ea:540960 T0 : 00172504 `  ldr   r1, [r0, #0]'
commitHead: sn:13467  ea:0 T0 : 00172508 `  mov   r5, r0'
commitHead: sn:13468  ea:0 T0 : 00172512 `  tsts   r1, #8'
commitHead: sn:13469  ea:0 T0 : 00172516 `  b   0x2a30c'
commitHead: sn:13470  ea:0 T0 : 00172520 `  tsts   r1, #2048'
commitHead: sn:13471  ea:0 T0 : 00172524 `  b   0x2a258'
commitHead: sn:13472  ea:540976 T0 : 00172528 `  ldr   r3, [r0, #16]'
commitHead: sn:13473  ea:0 T0 : 00172532 `  cmps   r3, #0'
commitHead: sn:13474  ea:0 T0 : 00172536 `  b   0x2a2ec'
commitHead: sn:13475  ea:0 T0 : 00172540 `  cmns   r6, #1'
commitHead: sn:13476  ea:0 T0 : 00172544 `  b   0x2a2cc'
commitHead: sn:13477  ea:540980 T0 : 00172548 `  ldr   r2, [r5, #20]'
commitHead: sn:13478  ea:540992 T0 : 00172552 `  ldr   r3, [r5, #32]'
commitHead: sn:13479  ea:0 T0 : 00172556 `  cmps   r2, r3'
commitHead: sn:13480  ea:0 T0 : 00172560 `  b   0x2a330'
commitHead: sn:13481  ea:0 T0 : 00172564 `  and   r4, r6, #255'
commitHead: sn:13482  ea:1073733642 T0 : 00172568 `  strb   r4, [r2] #1'
commitHead: sn:13483  ea:0 T0 : 00172568 `  addi_uop   r2, r2, #1'
commitHead: sn:13484  ea:540960 T0 : 00172572 `  ldr   r1, [r5, #0]'
commitHead: sn:13485  ea:540980 T0 : 00172576 `  str   r2, [r5, #20]'
commitHead: sn:13486  ea:0 T0 : 00172580 `  tsts   r1, #2'
commitHead: sn:13487  ea:0 T0 : 00172584 `  b   0x2a238'
commitHead: sn:13488  ea:0 T0 : 00172588 `  cmps   r6, #10'
commitHead: sn:13489  ea:0 T0 : 00172592 `  movne   r3, #0'
commitHead: sn:13490  ea:0 T0 : 00172596 `  moveq   r3, #1'
commitHead: sn:13491  ea:0 T0 : 00172600 `  ands   r3, r3, r1, LSR #9'
commitHead: sn:13492  ea:0 T0 : 00172604 `  b   0x1098c'
commitHead: sn:13493  ea:0 T0 : 00172632 `  mov   r0, r4'
commitHead: sn:13494  ea:3204447504 T0 : 00172636 `  ldr2_uop   r4,r5, [sp, #0]'
commitHead: sn:13495  ea:3204447512 T0 : 00172636 `  ldr2_uop   r6,r36, [sp, #8]'
commitHead: sn:13496  ea:0 T0 : 00172636 `  addi_uop   sp, sp, #16'
commitHead: sn:13497  ea:0 T0 : 00172636 `  uopReg_uop   pc, r36'
commitHead: sn:13542  ea:0 T0 : 00041328 `  cmns   r0, #1'
commitHead: sn:13543  ea:0 T0 : 00041332 `  b   0x89ec'
commitHead: sn:13544  ea:0 T0 : 00041336 `  add   r5, r5, #1'
commitHead: sn:13545  ea:0 T0 : 00041340 `  sub   r6, r6, #1'
commitHead: sn:13546  ea:0 T0 : 00041344 `  b   0xa0f4'
commitHead: sn:13547  ea:540980 T0 : 00041212 `  ldr   r0, [r7, #20]'
commitHead: sn:13548  ea:540984 T0 : 00041216 `  ldr   r3, [r7, #24]'
commitHead: sn:13549  ea:0 T0 : 00041220 `  cmps   r0, r3'
commitHead: sn:13550  ea:0 T0 : 00041224 `  b   0xa14c'
commitHead: sn:13551  ea:0 T0 : 00041300 `  cmps   r6, #0'
commitHead: sn:13552  ea:0 T0 : 00041304 `  b   0x90e8'
commitHead: sn:13553  ea:541112 T0 : 00041308 `  ldr   r3, [r7, #152]'
commitHead: sn:13554  ea:0 T0 : 00041312 `  mov   r0, r7'
commitHead: sn:13555  ea:418487 T0 : 00041316 `  ldrb   r1, [r5, #0]'
commitHead: sn:13556  ea:0 T0 : 00041320 `  mov   lr, pc'
commitHead: sn:13557  ea:425000 T0 : 00041324 `  ldr   pc, [r3, #12]'
commitHead: sn:13558  ea:3204447504 T0 : 00172496 `  str_uop   r4, [sp, #16]'
commitHead: sn:13559  ea:3204447508 T0 : 00172496 `  str_uop   r5, [sp, #12]'
commitHead: sn:13560  ea:3204447512 T0 : 00172496 `  str_uop   r6, [sp, #8]'
commitHead: sn:13561  ea:3204447516 T0 : 00172496 `  str_uop   lr, [sp, #4]'
commitHead: sn:13562  ea:0 T0 : 00172496 `  subi_uop   sp, sp, #16'
commitHead: sn:13563  ea:0 T0 : 00172500 `  mov   r6, r1'
commitHead: sn:13564  ea:540960 T0 : 00172504 `  ldr   r1, [r0, #0]'
commitHead: sn:13565  ea:0 T0 : 00172508 `  mov   r5, r0'
commitHead: sn:13566  ea:0 T0 : 00172512 `  tsts   r1, #8'
commitHead: sn:13567  ea:0 T0 : 00172516 `  b   0x2a30c'
commitHead: sn:13568  ea:0 T0 : 00172520 `  tsts   r1, #2048'
commitHead: sn:13569  ea:0 T0 : 00172524 `  b   0x2a258'
commitHead: sn:13590  ea:540976 T0 : 00172528 `  ldr   r3, [r0, #16]'
commitHead: sn:13591  ea:0 T0 : 00172532 `  cmps   r3, #0'
commitHead: sn:13592  ea:0 T0 : 00172536 `  b   0x2a2ec'
commitHead: sn:13593  ea:0 T0 : 00172540 `  cmns   r6, #1'
commitHead: sn:13594  ea:0 T0 : 00172544 `  b   0x2a2cc'
commitHead: sn:13595  ea:540980 T0 : 00172548 `  ldr   r2, [r5, #20]'
commitHead: sn:13596  ea:540992 T0 : 00172552 `  ldr   r3, [r5, #32]'
commitHead: sn:13597  ea:0 T0 : 00172556 `  cmps   r2, r3'
commitHead: sn:13598  ea:0 T0 : 00172560 `  b   0x2a330'
commitHead: sn:13599  ea:0 T0 : 00172564 `  and   r4, r6, #255'
commitHead: sn:13600  ea:1073733643 T0 : 00172568 `  strb   r4, [r2] #1'
commitHead: sn:13601  ea:0 T0 : 00172568 `  addi_uop   r2, r2, #1'
commitHead: sn:13602  ea:540960 T0 : 00172572 `  ldr   r1, [r5, #0]'
commitHead: sn:13603  ea:540980 T0 : 00172576 `  str   r2, [r5, #20]'
commitHead: sn:13604  ea:0 T0 : 00172580 `  tsts   r1, #2'
commitHead: sn:13605  ea:0 T0 : 00172584 `  b   0x2a238'
commitHead: sn:13606  ea:0 T0 : 00172588 `  cmps   r6, #10'
commitHead: sn:13607  ea:0 T0 : 00172592 `  movne   r3, #0'
commitHead: sn:13608  ea:0 T0 : 00172596 `  moveq   r3, #1'
commitHead: sn:13609  ea:0 T0 : 00172600 `  ands   r3, r3, r1, LSR #9'
commitHead: sn:13610  ea:0 T0 : 00172604 `  b   0x1098c'
commitHead: sn:13611  ea:0 T0 : 00172632 `  mov   r0, r4'
commitHead: sn:13612  ea:3204447504 T0 : 00172636 `  ldr2_uop   r4,r5, [sp, #0]'
commitHead: sn:13613  ea:3204447512 T0 : 00172636 `  ldr2_uop   r6,r36, [sp, #8]'
commitHead: sn:13614  ea:0 T0 : 00172636 `  addi_uop   sp, sp, #16'
commitHead: sn:13615  ea:0 T0 : 00172636 `  uopReg_uop   pc, r36'
commitHead: sn:13618  ea:0 T0 : 00041328 `  cmns   r0, #1'
commitHead: sn:13619  ea:0 T0 : 00041332 `  b   0x89ec'
commitHead: sn:13620  ea:0 T0 : 00041336 `  add   r5, r5, #1'
commitHead: sn:13621  ea:0 T0 : 00041340 `  sub   r6, r6, #1'
commitHead: sn:13622  ea:0 T0 : 00041344 `  b   0xa0f4'
commitHead: sn:13623  ea:540980 T0 : 00041212 `  ldr   r0, [r7, #20]'
commitHead: sn:13624  ea:540984 T0 : 00041216 `  ldr   r3, [r7, #24]'
commitHead: sn:13625  ea:0 T0 : 00041220 `  cmps   r0, r3'
commitHead: sn:13626  ea:0 T0 : 00041224 `  b   0xa14c'
commitHead: sn:13627  ea:0 T0 : 00041300 `  cmps   r6, #0'
commitHead: sn:13628  ea:0 T0 : 00041304 `  b   0x90e8'
commitHead: sn:13651  ea:0 T0 : 00041372 `  rsb   r0, r6, r8'
commitHead: sn:13652  ea:3204447520 T0 : 00041376 `  ldr2_uop   r4,r5, [sp, #0]'
commitHead: sn:13653  ea:3204447528 T0 : 00041376 `  ldr2_uop   r6,r7, [sp, #8]'
commitHead: sn:13654  ea:3204447536 T0 : 00041376 `  ldr2_uop   r8,r36, [sp, #16]'
commitHead: sn:13655  ea:0 T0 : 00041376 `  addi_uop   sp, sp, #24'
commitHead: sn:13656  ea:0 T0 : 00041376 `  uopReg_uop   pc, r36'
commitHead: sn:13672  ea:0 T0 : 00170596 `  rsb   r4, r0, r4'
commitHead: sn:13673  ea:0 T0 : 00170600 `  rsb   r0, r4, r7'
commitHead: sn:13674  ea:0 T0 : 00170604 `  b   0x29958'
commitHead: sn:13675  ea:0 T0 : 00170336 `  add   sp, sp, #4'
commitHead: sn:13676  ea:3204447548 T0 : 00170340 `  ldr2_uop   r4,r5, [sp, #0]'
commitHead: sn:13677  ea:3204447556 T0 : 00170340 `  ldr2_uop   r6,r7, [sp, #8]'
commitHead: sn:13678  ea:3204447564 T0 : 00170340 `  ldr2_uop   r8,r10, [sp, #16]'
commitHead: sn:13679  ea:3204447572 T0 : 00170340 `  ldr_uop   r36, [sp, #24]'
commitHead: sn:13680  ea:0 T0 : 00170340 `  addi_uop   sp, sp, #28'
commitHead: sn:13681  ea:0 T0 : 00170340 `  uopReg_uop   pc, r36'
commitHead: sn:13691  ea:0 T0 : 00037164 `  cmps   r0, r10'
commitHead: sn:13692  ea:0 T0 : 00037168 `  mov   r4, r0'
commitHead: sn:13693  ea:0 T0 : 00037172 `  b   0x91d4'
commitHead: sn:13723  ea:541852 T0 : 00037340 `  ldr   r0, [r8, #0]'
commitHead: sn:13724  ea:540980 T0 : 00037344 `  ldr   r2, [r0, #20]'
commitHead: sn:13725  ea:540984 T0 : 00037348 `  ldr   r3, [r0, #24]'
commitHead: sn:13726  ea:0 T0 : 00037352 `  cmps   r2, r3'
commitHead: sn:13727  ea:0 T0 : 00037356 `  movcc   r3, r2'
commitHead: sn:13728  ea:0 T0 : 00037360 `  movcc   r2, #10'
commitHead: sn:13729  ea:0 T0 : 00037364 `  strbcc   r2, [r3] #1'
commitHead: sn:13730  ea:0 T0 : 00037364 `  addi_uopcc   r3, r3, #1'
commitHead: sn:13731  ea:0 T0 : 00037368 `  strcc   r3, [r0, #20]'
commitHead: sn:13732  ea:0 T0 : 00037372 `  addcc   r6, r4, #1'
commitHead: sn:13733  ea:0 T0 : 00037376 `  b   0x9134'
commitHead: sn:13734  ea:0 T0 : 00037380 `  mov   r1, #10'
commitHead: sn:13735  ea:0 T0 : 00037384 `  bl   0x97bc'
commitHead: sn:13749  ea:541068 T0 : 00038852 `  ldr   r3, [r0, #108]'
commitHead: sn:13750  ea:0 T0 : 00038856 `  mov   r2, r0'
commitHead: sn:13751  ea:0 T0 : 00038860 `  cmps   r3, #0'
commitHead: sn:13752  ea:0 T0 : 00038864 `  subeq   r3, r3, #1'
commitHead: sn:13753  ea:3204447572 T0 : 00038868 `  str   lr, [sp, #-4]!'
commitHead: sn:13754  ea:0 T0 : 00038868 `  subi_uop   sp, sp, #4'
commitHead: sn:13755  ea:0 T0 : 00038872 `  streq   r3, [r0, #108]'
commitHead: sn:13756  ea:0 T0 : 00038876 `  sub   sp, sp, #4'
commitHead: sn:13757  ea:541112 T0 : 00038880 `  ldr   r3, [r2, #152]'
commitHead: sn:13758  ea:0 T0 : 00038884 `  mov   lr, pc'
commitHead: sn:13759  ea:425000 T0 : 00038888 `  ldr   pc, [r3, #12]'
commitHead: sn:13794  ea:3204447552 T0 : 00172496 `  str_uop   r4, [sp, #16]'
commitHead: sn:13795  ea:3204447556 T0 : 00172496 `  str_uop   r5, [sp, #12]'
commitHead: sn:13796  ea:3204447560 T0 : 00172496 `  str_uop   r6, [sp, #8]'
commitHead: sn:13797  ea:3204447564 T0 : 00172496 `  str_uop   lr, [sp, #4]'
commitHead: sn:13798  ea:0 T0 : 00172496 `  subi_uop   sp, sp, #16'
commitHead: sn:13799  ea:0 T0 : 00172500 `  mov   r6, r1'
commitHead: sn:13800  ea:540960 T0 : 00172504 `  ldr   r1, [r0, #0]'
commitHead: sn:13801  ea:0 T0 : 00172508 `  mov   r5, r0'
commitHead: sn:13802  ea:0 T0 : 00172512 `  tsts   r1, #8'
commitHead: sn:13803  ea:0 T0 : 00172516 `  b   0x2a30c'
commitHead: sn:13804  ea:0 T0 : 00172520 `  tsts   r1, #2048'
commitHead: sn:13805  ea:0 T0 : 00172524 `  b   0x2a258'
commitHead: sn:13826  ea:540976 T0 : 00172528 `  ldr   r3, [r0, #16]'
commitHead: sn:13827  ea:0 T0 : 00172532 `  cmps   r3, #0'
commitHead: sn:13828  ea:0 T0 : 00172536 `  b   0x2a2ec'
commitHead: sn:13829  ea:0 T0 : 00172540 `  cmns   r6, #1'
commitHead: sn:13830  ea:0 T0 : 00172544 `  b   0x2a2cc'
commitHead: sn:13831  ea:540980 T0 : 00172548 `  ldr   r2, [r5, #20]'
commitHead: sn:13832  ea:540992 T0 : 00172552 `  ldr   r3, [r5, #32]'
commitHead: sn:13833  ea:0 T0 : 00172556 `  cmps   r2, r3'
commitHead: sn:13834  ea:0 T0 : 00172560 `  b   0x2a330'
commitHead: sn:13835  ea:0 T0 : 00172564 `  and   r4, r6, #255'
commitHead: sn:13836  ea:1073733644 T0 : 00172568 `  strb   r4, [r2] #1'
commitHead: sn:13837  ea:0 T0 : 00172568 `  addi_uop   r2, r2, #1'
commitHead: sn:13838  ea:540960 T0 : 00172572 `  ldr   r1, [r5, #0]'
commitHead: sn:13839  ea:540980 T0 : 00172576 `  str   r2, [r5, #20]'
commitHead: sn:13840  ea:0 T0 : 00172580 `  tsts   r1, #2'
commitHead: sn:13841  ea:0 T0 : 00172584 `  b   0x2a238'
commitHead: sn:13842  ea:0 T0 : 00172588 `  cmps   r6, #10'
commitHead: sn:13843  ea:0 T0 : 00172592 `  movne   r3, #0'
commitHead: sn:13844  ea:0 T0 : 00172596 `  moveq   r3, #1'
commitHead: sn:13845  ea:0 T0 : 00172600 `  ands   r3, r3, r1, LSR #9'
commitHead: sn:13846  ea:0 T0 : 00172604 `  b   0x1098c'
commitHead: sn:13881  ea:540976 T0 : 00172608 `  ldr   r1, [r5, #16]'
commitHead: sn:13882  ea:0 T0 : 00172612 `  mov   r0, r5'
commitHead: sn:13883  ea:0 T0 : 00172616 `  rsb   r2, r1, r2'
commitHead: sn:13884  ea:0 T0 : 00172620 `  bl   0x29a94'
commitHead: sn:13885  ea:3204447544 T0 : 00170652 `  str_uop   r4, [sp, #8]'
commitHead: sn:13886  ea:3204447548 T0 : 00170652 `  str_uop   lr, [sp, #4]'
commitHead: sn:13887  ea:0 T0 : 00170652 `  subi_uop   sp, sp, #8'
commitHead: sn:13888  ea:0 T0 : 00170656 `  subs   r4, r2, #0'
commitHead: sn:13889  ea:0 T0 : 00170660 `  b   0x1a234'
commitHead: sn:13914  ea:0 T0 : 00170672 `  bl   0x297a8'
commitHead: sn:13925  ea:540960 T0 : 00169904 `  ldr   r3, [r0, #0]'
commitHead: sn:13926  ea:3204447524 T0 : 00169908 `  str_uop   r4, [sp, #20]'
commitHead: sn:13927  ea:3204447528 T0 : 00169908 `  str_uop   r5, [sp, #16]'
commitHead: sn:13928  ea:3204447532 T0 : 00169908 `  str_uop   r6, [sp, #12]'
commitHead: sn:13929  ea:3204447536 T0 : 00169908 `  str_uop   r7, [sp, #8]'
commitHead: sn:13930  ea:3204447540 T0 : 00169908 `  str_uop   lr, [sp, #4]'
commitHead: sn:13931  ea:0 T0 : 00169908 `  subi_uop   sp, sp, #20'
commitHead: sn:13932  ea:0 T0 : 00169912 `  ands   r4, r3, #4096'
commitHead: sn:13933  ea:0 T0 : 00169916 `  sub   sp, sp, #12'
commitHead: sn:13934  ea:0 T0 : 00169920 `  mov   r5, r0'
commitHead: sn:13935  ea:0 T0 : 00169924 `  mov   r7, r1'
commitHead: sn:13936  ea:0 T0 : 00169928 `  mov   r6, r2'
commitHead: sn:13937  ea:0 T0 : 00169932 `  b   0xefd4'
commitHead: sn:13950  ea:540968 T0 : 00170052 `  ldr   r3, [r0, #8]'
commitHead: sn:13951  ea:540976 T0 : 00170056 `  ldr   r2, [r0, #16]'
commitHead: sn:13952  ea:0 T0 : 00170060 `  cmps   r3, r2'
commitHead: sn:13953  ea:0 T0 : 00170064 `  b   0x297d8'
commitHead: sn:13965  ea:541112 T0 : 00169952 `  ldr   r3, [r5, #152]'
commitHead: sn:13966  ea:0 T0 : 00169956 `  mov   r2, r6'
commitHead: sn:13967  ea:0 T0 : 00169960 `  mov   r0, r5'
commitHead: sn:13968  ea:0 T0 : 00169964 `  mov   r1, r7'
commitHead: sn:13969  ea:0 T0 : 00169968 `  mov   lr, pc'
commitHead: sn:13970  ea:425048 T0 : 00169972 `  ldr   pc, [r3, #60]'
commitHead: sn:14010  ea:3204447488 T0 : 00170696 `  str_uop   r4, [sp, #24]'
commitHead: sn:14011  ea:3204447492 T0 : 00170696 `  str_uop   r5, [sp, #20]'
commitHead: sn:14012  ea:3204447496 T0 : 00170696 `  str_uop   r6, [sp, #16]'
commitHead: sn:14013  ea:3204447500 T0 : 00170696 `  str_uop   r7, [sp, #12]'
commitHead: sn:14014  ea:3204447504 T0 : 00170696 `  str_uop   r8, [sp, #8]'
commitHead: sn:14015  ea:3204447508 T0 : 00170696 `  str_uop   lr, [sp, #4]'
commitHead: sn:14016  ea:0 T0 : 00170696 `  subi_uop   sp, sp, #24'
commitHead: sn:14017  ea:0 T0 : 00170700 `  subs   r8, r2, #0'
commitHead: sn:14018  ea:0 T0 : 00170704 `  mov   r6, r0'
commitHead: sn:14019  ea:0 T0 : 00170708 `  mov   r5, r1'
commitHead: sn:14020  ea:0 T0 : 00170712 `  movle   r0, #0'
commitHead: sn:14021  ea:0 T0 : 00170716 `  b   0x29b24'
commitHead: sn:14022  ea:0 T0 : 00170720 `  mov   r4, r8'
commitHead: sn:14023  ea:0 T0 : 00170724 `  b   0x29aec'
commitHead: sn:14030  ea:541020 T0 : 00170740 `  ldr   r3, [r6, #60]'
commitHead: sn:14031  ea:0 T0 : 00170744 `  mov   r1, r5'
commitHead: sn:14032  ea:0 T0 : 00170748 `  tsts   r3, #2'
commitHead: sn:14033  ea:0 T0 : 00170752 `  mov   r2, r4'
commitHead: sn:14034  ea:0 T0 : 00170756 `  b   0x849c'
commitHead: sn:14035  ea:541016 T0 : 00170760 `  ldr   r0, [r6, #56]'
commitHead: sn:14036  ea:0 T0 : 00170764 `  bl   0x32df8'
commitHead: sn:14049  ea:208352 T0 : 00208384 `  ldr   r12, [pc, #-40]'
commitHead: sn:14050  ea:548488 T0 : 00208388 `  ldr   r12, [pc, r12]'
commitHead: sn:14051  ea:0 T0 : 00208392 `  teqs   r12, #0'
commitHead: sn:14052  ea:0 T0 : 00208396 `  b   0x12b84'
commitHead: sn:14053  ea:0 T0 : 00208400 `  mov   r12, r7'
commitHead: sn:14054  ea:0 T0 : 00208404 `  mov   r7, #4'
commitHead: sn:14055  ea:0 T0 : 00208408 `  svc   #0'
commitHead: sn:14055  ea:0 T0 : 00208408 `  svc   #0'
commitHead: sn:14055  ea:0 T0 : 00208408 `  svc   #0'
commitHead: sn:14099  ea:0 T0 : 00208412 `  mov   r7, r12'
commitHead: sn:14100  ea:0 T0 : 00208416 `  cmns   r0, #4096'
commitHead: sn:14101  ea:0 T0 : 00208420 `  bx   lr'
commitHead: sn:14102  ea:0 T0 : 00170768 `  cmps   r0, #0'
commitHead: sn:14103  ea:0 T0 : 00170772 `  add   r5, r5, r0'
commitHead: sn:14104  ea:0 T0 : 00170776 `  b   0x29ae0'
commitHead: sn:14134  ea:0 T0 : 00170728 `  rsb   r4, r0, r4'
commitHead: sn:14135  ea:0 T0 : 00170732 `  cmps   r4, #0'
commitHead: sn:14136  ea:0 T0 : 00170736 `  b   0x29b50'
commitHead: sn:14163  ea:0 T0 : 00170840 `  add   r1, r6, #80'
commitHead: sn:14164  ea:0 T0 : 00170844 `  addi_uop   r35, r1, #0'
commitHead: sn:14165  ea:541040 T0 : 00170844 `  ldr2_uop   r1,r2, [r35, #0]'
commitHead: sn:14166  ea:0 T0 : 00170848 `  rsb   r0, r4, r8'
commitHead: sn:14167  ea:0 T0 : 00170852 `  cmps   r2, #0'
commitHead: sn:14168  ea:0 T0 : 00170856 `  b   0x29b34'
commitHead: sn:14169  ea:3204447488 T0 : 00170860 `  ldr2_uop   r4,r5, [sp, #0]'
commitHead: sn:14170  ea:3204447496 T0 : 00170860 `  ldr2_uop   r6,r7, [sp, #8]'
commitHead: sn:14171  ea:3204447504 T0 : 00170860 `  ldr2_uop   r8,r36, [sp, #16]'
commitHead: sn:14172  ea:0 T0 : 00170860 `  addi_uop   sp, sp, #24'
commitHead: sn:14173  ea:0 T0 : 00170860 `  uopReg_uop   pc, r36'
commitHead: sn:14191  ea:541028 T0 : 00169976 `  ldrh   r3, [r5, #68]'
commitHead: sn:14192  ea:0 T0 : 00169980 `  cmps   r3, #0'
commitHead: sn:14193  ea:0 T0 : 00169984 `  cmpsne   r0, #0'
commitHead: sn:14194  ea:0 T0 : 00169988 `  mov   r4, r0'
commitHead: sn:14195  ea:0 T0 : 00169992 `  b   0x29898'
commitHead: sn:14196  ea:541068 T0 : 00169996 `  ldr   r3, [r5, #108]'
commitHead: sn:14197  ea:540988 T0 : 00170000 `  ldr   r1, [r5, #28]'
commitHead: sn:14198  ea:0 T0 : 00170004 `  cmps   r3, #0'
commitHead: sn:14199  ea:540972 T0 : 00170008 `  str   r1, [r5, #12]'
commitHead: sn:14200  ea:540964 T0 : 00170012 `  str   r1, [r5, #4]'
commitHead: sn:14201  ea:540968 T0 : 00170016 `  str   r1, [r5, #8]'
commitHead: sn:14202  ea:540980 T0 : 00170020 `  str   r1, [r5, #20]'
commitHead: sn:14203  ea:540976 T0 : 00170024 `  str   r1, [r5, #16]'
commitHead: sn:14204  ea:0 T0 : 00170028 `  b   0x2987c'
commitHead: sn:14226  ea:540960 T0 : 00170116 `  ldr   r2, [r5, #0]'
commitHead: sn:14227  ea:170184 T0 : 00170120 `  ldr   r3, [pc, #56]'
commitHead: sn:14228  ea:0 T0 : 00170124 `  and   r3, r2, r3'
commitHead: sn:14229  ea:0 T0 : 00170128 `  cmps   r3, #0'
commitHead: sn:14230  ea:0 T0 : 00170132 `  movne   r3, r1'
commitHead: sn:14231  ea:0 T0 : 00170136 `  ldreq   r3, [r5, #32]'
commitHead: sn:14232  ea:0 T0 : 00170140 `  b   0x2982c'
commitHead: sn:14241  ea:540984 T0 : 00170036 `  str   r3, [r5, #24]'
commitHead: sn:14242  ea:0 T0 : 00170040 `  mov   r0, r4'
commitHead: sn:14243  ea:0 T0 : 00170044 `  add   sp, sp, #12'
commitHead: sn:14244  ea:3204447524 T0 : 00170048 `  ldr2_uop   r4,r5, [sp, #0]'
commitHead: sn:14245  ea:3204447532 T0 : 00170048 `  ldr2_uop   r6,r7, [sp, #8]'
commitHead: sn:14246  ea:3204447540 T0 : 00170048 `  ldr_uop   r36, [sp, #16]'
commitHead: sn:14247  ea:0 T0 : 00170048 `  addi_uop   sp, sp, #20'
commitHead: sn:14248  ea:0 T0 : 00170048 `  uopReg_uop   pc, r36'
commitHead: sn:14277  ea:0 T0 : 00170676 `  cmps   r0, r4'
commitHead: sn:14278  ea:0 T0 : 00170680 `  mvnne   r0, #0'
commitHead: sn:14279  ea:0 T0 : 00170684 `  ldr2_uopne   r4,r36, [sp, #0]'
commitHead: sn:14280  ea:0 T0 : 00170684 `  addi_uopne   sp, sp, #8'
commitHead: sn:14281  ea:0 T0 : 00170684 `  uopReg_uopne   pc, r36'
commitHead: sn:14387  ea:0 T0 : 00170688 `  mov   r0, #0'
commitHead: sn:14388  ea:3204447544 T0 : 00170692 `  ldr2_uop   r4,r36, [sp, #0]'
commitHead: sn:14389  ea:0 T0 : 00170692 `  addi_uop   sp, sp, #8'
commitHead: sn:14390  ea:0 T0 : 00170692 `  uopReg_uop   pc, r36'
commitHead: sn:14429  ea:0 T0 : 00172624 `  cmns   r0, #1'
commitHead: sn:14430  ea:0 T0 : 00172628 `  b   0x2a2e4'
commitHead: sn:14431  ea:0 T0 : 00172632 `  mov   r0, r4'
commitHead: sn:14432  ea:3204447552 T0 : 00172636 `  ldr2_uop   r4,r5, [sp, #0]'
commitHead: sn:14433  ea:3204447560 T0 : 00172636 `  ldr2_uop   r6,r36, [sp, #8]'
commitHead: sn:14434  ea:0 T0 : 00172636 `  addi_uop   sp, sp, #16'
commitHead: sn:14435  ea:0 T0 : 00172636 `  uopReg_uop   pc, r36'
commitHead: sn:14474  ea:0 T0 : 00038892 `  add   sp, sp, #4'
commitHead: sn:14475  ea:3204447572 T0 : 00038896 `  ldr_uop   r36, [sp, #0]'
commitHead: sn:14476  ea:0 T0 : 00038896 `  addi_uop   sp, sp, #4'
commitHead: sn:14477  ea:0 T0 : 00038896 `  uopReg_uop   pc, r36'
commitHead: sn:14500  ea:0 T0 : 00037388 `  cmns   r0, #1'
commitHead: sn:14501  ea:0 T0 : 00037392 `  b   0x9130'
commitHead: sn:14502  ea:0 T0 : 00037396 `  add   r6, r4, #1'
commitHead: sn:14503  ea:0 T0 : 00037400 `  b   0x14504'
commitHead: sn:14504  ea:540960 T0 : 00037180 `  ldr   r3, [r5, #0]'
commitHead: sn:14505  ea:0 T0 : 00037184 `  tsts   r3, #32768'
commitHead: sn:14506  ea:0 T0 : 00037188 `  b   0x91c0'
commitHead: sn:14507  ea:541032 T0 : 00037192 `  ldr   r5, [r5, #72]'
commitHead: sn:14508  ea:544792 T0 : 00037196 `  ldr   r3, [r5, #4]'
commitHead: sn:14509  ea:0 T0 : 00037200 `  sub   r3, r3, #1'
commitHead: sn:14510  ea:0 T0 : 00037204 `  cmps   r3, #0'
commitHead: sn:14511  ea:544792 T0 : 00037208 `  str   r3, [r5, #4]'
commitHead: sn:14512  ea:0 T0 : 00037212 `  b   0x849c'
commitHead: sn:14513  ea:544796 T0 : 00037216 `  str   r3, [r5, #8]'
commitHead: sn:14514  ea:544788 T0 : 00037220 `  ldr   r7, [r5, #0]'
commitHead: sn:14515  ea:0 T0 : 00037224 `  mov   r1, #0'
commitHead: sn:14516  ea:0 T0 : 00037228 `  mov   r2, r5'
commitHead: sn:14517  ea:0 T0 : 00037232 `  mov   r4, r7'
commitHead: sn:14518  ea:544788 T0 : 00037236 `  ldr   r3, [r2, #0]'
commitHead: sn:14519  ea:0 T0 : 00037240 `  cmps   r3, r4'
commitHead: sn:14520  ea:0 T0 : 00037244 `  b   0x13dbc'
commitHead: sn:14521  ea:0 T0 : 00037248 `  mov   r0, r4'
commitHead: sn:14522  ea:0 T0 : 00037252 `  mvn   r3, #61440'
commitHead: sn:14523  ea:0 T0 : 00037256 `  mov   lr, pc'
commitHead: sn:14524  ea:0 T0 : 00037260 `  sub   pc, r3, #63'
commitHead: sn:14562  ea:544788 T0 : 4294905792 `  ldrex   r3, [r2, #0]'
commitHead: sn:14563  ea:0 T0 : 4294905796 `  subs   r3, r3, r0'
commitHead: sn:14564  ea:0 T0 : 4294905800 `  strexeq   r3, r1, [r2, #0]'
commitHead: sn:14564  ea:0 T0 : 4294905800 `  strexeq   r3, r1, [r2, #0]'
commitHead: sn:14564  ea:544788 T0 : 4294905800 `  strexeq   r3, r1, [r2, #0]'
commitHead: sn:14565  ea:0 T0 : 4294905804 `  teqseq   r3, #1'
commitHead: sn:14566  ea:0 T0 : 4294905808 `  b   0x1a22c'
commitHead: sn:14567  ea:0 T0 : 4294905812 `  rsbs   r0, r3, #0'
commitHead: sn:14568  ea:0 T0 : 4294905816 `  dmb   #0'
commitHead: sn:14568  ea:0 T0 : 4294905816 `  dmb   #0'
commitHead: sn:14568  ea:0 T0 : 4294905816 `  dmb   #0'
commitHead: sn:14569  ea:0 T0 : 4294905820 `  mov   pc, lr'
commitHead: sn:14605  ea:0 T0 : 00037264 `  b   0x13d98'
commitHead: sn:14606  ea:0 T0 : 00037268 `  mov   r3, r4'
commitHead: sn:14607  ea:0 T0 : 00037272 `  cmps   r7, r3'
commitHead: sn:14608  ea:0 T0 : 00037276 `  b   0x109a0'
commitHead: sn:14609  ea:0 T0 : 00037280 `  cmps   r7, #1'
commitHead: sn:14610  ea:0 T0 : 00037284 `  b   0x91c0'
commitHead: sn:14650  ea:0 T0 : 00037320 `  mov   r0, r6'
commitHead: sn:14651  ea:3204447576 T0 : 00037324 `  ldr2_uop   r4,r5, [sp, #0]'
commitHead: sn:14652  ea:3204447584 T0 : 00037324 `  ldr2_uop   r6,r7, [sp, #8]'
commitHead: sn:14653  ea:3204447592 T0 : 00037324 `  ldr2_uop   r8,r9, [sp, #16]'
commitHead: sn:14654  ea:3204447600 T0 : 00037324 `  ldr2_uop   r10,r36, [sp, #24]'
commitHead: sn:14655  ea:0 T0 : 00037324 `  addi_uop   sp, sp, #32'
commitHead: sn:14656  ea:0 T0 : 00037324 `  uopReg_uop   pc, r36'
commitHead: sn:14685  ea:0 T0 : 00033376 `  sub   sp, fp, #12'
commitHead: sn:14686  ea:0 T0 : 00033380 `  addi_uop   r35, sp, #0'
commitHead: sn:14687  ea:3204447616 T0 : 00033380 `  ldr2_uop   fp,sp, [r35, #0]'
commitHead: sn:14688  ea:3204447624 T0 : 00033380 `  ldr_uop   pc, [r35, #8]'
commitHead: sn:14746  ea:0 T0 : 00033912 `  bl   0x8d18'
commitHead: sn:14747  ea:36348 T0 : 00036128 `  ldr   r4, [pc, #212]'
commitHead: sn:14748  ea:0 T0 : 00036132 `  mov   r5, r0'
commitHead: sn:14749  ea:540796 T0 : 00036136 `  ldr   r3, [r4, #0]'
commitHead: sn:14750  ea:0 T0 : 00036140 `  cmps   r3, #0'
commitHead: sn:14751  ea:0 T0 : 00036144 `  b   0x8d84'
commitHead: sn:14752  ea:540796 T0 : 00036148 `  ldr   r0, [r4, #0]'
commitHead: sn:14753  ea:544232 T0 : 00036152 `  ldr   r3, [r0, #4]'
commitHead: sn:14754  ea:0 T0 : 00036156 `  cmps   r3, #0'
commitHead: sn:14755  ea:0 T0 : 00036160 `  b   0x8ddc'
commitHead: sn:14756  ea:0 T0 : 00036164 `  sub   r3, r3, #1'
commitHead: sn:14757  ea:544232 T0 : 00036168 `  str   r3, [r0, #4]'
commitHead: sn:14758  ea:0 T0 : 00036172 `  mov   r3, r3, LSL #1'
commitHead: sn:14759  ea:0 T0 : 00036176 `  add   r3, r3, #1'
commitHead: sn:14760  ea:544236 T0 : 00036180 `  ldr   r2, [r0, r3 LSL #3]'
commitHead: sn:14761  ea:0 T0 : 00036184 `  cmps   r2, #3'
commitHead: sn:14762  ea:0 T0 : 00036188 `  b   0x2a258'
commitHead: sn:14763  ea:0 T0 : 00036192 `  cmps   r2, #4'
commitHead: sn:14764  ea:0 T0 : 00036196 `  b   0x14808'
commitHead: sn:14847  ea:0 T0 : 00036276 `  mov   r3, r3, LSL #3'
commitHead: sn:14848  ea:0 T0 : 00036280 `  add   r3, r0, r3'
commitHead: sn:14849  ea:0 T0 : 00036284 `  mov   r1, r5'
commitHead: sn:14850  ea:544244 T0 : 00036288 `  ldr   r0, [r3, #8]'
commitHead: sn:14851  ea:0 T0 : 00036292 `  mov   lr, pc'
commitHead: sn:14852  ea:544240 T0 : 00036296 `  ldr   pc, [r3, #4]'
commitHead: sn:14887  ea:35232 T0 : 00035168 `  ldr   r2, [pc, #56]'
commitHead: sn:14888  ea:35236 T0 : 00035172 `  ldr   r3, [pc, #56]'
commitHead: sn:14889  ea:3204447620 T0 : 00035176 `  str_uop   r4, [sp, #12]'
commitHead: sn:14890  ea:3204447624 T0 : 00035176 `  str_uop   r5, [sp, #8]'
commitHead: sn:14891  ea:3204447628 T0 : 00035176 `  str_uop   lr, [sp, #4]'
commitHead: sn:14892  ea:0 T0 : 00035176 `  subi_uop   sp, sp, #12'
commitHead: sn:14893  ea:0 T0 : 00035180 `  rsb   r3, r2, r3'
commitHead: sn:14894  ea:0 T0 : 00035184 `  sub   sp, sp, #4'
commitHead: sn:14895  ea:0 T0 : 00035188 `  movs   r4, r3, ASR #2'
commitHead: sn:14896  ea:0 T0 : 00035192 `  b   0x1098c'
commitHead: sn:14897  ea:0 T0 : 00035196 `  mov   r3, r4, LSL #2'
commitHead: sn:14898  ea:0 T0 : 00035200 `  add   r5, r2, r3'
commitHead: sn:14899  ea:540620 T0 : 00035204 `  ldr   r3, [r5, #-4]!'
commitHead: sn:14900  ea:0 T0 : 00035204 `  subi_uop   r5, r5, #4'
commitHead: sn:14901  ea:0 T0 : 00035208 `  blx   r3'
commitHead: sn:14927  ea:378124 T0 : 00378116 `  ldr   r0, [pc, #0]'
commitHead: sn:14928  ea:0 T0 : 00378120 `  b   0xa0f4'
commitHead: sn:14942  ea:3204447608 T0 : 00377988 `  str_uop   r4, [sp, #8]'
commitHead: sn:14943  ea:3204447612 T0 : 00377988 `  str_uop   lr, [sp, #4]'
commitHead: sn:14944  ea:0 T0 : 00377988 `  subi_uop   sp, sp, #8'
commitHead: sn:14945  ea:0 T0 : 00377992 `  mov   r4, r0'
commitHead: sn:14946  ea:548240 T0 : 00377996 `  ldr   r0, [r0, #16]'
commitHead: sn:14947  ea:0 T0 : 00378000 `  sub   sp, sp, #24'
commitHead: sn:14948  ea:0 T0 : 00378004 `  cmps   r0, #0'
commitHead: sn:14949  ea:0 T0 : 00378008 `  b   0x83cc'
commitHead: sn:15190  ea:0 T0 : 00378028 `  add   sp, sp, #24'
commitHead: sn:15191  ea:3204447608 T0 : 00378032 `  ldr2_uop   r4,r36, [sp, #0]'
commitHead: sn:15192  ea:0 T0 : 00378032 `  addi_uop   sp, sp, #8'
commitHead: sn:15193  ea:0 T0 : 00378032 `  uopReg_uop   pc, r36'
commitHead: sn:15194  ea:0 T0 : 00035212 `  subs   r4, r4, #1'
commitHead: sn:15195  ea:0 T0 : 00035216 `  b   0x897c'
commitHead: sn:15196  ea:540616 T0 : 00035204 `  ldr   r3, [r5, #-4]!'
commitHead: sn:15197  ea:0 T0 : 00035204 `  subi_uop   r5, r5, #4'
commitHead: sn:15198  ea:0 T0 : 00035208 `  blx   r3'
commitHead: sn:15271  ea:3204447608 T0 : 00033196 `  str_uop   r4, [sp, #8]'
commitHead: sn:15272  ea:3204447612 T0 : 00033196 `  str_uop   lr, [sp, #4]'
commitHead: sn:15273  ea:0 T0 : 00033196 `  subi_uop   sp, sp, #8'
commitHead: sn:15274  ea:33248 T0 : 00033200 `  ldr   r4, [pc, #40]'
commitHead: sn:15275  ea:542552 T0 : 00033204 `  ldrb   r3, [r4, #0]'
commitHead: sn:15276  ea:0 T0 : 00033208 `  cmps   r3, #0'
commitHead: sn:15277  ea:0 T0 : 00033212 `  ldr2_uopne   r4,r36, [sp, #0]'
commitHead: sn:15278  ea:0 T0 : 00033212 `  addi_uopne   sp, sp, #8'
commitHead: sn:15279  ea:0 T0 : 00033212 `  uopReg_uopne   pc, r36'
commitHead: sn:15342  ea:33252 T0 : 00033216 `  ldr   r3, [pc, #28]'
commitHead: sn:15343  ea:0 T0 : 00033220 `  cmps   r3, #0'
commitHead: sn:15344  ea:0 T0 : 00033224 `  b   0x14e0c'
commitHead: sn:15409  ea:0 T0 : 00033236 `  mov   r3, #1'
commitHead: sn:15410  ea:542552 T0 : 00033240 `  strb   r3, [r4, #0]'
commitHead: sn:15411  ea:3204447608 T0 : 00033244 `  ldr2_uop   r4,r36, [sp, #0]'
commitHead: sn:15412  ea:0 T0 : 00033244 `  addi_uop   sp, sp, #8'
commitHead: sn:15413  ea:0 T0 : 00033244 `  uopReg_uop   pc, r36'
commitHead: sn:15414  ea:0 T0 : 00035212 `  subs   r4, r4, #1'
commitHead: sn:15415  ea:0 T0 : 00035216 `  b   0x897c'
commitHead: sn:15466  ea:0 T0 : 00035220 `  add   sp, sp, #4'
commitHead: sn:15467  ea:3204447620 T0 : 00035224 `  ldr2_uop   r4,r5, [sp, #0]'
commitHead: sn:15468  ea:3204447628 T0 : 00035224 `  ldr_uop   lr, [sp, #8]'
commitHead: sn:15469  ea:0 T0 : 00035224 `  addi_uop   sp, sp, #12'
commitHead: sn:15470  ea:0 T0 : 00035228 `  b   0x66290'
commitHead: sn:15471  ea:3204447628 T0 : 00418456 `  str   lr, [sp, #-4]!'
commitHead: sn:15472  ea:0 T0 : 00418456 `  subi_uop   sp, sp, #4'
commitHead: sn:15473  ea:0 T0 : 00418460 `  sub   sp, sp, #4'
commitHead: sn:15474  ea:0 T0 : 00418464 `  add   sp, sp, #4'
commitHead: sn:15475  ea:3204447628 T0 : 00418468 `  ldr_uop   r36, [sp, #0]'
commitHead: sn:15476  ea:0 T0 : 00418468 `  addi_uop   sp, sp, #4'
commitHead: sn:15477  ea:0 T0 : 00418468 `  uopReg_uop   pc, r36'
commitHead: sn:15513  ea:0 T0 : 00036300 `  b   0x8d2c'
commitHead: sn:15514  ea:540796 T0 : 00036148 `  ldr   r0, [r4, #0]'
commitHead: sn:15515  ea:544232 T0 : 00036152 `  ldr   r3, [r0, #4]'
commitHead: sn:15516  ea:0 T0 : 00036156 `  cmps   r3, #0'
commitHead: sn:15517  ea:0 T0 : 00036160 `  b   0x8ddc'
commitHead: sn:15550  ea:544228 T0 : 00036324 `  ldr   r3, [r0, #0]'
commitHead: sn:15551  ea:0 T0 : 00036328 `  cmps   r3, #0'
commitHead: sn:15552  ea:540796 T0 : 00036332 `  str   r3, [r4, #0]'
commitHead: sn:15553  ea:0 T0 : 00036336 `  b   0x8d20'
commitHead: sn:15565  ea:540796 T0 : 00036136 `  ldr   r3, [r4, #0]'
commitHead: sn:15566  ea:0 T0 : 00036140 `  cmps   r3, #0'
commitHead: sn:15567  ea:0 T0 : 00036144 `  b   0x8d84'
commitHead: sn:15587  ea:36352 T0 : 00036236 `  ldr   r4, [pc, #108]'
commitHead: sn:15588  ea:36356 T0 : 00036240 `  ldr   r6, [pc, #108]'
commitHead: sn:15589  ea:0 T0 : 00036244 `  cmps   r6, r4'
commitHead: sn:15590  ea:0 T0 : 00036248 `  b   0x8da4'
commitHead: sn:15591  ea:501696 T0 : 00036252 `  ldr   r3, [r4] #4'
commitHead: sn:15592  ea:0 T0 : 00036252 `  addi_uop   r4, r4, #4'
commitHead: sn:15593  ea:0 T0 : 00036256 `  blx   r3'
commitHead: sn:15612  ea:3204447596 T0 : 00044392 `  str_uop   r4, [sp, #36]'
commitHead: sn:15613  ea:3204447600 T0 : 00044392 `  str_uop   r5, [sp, #32]'
commitHead: sn:15614  ea:3204447604 T0 : 00044392 `  str_uop   r6, [sp, #28]'
commitHead: sn:15615  ea:3204447608 T0 : 00044392 `  str_uop   r7, [sp, #24]'
commitHead: sn:15616  ea:3204447612 T0 : 00044392 `  str_uop   r8, [sp, #20]'
commitHead: sn:15617  ea:3204447616 T0 : 00044392 `  str_uop   r9, [sp, #16]'
commitHead: sn:15618  ea:3204447620 T0 : 00044392 `  str_uop   r10, [sp, #12]'
commitHead: sn:15619  ea:3204447624 T0 : 00044392 `  str_uop   fp, [sp, #8]'
commitHead: sn:15620  ea:3204447628 T0 : 00044392 `  str_uop   lr, [sp, #4]'
commitHead: sn:15621  ea:0 T0 : 00044392 `  subi_uop   sp, sp, #36'
commitHead: sn:15622  ea:0 T0 : 00044396 `  mov   r0, #0'
commitHead: sn:15623  ea:0 T0 : 00044400 `  sub   sp, sp, #4'
commitHead: sn:15624  ea:0 T0 : 00044404 `  bl   0xaa10'
commitHead: sn:15627  ea:44368 T0 : 00043544 `  ldr   r3, [pc, #816]'
commitHead: sn:15628  ea:3204447556 T0 : 00043548 `  str_uop   r4, [sp, #36]'
commitHead: sn:15629  ea:3204447560 T0 : 00043548 `  str_uop   r5, [sp, #32]'
commitHead: sn:15630  ea:3204447564 T0 : 00043548 `  str_uop   r6, [sp, #28]'
commitHead: sn:15631  ea:3204447568 T0 : 00043548 `  str_uop   r7, [sp, #24]'
commitHead: sn:15632  ea:3204447572 T0 : 00043548 `  str_uop   r8, [sp, #20]'
commitHead: sn:15633  ea:3204447576 T0 : 00043548 `  str_uop   r9, [sp, #16]'
commitHead: sn:15634  ea:3204447580 T0 : 00043548 `  str_uop   r10, [sp, #12]'
commitHead: sn:15635  ea:3204447584 T0 : 00043548 `  str_uop   fp, [sp, #8]'
commitHead: sn:15636  ea:3204447588 T0 : 00043548 `  str_uop   lr, [sp, #4]'
commitHead: sn:15637  ea:0 T0 : 00043548 `  subi_uop   sp, sp, #36'
commitHead: sn:15638  ea:0 T0 : 00043552 `  subs   r3, r3, #0'
commitHead: sn:15639  ea:0 T0 : 00043556 `  movne   r3, #1'
commitHead: sn:15640  ea:0 T0 : 00043560 `  sub   sp, sp, #28'
commitHead: sn:15641  ea:0 T0 : 00043564 `  cmps   r3, #0'
commitHead: sn:15642  ea:0 T0 : 00043568 `  mov   r8, r0'
commitHead: sn:15643  ea:3204447532 T0 : 00043572 `  str   r3, [sp, #4]'
commitHead: sn:15644  ea:0 T0 : 00043576 `  b   0xacd4'
commitHead: sn:15662  ea:3204447532 T0 : 00043580 `  ldr   r2, [sp, #4]'
commitHead: sn:15663  ea:44372 T0 : 00043584 `  ldr   r3, [pc, #780]'
commitHead: sn:15664  ea:3204447540 T0 : 00043588 `  str   r2, [sp, #12]'
commitHead: sn:15665  ea:3204447536 T0 : 00043592 `  str   r3, [sp, #8]'
commitHead: sn:15666  ea:0 T0 : 00043596 `  cmps   r8, #0'
commitHead: sn:15667  ea:0 T0 : 00043600 `  b   0xac70'
commitHead: sn:15668  ea:44376 T0 : 00043604 `  ldr   r3, [pc, #764]'
commitHead: sn:15669  ea:44380 T0 : 00043608 `  ldr   r2, [pc, #764]'
commitHead: sn:15670  ea:541280 T0 : 00043612 `  ldr   r5, [r3, #0]'
commitHead: sn:15671  ea:544760 T0 : 00043616 `  ldr   r10, [r2, #0]'
commitHead: sn:15672  ea:0 T0 : 00043620 `  cmps   r5, #0'
commitHead: sn:15673  ea:0 T0 : 00043624 `  moveq   r9, r5'
commitHead: sn:15674  ea:0 T0 : 00043628 `  b   0xabe4'
commitHead: sn:15675  ea:0 T0 : 00043632 `  mov   r9, #0'
commitHead: sn:15676  ea:44384 T0 : 00043636 `  ldr   fp, [pc, #740]'
commitHead: sn:15677  ea:0 T0 : 00043640 `  b   0xab44'
commitHead: sn:15678  ea:0 T0 : 00043852 `  cmps   r8, #0'
commitHead: sn:15679  ea:544764 T0 : 00043856 `  str   r5, [fp, #0]'
commitHead: sn:15680  ea:0 T0 : 00043860 `  b   0x14824'
commitHead: sn:15691  ea:541228 T0 : 00043876 `  ldr   r3, [r5, #108]'
commitHead: sn:15692  ea:0 T0 : 00043880 `  cmps   r3, #0'
commitHead: sn:15693  ea:0 T0 : 00043884 `  b   0xaa74'
commitHead: sn:15694  ea:541140 T0 : 00043888 `  ldr   r2, [r5, #20]'
commitHead: sn:15695  ea:541136 T0 : 00043892 `  ldr   r3, [r5, #16]'
commitHead: sn:15696  ea:0 T0 : 00043896 `  cmps   r2, r3'
commitHead: sn:15697  ea:0 T0 : 00043900 `  b   0xaa88'
commitHead: sn:15698  ea:0 T0 : 00043904 `  b   0xaaa4'
commitHead: sn:15714  ea:0 T0 : 00043692 `  cmps   r8, #0'
commitHead: sn:15715  ea:0 T0 : 00043696 `  b   0xab18'
commitHead: sn:15719  ea:44380 T0 : 00043808 `  ldr   r2, [pc, #564]'
commitHead: sn:15720  ea:544760 T0 : 00043812 `  ldr   r3, [r2, #0]'
commitHead: sn:15721  ea:0 T0 : 00043816 `  mov   r2, #0'
commitHead: sn:15722  ea:0 T0 : 00043820 `  cmps   r10, r3'
commitHead: sn:15723  ea:544764 T0 : 00043824 `  str   r2, [fp, #0]'
commitHead: sn:15724  ea:0 T0 : 00043828 `  ldrne   r2, [pc, #540]'
commitHead: sn:15725  ea:541172 T0 : 00043832 `  ldreq   r5, [r5, #52]'
commitHead: sn:15726  ea:0 T0 : 00043836 `  ldrne   r5, [r2, #0]'
commitHead: sn:15727  ea:0 T0 : 00043840 `  cmps   r5, #0'
commitHead: sn:15728  ea:0 T0 : 00043844 `  b   0x91d4'
commitHead: sn:15729  ea:0 T0 : 00043848 `  mov   r10, r3'
commitHead: sn:15730  ea:0 T0 : 00043852 `  cmps   r8, #0'
commitHead: sn:15731  ea:544764 T0 : 00043856 `  str   r5, [fp, #0]'
commitHead: sn:15732  ea:0 T0 : 00043860 `  b   0x14824'
commitHead: sn:15733  ea:541068 T0 : 00043876 `  ldr   r3, [r5, #108]'
commitHead: sn:15734  ea:0 T0 : 00043880 `  cmps   r3, #0'
commitHead: sn:15735  ea:0 T0 : 00043884 `  b   0xaa74'
commitHead: sn:15736  ea:540980 T0 : 00043888 `  ldr   r2, [r5, #20]'
commitHead: sn:15737  ea:540976 T0 : 00043892 `  ldr   r3, [r5, #16]'
commitHead: sn:15738  ea:0 T0 : 00043896 `  cmps   r2, r3'
commitHead: sn:15739  ea:0 T0 : 00043900 `  b   0xaa88'
commitHead: sn:15740  ea:0 T0 : 00043904 `  b   0xaaa4'
commitHead: sn:15741  ea:0 T0 : 00043692 `  cmps   r8, #0'
commitHead: sn:15742  ea:0 T0 : 00043696 `  b   0xab18'
commitHead: sn:15743  ea:44380 T0 : 00043808 `  ldr   r2, [pc, #564]'
commitHead: sn:15744  ea:544760 T0 : 00043812 `  ldr   r3, [r2, #0]'
commitHead: sn:15745  ea:0 T0 : 00043816 `  mov   r2, #0'
commitHead: sn:15746  ea:0 T0 : 00043820 `  cmps   r10, r3'
commitHead: sn:15747  ea:544764 T0 : 00043824 `  str   r2, [fp, #0]'
commitHead: sn:15748  ea:0 T0 : 00043828 `  ldrne   r2, [pc, #540]'
commitHead: sn:15749  ea:541012 T0 : 00043832 `  ldreq   r5, [r5, #52]'
commitHead: sn:15750  ea:0 T0 : 00043836 `  ldrne   r5, [r2, #0]'
commitHead: sn:15751  ea:0 T0 : 00043840 `  cmps   r5, #0'
commitHead: sn:15752  ea:0 T0 : 00043844 `  b   0x91d4'
commitHead: sn:15753  ea:0 T0 : 00043848 `  mov   r10, r3'
commitHead: sn:15754  ea:0 T0 : 00043852 `  cmps   r8, #0'
commitHead: sn:15755  ea:544764 T0 : 00043856 `  str   r5, [fp, #0]'
commitHead: sn:15756  ea:0 T0 : 00043860 `  b   0x14824'
commitHead: sn:15757  ea:540908 T0 : 00043876 `  ldr   r3, [r5, #108]'
commitHead: sn:15758  ea:0 T0 : 00043880 `  cmps   r3, #0'
commitHead: sn:15759  ea:0 T0 : 00043884 `  b   0xaa74'
commitHead: sn:15760  ea:540820 T0 : 00043888 `  ldr   r2, [r5, #20]'
commitHead: sn:15761  ea:540816 T0 : 00043892 `  ldr   r3, [r5, #16]'
commitHead: sn:15762  ea:0 T0 : 00043896 `  cmps   r2, r3'
commitHead: sn:15763  ea:0 T0 : 00043900 `  b   0xaa88'
commitHead: sn:15764  ea:0 T0 : 00043904 `  b   0xaaa4'
commitHead: sn:15765  ea:0 T0 : 00043692 `  cmps   r8, #0'
commitHead: sn:15766  ea:0 T0 : 00043696 `  b   0xab18'
commitHead: sn:15767  ea:44380 T0 : 00043808 `  ldr   r2, [pc, #564]'
commitHead: sn:15768  ea:544760 T0 : 00043812 `  ldr   r3, [r2, #0]'
commitHead: sn:15769  ea:0 T0 : 00043816 `  mov   r2, #0'
commitHead: sn:15770  ea:0 T0 : 00043820 `  cmps   r10, r3'
commitHead: sn:15771  ea:544764 T0 : 00043824 `  str   r2, [fp, #0]'
commitHead: sn:15772  ea:0 T0 : 00043828 `  ldrne   r2, [pc, #540]'
commitHead: sn:15773  ea:540852 T0 : 00043832 `  ldreq   r5, [r5, #52]'
commitHead: sn:15774  ea:0 T0 : 00043836 `  ldrne   r5, [r2, #0]'
commitHead: sn:15775  ea:0 T0 : 00043840 `  cmps   r5, #0'
commitHead: sn:15776  ea:0 T0 : 00043844 `  b   0x91d4'
commitHead: sn:15893  ea:0 T0 : 00044012 `  cmps   r8, #0'
commitHead: sn:15894  ea:0 T0 : 00044016 `  b   0x2b6dc'
commitHead: sn:15898  ea:3204447532 T0 : 00044116 `  ldr   r3, [sp, #4]'
commitHead: sn:15899  ea:0 T0 : 00044120 `  cmps   r3, #0'
commitHead: sn:15900  ea:0 T0 : 00044124 `  b   0x14824'
commitHead: sn:15931  ea:0 T0 : 00044140 `  mov   r0, r9'
commitHead: sn:15932  ea:0 T0 : 00044144 `  add   sp, sp, #28'
commitHead: sn:15933  ea:3204447556 T0 : 00044148 `  ldr2_uop   r4,r5, [sp, #0]'
commitHead: sn:15934  ea:3204447564 T0 : 00044148 `  ldr2_uop   r6,r7, [sp, #8]'
commitHead: sn:15935  ea:3204447572 T0 : 00044148 `  ldr2_uop   r8,r9, [sp, #16]'
commitHead: sn:15936  ea:3204447580 T0 : 00044148 `  ldr2_uop   r10,fp, [sp, #24]'
commitHead: sn:15937  ea:3204447588 T0 : 00044148 `  ldr_uop   r36, [sp, #32]'
commitHead: sn:15938  ea:0 T0 : 00044148 `  addi_uop   sp, sp, #36'
commitHead: sn:15939  ea:0 T0 : 00044148 `  uopReg_uop   pc, r36'
commitHead: sn:15940  ea:44940 T0 : 00044408 `  ldr   r3, [pc, #524]'
commitHead: sn:15941  ea:541280 T0 : 00044412 `  ldr   r5, [r3, #0]'
commitHead: sn:15942  ea:0 T0 : 00044416 `  cmps   r5, #0'
commitHead: sn:15943  ea:0 T0 : 00044420 `  mov   r9, r0'
commitHead: sn:15944  ea:0 T0 : 00044424 `  b   0xaea4'
commitHead: sn:15945  ea:44944 T0 : 00044428 `  ldr   fp, [pc, #508]'
commitHead: sn:15946  ea:0 T0 : 00044432 `  mvn   r8, #0'
commitHead: sn:15947  ea:541120 T0 : 00044436 `  ldr   r2, [r5, #0]'
commitHead: sn:15948  ea:0 T0 : 00044440 `  ands   r1, r2, #2'
commitHead: sn:15949  ea:0 T0 : 00044444 `  b   0xae94'
commitHead: sn:16031  ea:541228 T0 : 00044700 `  str   r8, [r5, #108]'
commitHead: sn:16032  ea:541172 T0 : 00044704 `  ldr   r5, [r5, #52]'
commitHead: sn:16033  ea:0 T0 : 00044708 `  cmps   r5, #0'
commitHead: sn:16034  ea:0 T0 : 00044712 `  b   0xad8c'
commitHead: sn:16066  ea:540960 T0 : 00044436 `  ldr   r2, [r5, #0]'
commitHead: sn:16067  ea:0 T0 : 00044440 `  ands   r1, r2, #2'
commitHead: sn:16068  ea:0 T0 : 00044444 `  b   0xae94'
commitHead: sn:16087  ea:44948 T0 : 00044448 `  ldr   r3, [pc, #492]'
commitHead: sn:16088  ea:0 T0 : 00044452 `  and   r3, r2, r3'
commitHead: sn:16089  ea:0 T0 : 00044456 `  cmps   r3, #8'
commitHead: sn:16090  ea:0 T0 : 00044460 `  b   0xae94'
commitHead: sn:16091  ea:541068 T0 : 00044464 `  ldr   r3, [r5, #108]'
commitHead: sn:16092  ea:0 T0 : 00044468 `  cmps   r3, #0'
commitHead: sn:16093  ea:0 T0 : 00044472 `  b   0xae94'
commitHead: sn:16094  ea:541032 T0 : 00044476 `  ldr   r2, [r5, #72]'
commitHead: sn:16095  ea:0 T0 : 00044480 `  bl   0x8a48'
commitHead: sn:16096  ea:0 T0 : 00035408 `  mvn   r0, #61440'
commitHead: sn:16097  ea:0 T0 : 00035412 `  sub   pc, r0, #31'
commitHead: sn:16136  ea:0 T0 : 4294905824 `  mrc   r0, tpidruro'
commitHead: sn:16137  ea:0 T0 : 4294905828 `  mov   pc, lr'
commitHead: sn:16138  ea:0 T0 : 00044484 `  sub   r7, r0, #1184'
commitHead: sn:16139  ea:544796 T0 : 00044488 `  ldr   r3, [r2, #8]'
commitHead: sn:16140  ea:0 T0 : 00044492 `  mov   r10, r0'
commitHead: sn:16141  ea:0 T0 : 00044496 `  cmps   r3, r7'
commitHead: sn:16142  ea:0 T0 : 00044500 `  moveq   r4, r1'
commitHead: sn:16143  ea:0 T0 : 00044504 `  b   0xaf74'
commitHead: sn:16144  ea:0 T0 : 00044508 `  mov   r4, r1'
commitHead: sn:16145  ea:0 T0 : 00044512 `  mov   r1, #1'
commitHead: sn:16146  ea:544788 T0 : 00044516 `  ldr   r3, [r2, #0]'
commitHead: sn:16147  ea:0 T0 : 00044520 `  cmps   r3, r4'
commitHead: sn:16148  ea:0 T0 : 00044524 `  b   0x13dbc'
commitHead: sn:16149  ea:0 T0 : 00044528 `  mov   r0, r4'
commitHead: sn:16150  ea:0 T0 : 00044532 `  mvn   r3, #61440'
commitHead: sn:16151  ea:0 T0 : 00044536 `  mov   lr, pc'
commitHead: sn:16152  ea:0 T0 : 00044540 `  sub   pc, r3, #63'
commitHead: sn:16169  ea:544788 T0 : 4294905792 `  ldrex   r3, [r2, #0]'
commitHead: sn:16170  ea:0 T0 : 4294905796 `  subs   r3, r3, r0'
commitHead: sn:16171  ea:0 T0 : 4294905800 `  strexeq   r3, r1, [r2, #0]'
commitHead: sn:16171  ea:0 T0 : 4294905800 `  strexeq   r3, r1, [r2, #0]'
commitHead: sn:16171  ea:544788 T0 : 4294905800 `  strexeq   r3, r1, [r2, #0]'
commitHead: sn:16172  ea:0 T0 : 4294905804 `  teqseq   r3, #1'
commitHead: sn:16173  ea:0 T0 : 4294905808 `  b   0x1a22c'
commitHead: sn:16174  ea:0 T0 : 4294905812 `  rsbs   r0, r3, #0'
commitHead: sn:16175  ea:0 T0 : 4294905816 `  dmb   #0'
commitHead: sn:16175  ea:0 T0 : 4294905816 `  dmb   #0'
commitHead: sn:16175  ea:0 T0 : 4294905816 `  dmb   #0'
commitHead: sn:16176  ea:0 T0 : 4294905820 `  mov   pc, lr'
commitHead: sn:16233  ea:0 T0 : 00044544 `  b   0x13d98'
commitHead: sn:16234  ea:0 T0 : 00044548 `  mov   r3, r4'
commitHead: sn:16235  ea:0 T0 : 00044552 `  subs   r1, r3, #0'
commitHead: sn:16236  ea:0 T0 : 00044556 `  b   0xae4c'
commitHead: sn:16238  ea:541032 T0 : 00044628 `  ldr   r3, [r5, #72]'
commitHead: sn:16239  ea:0 T0 : 00044632 `  mov   r4, r1'
commitHead: sn:16240  ea:0 T0 : 00044636 `  mov   r2, #1'
commitHead: sn:16241  ea:544792 T0 : 00044640 `  str_uop   r2, [r3, #4]'
commitHead: sn:16242  ea:544796 T0 : 00044640 `  str_uop   r7, [r3, #8]'
commitHead: sn:16243  ea:544768 T0 : 00044644 `  ldrb   r3, [fp, #0]'
commitHead: sn:16244  ea:0 T0 : 00044648 `  cmps   r3, #0'
commitHead: sn:16245  ea:0 T0 : 00044652 `  b   0xae74'
commitHead: sn:16246  ea:540960 T0 : 00044656 `  ldr   r0, [r5, #0]'
commitHead: sn:16247  ea:0 T0 : 00044660 `  tsts   r0, #1'
commitHead: sn:16248  ea:0 T0 : 00044664 `  b   0xaf30'
commitHead: sn:16273  ea:44952 T0 : 00044856 `  ldr   r3, [pc, #88]'
commitHead: sn:16274  ea:540988 T0 : 00044860 `  ldr   r1, [r5, #28]'
commitHead: sn:16275  ea:544772 T0 : 00044864 `  ldr   r2, [r3, #0]'
commitHead: sn:16276  ea:540992 T0 : 00044868 `  ldr   r3, [r5, #32]'
commitHead: sn:16277  ea:541060 T0 : 00044872 `  str   r1, [r5, #100]'
commitHead: sn:16278  ea:541056 T0 : 00044876 `  str   r2, [r5, #96]'
commitHead: sn:16279  ea:0 T0 : 00044880 `  orr   r2, r0, #1'
commitHead: sn:16280  ea:540960 T0 : 00044884 `  str   r2, [r5, #0]'
commitHead: sn:16281  ea:44952 T0 : 00044888 `  ldr   r2, [pc, #56]'
commitHead: sn:16282  ea:0 T0 : 00044892 `  rsb   r3, r1, r3'
commitHead: sn:16283  ea:541064 T0 : 00044896 `  str   r3, [r5, #104]'
commitHead: sn:16284  ea:544772 T0 : 00044900 `  str   r5, [r2, #0]'
commitHead: sn:16285  ea:0 T0 : 00044904 `  b   0xae74'
commitHead: sn:16291  ea:0 T0 : 00044668 `  mov   r1, #0'
commitHead: sn:16292  ea:541112 T0 : 00044672 `  ldr   r3, [r5, #152]'
commitHead: sn:16293  ea:0 T0 : 00044676 `  mov   r0, r5'
commitHead: sn:16294  ea:0 T0 : 00044680 `  mov   r2, r1'
commitHead: sn:16295  ea:0 T0 : 00044684 `  mov   lr, pc'
commitHead: sn:16296  ea:425032 T0 : 00044688 `  ldr   pc, [r3, #44]'
commitHead: sn:16301  ea:3204447584 T0 : 00173864 `  str_uop   r4, [sp, #8]'
commitHead: sn:16302  ea:3204447588 T0 : 00173864 `  str_uop   lr, [sp, #4]'
commitHead: sn:16303  ea:0 T0 : 00173864 `  subi_uop   sp, sp, #8'
commitHead: sn:16304  ea:0 T0 : 00173868 `  mov   r4, r0'
commitHead: sn:16305  ea:0 T0 : 00173872 `  bl   0x9d1c'
commitHead: sn:16309  ea:3204447568 T0 : 00040228 `  str_uop   r4, [sp, #16]'
commitHead: sn:16310  ea:3204447572 T0 : 00040228 `  str_uop   r5, [sp, #12]'
commitHead: sn:16311  ea:3204447576 T0 : 00040228 `  str_uop   r6, [sp, #8]'
commitHead: sn:16312  ea:3204447580 T0 : 00040228 `  str_uop   lr, [sp, #4]'
commitHead: sn:16313  ea:0 T0 : 00040228 `  subi_uop   sp, sp, #16'
commitHead: sn:16314  ea:541112 T0 : 00040232 `  ldr   r3, [r0, #152]'
commitHead: sn:16315  ea:0 T0 : 00040236 `  mov   r4, r0'
commitHead: sn:16316  ea:0 T0 : 00040240 `  mov   r5, r1'
commitHead: sn:16317  ea:0 T0 : 00040244 `  mov   r6, r2'
commitHead: sn:16318  ea:0 T0 : 00040248 `  mov   lr, pc'
commitHead: sn:16319  ea:425036 T0 : 00040252 `  ldr   pc, [r3, #48]'
commitHead: sn:16347  ea:540980 T0 : 00172256 `  ldr   r2, [r0, #20]'
commitHead: sn:16348  ea:540976 T0 : 00172260 `  ldr   r1, [r0, #16]'
commitHead: sn:16349  ea:3204447556 T0 : 00172264 `  str_uop   r4, [sp, #12]'
commitHead: sn:16350  ea:3204447560 T0 : 00172264 `  str_uop   r5, [sp, #8]'
commitHead: sn:16351  ea:3204447564 T0 : 00172264 `  str_uop   lr, [sp, #4]'
commitHead: sn:16352  ea:0 T0 : 00172264 `  subi_uop   sp, sp, #12'
commitHead: sn:16353  ea:0 T0 : 00172268 `  cmps   r2, r1'
commitHead: sn:16354  ea:0 T0 : 00172272 `  sub   sp, sp, #12'
commitHead: sn:16355  ea:0 T0 : 00172276 `  mov   r5, r0'
commitHead: sn:16356  ea:0 T0 : 00172280 `  b   0x2a174'
commitHead: sn:16357  ea:540964 T0 : 00172284 `  ldr2_uop   r2,r3, [r5, #4]'
commitHead: sn:16358  ea:0 T0 : 00172288 `  subs   r2, r2, r3'
commitHead: sn:16359  ea:0 T0 : 00172292 `  b   0x12b84'
commitHead: sn:16360  ea:0 T0 : 00172296 `  mov   r0, #0'
commitHead: sn:16361  ea:0 T0 : 00172300 `  mvn   r3, #0'
commitHead: sn:16362  ea:0 T0 : 00172304 `  mvn   r4, #0'
commitHead: sn:16363  ea:541040 T0 : 00172308 `  str   r3, [r5, #80]'
commitHead: sn:16364  ea:541044 T0 : 00172312 `  str   r4, [r5, #84]'
commitHead: sn:16365  ea:0 T0 : 00172316 `  add   sp, sp, #12'
commitHead: sn:16366  ea:3204447556 T0 : 00172320 `  ldr2_uop   r4,r5, [sp, #0]'
commitHead: sn:16367  ea:3204447564 T0 : 00172320 `  ldr_uop   r36, [sp, #8]'
commitHead: sn:16368  ea:0 T0 : 00172320 `  addi_uop   sp, sp, #12'
commitHead: sn:16369  ea:0 T0 : 00172320 `  uopReg_uop   pc, r36'
commitHead: sn:16397  ea:0 T0 : 00040256 `  cmns   r0, #1'
commitHead: sn:16398  ea:0 T0 : 00040260 `  moveq   r4, #0'
commitHead: sn:16399  ea:0 T0 : 00040264 `  b   0x83ac'
commitHead: sn:16400  ea:0 T0 : 00040268 `  cmps   r6, #0'
commitHead: sn:16401  ea:0 T0 : 00040272 `  cmpsne   r5, #0'
commitHead: sn:16402  ea:0 T0 : 00040276 `  movne   r0, #0'
commitHead: sn:16403  ea:0 T0 : 00040280 `  moveq   r0, #1'
commitHead: sn:16404  ea:0 T0 : 00040284 `  b   0xae4c'
commitHead: sn:16405  ea:540960 T0 : 00040356 `  ldr   r3, [r4, #0]'
commitHead: sn:16406  ea:0 T0 : 00040360 `  mov   r1, r4'
commitHead: sn:16407  ea:0 T0 : 00040364 `  orr   r3, r3, #2'
commitHead: sn:16408  ea:0 T0 : 00040368 `  mov   r0, r4'
commitHead: sn:16409  ea:540960 T0 : 00040372 `  str   r3, [r1] #71'
commitHead: sn:16410  ea:0 T0 : 00040372 `  addi_uop   r1, r1, #71'
commitHead: sn:16411  ea:0 T0 : 00040376 `  add   r2, r4, #72'
commitHead: sn:16412  ea:0 T0 : 00040380 `  mov   r3, #0'
commitHead: sn:16413  ea:0 T0 : 00040384 `  bl   0x9ca0'
commitHead: sn:16424  ea:540988 T0 : 00040104 `  ldr   r12, [r0, #28]'
commitHead: sn:16425  ea:3204447548 T0 : 00040108 `  str_uop   r4, [sp, #20]'
commitHead: sn:16426  ea:3204447552 T0 : 00040108 `  str_uop   r5, [sp, #16]'
commitHead: sn:16427  ea:3204447556 T0 : 00040108 `  str_uop   r6, [sp, #12]'
commitHead: sn:16428  ea:3204447560 T0 : 00040108 `  str_uop   r7, [sp, #8]'
commitHead: sn:16429  ea:3204447564 T0 : 00040108 `  str_uop   lr, [sp, #4]'
commitHead: sn:16430  ea:0 T0 : 00040108 `  subi_uop   sp, sp, #20'
commitHead: sn:16431  ea:0 T0 : 00040112 `  cmps   r12, #0'
commitHead: sn:16432  ea:0 T0 : 00040116 `  sub   sp, sp, #4'
commitHead: sn:16433  ea:0 T0 : 00040120 `  mov   r4, r0'
commitHead: sn:16434  ea:0 T0 : 00040124 `  mov   r7, r1'
commitHead: sn:16435  ea:0 T0 : 00040128 `  mov   r6, r2'
commitHead: sn:16436  ea:0 T0 : 00040132 `  mov   r5, r3'
commitHead: sn:16437  ea:0 T0 : 00040136 `  b   0x83ac'
commitHead: sn:16461  ea:540960 T0 : 00040140 `  ldr   r3, [r0, #0]'
commitHead: sn:16462  ea:0 T0 : 00040144 `  tsts   r3, #1'
commitHead: sn:16463  ea:0 T0 : 00040148 `  b   0x89ec'
commitHead: sn:16464  ea:0 T0 : 00040152 `  cmps   r5, #0'
commitHead: sn:16465  ea:0 T0 : 00040156 `  bicne   r3, r3, #1'
commitHead: sn:16466  ea:0 T0 : 00040160 `  orreq   r3, r3, #1'
commitHead: sn:16467  ea:540988 T0 : 00040164 `  str   r7, [r4, #28]'
commitHead: sn:16468  ea:540992 T0 : 00040168 `  str   r6, [r4, #32]'
commitHead: sn:16469  ea:0 T0 : 00040172 `  strne   r3, [r4, #0]'
commitHead: sn:16470  ea:540960 T0 : 00040176 `  streq   r3, [r4, #0]'
commitHead: sn:16471  ea:0 T0 : 00040180 `  add   sp, sp, #4'
commitHead: sn:16472  ea:3204447548 T0 : 00040184 `  ldr2_uop   r4,r5, [sp, #0]'
commitHead: sn:16473  ea:3204447556 T0 : 00040184 `  ldr2_uop   r6,r7, [sp, #8]'
commitHead: sn:16474  ea:3204447564 T0 : 00040184 `  ldr_uop   r36, [sp, #16]'
commitHead: sn:16475  ea:0 T0 : 00040184 `  addi_uop   sp, sp, #20'
commitHead: sn:16476  ea:0 T0 : 00040184 `  uopReg_uop   pc, r36'
commitHead: sn:16477  ea:0 T0 : 00040388 `  b   0x9d78'
commitHead: sn:16487  ea:0 T0 : 00040320 `  mov   r3, #0'
commitHead: sn:16488  ea:540972 T0 : 00040324 `  str   r3, [r4, #12]'
commitHead: sn:16489  ea:540984 T0 : 00040328 `  str   r3, [r4, #24]'
commitHead: sn:16490  ea:540980 T0 : 00040332 `  str   r3, [r4, #20]'
commitHead: sn:16491  ea:540976 T0 : 00040336 `  str   r3, [r4, #16]'
commitHead: sn:16492  ea:540968 T0 : 00040340 `  str   r3, [r4, #8]'
commitHead: sn:16493  ea:540964 T0 : 00040344 `  str   r3, [r4, #4]'
commitHead: sn:16494  ea:0 T0 : 00040348 `  mov   r0, r4'
commitHead: sn:16495  ea:3204447568 T0 : 00040352 `  ldr2_uop   r4,r5, [sp, #0]'
commitHead: sn:16496  ea:3204447576 T0 : 00040352 `  ldr2_uop   r6,r36, [sp, #8]'
commitHead: sn:16497  ea:0 T0 : 00040352 `  addi_uop   sp, sp, #16'
commitHead: sn:16498  ea:0 T0 : 00040352 `  uopReg_uop   pc, r36'
commitHead: sn:16534  ea:0 T0 : 00173876 `  cmps   r0, #0'
commitHead: sn:16535  ea:0 T0 : 00173880 `  moveq   r4, r0'
commitHead: sn:16536  ea:540988 T0 : 00173884 `  ldrne   r3, [r4, #28]'
commitHead: sn:16537  ea:0 T0 : 00173888 `  mov   r0, r4'
commitHead: sn:16538  ea:540968 T0 : 00173892 `  strne   r3, [r4, #8]'
commitHead: sn:16539  ea:540984 T0 : 00173896 `  strne   r3, [r4, #24]'
commitHead: sn:16540  ea:540980 T0 : 00173900 `  strne   r3, [r4, #20]'
commitHead: sn:16541  ea:540976 T0 : 00173904 `  strne   r3, [r4, #16]'
commitHead: sn:16542  ea:540972 T0 : 00173908 `  strne   r3, [r4, #12]'
commitHead: sn:16543  ea:540964 T0 : 00173912 `  strne   r3, [r4, #4]'
commitHead: sn:16544  ea:3204447584 T0 : 00173916 `  ldr2_uop   r4,r36, [sp, #0]'
commitHead: sn:16545  ea:0 T0 : 00173916 `  addi_uop   sp, sp, #8'
commitHead: sn:16546  ea:0 T0 : 00173916 `  uopReg_uop   pc, r36'
commitHead: sn:16582  ea:0 T0 : 00044692 `  cmps   r4, #2'
commitHead: sn:16583  ea:0 T0 : 00044696 `  b   0x12b84'
commitHead: sn:16584  ea:541032 T0 : 00044728 `  ldr   r6, [r5, #72]'
commitHead: sn:16585  ea:544792 T0 : 00044732 `  ldr   r3, [r6, #4]'
commitHead: sn:16586  ea:0 T0 : 00044736 `  sub   r3, r3, #1'
commitHead: sn:16587  ea:0 T0 : 00044740 `  cmps   r3, #0'
commitHead: sn:16588  ea:544792 T0 : 00044744 `  str   r3, [r6, #4]'
commitHead: sn:16589  ea:0 T0 : 00044748 `  b   0xae94'
commitHead: sn:16590  ea:544796 T0 : 00044752 `  str   r3, [r6, #8]'
commitHead: sn:16626  ea:544788 T0 : 00044756 `  ldr   r7, [r6, #0]'
commitHead: sn:16627  ea:0 T0 : 00044760 `  mov   r1, #0'
commitHead: sn:16628  ea:0 T0 : 00044764 `  mov   r2, r6'
commitHead: sn:16629  ea:0 T0 : 00044768 `  mov   r4, r7'
commitHead: sn:16630  ea:544788 T0 : 00044772 `  ldr   r3, [r2, #0]'
commitHead: sn:16631  ea:0 T0 : 00044776 `  cmps   r3, r4'
commitHead: sn:16632  ea:0 T0 : 00044780 `  b   0x13dbc'
commitHead: sn:16633  ea:0 T0 : 00044784 `  mov   r0, r4'
commitHead: sn:16634  ea:0 T0 : 00044788 `  mvn   r3, #61440'
commitHead: sn:16635  ea:0 T0 : 00044792 `  mov   lr, pc'
commitHead: sn:16636  ea:0 T0 : 00044796 `  sub   pc, r3, #63'
commitHead: sn:16637  ea:544788 T0 : 4294905792 `  ldrex   r3, [r2, #0]'
commitHead: sn:16638  ea:0 T0 : 4294905796 `  subs   r3, r3, r0'
commitHead: sn:16639  ea:0 T0 : 4294905800 `  strexeq   r3, r1, [r2, #0]'
commitHead: sn:16639  ea:0 T0 : 4294905800 `  strexeq   r3, r1, [r2, #0]'
commitHead: sn:16639  ea:544788 T0 : 4294905800 `  strexeq   r3, r1, [r2, #0]'
commitHead: sn:16640  ea:0 T0 : 4294905804 `  teqseq   r3, #1'
commitHead: sn:16641  ea:0 T0 : 4294905808 `  b   0x1a22c'
commitHead: sn:16642  ea:0 T0 : 4294905812 `  rsbs   r0, r3, #0'
commitHead: sn:16643  ea:0 T0 : 4294905816 `  dmb   #0'
commitHead: sn:16643  ea:0 T0 : 4294905816 `  dmb   #0'
commitHead: sn:16643  ea:0 T0 : 4294905816 `  dmb   #0'
commitHead: sn:16644  ea:0 T0 : 4294905820 `  mov   pc, lr'
commitHead: sn:16694  ea:0 T0 : 00044800 `  b   0x13d98'
commitHead: sn:16695  ea:0 T0 : 00044804 `  mov   r3, r4'
commitHead: sn:16696  ea:0 T0 : 00044808 `  cmps   r7, r3'
commitHead: sn:16697  ea:0 T0 : 00044812 `  b   0x109a0'
commitHead: sn:16698  ea:0 T0 : 00044816 `  cmps   r7, #1'
commitHead: sn:16699  ea:0 T0 : 00044820 `  b   0xae94'
commitHead: sn:16728  ea:541068 T0 : 00044700 `  str   r8, [r5, #108]'
commitHead: sn:16729  ea:541012 T0 : 00044704 `  ldr   r5, [r5, #52]'
commitHead: sn:16730  ea:0 T0 : 00044708 `  cmps   r5, #0'
commitHead: sn:16731  ea:0 T0 : 00044712 `  b   0xad8c'
commitHead: sn:16769  ea:540800 T0 : 00044436 `  ldr   r2, [r5, #0]'
commitHead: sn:16770  ea:0 T0 : 00044440 `  ands   r1, r2, #2'
commitHead: sn:16771  ea:0 T0 : 00044444 `  b   0xae94'
commitHead: sn:16772  ea:44948 T0 : 00044448 `  ldr   r3, [pc, #492]'
commitHead: sn:16773  ea:0 T0 : 00044452 `  and   r3, r2, r3'
commitHead: sn:16774  ea:0 T0 : 00044456 `  cmps   r3, #8'
commitHead: sn:16775  ea:0 T0 : 00044460 `  b   0xae94'
commitHead: sn:16821  ea:540908 T0 : 00044700 `  str   r8, [r5, #108]'
commitHead: sn:16822  ea:540852 T0 : 00044704 `  ldr   r5, [r5, #52]'
commitHead: sn:16823  ea:0 T0 : 00044708 `  cmps   r5, #0'
commitHead: sn:16824  ea:0 T0 : 00044712 `  b   0xad8c'
commitHead: sn:16858  ea:0 T0 : 00044716 `  mov   r0, r9'
commitHead: sn:16859  ea:0 T0 : 00044720 `  add   sp, sp, #4'
commitHead: sn:16860  ea:3204447596 T0 : 00044724 `  ldr2_uop   r4,r5, [sp, #0]'
commitHead: sn:16861  ea:3204447604 T0 : 00044724 `  ldr2_uop   r6,r7, [sp, #8]'
commitHead: sn:16862  ea:3204447612 T0 : 00044724 `  ldr2_uop   r8,r9, [sp, #16]'
commitHead: sn:16863  ea:3204447620 T0 : 00044724 `  ldr2_uop   r10,fp, [sp, #24]'
commitHead: sn:16864  ea:3204447628 T0 : 00044724 `  ldr_uop   r36, [sp, #32]'
commitHead: sn:16865  ea:0 T0 : 00044724 `  addi_uop   sp, sp, #36'
commitHead: sn:16866  ea:0 T0 : 00044724 `  uopReg_uop   pc, r36'
commitHead: sn:16902  ea:0 T0 : 00036260 `  cmps   r6, r4'
commitHead: sn:16903  ea:0 T0 : 00036264 `  b   0x8d94'
commitHead: sn:16904  ea:0 T0 : 00036268 `  mov   r0, r5'
commitHead: sn:16905  ea:0 T0 : 00036272 `  bl   0x12a1c'
commitHead: sn:16906  ea:76444 T0 : 00076324 `  ldr   r4, [pc, #112]'
commitHead: sn:16907  ea:76448 T0 : 00076328 `  ldr   r5, [pc, #112]'
commitHead: sn:16908  ea:0 T0 : 00076332 `  mov   r1, r0'
commitHead: sn:16909  ea:0 T0 : 00076336 `  b   0x87c0'
commitHead: sn:16910  ea:0 T0 : 00076360 `  mov   r0, r1'
commitHead: sn:16911  ea:0 T0 : 00076364 `  mov   r7, #248'
commitHead: sn:16912  ea:0 T0 : 00076368 `  svc   #0'
commitHead: sn:16912  ea:0 T0 : 00076368 `  svc   #0'
commitHead: sn:16912  ea:0 T0 : 00076368 `  svc   #0'
